[ 2016-12-20T12:01:49+08:00 ] 127.0.0.1 /admina/%7B%7Bimg%7D%7D
INFO: [ app_init ] --START--
INFO: Run Behavior\BuildLiteBehavior [ RunTime:0.000000s ]
INFO: [ app_init ] --END-- [ RunTime:0.000000s ]
ERR: 无法加载模块:Admina

[ 2016-12-20T12:03:15+08:00 ] 127.0.0.1 /admina/%7B%7Bimg%7D%7D
INFO: [ app_init ] --START--
INFO: Run Behavior\BuildLiteBehavior [ RunTime:0.000000s ]
INFO: [ app_init ] --END-- [ RunTime:0.000000s ]
ERR: 无法加载模块:Admina

[ 2016-12-20T12:03:42+08:00 ] 127.0.0.1 /admina/%7B%7Bimg%7D%7D
INFO: [ app_init ] --START--
INFO: Run Behavior\BuildLiteBehavior [ RunTime:0.000000s ]
INFO: [ app_init ] --END-- [ RunTime:0.000000s ]
ERR: 无法加载模块:Admina

[ 2016-12-20T12:03:57+08:00 ] 127.0.0.1 /admina/%7B%7Bimg%7D%7D
INFO: [ app_init ] --START--
INFO: Run Behavior\BuildLiteBehavior [ RunTime:0.000000s ]
INFO: [ app_init ] --END-- [ RunTime:0.000000s ]
ERR: 无法加载模块:Admina

[ 2016-12-20T12:04:44+08:00 ] 127.0.0.1 /admina/%7B%7Bimg%7D%7D
INFO: [ app_init ] --START--
INFO: Run Behavior\BuildLiteBehavior [ RunTime:0.000000s ]
INFO: [ app_init ] --END-- [ RunTime:0.000000s ]
ERR: 无法加载模块:Admina

[ 2016-12-20T12:05:07+08:00 ] 127.0.0.1 /admina/%7B%7Bimg%7D%7D
INFO: [ app_init ] --START--
INFO: Run Behavior\BuildLiteBehavior [ RunTime:0.000000s ]
INFO: [ app_init ] --END-- [ RunTime:0.000000s ]
ERR: 无法加载模块:Admina

[ 2016-12-20T12:06:16+08:00 ] 127.0.0.1 /admina/%7B%7Bimg%7D%7D
INFO: [ app_init ] --START--
INFO: Run Behavior\BuildLiteBehavior [ RunTime:0.000000s ]
INFO: [ app_init ] --END-- [ RunTime:0.000000s ]
ERR: 无法加载模块:Admina

[ 2016-12-20T12:06:58+08:00 ] 127.0.0.1 /admina/%7B%7Bimg%7D%7D
INFO: [ app_init ] --START--
INFO: Run Behavior\BuildLiteBehavior [ RunTime:0.000000s ]
INFO: [ app_init ] --END-- [ RunTime:0.000000s ]
ERR: 无法加载模块:Admina

[ 2016-12-20T12:07:06+08:00 ] 127.0.0.1 /admina/%7B%7Bimg%7D%7D
INFO: [ app_init ] --START--
INFO: Run Behavior\BuildLiteBehavior [ RunTime:0.000000s ]
INFO: [ app_init ] --END-- [ RunTime:0.000000s ]
ERR: 无法加载模块:Admina

[ 2016-12-20T12:07:29+08:00 ] 127.0.0.1 /admina/%7B%7Bimg%7D%7D
INFO: [ app_init ] --START--
INFO: Run Behavior\BuildLiteBehavior [ RunTime:0.000000s ]
INFO: [ app_init ] --END-- [ RunTime:0.000000s ]
ERR: 无法加载模块:Admina

[ 2016-12-20T12:07:51+08:00 ] 127.0.0.1 /admina/%7B%7Bimg%7D%7D
INFO: [ app_init ] --START--
INFO: Run Behavior\BuildLiteBehavior [ RunTime:0.000000s ]
INFO: [ app_init ] --END-- [ RunTime:0.000000s ]
ERR: 无法加载模块:Admina

[ 2016-12-20T12:09:29+08:00 ] 127.0.0.1 /admina/%7B%7Bimg%7D%7D
INFO: [ app_init ] --START--
INFO: Run Behavior\BuildLiteBehavior [ RunTime:0.000000s ]
INFO: [ app_init ] --END-- [ RunTime:0.000000s ]
ERR: 无法加载模块:Admina

[ 2016-12-20T12:09:37+08:00 ] 127.0.0.1 /admina/%7B%7Bimg%7D%7D
INFO: [ app_init ] --START--
INFO: Run Behavior\BuildLiteBehavior [ RunTime:0.000000s ]
INFO: [ app_init ] --END-- [ RunTime:0.000000s ]
ERR: 无法加载模块:Admina

[ 2016-12-20T12:09:49+08:00 ] 127.0.0.1 /admina/%7B%7Bimg%7D%7D
INFO: [ app_init ] --START--
INFO: Run Behavior\BuildLiteBehavior [ RunTime:0.000000s ]
INFO: [ app_init ] --END-- [ RunTime:0.000000s ]
ERR: 无法加载模块:Admina

[ 2016-12-20T12:10:02+08:00 ] 127.0.0.1 /admina/%7B%7Bimg%7D%7D
INFO: [ app_init ] --START--
INFO: Run Behavior\BuildLiteBehavior [ RunTime:0.000000s ]
INFO: [ app_init ] --END-- [ RunTime:0.000000s ]
ERR: 无法加载模块:Admina

[ 2016-12-20T12:10:09+08:00 ] 127.0.0.1 /admina/%7B%7Bimg%7D%7D
INFO: [ app_init ] --START--
INFO: Run Behavior\BuildLiteBehavior [ RunTime:0.000000s ]
INFO: [ app_init ] --END-- [ RunTime:0.000000s ]
ERR: 无法加载模块:Admina

[ 2016-12-20T12:10:29+08:00 ] 127.0.0.1 /admina/%7B%7Bimg%7D%7D
INFO: [ app_init ] --START--
INFO: Run Behavior\BuildLiteBehavior [ RunTime:0.000000s ]
INFO: [ app_init ] --END-- [ RunTime:0.001000s ]
ERR: 无法加载模块:Admina

[ 2016-12-20T12:10:35+08:00 ] 127.0.0.1 /admina/%7B%7Bimg%7D%7D
INFO: [ app_init ] --START--
INFO: Run Behavior\BuildLiteBehavior [ RunTime:0.000000s ]
INFO: [ app_init ] --END-- [ RunTime:0.000000s ]
ERR: 无法加载模块:Admina

[ 2016-12-20T12:10:41+08:00 ] 127.0.0.1 /admina/%7B%7Bimg%7D%7D
INFO: [ app_init ] --START--
INFO: Run Behavior\BuildLiteBehavior [ RunTime:0.000000s ]
INFO: [ app_init ] --END-- [ RunTime:0.000000s ]
ERR: 无法加载模块:Admina

[ 2016-12-20T12:10:50+08:00 ] 127.0.0.1 /admina/%7B%7Bimg%7D%7D
INFO: [ app_init ] --START--
INFO: Run Behavior\BuildLiteBehavior [ RunTime:0.000000s ]
INFO: [ app_init ] --END-- [ RunTime:0.000000s ]
ERR: 无法加载模块:Admina

[ 2016-12-20T12:11:07+08:00 ] 127.0.0.1 /admina/%7B%7Bimg%7D%7D
INFO: [ app_init ] --START--
INFO: Run Behavior\BuildLiteBehavior [ RunTime:0.000000s ]
INFO: [ app_init ] --END-- [ RunTime:0.000000s ]
ERR: 无法加载模块:Admina

[ 2016-12-20T12:12:01+08:00 ] 127.0.0.1 /admina/%7B%7Bimg%7D%7D
INFO: [ app_init ] --START--
INFO: Run Behavior\BuildLiteBehavior [ RunTime:0.000000s ]
INFO: [ app_init ] --END-- [ RunTime:0.000000s ]
ERR: 无法加载模块:Admina

[ 2016-12-20T12:16:59+08:00 ] 127.0.0.1 /admina/%7B%7Bimg%7D%7D
INFO: [ app_init ] --START--
INFO: Run Behavior\BuildLiteBehavior [ RunTime:0.000000s ]
INFO: [ app_init ] --END-- [ RunTime:0.000000s ]
ERR: 无法加载模块:Admina

[ 2016-12-20T13:06:54+08:00 ] 127.0.0.1 /admina/%7B%7Bimg%7D%7D
INFO: [ app_init ] --START--
INFO: Run Behavior\BuildLiteBehavior [ RunTime:0.000000s ]
INFO: [ app_init ] --END-- [ RunTime:0.000000s ]
ERR: 无法加载模块:Admina

[ 2016-12-20T13:46:28+08:00 ] 127.0.0.1 /admina/%7B%7Bimg%7D%7D
INFO: [ app_init ] --START--
INFO: Run Behavior\BuildLiteBehavior [ RunTime:0.000000s ]
INFO: [ app_init ] --END-- [ RunTime:0.000000s ]
ERR: 无法加载模块:Admina

[ 2016-12-20T15:48:39+08:00 ] 127.0.0.1 /admina/%7B%7Bimg%7D%7D
INFO: [ app_init ] --START--
INFO: Run Behavior\BuildLiteBehavior [ RunTime:0.000000s ]
INFO: [ app_init ] --END-- [ RunTime:0.000000s ]
ERR: 无法加载模块:Admina

