[ 2016-12-12T00:01:13+08:00 ] 127.0.0.1 /Uploads/b412bd06/f43d1fdd/a52645c1/64cd902f/97509.jpg
INFO: [ app_init ] --START--
INFO: Run Behavior\BuildLiteBehavior [ RunTime:0.000000s ]
INFO: [ app_init ] --END-- [ RunTime:0.000000s ]
ERR: 无法加载模块:Uploads

[ 2016-12-12T00:01:13+08:00 ] 127.0.0.1 /Uploads/2a9aaa4e/e30b40a2/9866c996/1905455d/181608.jpg
INFO: [ app_init ] --START--
INFO: Run Behavior\BuildLiteBehavior [ RunTime:0.000000s ]
INFO: [ app_init ] --END-- [ RunTime:0.000000s ]
ERR: 无法加载模块:Uploads

[ 2016-12-12T00:01:13+08:00 ] 127.0.0.1 /Uploads/4b5cee59/f0f43e80/9e496d9d/f27d7493/246477.jpg
INFO: [ app_init ] --START--
INFO: Run Behavior\BuildLiteBehavior [ RunTime:0.000000s ]
INFO: [ app_init ] --END-- [ RunTime:0.000000s ]
ERR: 无法加载模块:Uploads

[ 2016-12-12T00:01:13+08:00 ] 127.0.0.1 /Uploads/86a3cd18/b686d670/c5ab971b/445232d9/30183.png
INFO: [ app_init ] --START--
INFO: Run Behavior\BuildLiteBehavior [ RunTime:0.000000s ]
INFO: [ app_init ] --END-- [ RunTime:0.000000s ]
ERR: 无法加载模块:Uploads

[ 2016-12-12T00:01:13+08:00 ] 127.0.0.1 /Uploads/c41f5866/a85b97a1/232dcbc4/ff00b070/73318.png
INFO: [ app_init ] --START--
INFO: Run Behavior\BuildLiteBehavior [ RunTime:0.000000s ]
INFO: [ app_init ] --END-- [ RunTime:0.000000s ]
ERR: 无法加载模块:Uploads

[ 2016-12-12T00:01:13+08:00 ] 127.0.0.1 /Uploads/b412bd06/f43d1fdd/a52645c1/64cd902f/97509.jpg
INFO: [ app_init ] --START--
INFO: Run Behavior\BuildLiteBehavior [ RunTime:0.000000s ]
INFO: [ app_init ] --END-- [ RunTime:0.000000s ]
ERR: 无法加载模块:Uploads

[ 2016-12-12T22:04:04+08:00 ] 127.0.0.1 /admina/login/favicon.ico
INFO: [ app_init ] --START--
INFO: Run Behavior\BuildLiteBehavior [ RunTime:0.000000s ]
INFO: [ app_init ] --END-- [ RunTime:0.000000s ]
ERR: 无法加载模块:Admina

[ 2016-12-12T22:04:10+08:00 ] 127.0.0.1 /admina/favicon.ico
INFO: [ app_init ] --START--
INFO: Run Behavior\BuildLiteBehavior [ RunTime:0.000000s ]
INFO: [ app_init ] --END-- [ RunTime:0.000000s ]
ERR: 无法加载模块:Admina

[ 2016-12-12T22:04:13+08:00 ] 127.0.0.1 /Uploads/c3ad8695/aff361ac/52277703/6aa38b0e/124455.jpg
INFO: [ app_init ] --START--
INFO: Run Behavior\BuildLiteBehavior [ RunTime:0.000000s ]
INFO: [ app_init ] --END-- [ RunTime:0.000000s ]
ERR: 无法加载模块:Uploads

[ 2016-12-12T22:04:13+08:00 ] 127.0.0.1 /Uploads/840734f7/8c87f1d4/3f7fa4a1/8dc721e6/590371.png
INFO: [ app_init ] --START--
INFO: Run Behavior\BuildLiteBehavior [ RunTime:0.000000s ]
INFO: [ app_init ] --END-- [ RunTime:0.000000s ]
ERR: 无法加载模块:Uploads

[ 2016-12-12T22:04:13+08:00 ] 127.0.0.1 /Uploads/ed7fe762/d8272588/9eb87d59/f4b1d5b9/189078.jpg
INFO: [ app_init ] --START--
INFO: Run Behavior\BuildLiteBehavior [ RunTime:0.000000s ]
INFO: [ app_init ] --END-- [ RunTime:0.000000s ]
ERR: 无法加载模块:Uploads

[ 2016-12-12T22:04:13+08:00 ] 127.0.0.1 /admina/%7B%7Bimg%7D%7D
INFO: [ app_init ] --START--
INFO: Run Behavior\BuildLiteBehavior [ RunTime:0.000000s ]
INFO: [ app_init ] --END-- [ RunTime:0.000000s ]
ERR: 无法加载模块:Admina

[ 2016-12-12T22:04:13+08:00 ] 127.0.0.1 /Uploads/4663ec7f/785ca523/26c5cec4/41393d8a/152398.jpg
INFO: [ app_init ] --START--
INFO: Run Behavior\BuildLiteBehavior [ RunTime:0.000000s ]
INFO: [ app_init ] --END-- [ RunTime:0.000000s ]
ERR: 无法加载模块:Uploads

[ 2016-12-12T22:04:15+08:00 ] 127.0.0.1 /admina/%7B%7Bimg%7D%7D
INFO: [ app_init ] --START--
INFO: Run Behavior\BuildLiteBehavior [ RunTime:0.000000s ]
INFO: [ app_init ] --END-- [ RunTime:0.000000s ]
ERR: 无法加载模块:Admina

[ 2016-12-12T22:04:15+08:00 ] 127.0.0.1 /Uploads/4663ec7f/785ca523/26c5cec4/41393d8a/152398.jpg
INFO: [ app_init ] --START--
INFO: Run Behavior\BuildLiteBehavior [ RunTime:0.000000s ]
INFO: [ app_init ] --END-- [ RunTime:0.000000s ]
ERR: 无法加载模块:Uploads

[ 2016-12-12T22:04:15+08:00 ] 127.0.0.1 /Uploads/c3ad8695/aff361ac/52277703/6aa38b0e/124455.jpg
INFO: [ app_init ] --START--
INFO: Run Behavior\BuildLiteBehavior [ RunTime:0.000000s ]
INFO: [ app_init ] --END-- [ RunTime:0.000000s ]
ERR: 无法加载模块:Uploads

[ 2016-12-12T22:04:15+08:00 ] 127.0.0.1 /Uploads/840734f7/8c87f1d4/3f7fa4a1/8dc721e6/590371.png
INFO: [ app_init ] --START--
INFO: Run Behavior\BuildLiteBehavior [ RunTime:0.000000s ]
INFO: [ app_init ] --END-- [ RunTime:0.001000s ]
ERR: 无法加载模块:Uploads

[ 2016-12-12T22:04:15+08:00 ] 127.0.0.1 /Uploads/ed7fe762/d8272588/9eb87d59/f4b1d5b9/189078.jpg
INFO: [ app_init ] --START--
INFO: Run Behavior\BuildLiteBehavior [ RunTime:0.000000s ]
INFO: [ app_init ] --END-- [ RunTime:0.000000s ]
ERR: 无法加载模块:Uploads

[ 2016-12-12T22:33:36+08:00 ] 127.0.0.1 /favicon.ico
INFO: [ app_init ] --START--
INFO: Run Behavior\BuildLiteBehavior [ RunTime:0.000000s ]
INFO: [ app_init ] --END-- [ RunTime:0.000000s ]
ERR: 无法加载模块:Favicon

