[ 2016-12-12T00:01:13+08:00 ] 127.0.0.1 /
INFO: [ app_init ] --START--
INFO: Run Behavior\BuildLiteBehavior [ RunTime:0.000000s ]
INFO: [ app_init ] --END-- [ RunTime:0.000000s ]
INFO: [ app_begin ] --START--
INFO: Run Behavior\ReadHtmlCacheBehavior [ RunTime:0.000000s ]
INFO: [ app_begin ] --END-- [ RunTime:0.000000s ]
NOTIC: [8] A session had already been started - ignoring session_start() F:\WWW\polar.dianwang.com\core\ThinkPHP\Common\functions.php 第 1263 行.
NOTIC: [8] Use of undefined constant IS_MOBILE - assumed 'IS_MOBILE' F:\WWW\polar.dianwang.com\core\Application\Common\Common\function.php 第 145 行.
SQL: SHOW COLUMNS FROM `catalogs` [ RunTime:0.0030s ]
NOTIC: [8] Undefined variable: id F:\WWW\polar.dianwang.com\core\Application\Home\Controller\IndexController.class.php 第 13 行.
SQL: SELECT `pid` FROM `catalogs` WHERE `id` = null LIMIT 1   [ RunTime:0.0010s ]
INFO: [ view_parse ] --START--
INFO: [ template_filter ] --START--
INFO: Run Behavior\ContentReplaceBehavior [ RunTime:0.000000s ]
INFO: [ template_filter ] --END-- [ RunTime:0.000000s ]
SQL: SELECT `id`,`title`,`pid`,`level`,`actionurl` FROM `catalogs`  [ RunTime:0.0000s ]
SQL: SHOW COLUMNS FROM `config` [ RunTime:0.0030s ]
SQL: SELECT `zh` FROM `config` WHERE `id` = 'banner_' LIMIT 1   [ RunTime:0.0000s ]
SQL: SHOW COLUMNS FROM `thumbs` [ RunTime:0.0600s ]
SQL: SELECT * FROM `thumbs` WHERE `catalog_id` = 100  [ RunTime:0.0010s ]
NOTIC: [2048] Declaration of Common\Model\ArcsModel::ajaxTable() should be compatible with Common\Model\ManagerModel::ajaxTable($params = Array) F:\WWW\polar.dianwang.com\core\Application\Common\Model\ArcsModel.class.php 第 24 行.
SQL: SHOW COLUMNS FROM `arcs` [ RunTime:0.0030s ]
SQL: SELECT * FROM `arcs` WHERE `lang` = 'zh' AND `catalog_id` = 43 LIMIT 0,4   [ RunTime:0.0270s ]
SQL: SELECT COUNT(*) AS tp_count FROM `arcs` WHERE `lang` = 'zh' AND `catalog_id` = 43 LIMIT 1   [ RunTime:0.0010s ]
NOTIC: [8] Use of undefined constant cdate - assumed 'cdate' F:\WWW\polar.dianwang.com\core\Application\Runtime\Cache\Home\8644d842f6609748cb3571a0674c78da.php 第 292 行.
NOTIC: [8] Use of undefined constant id - assumed 'id' F:\WWW\polar.dianwang.com\core\Application\Runtime\Cache\Home\8644d842f6609748cb3571a0674c78da.php 第 300 行.
NOTIC: [8] Use of undefined constant cdate - assumed 'cdate' F:\WWW\polar.dianwang.com\core\Application\Runtime\Cache\Home\8644d842f6609748cb3571a0674c78da.php 第 292 行.
NOTIC: [8] Use of undefined constant id - assumed 'id' F:\WWW\polar.dianwang.com\core\Application\Runtime\Cache\Home\8644d842f6609748cb3571a0674c78da.php 第 300 行.
NOTIC: [8] Use of undefined constant cdate - assumed 'cdate' F:\WWW\polar.dianwang.com\core\Application\Runtime\Cache\Home\8644d842f6609748cb3571a0674c78da.php 第 292 行.
NOTIC: [8] Use of undefined constant id - assumed 'id' F:\WWW\polar.dianwang.com\core\Application\Runtime\Cache\Home\8644d842f6609748cb3571a0674c78da.php 第 300 行.
NOTIC: [8] Use of undefined constant cdate - assumed 'cdate' F:\WWW\polar.dianwang.com\core\Application\Runtime\Cache\Home\8644d842f6609748cb3571a0674c78da.php 第 292 行.
NOTIC: [8] Use of undefined constant id - assumed 'id' F:\WWW\polar.dianwang.com\core\Application\Runtime\Cache\Home\8644d842f6609748cb3571a0674c78da.php 第 300 行.
SQL: SELECT * FROM `arcs` WHERE `lang` = 'zh' AND `catalog_id` = 52 LIMIT 0,6   [ RunTime:0.0000s ]
SQL: SELECT `zh` FROM `config` WHERE `id` = 'footer_left' LIMIT 1   [ RunTime:0.0010s ]
SQL: SELECT `zh` FROM `config` WHERE `id` = 'footer_mid' LIMIT 1   [ RunTime:0.0000s ]
SQL: SELECT `zh` FROM `config` WHERE `id` = 'footer_right' LIMIT 1   [ RunTime:0.0000s ]
SQL: SELECT `zh` FROM `config` WHERE `id` = 'footer_1' LIMIT 1   [ RunTime:0.0000s ]
SQL: SELECT `zh` FROM `config` WHERE `id` = 'footer_2' LIMIT 1   [ RunTime:0.0010s ]
INFO: Run Behavior\ParseTemplateBehavior [ RunTime:0.109006s ]
INFO: [ view_parse ] --END-- [ RunTime:0.109006s ]
INFO: [ view_filter ] --START--
INFO: Run Behavior\WriteHtmlCacheBehavior [ RunTime:0.000000s ]
INFO: [ view_filter ] --END-- [ RunTime:0.000000s ]
INFO: [ app_end ] --START--
INFO: Run Behavior\ShowPageTraceBehavior [ RunTime:0.001000s ]
INFO: [ app_end ] --END-- [ RunTime:0.001000s ]

[ 2016-12-12T00:01:28+08:00 ] 127.0.0.1 /
INFO: [ app_init ] --START--
INFO: Run Behavior\BuildLiteBehavior [ RunTime:0.000000s ]
INFO: [ app_init ] --END-- [ RunTime:0.000000s ]
INFO: [ app_begin ] --START--
INFO: Run Behavior\ReadHtmlCacheBehavior [ RunTime:0.001000s ]
INFO: [ app_begin ] --END-- [ RunTime:0.001000s ]
NOTIC: [8] A session had already been started - ignoring session_start() F:\WWW\polar.dianwang.com\core\ThinkPHP\Common\functions.php 第 1263 行.
NOTIC: [8] Use of undefined constant IS_MOBILE - assumed 'IS_MOBILE' F:\WWW\polar.dianwang.com\core\Application\Common\Common\function.php 第 145 行.
SQL: SHOW COLUMNS FROM `catalogs` [ RunTime:0.0050s ]
NOTIC: [8] Undefined variable: id F:\WWW\polar.dianwang.com\core\Application\Home\Controller\IndexController.class.php 第 13 行.
SQL: SELECT `pid` FROM `catalogs` WHERE `id` = null LIMIT 1   [ RunTime:0.0000s ]

[ 2016-12-12T00:01:29+08:00 ] 127.0.0.1 /
INFO: [ app_init ] --START--
INFO: Run Behavior\BuildLiteBehavior [ RunTime:0.000000s ]
INFO: [ app_init ] --END-- [ RunTime:0.000000s ]
INFO: [ app_begin ] --START--
INFO: Run Behavior\ReadHtmlCacheBehavior [ RunTime:0.000000s ]
INFO: [ app_begin ] --END-- [ RunTime:0.000000s ]
NOTIC: [8] A session had already been started - ignoring session_start() F:\WWW\polar.dianwang.com\core\ThinkPHP\Common\functions.php 第 1263 行.
NOTIC: [8] Use of undefined constant IS_MOBILE - assumed 'IS_MOBILE' F:\WWW\polar.dianwang.com\core\Application\Common\Common\function.php 第 145 行.
SQL: SHOW COLUMNS FROM `catalogs` [ RunTime:0.0040s ]
NOTIC: [8] Undefined variable: id F:\WWW\polar.dianwang.com\core\Application\Home\Controller\IndexController.class.php 第 13 行.
SQL: SELECT `pid` FROM `catalogs` WHERE `id` = null LIMIT 1   [ RunTime:0.0000s ]

[ 2016-12-12T22:33:36+08:00 ] 127.0.0.1 /api/
INFO: [ app_init ] --START--
INFO: Run Behavior\BuildLiteBehavior [ RunTime:0.000000s ]
INFO: [ app_init ] --END-- [ RunTime:0.000000s ]
INFO: [ app_begin ] --START--
INFO: Run Behavior\ReadHtmlCacheBehavior [ RunTime:0.001000s ]
INFO: [ app_begin ] --END-- [ RunTime:0.001000s ]
NOTIC: [8] A session had already been started - ignoring session_start() F:\WWW\polar.dianwang.com\core\ThinkPHP\Common\functions.php 第 1263 行.
NOTIC: [8] Use of undefined constant IS_MOBILE - assumed 'IS_MOBILE' F:\WWW\polar.dianwang.com\core\Application\Common\Common\function.php 第 145 行.
SQL: SHOW COLUMNS FROM `catalogs` [ RunTime:0.0040s ]
NOTIC: [8] Undefined variable: id F:\WWW\polar.dianwang.com\core\Application\Home\Controller\IndexController.class.php 第 13 行.
SQL: SELECT `pid` FROM `catalogs` WHERE `id` = null LIMIT 1   [ RunTime:0.0000s ]

[ 2016-12-12T22:33:42+08:00 ] 127.0.0.1 /api/
INFO: [ app_init ] --START--
INFO: Run Behavior\BuildLiteBehavior [ RunTime:0.000000s ]
INFO: [ app_init ] --END-- [ RunTime:0.000000s ]
INFO: [ app_begin ] --START--
INFO: Run Behavior\ReadHtmlCacheBehavior [ RunTime:0.000000s ]
INFO: [ app_begin ] --END-- [ RunTime:0.000000s ]
NOTIC: [8] A session had already been started - ignoring session_start() F:\WWW\polar.dianwang.com\core\ThinkPHP\Common\functions.php 第 1263 行.
NOTIC: [8] Use of undefined constant IS_MOBILE - assumed 'IS_MOBILE' F:\WWW\polar.dianwang.com\core\Application\Common\Common\function.php 第 145 行.
SQL: SHOW COLUMNS FROM `catalogs` [ RunTime:0.0050s ]
NOTIC: [8] Undefined variable: id F:\WWW\polar.dianwang.com\core\Application\Home\Controller\IndexController.class.php 第 13 行.
SQL: SELECT `pid` FROM `catalogs` WHERE `id` = null LIMIT 1   [ RunTime:0.0000s ]

[ 2016-12-12T22:34:02+08:00 ] 127.0.0.1 /api/
INFO: [ app_init ] --START--
INFO: Run Behavior\BuildLiteBehavior [ RunTime:0.000000s ]
INFO: [ app_init ] --END-- [ RunTime:0.001001s ]
INFO: [ app_begin ] --START--
INFO: Run Behavior\ReadHtmlCacheBehavior [ RunTime:0.001000s ]
INFO: [ app_begin ] --END-- [ RunTime:0.001000s ]
NOTIC: [8] A session had already been started - ignoring session_start() F:\WWW\polar.dianwang.com\core\ThinkPHP\Common\functions.php 第 1263 行.
NOTIC: [8] Use of undefined constant IS_MOBILE - assumed 'IS_MOBILE' F:\WWW\polar.dianwang.com\core\Application\Common\Common\function.php 第 145 行.
SQL: SHOW COLUMNS FROM `catalogs` [ RunTime:0.0040s ]
NOTIC: [8] Undefined variable: id F:\WWW\polar.dianwang.com\core\Application\Home\Controller\IndexController.class.php 第 13 行.
SQL: SELECT `pid` FROM `catalogs` WHERE `id` = null LIMIT 1   [ RunTime:0.0000s ]

[ 2016-12-12T22:34:09+08:00 ] 127.0.0.1 /api/
INFO: [ app_init ] --START--
INFO: Run Behavior\BuildLiteBehavior [ RunTime:0.000000s ]
INFO: [ app_init ] --END-- [ RunTime:0.000000s ]
INFO: [ app_begin ] --START--
INFO: Run Behavior\ReadHtmlCacheBehavior [ RunTime:0.001000s ]
INFO: [ app_begin ] --END-- [ RunTime:0.001000s ]
NOTIC: [8] A session had already been started - ignoring session_start() F:\WWW\polar.dianwang.com\core\ThinkPHP\Common\functions.php 第 1263 行.
NOTIC: [8] Use of undefined constant IS_MOBILE - assumed 'IS_MOBILE' F:\WWW\polar.dianwang.com\core\Application\Common\Common\function.php 第 145 行.
SQL: SHOW COLUMNS FROM `catalogs` [ RunTime:0.0030s ]
NOTIC: [8] Undefined variable: id F:\WWW\polar.dianwang.com\core\Application\Home\Controller\IndexController.class.php 第 13 行.
SQL: SELECT `pid` FROM `catalogs` WHERE `id` = null LIMIT 1   [ RunTime:0.0000s ]

[ 2016-12-12T22:34:12+08:00 ] 127.0.0.1 /api/
INFO: [ app_init ] --START--
INFO: Run Behavior\BuildLiteBehavior [ RunTime:0.000000s ]
INFO: [ app_init ] --END-- [ RunTime:0.000000s ]
INFO: [ app_begin ] --START--
INFO: Run Behavior\ReadHtmlCacheBehavior [ RunTime:0.001000s ]
INFO: [ app_begin ] --END-- [ RunTime:0.001000s ]
NOTIC: [8] A session had already been started - ignoring session_start() F:\WWW\polar.dianwang.com\core\ThinkPHP\Common\functions.php 第 1263 行.
ERR: 非法操作:Inde2x

[ 2016-12-12T22:34:16+08:00 ] 127.0.0.1 /api/
INFO: [ app_init ] --START--
INFO: Run Behavior\BuildLiteBehavior [ RunTime:0.000000s ]
INFO: [ app_init ] --END-- [ RunTime:0.001000s ]
INFO: [ app_begin ] --START--
INFO: Run Behavior\ReadHtmlCacheBehavior [ RunTime:0.000000s ]
INFO: [ app_begin ] --END-- [ RunTime:0.000000s ]
NOTIC: [8] A session had already been started - ignoring session_start() F:\WWW\polar.dianwang.com\core\ThinkPHP\Common\functions.php 第 1263 行.
ERR: 非法操作:api

[ 2016-12-12T22:34:43+08:00 ] 127.0.0.1 /api/
INFO: [ app_init ] --START--
INFO: Run Behavior\BuildLiteBehavior [ RunTime:0.000000s ]
INFO: [ app_init ] --END-- [ RunTime:0.000000s ]
INFO: [ app_begin ] --START--
INFO: Run Behavior\ReadHtmlCacheBehavior [ RunTime:0.001000s ]
INFO: [ app_begin ] --END-- [ RunTime:0.001000s ]
NOTIC: [8] A session had already been started - ignoring session_start() F:\WWW\polar.dianwang.com\core\ThinkPHP\Common\functions.php 第 1263 行.
INFO: [ app_end ] --START--
INFO: Run Behavior\ShowPageTraceBehavior [ RunTime:0.001000s ]
INFO: [ app_end ] --END-- [ RunTime:0.001000s ]

[ 2016-12-12T22:36:27+08:00 ] 127.0.0.1 /api/
INFO: [ app_init ] --START--
INFO: Run Behavior\BuildLiteBehavior [ RunTime:0.000000s ]
INFO: [ app_init ] --END-- [ RunTime:0.000000s ]
INFO: [ app_begin ] --START--
INFO: Run Behavior\ReadHtmlCacheBehavior [ RunTime:0.000000s ]
INFO: [ app_begin ] --END-- [ RunTime:0.000000s ]
NOTIC: [8] A session had already been started - ignoring session_start() F:\WWW\polar.dianwang.com\core\ThinkPHP\Common\functions.php 第 1263 行.
INFO: [ app_end ] --START--
INFO: Run Behavior\ShowPageTraceBehavior [ RunTime:0.000000s ]
INFO: [ app_end ] --END-- [ RunTime:0.000000s ]

[ 2016-12-12T22:36:29+08:00 ] 127.0.0.1 /api/
INFO: [ app_init ] --START--
INFO: Run Behavior\BuildLiteBehavior [ RunTime:0.000000s ]
INFO: [ app_init ] --END-- [ RunTime:0.000000s ]
INFO: [ app_begin ] --START--
INFO: Run Behavior\ReadHtmlCacheBehavior [ RunTime:0.000000s ]
INFO: [ app_begin ] --END-- [ RunTime:0.000000s ]
NOTIC: [8] A session had already been started - ignoring session_start() F:\WWW\polar.dianwang.com\core\ThinkPHP\Common\functions.php 第 1263 行.
INFO: [ app_end ] --START--
INFO: Run Behavior\ShowPageTraceBehavior [ RunTime:0.000000s ]
INFO: [ app_end ] --END-- [ RunTime:0.000000s ]

[ 2016-12-12T22:36:31+08:00 ] 127.0.0.1 /api/
INFO: [ app_init ] --START--
INFO: Run Behavior\BuildLiteBehavior [ RunTime:0.000000s ]
INFO: [ app_init ] --END-- [ RunTime:0.000000s ]
INFO: [ app_begin ] --START--
INFO: Run Behavior\ReadHtmlCacheBehavior [ RunTime:0.000000s ]
INFO: [ app_begin ] --END-- [ RunTime:0.000000s ]
NOTIC: [8] A session had already been started - ignoring session_start() F:\WWW\polar.dianwang.com\core\ThinkPHP\Common\functions.php 第 1263 行.
INFO: [ app_end ] --START--
INFO: Run Behavior\ShowPageTraceBehavior [ RunTime:0.000000s ]
INFO: [ app_end ] --END-- [ RunTime:0.000000s ]

[ 2016-12-12T22:36:40+08:00 ] 127.0.0.1 /api/
INFO: [ app_init ] --START--
INFO: Run Behavior\BuildLiteBehavior [ RunTime:0.000000s ]
INFO: [ app_init ] --END-- [ RunTime:0.000000s ]
INFO: [ app_begin ] --START--
INFO: Run Behavior\ReadHtmlCacheBehavior [ RunTime:0.001000s ]
INFO: [ app_begin ] --END-- [ RunTime:0.001000s ]
NOTIC: [8] A session had already been started - ignoring session_start() F:\WWW\polar.dianwang.com\core\ThinkPHP\Common\functions.php 第 1263 行.
INFO: [ app_end ] --START--
INFO: Run Behavior\ShowPageTraceBehavior [ RunTime:0.000000s ]
INFO: [ app_end ] --END-- [ RunTime:0.000000s ]

[ 2016-12-12T22:36:56+08:00 ] 127.0.0.1 /api/?action=arclist
INFO: [ app_init ] --START--
INFO: Run Behavior\BuildLiteBehavior [ RunTime:0.000000s ]
INFO: [ app_init ] --END-- [ RunTime:0.000000s ]
INFO: [ app_begin ] --START--
INFO: Run Behavior\ReadHtmlCacheBehavior [ RunTime:0.001000s ]
INFO: [ app_begin ] --END-- [ RunTime:0.001000s ]
NOTIC: [8] A session had already been started - ignoring session_start() F:\WWW\polar.dianwang.com\core\ThinkPHP\Common\functions.php 第 1263 行.
INFO: [ app_end ] --START--
INFO: Run Behavior\ShowPageTraceBehavior [ RunTime:0.000000s ]
INFO: [ app_end ] --END-- [ RunTime:0.001000s ]

[ 2016-12-12T22:37:34+08:00 ] 127.0.0.1 /api/?action=arclist
INFO: [ app_init ] --START--
INFO: Run Behavior\BuildLiteBehavior [ RunTime:0.000000s ]
INFO: [ app_init ] --END-- [ RunTime:0.000000s ]
INFO: [ app_begin ] --START--
INFO: Run Behavior\ReadHtmlCacheBehavior [ RunTime:0.001000s ]
INFO: [ app_begin ] --END-- [ RunTime:0.001000s ]
NOTIC: [8] A session had already been started - ignoring session_start() F:\WWW\polar.dianwang.com\core\ThinkPHP\Common\functions.php 第 1263 行.
NOTIC: [2] Missing argument 1 for I(), called in F:\WWW\polar.dianwang.com\core\Application\Home\Controller\IndexController.class.php on line 28 and defined F:\WWW\polar.dianwang.com\core\ThinkPHP\Common\functions.php 第 271 行.
NOTIC: [8] Undefined variable: name F:\WWW\polar.dianwang.com\core\ThinkPHP\Common\functions.php 第 273 行.
NOTIC: [8] Undefined variable: name F:\WWW\polar.dianwang.com\core\ThinkPHP\Common\functions.php 第 278 行.
NOTIC: [8] Undefined variable: name F:\WWW\polar.dianwang.com\core\ThinkPHP\Common\functions.php 第 339 行.
INFO: [ app_end ] --START--
INFO: Run Behavior\ShowPageTraceBehavior [ RunTime:0.000000s ]
INFO: [ app_end ] --END-- [ RunTime:0.000000s ]

[ 2016-12-12T22:37:48+08:00 ] 127.0.0.1 /api/?action=arclist
INFO: [ app_init ] --START--
INFO: Run Behavior\BuildLiteBehavior [ RunTime:0.000000s ]
INFO: [ app_init ] --END-- [ RunTime:0.000000s ]
INFO: [ app_begin ] --START--
INFO: Run Behavior\ReadHtmlCacheBehavior [ RunTime:0.000000s ]
INFO: [ app_begin ] --END-- [ RunTime:0.000000s ]
NOTIC: [8] A session had already been started - ignoring session_start() F:\WWW\polar.dianwang.com\core\ThinkPHP\Common\functions.php 第 1263 行.
NOTIC: [8] Undefined index: action F:\WWW\polar.dianwang.com\core\Application\Home\Controller\IndexController.class.php 第 28 行.
INFO: [ app_end ] --START--
INFO: Run Behavior\ShowPageTraceBehavior [ RunTime:0.001000s ]
INFO: [ app_end ] --END-- [ RunTime:0.001000s ]

[ 2016-12-12T22:37:49+08:00 ] 127.0.0.1 /api/?action=arclist
INFO: [ app_init ] --START--
INFO: Run Behavior\BuildLiteBehavior [ RunTime:0.000000s ]
INFO: [ app_init ] --END-- [ RunTime:0.000000s ]
INFO: [ app_begin ] --START--
INFO: Run Behavior\ReadHtmlCacheBehavior [ RunTime:0.001001s ]
INFO: [ app_begin ] --END-- [ RunTime:0.001001s ]
NOTIC: [8] A session had already been started - ignoring session_start() F:\WWW\polar.dianwang.com\core\ThinkPHP\Common\functions.php 第 1263 行.
NOTIC: [8] Undefined index: action F:\WWW\polar.dianwang.com\core\Application\Home\Controller\IndexController.class.php 第 28 行.
INFO: [ app_end ] --START--
INFO: Run Behavior\ShowPageTraceBehavior [ RunTime:0.000000s ]
INFO: [ app_end ] --END-- [ RunTime:0.000000s ]

[ 2016-12-12T22:38:02+08:00 ] 127.0.0.1 /api/?action=arclist
INFO: [ app_init ] --START--
INFO: Run Behavior\BuildLiteBehavior [ RunTime:0.000000s ]
INFO: [ app_init ] --END-- [ RunTime:0.000000s ]
INFO: [ app_begin ] --START--
INFO: Run Behavior\ReadHtmlCacheBehavior [ RunTime:0.001000s ]
INFO: [ app_begin ] --END-- [ RunTime:0.001000s ]
NOTIC: [8] A session had already been started - ignoring session_start() F:\WWW\polar.dianwang.com\core\ThinkPHP\Common\functions.php 第 1263 行.
INFO: [ app_end ] --START--
INFO: Run Behavior\ShowPageTraceBehavior [ RunTime:0.001001s ]
INFO: [ app_end ] --END-- [ RunTime:0.001001s ]

[ 2016-12-12T22:44:24+08:00 ] 127.0.0.1 /api/?action=arclist
INFO: [ app_init ] --START--
INFO: Run Behavior\BuildLiteBehavior [ RunTime:0.000000s ]
INFO: [ app_init ] --END-- [ RunTime:0.000000s ]
INFO: [ app_begin ] --START--
INFO: Run Behavior\ReadHtmlCacheBehavior [ RunTime:0.000000s ]
INFO: [ app_begin ] --END-- [ RunTime:0.000000s ]
NOTIC: [8] A session had already been started - ignoring session_start() F:\WWW\polar.dianwang.com\core\ThinkPHP\Common\functions.php 第 1263 行.
NOTIC: [8] Undefined index: page F:\WWW\polar.dianwang.com\core\Application\Home\Controller\IndexController.class.php 第 31 行.
NOTIC: [8] Undefined index: length F:\WWW\polar.dianwang.com\core\Application\Home\Controller\IndexController.class.php 第 32 行.
NOTIC: [8] Undefined index: field F:\WWW\polar.dianwang.com\core\Application\Home\Controller\IndexController.class.php 第 33 行.
NOTIC: [8] Undefined index: catalog_id F:\WWW\polar.dianwang.com\core\Application\Home\Controller\IndexController.class.php 第 34 行.

[ 2016-12-12T22:44:30+08:00 ] 127.0.0.1 /api/?action=arclist
INFO: [ app_init ] --START--
INFO: Run Behavior\BuildLiteBehavior [ RunTime:0.000000s ]
INFO: [ app_init ] --END-- [ RunTime:0.000000s ]
INFO: [ app_begin ] --START--
INFO: Run Behavior\ReadHtmlCacheBehavior [ RunTime:0.000000s ]
INFO: [ app_begin ] --END-- [ RunTime:0.000000s ]
NOTIC: [8] A session had already been started - ignoring session_start() F:\WWW\polar.dianwang.com\core\ThinkPHP\Common\functions.php 第 1263 行.
NOTIC: [8] Undefined index: page F:\WWW\polar.dianwang.com\core\Application\Home\Controller\IndexController.class.php 第 31 行.
NOTIC: [8] Undefined index: length F:\WWW\polar.dianwang.com\core\Application\Home\Controller\IndexController.class.php 第 32 行.
NOTIC: [8] Undefined index: field F:\WWW\polar.dianwang.com\core\Application\Home\Controller\IndexController.class.php 第 33 行.
NOTIC: [8] Undefined index: catalog_id F:\WWW\polar.dianwang.com\core\Application\Home\Controller\IndexController.class.php 第 34 行.
INFO: [ app_end ] --START--
INFO: Run Behavior\ShowPageTraceBehavior [ RunTime:0.000000s ]
INFO: [ app_end ] --END-- [ RunTime:0.001000s ]

[ 2016-12-12T22:45:14+08:00 ] 127.0.0.1 /api/?action=arclist
INFO: [ app_init ] --START--
INFO: Run Behavior\BuildLiteBehavior [ RunTime:0.000000s ]
INFO: [ app_init ] --END-- [ RunTime:0.000000s ]
INFO: [ app_begin ] --START--
INFO: Run Behavior\ReadHtmlCacheBehavior [ RunTime:0.000000s ]
INFO: [ app_begin ] --END-- [ RunTime:0.000000s ]
NOTIC: [8] A session had already been started - ignoring session_start() F:\WWW\polar.dianwang.com\core\ThinkPHP\Common\functions.php 第 1263 行.
NOTIC: [8] Undefined index: page F:\WWW\polar.dianwang.com\core\Application\Home\Controller\IndexController.class.php 第 31 行.
NOTIC: [8] Undefined index: length F:\WWW\polar.dianwang.com\core\Application\Home\Controller\IndexController.class.php 第 32 行.
NOTIC: [8] Undefined index: field F:\WWW\polar.dianwang.com\core\Application\Home\Controller\IndexController.class.php 第 33 行.
NOTIC: [8] Undefined index: catalog_id F:\WWW\polar.dianwang.com\core\Application\Home\Controller\IndexController.class.php 第 34 行.
INFO: [ app_end ] --START--
INFO: Run Behavior\ShowPageTraceBehavior [ RunTime:0.001000s ]
INFO: [ app_end ] --END-- [ RunTime:0.001000s ]

[ 2016-12-12T22:46:06+08:00 ] 127.0.0.1 /api/?action=arclist
INFO: [ app_init ] --START--
INFO: Run Behavior\BuildLiteBehavior [ RunTime:0.000000s ]
INFO: [ app_init ] --END-- [ RunTime:0.000000s ]
INFO: [ app_begin ] --START--
INFO: Run Behavior\ReadHtmlCacheBehavior [ RunTime:0.000000s ]
INFO: [ app_begin ] --END-- [ RunTime:0.000000s ]
NOTIC: [8] A session had already been started - ignoring session_start() F:\WWW\polar.dianwang.com\core\ThinkPHP\Common\functions.php 第 1263 行.
NOTIC: [8] Undefined index: page F:\WWW\polar.dianwang.com\core\Application\Home\Controller\IndexController.class.php 第 32 行.
NOTIC: [8] Undefined index: length F:\WWW\polar.dianwang.com\core\Application\Home\Controller\IndexController.class.php 第 33 行.
NOTIC: [8] Undefined index: field F:\WWW\polar.dianwang.com\core\Application\Home\Controller\IndexController.class.php 第 34 行.
NOTIC: [8] Undefined index: catalog_id F:\WWW\polar.dianwang.com\core\Application\Home\Controller\IndexController.class.php 第 35 行.

[ 2016-12-12T22:46:27+08:00 ] 127.0.0.1 /api/?action=arclist
INFO: [ app_init ] --START--
INFO: Run Behavior\BuildLiteBehavior [ RunTime:0.000000s ]
INFO: [ app_init ] --END-- [ RunTime:0.000000s ]
INFO: [ app_begin ] --START--
INFO: Run Behavior\ReadHtmlCacheBehavior [ RunTime:0.000000s ]
INFO: [ app_begin ] --END-- [ RunTime:0.000000s ]
NOTIC: [8] A session had already been started - ignoring session_start() F:\WWW\polar.dianwang.com\core\ThinkPHP\Common\functions.php 第 1263 行.
NOTIC: [8] Undefined index: page F:\WWW\polar.dianwang.com\core\Application\Home\Controller\IndexController.class.php 第 32 行.
NOTIC: [8] Undefined index: length F:\WWW\polar.dianwang.com\core\Application\Home\Controller\IndexController.class.php 第 33 行.
NOTIC: [8] Undefined index: field F:\WWW\polar.dianwang.com\core\Application\Home\Controller\IndexController.class.php 第 34 行.
NOTIC: [8] Undefined index: catalog_id F:\WWW\polar.dianwang.com\core\Application\Home\Controller\IndexController.class.php 第 35 行.
INFO: [ app_end ] --START--
INFO: Run Behavior\ShowPageTraceBehavior [ RunTime:0.001000s ]
INFO: [ app_end ] --END-- [ RunTime:0.001000s ]

[ 2016-12-12T22:46:33+08:00 ] 127.0.0.1 /api/?action=arclist
INFO: [ app_init ] --START--
INFO: Run Behavior\BuildLiteBehavior [ RunTime:0.000000s ]
INFO: [ app_init ] --END-- [ RunTime:0.000000s ]
INFO: [ app_begin ] --START--
INFO: Run Behavior\ReadHtmlCacheBehavior [ RunTime:0.000000s ]
INFO: [ app_begin ] --END-- [ RunTime:0.000000s ]
NOTIC: [8] A session had already been started - ignoring session_start() F:\WWW\polar.dianwang.com\core\ThinkPHP\Common\functions.php 第 1263 行.
NOTIC: [8] Undefined index: page F:\WWW\polar.dianwang.com\core\Application\Home\Controller\IndexController.class.php 第 32 行.
NOTIC: [8] Undefined index: length F:\WWW\polar.dianwang.com\core\Application\Home\Controller\IndexController.class.php 第 33 行.
NOTIC: [8] Undefined index: field F:\WWW\polar.dianwang.com\core\Application\Home\Controller\IndexController.class.php 第 34 行.
NOTIC: [8] Undefined index: catalog_id F:\WWW\polar.dianwang.com\core\Application\Home\Controller\IndexController.class.php 第 35 行.

[ 2016-12-12T22:48:01+08:00 ] 127.0.0.1 /api/?action=arclist
INFO: [ app_init ] --START--
INFO: Run Behavior\BuildLiteBehavior [ RunTime:0.000000s ]
INFO: [ app_init ] --END-- [ RunTime:0.000000s ]
INFO: [ app_begin ] --START--
INFO: Run Behavior\ReadHtmlCacheBehavior [ RunTime:0.001000s ]
INFO: [ app_begin ] --END-- [ RunTime:0.001000s ]
NOTIC: [8] A session had already been started - ignoring session_start() F:\WWW\polar.dianwang.com\core\ThinkPHP\Common\functions.php 第 1263 行.
NOTIC: [8] Undefined index: page F:\WWW\polar.dianwang.com\core\Application\Home\Controller\IndexController.class.php 第 32 行.
NOTIC: [8] Undefined index: length F:\WWW\polar.dianwang.com\core\Application\Home\Controller\IndexController.class.php 第 33 行.
NOTIC: [8] Undefined index: field F:\WWW\polar.dianwang.com\core\Application\Home\Controller\IndexController.class.php 第 34 行.
NOTIC: [8] Undefined index: catalog_id F:\WWW\polar.dianwang.com\core\Application\Home\Controller\IndexController.class.php 第 35 行.

