[ 2016-12-24T12:22:03+08:00 ] 110.188.241.35 /api/?TIMESTAMP=1482553378303&ACTION=ARC_LIST&PAGE=1&CATALOG_ID=55&KEY=9C54CFAE7FE7434D2F2520B2A6BEAE01&FIELD=id%7Ctitle%7Cintro%7Ccdate%7Cthumb
INFO: [ app_init ] --START--
INFO: Run Behavior\BuildLiteBehavior [ RunTime:0.000019s ]
INFO: [ app_init ] --END-- [ RunTime:0.000100s ]
INFO: [ app_begin ] --START--
INFO: Run Behavior\ReadHtmlCacheBehavior [ RunTime:0.000697s ]
INFO: [ app_begin ] --END-- [ RunTime:0.000772s ]
NOTIC: [8] A session had already been started - ignoring session_start() D:\wwwroot\dwang\wwwroot\core\ThinkPHP\Common\functions.php 第 1263 行.
NOTIC: [8] Undefined index: LENGTH D:\wwwroot\dwang\wwwroot\core\Application\Home\Controller\IndexController.class.php 第 46 行.
NOTIC: [2048] Declaration of Common\Model\ArcsModel::ajaxTable() should be compatible with Common\Model\ManagerModel::ajaxTable($params = Array) D:\wwwroot\dwang\wwwroot\core\Application\Common\Model\ArcsModel.class.php 第 4 行.
SQL: SHOW COLUMNS FROM `arcs` [ RunTime:0.0030s ]
SQL: SELECT `id`,`title`,`intro`,`cdate`,`thumb` FROM `arcs` WHERE `catalog_id` = 55 LIMIT 0,10   [ RunTime:0.0004s ]
NOTIC: [8] Undefined index: group D:\wwwroot\dwang\wwwroot\core\Application\Common\Model\ManagerModel.class.php 第 160 行.
SQL: SELECT COUNT(*) AS tp_count FROM `arcs` WHERE `catalog_id` = 55 LIMIT 1   [ RunTime:0.0003s ]
INFO: [ app_end ] --START--
INFO: Run Behavior\ShowPageTraceBehavior [ RunTime:0.000750s ]
INFO: [ app_end ] --END-- [ RunTime:0.000812s ]

[ 2016-12-24T12:22:03+08:00 ] 110.188.241.35 /api/?TIMESTAMP=1482553378279&ACTION=ARC_LIST&PAGE=1&CATALOG_ID=53&KEY=554E75B7CE7A0CB93C4CD7C7892BF846&FIELD=id%7Ctitle%7Cintro%7Ccdate%7Cthumb%7Ccontent%7Cvideo
INFO: [ app_init ] --START--
INFO: Run Behavior\BuildLiteBehavior [ RunTime:0.000023s ]
INFO: [ app_init ] --END-- [ RunTime:0.000098s ]
INFO: [ app_begin ] --START--
INFO: Run Behavior\ReadHtmlCacheBehavior [ RunTime:0.000679s ]
INFO: [ app_begin ] --END-- [ RunTime:0.000749s ]
NOTIC: [8] A session had already been started - ignoring session_start() D:\wwwroot\dwang\wwwroot\core\ThinkPHP\Common\functions.php 第 1263 行.
NOTIC: [8] Undefined index: LENGTH D:\wwwroot\dwang\wwwroot\core\Application\Home\Controller\IndexController.class.php 第 46 行.
NOTIC: [2048] Declaration of Common\Model\ArcsModel::ajaxTable() should be compatible with Common\Model\ManagerModel::ajaxTable($params = Array) D:\wwwroot\dwang\wwwroot\core\Application\Common\Model\ArcsModel.class.php 第 4 行.
SQL: SHOW COLUMNS FROM `arcs` [ RunTime:0.0038s ]
SQL: SELECT `id`,`title`,`intro`,`cdate`,`thumb`,`content`,`video` FROM `arcs` WHERE `catalog_id` = 53 LIMIT 0,10   [ RunTime:0.0005s ]
NOTIC: [8] Undefined index: group D:\wwwroot\dwang\wwwroot\core\Application\Common\Model\ManagerModel.class.php 第 160 行.
SQL: SELECT COUNT(*) AS tp_count FROM `arcs` WHERE `catalog_id` = 53 LIMIT 1   [ RunTime:0.0005s ]
INFO: [ app_end ] --START--
INFO: Run Behavior\ShowPageTraceBehavior [ RunTime:0.000878s ]
INFO: [ app_end ] --END-- [ RunTime:0.000961s ]

[ 2016-12-24T12:22:03+08:00 ] 110.188.241.35 /api/?TIMESTAMP=1482553378297&ACTION=ARC_LIST&PAGE=1&CATALOG_ID=54&KEY=B78185DADD453D66B0B0CF08A6C639D0&FIELD=id%7Ctitle%7Cintro%7Ccdate%7Cthumb
INFO: [ app_init ] --START--
INFO: Run Behavior\BuildLiteBehavior [ RunTime:0.000018s ]
INFO: [ app_init ] --END-- [ RunTime:0.000101s ]
INFO: [ app_begin ] --START--
INFO: Run Behavior\ReadHtmlCacheBehavior [ RunTime:0.000731s ]
INFO: [ app_begin ] --END-- [ RunTime:0.000802s ]
NOTIC: [8] A session had already been started - ignoring session_start() D:\wwwroot\dwang\wwwroot\core\ThinkPHP\Common\functions.php 第 1263 行.
NOTIC: [8] Undefined index: LENGTH D:\wwwroot\dwang\wwwroot\core\Application\Home\Controller\IndexController.class.php 第 46 行.
NOTIC: [2048] Declaration of Common\Model\ArcsModel::ajaxTable() should be compatible with Common\Model\ManagerModel::ajaxTable($params = Array) D:\wwwroot\dwang\wwwroot\core\Application\Common\Model\ArcsModel.class.php 第 4 行.
SQL: SHOW COLUMNS FROM `arcs` [ RunTime:0.0024s ]
SQL: SELECT `id`,`title`,`intro`,`cdate`,`thumb` FROM `arcs` WHERE `catalog_id` = 54 LIMIT 0,10   [ RunTime:0.0006s ]
NOTIC: [8] Undefined index: group D:\wwwroot\dwang\wwwroot\core\Application\Common\Model\ManagerModel.class.php 第 160 行.
SQL: SELECT COUNT(*) AS tp_count FROM `arcs` WHERE `catalog_id` = 54 LIMIT 1   [ RunTime:0.0002s ]
INFO: [ app_end ] --START--
INFO: Run Behavior\ShowPageTraceBehavior [ RunTime:0.000773s ]
INFO: [ app_end ] --END-- [ RunTime:0.000833s ]

[ 2016-12-24T12:22:04+08:00 ] 110.188.241.35 /api/?TIMESTAMP=1482553378337&ACTION=ARC_LIST&PAGE=1&CATALOG_ID=58&KEY=BF5CEFF602B700903D22F0E224A0F720&FIELD=id%7Ctitle%7Cintro%7Ccdate%7Cthumb
INFO: [ app_init ] --START--
INFO: Run Behavior\BuildLiteBehavior [ RunTime:0.000019s ]
INFO: [ app_init ] --END-- [ RunTime:0.000088s ]
INFO: [ app_begin ] --START--
INFO: Run Behavior\ReadHtmlCacheBehavior [ RunTime:0.000599s ]
INFO: [ app_begin ] --END-- [ RunTime:0.000666s ]
NOTIC: [8] A session had already been started - ignoring session_start() D:\wwwroot\dwang\wwwroot\core\ThinkPHP\Common\functions.php 第 1263 行.
NOTIC: [8] Undefined index: LENGTH D:\wwwroot\dwang\wwwroot\core\Application\Home\Controller\IndexController.class.php 第 46 行.
NOTIC: [2048] Declaration of Common\Model\ArcsModel::ajaxTable() should be compatible with Common\Model\ManagerModel::ajaxTable($params = Array) D:\wwwroot\dwang\wwwroot\core\Application\Common\Model\ArcsModel.class.php 第 4 行.
SQL: SHOW COLUMNS FROM `arcs` [ RunTime:0.0023s ]
SQL: SELECT `id`,`title`,`intro`,`cdate`,`thumb` FROM `arcs` WHERE `catalog_id` = 58 LIMIT 0,10   [ RunTime:0.0011s ]
NOTIC: [8] Undefined index: group D:\wwwroot\dwang\wwwroot\core\Application\Common\Model\ManagerModel.class.php 第 160 行.
SQL: SELECT COUNT(*) AS tp_count FROM `arcs` WHERE `catalog_id` = 58 LIMIT 1   [ RunTime:0.0005s ]
INFO: [ app_end ] --START--
INFO: Run Behavior\ShowPageTraceBehavior [ RunTime:0.000695s ]
INFO: [ app_end ] --END-- [ RunTime:0.000757s ]

[ 2016-12-24T12:22:04+08:00 ] 110.188.241.35 /api/?TIMESTAMP=1482553378323&ACTION=ARC_LIST&PAGE=1&CATALOG_ID=56&KEY=9B13E4297F3814F6482E2B2D157C8149&FIELD=id%7Ctitle%7Cintro%7Ccdate%7Cthumb
INFO: [ app_init ] --START--
INFO: Run Behavior\BuildLiteBehavior [ RunTime:0.000018s ]
INFO: [ app_init ] --END-- [ RunTime:0.000086s ]
INFO: [ app_begin ] --START--
INFO: Run Behavior\ReadHtmlCacheBehavior [ RunTime:0.000914s ]
INFO: [ app_begin ] --END-- [ RunTime:0.000983s ]
NOTIC: [8] A session had already been started - ignoring session_start() D:\wwwroot\dwang\wwwroot\core\ThinkPHP\Common\functions.php 第 1263 行.
NOTIC: [8] Undefined index: LENGTH D:\wwwroot\dwang\wwwroot\core\Application\Home\Controller\IndexController.class.php 第 46 行.
NOTIC: [2048] Declaration of Common\Model\ArcsModel::ajaxTable() should be compatible with Common\Model\ManagerModel::ajaxTable($params = Array) D:\wwwroot\dwang\wwwroot\core\Application\Common\Model\ArcsModel.class.php 第 4 行.
SQL: SHOW COLUMNS FROM `arcs` [ RunTime:0.0029s ]
SQL: SELECT `id`,`title`,`intro`,`cdate`,`thumb` FROM `arcs` WHERE `catalog_id` = 56 LIMIT 0,10   [ RunTime:0.0020s ]
NOTIC: [8] Undefined index: group D:\wwwroot\dwang\wwwroot\core\Application\Common\Model\ManagerModel.class.php 第 160 行.
SQL: SELECT COUNT(*) AS tp_count FROM `arcs` WHERE `catalog_id` = 56 LIMIT 1   [ RunTime:0.0004s ]
INFO: [ app_end ] --START--
INFO: Run Behavior\ShowPageTraceBehavior [ RunTime:0.001047s ]
INFO: [ app_end ] --END-- [ RunTime:0.001135s ]

[ 2016-12-24T12:22:04+08:00 ] 110.188.241.35 /api/?TIMESTAMP=1482553378331&ACTION=ARC_LIST&PAGE=1&CATALOG_ID=57&KEY=A6E3709369B480E01D3A61A88C1A3BEA&FIELD=id%7Ctitle%7Cintro%7Ccdate%7Cthumb
INFO: [ app_init ] --START--
INFO: Run Behavior\BuildLiteBehavior [ RunTime:0.000017s ]
INFO: [ app_init ] --END-- [ RunTime:0.000082s ]
INFO: [ app_begin ] --START--
INFO: Run Behavior\ReadHtmlCacheBehavior [ RunTime:0.000616s ]
INFO: [ app_begin ] --END-- [ RunTime:0.000691s ]
NOTIC: [8] A session had already been started - ignoring session_start() D:\wwwroot\dwang\wwwroot\core\ThinkPHP\Common\functions.php 第 1263 行.
NOTIC: [8] Undefined index: LENGTH D:\wwwroot\dwang\wwwroot\core\Application\Home\Controller\IndexController.class.php 第 46 行.
NOTIC: [2048] Declaration of Common\Model\ArcsModel::ajaxTable() should be compatible with Common\Model\ManagerModel::ajaxTable($params = Array) D:\wwwroot\dwang\wwwroot\core\Application\Common\Model\ArcsModel.class.php 第 4 行.
SQL: SHOW COLUMNS FROM `arcs` [ RunTime:0.0041s ]
SQL: SELECT `id`,`title`,`intro`,`cdate`,`thumb` FROM `arcs` WHERE `catalog_id` = 57 LIMIT 0,10   [ RunTime:0.0011s ]
NOTIC: [8] Undefined index: group D:\wwwroot\dwang\wwwroot\core\Application\Common\Model\ManagerModel.class.php 第 160 行.
SQL: SELECT COUNT(*) AS tp_count FROM `arcs` WHERE `catalog_id` = 57 LIMIT 1   [ RunTime:0.0003s ]
INFO: [ app_end ] --START--
INFO: Run Behavior\ShowPageTraceBehavior [ RunTime:0.000674s ]
INFO: [ app_end ] --END-- [ RunTime:0.000745s ]

[ 2016-12-24T12:22:04+08:00 ] 110.188.241.35 /api/?TIMESTAMP=1482553378345&ACTION=ARC_LIST&PAGE=1&CATALOG_ID=59&KEY=18A68E8FAB301EADB06FAEFA0A5379F9&FIELD=id%7Ctitle%7Cintro%7Ccdate%7Cthumb
INFO: [ app_init ] --START--
INFO: Run Behavior\BuildLiteBehavior [ RunTime:0.000021s ]
INFO: [ app_init ] --END-- [ RunTime:0.000104s ]
INFO: [ app_begin ] --START--
INFO: Run Behavior\ReadHtmlCacheBehavior [ RunTime:0.000620s ]
INFO: [ app_begin ] --END-- [ RunTime:0.000687s ]
NOTIC: [8] A session had already been started - ignoring session_start() D:\wwwroot\dwang\wwwroot\core\ThinkPHP\Common\functions.php 第 1263 行.
NOTIC: [8] Undefined index: LENGTH D:\wwwroot\dwang\wwwroot\core\Application\Home\Controller\IndexController.class.php 第 46 行.
NOTIC: [2048] Declaration of Common\Model\ArcsModel::ajaxTable() should be compatible with Common\Model\ManagerModel::ajaxTable($params = Array) D:\wwwroot\dwang\wwwroot\core\Application\Common\Model\ArcsModel.class.php 第 4 行.
SQL: SHOW COLUMNS FROM `arcs` [ RunTime:0.0052s ]
SQL: SELECT `id`,`title`,`intro`,`cdate`,`thumb` FROM `arcs` WHERE `catalog_id` = 59 LIMIT 0,10   [ RunTime:0.0017s ]
NOTIC: [8] Undefined index: group D:\wwwroot\dwang\wwwroot\core\Application\Common\Model\ManagerModel.class.php 第 160 行.
SQL: SELECT COUNT(*) AS tp_count FROM `arcs` WHERE `catalog_id` = 59 LIMIT 1   [ RunTime:0.0003s ]
INFO: [ app_end ] --START--
INFO: Run Behavior\ShowPageTraceBehavior [ RunTime:0.000722s ]
INFO: [ app_end ] --END-- [ RunTime:0.000785s ]

[ 2016-12-24T12:22:04+08:00 ] 110.188.241.35 /api/?TIMESTAMP=1482553378352&ACTION=PUSH_DATA&CATALOG_ID=60&PUSH_ID=1&PUSH_GROUP=1&PAGE=1&KEY=8876BA60F4AFEB7D7075FEB8D18C7C7B&FIELD=id%7Ctitle%7Cintro%7Ccdate%7Cthumb%7Ccontent%7Cvideo
INFO: [ app_init ] --START--
INFO: Run Behavior\BuildLiteBehavior [ RunTime:0.000019s ]
INFO: [ app_init ] --END-- [ RunTime:0.000087s ]
INFO: [ app_begin ] --START--
INFO: Run Behavior\ReadHtmlCacheBehavior [ RunTime:0.000585s ]
INFO: [ app_begin ] --END-- [ RunTime:0.000651s ]
NOTIC: [8] A session had already been started - ignoring session_start() D:\wwwroot\dwang\wwwroot\core\ThinkPHP\Common\functions.php 第 1263 行.
NOTIC: [8] Undefined index: LENGTH D:\wwwroot\dwang\wwwroot\core\Application\Home\Controller\IndexController.class.php 第 46 行.
NOTIC: [2048] Declaration of Common\Model\ArcsModel::ajaxTable() should be compatible with Common\Model\ManagerModel::ajaxTable($params = Array) D:\wwwroot\dwang\wwwroot\core\Application\Common\Model\ArcsModel.class.php 第 4 行.
SQL: SHOW COLUMNS FROM `arcs` [ RunTime:0.0043s ]
SQL: SELECT `id`,`title`,`intro`,`cdate`,`thumb`,`content`,`video` FROM `arcs` WHERE ( (find_in_set('1',push_id) OR push_id = 'all') AND (find_in_set('1',push_group) OR push_group = 'all') ) LIMIT 0,10   [ RunTime:0.0028s ]
NOTIC: [8] Undefined index: group D:\wwwroot\dwang\wwwroot\core\Application\Common\Model\ManagerModel.class.php 第 160 行.
SQL: SELECT COUNT(*) AS tp_count FROM `arcs` WHERE ( (find_in_set('1',push_id) OR push_id = 'all') AND (find_in_set('1',push_group) OR push_group = 'all') ) LIMIT 1   [ RunTime:0.0004s ]
INFO: [ app_end ] --START--
INFO: Run Behavior\ShowPageTraceBehavior [ RunTime:0.000608s ]
INFO: [ app_end ] --END-- [ RunTime:0.000675s ]

[ 2016-12-24T12:22:04+08:00 ] 110.188.241.35 /api/?TIMESTAMP=1482553378351&ACTION=ARC_LIST&PAGE=1&CATALOG_ID=60&KEY=773A2350792FE38CB9098E6EF6DED0A5&FIELD=id%7Ctitle%7Cintro%7Ccdate%7Cthumb
INFO: [ app_init ] --START--
INFO: Run Behavior\BuildLiteBehavior [ RunTime:0.000017s ]
INFO: [ app_init ] --END-- [ RunTime:0.000084s ]
INFO: [ app_begin ] --START--
INFO: Run Behavior\ReadHtmlCacheBehavior [ RunTime:0.000656s ]
INFO: [ app_begin ] --END-- [ RunTime:0.000725s ]
NOTIC: [8] A session had already been started - ignoring session_start() D:\wwwroot\dwang\wwwroot\core\ThinkPHP\Common\functions.php 第 1263 行.
NOTIC: [8] Undefined index: LENGTH D:\wwwroot\dwang\wwwroot\core\Application\Home\Controller\IndexController.class.php 第 46 行.
NOTIC: [2048] Declaration of Common\Model\ArcsModel::ajaxTable() should be compatible with Common\Model\ManagerModel::ajaxTable($params = Array) D:\wwwroot\dwang\wwwroot\core\Application\Common\Model\ArcsModel.class.php 第 4 行.
SQL: SHOW COLUMNS FROM `arcs` [ RunTime:0.0024s ]
SQL: SELECT `id`,`title`,`intro`,`cdate`,`thumb` FROM `arcs` WHERE `catalog_id` = 60 LIMIT 0,10   [ RunTime:0.0013s ]
NOTIC: [8] Undefined index: group D:\wwwroot\dwang\wwwroot\core\Application\Common\Model\ManagerModel.class.php 第 160 行.
SQL: SELECT COUNT(*) AS tp_count FROM `arcs` WHERE `catalog_id` = 60 LIMIT 1   [ RunTime:0.0003s ]
INFO: [ app_end ] --START--
INFO: Run Behavior\ShowPageTraceBehavior [ RunTime:0.000751s ]
INFO: [ app_end ] --END-- [ RunTime:0.000813s ]

[ 2016-12-24T12:22:05+08:00 ] 110.188.241.35 /api/?TIMESTAMP=1482553385927&ACTION=ARC_DETAIL&ID=41&USER_ID=2&KEY=873FBA9E0EB9632E4BB032F40A7DA743&FIELD=id%7Ctitle%7Cintro%7Ccontent%7Cthumb
INFO: [ app_init ] --START--
INFO: Run Behavior\BuildLiteBehavior [ RunTime:0.000021s ]
INFO: [ app_init ] --END-- [ RunTime:0.000091s ]
INFO: [ app_begin ] --START--
INFO: Run Behavior\ReadHtmlCacheBehavior [ RunTime:0.000607s ]
INFO: [ app_begin ] --END-- [ RunTime:0.000674s ]
NOTIC: [8] A session had already been started - ignoring session_start() D:\wwwroot\dwang\wwwroot\core\ThinkPHP\Common\functions.php 第 1263 行.
NOTIC: [8] Undefined index: PAGE D:\wwwroot\dwang\wwwroot\core\Application\Home\Controller\IndexController.class.php 第 45 行.
NOTIC: [8] Undefined index: LENGTH D:\wwwroot\dwang\wwwroot\core\Application\Home\Controller\IndexController.class.php 第 46 行.
SQL: SHOW COLUMNS FROM `users` [ RunTime:0.0130s ]
SQL: SELECT `id` FROM `users` WHERE `id` = 2 LIMIT 1   [ RunTime:0.0090s ]
NOTIC: [2048] Declaration of Common\Model\ArcsModel::ajaxTable() should be compatible with Common\Model\ManagerModel::ajaxTable($params = Array) D:\wwwroot\dwang\wwwroot\core\Application\Common\Model\ArcsModel.class.php 第 28 行.
SQL: SHOW COLUMNS FROM `arcs` [ RunTime:0.0023s ]
NOTIC: [8] Undefined variable: map D:\wwwroot\dwang\wwwroot\core\Application\Home\Controller\IndexController.class.php 第 70 行.
SQL: SELECT `id`,`title`,`intro`,`content`,`thumb` FROM `arcs` LIMIT 0,10   [ RunTime:0.0016s ]
NOTIC: [2048] Declaration of Common\Model\VisitLogsModel::ajaxTable() should be compatible with Common\Model\ManagerModel::ajaxTable($params = Array) D:\wwwroot\dwang\wwwroot\core\Application\Common\Model\VisitLogsModel.class.php 第 25 行.
NOTIC: [2048] Declaration of Common\Model\VisitLogsModel::add() should be compatible with Think\Model::add($data = '', $options = Array, $replace = false) D:\wwwroot\dwang\wwwroot\core\Application\Common\Model\VisitLogsModel.class.php 第 25 行.
SQL: SHOW COLUMNS FROM `visit_logs` [ RunTime:0.0333s ]
NOTIC: [8] Undefined index: validate D:\wwwroot\dwang\wwwroot\core\ThinkPHP\Library\Think\Model.class.php 第 1185 行.
NOTIC: [8] Undefined index: auto D:\wwwroot\dwang\wwwroot\core\ThinkPHP\Library\Think\Model.class.php 第 1128 行.
SQL: SHOW COLUMNS FROM `config` [ RunTime:0.0025s ]
SQL: SELECT * FROM `config` WHERE `id` = 'move_day' LIMIT 1   [ RunTime:0.0009s ]
SQL: SELECT * FROM `config` WHERE `id` = 'move_day' LIMIT 1   [ RunTime:0.0001s ]
SQL: SELECT * FROM `config` WHERE `id` = 'move_day' LIMIT 1   [ RunTime:0.0001s ]
SQL: SELECT * FROM `config` WHERE `id` = 'move_day' LIMIT 1   [ RunTime:0.0001s ]
SQL: INSERT INTO `visit_logs` (`user_id`,`arc_id`,`cdate`,`year`,`month`,`day`,`ip`) VALUES ('2','41','1482553325','2016','12','24','110.188.241.35') [ RunTime:0.0002s ]
INFO: [ app_end ] --START--
INFO: Run Behavior\ShowPageTraceBehavior [ RunTime:0.000672s ]
INFO: [ app_end ] --END-- [ RunTime:0.000738s ]

[ 2016-12-24T12:22:11+08:00 ] 110.188.241.35 /api/?TIMESTAMP=1482553391367&ACTION=PUSH_DATA&CATALOG_ID=60&PUSH_ID=3&PUSH_GROUP=1&PAGE=0&KEY=E1B999381CC0A1B9AD1C82A877034CED&FIELD=id%7Ctitle%7Cintro%7Ccdate%7Cthumb%7Ccontent%7Cvideo
INFO: [ app_init ] --START--
INFO: Run Behavior\BuildLiteBehavior [ RunTime:0.000019s ]
INFO: [ app_init ] --END-- [ RunTime:0.000091s ]
INFO: [ app_begin ] --START--
INFO: Run Behavior\ReadHtmlCacheBehavior [ RunTime:0.000578s ]
INFO: [ app_begin ] --END-- [ RunTime:0.000650s ]
NOTIC: [8] A session had already been started - ignoring session_start() D:\wwwroot\dwang\wwwroot\core\ThinkPHP\Common\functions.php 第 1263 行.
NOTIC: [8] Undefined index: LENGTH D:\wwwroot\dwang\wwwroot\core\Application\Home\Controller\IndexController.class.php 第 46 行.
NOTIC: [2048] Declaration of Common\Model\ArcsModel::ajaxTable() should be compatible with Common\Model\ManagerModel::ajaxTable($params = Array) D:\wwwroot\dwang\wwwroot\core\Application\Common\Model\ArcsModel.class.php 第 4 行.
SQL: SHOW COLUMNS FROM `arcs` [ RunTime:0.0029s ]
SQL: SELECT `id`,`title`,`intro`,`cdate`,`thumb`,`content`,`video` FROM `arcs` WHERE ( (find_in_set('3',push_id) OR push_id = 'all') AND (find_in_set('1',push_group) OR push_group = 'all') ) LIMIT 0,10   [ RunTime:0.0011s ]
NOTIC: [8] Undefined index: group D:\wwwroot\dwang\wwwroot\core\Application\Common\Model\ManagerModel.class.php 第 160 行.
SQL: SELECT COUNT(*) AS tp_count FROM `arcs` WHERE ( (find_in_set('3',push_id) OR push_id = 'all') AND (find_in_set('1',push_group) OR push_group = 'all') ) LIMIT 1   [ RunTime:0.0003s ]
INFO: [ app_end ] --START--
INFO: Run Behavior\ShowPageTraceBehavior [ RunTime:0.000782s ]
INFO: [ app_end ] --END-- [ RunTime:0.000847s ]

[ 2016-12-24T12:22:15+08:00 ] 110.188.241.35 /api/?TIMESTAMP=1482553395759&ACTION=PUSH_DATA&CATALOG_ID=60&PUSH_ID=3&PUSH_GROUP=1&PAGE=1&KEY=EF4F3EF6840C3642C8543F9BB218C072&FIELD=id%7Ctitle%7Cintro%7Ccdate%7Cthumb%7Ccontent%7Cvideo
INFO: [ app_init ] --START--
INFO: Run Behavior\BuildLiteBehavior [ RunTime:0.000020s ]
INFO: [ app_init ] --END-- [ RunTime:0.000090s ]
INFO: [ app_begin ] --START--
INFO: Run Behavior\ReadHtmlCacheBehavior [ RunTime:0.000687s ]
INFO: [ app_begin ] --END-- [ RunTime:0.000753s ]
NOTIC: [8] A session had already been started - ignoring session_start() D:\wwwroot\dwang\wwwroot\core\ThinkPHP\Common\functions.php 第 1263 行.
NOTIC: [8] Undefined index: LENGTH D:\wwwroot\dwang\wwwroot\core\Application\Home\Controller\IndexController.class.php 第 46 行.
NOTIC: [2048] Declaration of Common\Model\ArcsModel::ajaxTable() should be compatible with Common\Model\ManagerModel::ajaxTable($params = Array) D:\wwwroot\dwang\wwwroot\core\Application\Common\Model\ArcsModel.class.php 第 4 行.
SQL: SHOW COLUMNS FROM `arcs` [ RunTime:0.0025s ]
SQL: SELECT `id`,`title`,`intro`,`cdate`,`thumb`,`content`,`video` FROM `arcs` WHERE ( (find_in_set('3',push_id) OR push_id = 'all') AND (find_in_set('1',push_group) OR push_group = 'all') ) LIMIT 0,10   [ RunTime:0.0008s ]
NOTIC: [8] Undefined index: group D:\wwwroot\dwang\wwwroot\core\Application\Common\Model\ManagerModel.class.php 第 160 行.
SQL: SELECT COUNT(*) AS tp_count FROM `arcs` WHERE ( (find_in_set('3',push_id) OR push_id = 'all') AND (find_in_set('1',push_group) OR push_group = 'all') ) LIMIT 1   [ RunTime:0.0001s ]
INFO: [ app_end ] --START--
INFO: Run Behavior\ShowPageTraceBehavior [ RunTime:0.000629s ]
INFO: [ app_end ] --END-- [ RunTime:0.000696s ]

[ 2016-12-24T12:22:16+08:00 ] 110.188.241.35 /api/?TIMESTAMP=1482553397102&ACTION=PUSH_DATA&CATALOG_ID=60&PUSH_ID=1&PUSH_GROUP=1&PAGE=1&KEY=CB9359086E5CE517C85482DA48C42D55&FIELD=id%7Ctitle%7Cintro%7Ccdate%7Cthumb%7Ccontent%7Cvideo
INFO: [ app_init ] --START--
INFO: Run Behavior\BuildLiteBehavior [ RunTime:0.000020s ]
INFO: [ app_init ] --END-- [ RunTime:0.000095s ]
INFO: [ app_begin ] --START--
INFO: Run Behavior\ReadHtmlCacheBehavior [ RunTime:0.000580s ]
INFO: [ app_begin ] --END-- [ RunTime:0.000648s ]
NOTIC: [8] A session had already been started - ignoring session_start() D:\wwwroot\dwang\wwwroot\core\ThinkPHP\Common\functions.php 第 1263 行.
NOTIC: [8] Undefined index: LENGTH D:\wwwroot\dwang\wwwroot\core\Application\Home\Controller\IndexController.class.php 第 46 行.
NOTIC: [2048] Declaration of Common\Model\ArcsModel::ajaxTable() should be compatible with Common\Model\ManagerModel::ajaxTable($params = Array) D:\wwwroot\dwang\wwwroot\core\Application\Common\Model\ArcsModel.class.php 第 4 行.
SQL: SHOW COLUMNS FROM `arcs` [ RunTime:0.0027s ]
SQL: SELECT `id`,`title`,`intro`,`cdate`,`thumb`,`content`,`video` FROM `arcs` WHERE ( (find_in_set('1',push_id) OR push_id = 'all') AND (find_in_set('1',push_group) OR push_group = 'all') ) LIMIT 0,10   [ RunTime:0.0011s ]
NOTIC: [8] Undefined index: group D:\wwwroot\dwang\wwwroot\core\Application\Common\Model\ManagerModel.class.php 第 160 行.
SQL: SELECT COUNT(*) AS tp_count FROM `arcs` WHERE ( (find_in_set('1',push_id) OR push_id = 'all') AND (find_in_set('1',push_group) OR push_group = 'all') ) LIMIT 1   [ RunTime:0.0002s ]
INFO: [ app_end ] --START--
INFO: Run Behavior\ShowPageTraceBehavior [ RunTime:0.000766s ]
INFO: [ app_end ] --END-- [ RunTime:0.000833s ]

[ 2016-12-24T12:22:16+08:00 ] 110.188.241.35 /api/?TIMESTAMP=1482553397101&ACTION=PUSH_DATA&CATALOG_ID=60&PUSH_ID=2&PUSH_GROUP=1&PAGE=1&KEY=4EBD4FFBCACEF67FA94909A8E74DECF5&FIELD=id%7Ctitle%7Cintro%7Ccdate%7Cthumb%7Ccontent%7Cvideo
INFO: [ app_init ] --START--
INFO: Run Behavior\BuildLiteBehavior [ RunTime:0.000018s ]
INFO: [ app_init ] --END-- [ RunTime:0.000089s ]
INFO: [ app_begin ] --START--
INFO: Run Behavior\ReadHtmlCacheBehavior [ RunTime:0.000615s ]
INFO: [ app_begin ] --END-- [ RunTime:0.000683s ]
NOTIC: [8] A session had already been started - ignoring session_start() D:\wwwroot\dwang\wwwroot\core\ThinkPHP\Common\functions.php 第 1263 行.
NOTIC: [8] Undefined index: LENGTH D:\wwwroot\dwang\wwwroot\core\Application\Home\Controller\IndexController.class.php 第 46 行.
NOTIC: [2048] Declaration of Common\Model\ArcsModel::ajaxTable() should be compatible with Common\Model\ManagerModel::ajaxTable($params = Array) D:\wwwroot\dwang\wwwroot\core\Application\Common\Model\ArcsModel.class.php 第 4 行.
SQL: SHOW COLUMNS FROM `arcs` [ RunTime:0.0029s ]
SQL: SELECT `id`,`title`,`intro`,`cdate`,`thumb`,`content`,`video` FROM `arcs` WHERE ( (find_in_set('2',push_id) OR push_id = 'all') AND (find_in_set('1',push_group) OR push_group = 'all') ) LIMIT 0,10   [ RunTime:0.0009s ]
NOTIC: [8] Undefined index: group D:\wwwroot\dwang\wwwroot\core\Application\Common\Model\ManagerModel.class.php 第 160 行.
SQL: SELECT COUNT(*) AS tp_count FROM `arcs` WHERE ( (find_in_set('2',push_id) OR push_id = 'all') AND (find_in_set('1',push_group) OR push_group = 'all') ) LIMIT 1   [ RunTime:0.0004s ]
INFO: [ app_end ] --START--
INFO: Run Behavior\ShowPageTraceBehavior [ RunTime:0.000869s ]
INFO: [ app_end ] --END-- [ RunTime:0.000935s ]

[ 2016-12-24T12:22:21+08:00 ] 110.188.241.35 /api/?TIMESTAMP=1482553378287&ACTION=PUSH_DATA&CATALOG_ID=60&PUSH_ID=1&PUSH_GROUP=1&PAGE=1&KEY=D21EAAF4AC15E092F764E42E3D844B0E&FIELD=id%7Ctitle%7Cintro%7Ccdate%7Cthumb%7Ccontent%7Cvideo
INFO: [ app_init ] --START--
INFO: Run Behavior\BuildLiteBehavior [ RunTime:0.000019s ]
INFO: [ app_init ] --END-- [ RunTime:0.000088s ]
INFO: [ app_begin ] --START--
INFO: Run Behavior\ReadHtmlCacheBehavior [ RunTime:0.000644s ]
INFO: [ app_begin ] --END-- [ RunTime:0.000710s ]
NOTIC: [8] A session had already been started - ignoring session_start() D:\wwwroot\dwang\wwwroot\core\ThinkPHP\Common\functions.php 第 1263 行.
NOTIC: [8] Undefined index: LENGTH D:\wwwroot\dwang\wwwroot\core\Application\Home\Controller\IndexController.class.php 第 46 行.
NOTIC: [2048] Declaration of Common\Model\ArcsModel::ajaxTable() should be compatible with Common\Model\ManagerModel::ajaxTable($params = Array) D:\wwwroot\dwang\wwwroot\core\Application\Common\Model\ArcsModel.class.php 第 4 行.
SQL: SHOW COLUMNS FROM `arcs` [ RunTime:0.0025s ]
SQL: SELECT `id`,`title`,`intro`,`cdate`,`thumb`,`content`,`video` FROM `arcs` WHERE ( (find_in_set('1',push_id) OR push_id = 'all') AND (find_in_set('1',push_group) OR push_group = 'all') ) LIMIT 0,10   [ RunTime:0.0005s ]
NOTIC: [8] Undefined index: group D:\wwwroot\dwang\wwwroot\core\Application\Common\Model\ManagerModel.class.php 第 160 行.
SQL: SELECT COUNT(*) AS tp_count FROM `arcs` WHERE ( (find_in_set('1',push_id) OR push_id = 'all') AND (find_in_set('1',push_group) OR push_group = 'all') ) LIMIT 1   [ RunTime:0.0002s ]
INFO: [ app_end ] --START--
INFO: Run Behavior\ShowPageTraceBehavior [ RunTime:0.000741s ]
INFO: [ app_end ] --END-- [ RunTime:0.000807s ]

[ 2016-12-24T12:22:22+08:00 ] 110.188.241.35 /api/?TIMESTAMP=1482553402439&ACTION=ARC_DETAIL&ID=41&USER_ID=2&KEY=9556F83D8CE0FB6798396F5BC1DC6F79&FIELD=id%7Ctitle%7Cintro%7Ccontent%7Cthumb
INFO: [ app_init ] --START--
INFO: Run Behavior\BuildLiteBehavior [ RunTime:0.000020s ]
INFO: [ app_init ] --END-- [ RunTime:0.000091s ]
INFO: [ app_begin ] --START--
INFO: Run Behavior\ReadHtmlCacheBehavior [ RunTime:0.000580s ]
INFO: [ app_begin ] --END-- [ RunTime:0.000647s ]
NOTIC: [8] A session had already been started - ignoring session_start() D:\wwwroot\dwang\wwwroot\core\ThinkPHP\Common\functions.php 第 1263 行.
NOTIC: [8] Undefined index: PAGE D:\wwwroot\dwang\wwwroot\core\Application\Home\Controller\IndexController.class.php 第 45 行.
NOTIC: [8] Undefined index: LENGTH D:\wwwroot\dwang\wwwroot\core\Application\Home\Controller\IndexController.class.php 第 46 行.
SQL: SHOW COLUMNS FROM `users` [ RunTime:0.0021s ]
SQL: SELECT `id` FROM `users` WHERE `id` = 2 LIMIT 1   [ RunTime:0.0008s ]
NOTIC: [2048] Declaration of Common\Model\ArcsModel::ajaxTable() should be compatible with Common\Model\ManagerModel::ajaxTable($params = Array) D:\wwwroot\dwang\wwwroot\core\Application\Common\Model\ArcsModel.class.php 第 28 行.
SQL: SHOW COLUMNS FROM `arcs` [ RunTime:0.0021s ]
NOTIC: [8] Undefined variable: map D:\wwwroot\dwang\wwwroot\core\Application\Home\Controller\IndexController.class.php 第 70 行.
SQL: SELECT `id`,`title`,`intro`,`content`,`thumb` FROM `arcs` LIMIT 0,10   [ RunTime:0.0013s ]
NOTIC: [2048] Declaration of Common\Model\VisitLogsModel::ajaxTable() should be compatible with Common\Model\ManagerModel::ajaxTable($params = Array) D:\wwwroot\dwang\wwwroot\core\Application\Common\Model\VisitLogsModel.class.php 第 25 行.
NOTIC: [2048] Declaration of Common\Model\VisitLogsModel::add() should be compatible with Think\Model::add($data = '', $options = Array, $replace = false) D:\wwwroot\dwang\wwwroot\core\Application\Common\Model\VisitLogsModel.class.php 第 25 行.
SQL: SHOW COLUMNS FROM `visit_logs` [ RunTime:0.0023s ]
NOTIC: [8] Undefined index: validate D:\wwwroot\dwang\wwwroot\core\ThinkPHP\Library\Think\Model.class.php 第 1185 行.
NOTIC: [8] Undefined index: auto D:\wwwroot\dwang\wwwroot\core\ThinkPHP\Library\Think\Model.class.php 第 1128 行.
SQL: SHOW COLUMNS FROM `config` [ RunTime:0.0022s ]
SQL: SELECT * FROM `config` WHERE `id` = 'move_day' LIMIT 1   [ RunTime:0.0008s ]
SQL: SELECT * FROM `config` WHERE `id` = 'move_day' LIMIT 1   [ RunTime:0.0001s ]
SQL: SELECT * FROM `config` WHERE `id` = 'move_day' LIMIT 1   [ RunTime:0.0001s ]
SQL: SELECT * FROM `config` WHERE `id` = 'move_day' LIMIT 1   [ RunTime:0.0001s ]
SQL: INSERT INTO `visit_logs` (`user_id`,`arc_id`,`cdate`,`year`,`month`,`day`,`ip`) VALUES ('2','41','1482553342','2016','12','24','110.188.241.35') [ RunTime:0.0003s ]
INFO: [ app_end ] --START--
INFO: Run Behavior\ShowPageTraceBehavior [ RunTime:0.000662s ]
INFO: [ app_end ] --END-- [ RunTime:0.000728s ]

[ 2016-12-24T13:58:25+08:00 ] 106.38.130.63 /api/
INFO: [ app_init ] --START--
INFO: Run Behavior\BuildLiteBehavior [ RunTime:0.000020s ]
INFO: [ app_init ] --END-- [ RunTime:0.000098s ]
INFO: [ app_begin ] --START--
INFO: Run Behavior\ReadHtmlCacheBehavior [ RunTime:0.000665s ]
INFO: [ app_begin ] --END-- [ RunTime:0.000756s ]
NOTIC: [8] A session had already been started - ignoring session_start() D:\wwwroot\dwang\wwwroot\core\ThinkPHP\Common\functions.php 第 1263 行.
NOTIC: [8] Undefined index: PAGE D:\wwwroot\dwang\wwwroot\core\Application\Home\Controller\IndexController.class.php 第 45 行.
NOTIC: [8] Undefined index: LENGTH D:\wwwroot\dwang\wwwroot\core\Application\Home\Controller\IndexController.class.php 第 46 行.
NOTIC: [8] Undefined index: FIELD D:\wwwroot\dwang\wwwroot\core\Application\Home\Controller\IndexController.class.php 第 47 行.
SQL: SHOW COLUMNS FROM `catalogs` [ RunTime:0.0030s ]
SQL: SELECT `id`,`title` FROM `catalogs`  [ RunTime:0.0005s ]
NOTIC: [8] Undefined index: group D:\wwwroot\dwang\wwwroot\core\Application\Common\Model\ManagerModel.class.php 第 160 行.
SQL: SELECT COUNT(*) AS tp_count FROM `catalogs` LIMIT 1   [ RunTime:0.0002s ]
INFO: [ app_end ] --START--
INFO: Run Behavior\ShowPageTraceBehavior [ RunTime:0.000814s ]
INFO: [ app_end ] --END-- [ RunTime:0.000881s ]

[ 2016-12-24T13:58:25+08:00 ] 106.38.130.63 /api/
INFO: [ app_init ] --START--
INFO: Run Behavior\BuildLiteBehavior [ RunTime:0.000020s ]
INFO: [ app_init ] --END-- [ RunTime:0.000089s ]
INFO: [ app_begin ] --START--
INFO: Run Behavior\ReadHtmlCacheBehavior [ RunTime:0.000600s ]
INFO: [ app_begin ] --END-- [ RunTime:0.000665s ]
NOTIC: [8] A session had already been started - ignoring session_start() D:\wwwroot\dwang\wwwroot\core\ThinkPHP\Common\functions.php 第 1263 行.
NOTIC: [8] Undefined index: PAGE D:\wwwroot\dwang\wwwroot\core\Application\Home\Controller\IndexController.class.php 第 45 行.
NOTIC: [8] Undefined index: LENGTH D:\wwwroot\dwang\wwwroot\core\Application\Home\Controller\IndexController.class.php 第 46 行.
NOTIC: [2048] Declaration of Common\Model\ArcsModel::ajaxTable() should be compatible with Common\Model\ManagerModel::ajaxTable($params = Array) D:\wwwroot\dwang\wwwroot\core\Application\Common\Model\ArcsModel.class.php 第 4 行.
SQL: SHOW COLUMNS FROM `arcs` [ RunTime:0.0033s ]
SQL: SELECT `id`,`title`,`intro` FROM `arcs` WHERE `catalog_id` = 53 LIMIT 0,10   [ RunTime:0.0005s ]
NOTIC: [8] Undefined index: group D:\wwwroot\dwang\wwwroot\core\Application\Common\Model\ManagerModel.class.php 第 160 行.
SQL: SELECT COUNT(*) AS tp_count FROM `arcs` WHERE `catalog_id` = 53 LIMIT 1   [ RunTime:0.0001s ]
INFO: [ app_end ] --START--
INFO: Run Behavior\ShowPageTraceBehavior [ RunTime:0.000804s ]
INFO: [ app_end ] --END-- [ RunTime:0.000868s ]

[ 2016-12-24T13:58:25+08:00 ] 106.38.130.63 /api/
INFO: [ app_init ] --START--
INFO: Run Behavior\BuildLiteBehavior [ RunTime:0.000020s ]
INFO: [ app_init ] --END-- [ RunTime:0.000090s ]
INFO: [ app_begin ] --START--
INFO: Run Behavior\ReadHtmlCacheBehavior [ RunTime:0.000584s ]
INFO: [ app_begin ] --END-- [ RunTime:0.000659s ]
NOTIC: [8] A session had already been started - ignoring session_start() D:\wwwroot\dwang\wwwroot\core\ThinkPHP\Common\functions.php 第 1263 行.
NOTIC: [8] Undefined index: PAGE D:\wwwroot\dwang\wwwroot\core\Application\Home\Controller\IndexController.class.php 第 45 行.
NOTIC: [8] Undefined index: LENGTH D:\wwwroot\dwang\wwwroot\core\Application\Home\Controller\IndexController.class.php 第 46 行.
NOTIC: [2048] Declaration of Common\Model\ArcsModel::ajaxTable() should be compatible with Common\Model\ManagerModel::ajaxTable($params = Array) D:\wwwroot\dwang\wwwroot\core\Application\Common\Model\ArcsModel.class.php 第 4 行.
SQL: SHOW COLUMNS FROM `arcs` [ RunTime:0.0026s ]
SQL: SELECT `id`,`title`,`intro` FROM `arcs` WHERE `catalog_id` = 54 LIMIT 0,10   [ RunTime:0.0004s ]
NOTIC: [8] Undefined index: group D:\wwwroot\dwang\wwwroot\core\Application\Common\Model\ManagerModel.class.php 第 160 行.
SQL: SELECT COUNT(*) AS tp_count FROM `arcs` WHERE `catalog_id` = 54 LIMIT 1   [ RunTime:0.0002s ]
INFO: [ app_end ] --START--
INFO: Run Behavior\ShowPageTraceBehavior [ RunTime:0.000811s ]
INFO: [ app_end ] --END-- [ RunTime:0.000876s ]

