[ 2016-12-06T17:11:57+08:00 ] 127.0.0.1 /
INFO: [ app_init ] --START--
INFO: Run Behavior\BuildLiteBehavior [ RunTime:0.000000s ]
INFO: [ app_init ] --END-- [ RunTime:0.000000s ]
INFO: [ app_begin ] --START--
INFO: Run Behavior\ReadHtmlCacheBehavior [ RunTime:0.015001s ]
INFO: [ app_begin ] --END-- [ RunTime:0.015001s ]
NOTIC: [8] A session had already been started - ignoring session_start() F:\WWW\polar.chengjian.com\core\ThinkPHP\Common\functions.php 第 1263 行.
SQL: SHOW COLUMNS FROM `catalogs` [ RunTime:0.0550s ]
NOTIC: [8] Undefined variable: id F:\WWW\polar.chengjian.com\core\Application\Home\Controller\IndexController.class.php 第 8 行.
SQL: SELECT `pid` FROM `catalogs` WHERE `id` = null LIMIT 1   [ RunTime:0.0030s ]
INFO: [ view_parse ] --START--
INFO: [ template_filter ] --START--
INFO: Run Behavior\ContentReplaceBehavior [ RunTime:0.028002s ]
INFO: [ template_filter ] --END-- [ RunTime:0.028002s ]
SQL: SELECT `id`,`title`,`pid`,`level`,`type`,`actionurl`,`entitle` FROM `catalogs`  [ RunTime:0.0010s ]
NOTIC: [8] Use of undefined constant id - assumed 'id' F:\WWW\polar.chengjian.com\core\Application\Runtime\Cache\Home\8644d842f6609748cb3571a0674c78da.php 第 228 行.
SQL: SELECT `id`,`title`,`entitle` FROM `catalogs` WHERE `id` = 36 LIMIT 1   [ RunTime:0.0010s ]
NOTIC: [8] Use of undefined constant title - assumed 'title' F:\WWW\polar.chengjian.com\core\Application\Common\Common\function.php 第 401 行.
NOTIC: [8] Use of undefined constant id - assumed 'id' F:\WWW\polar.chengjian.com\core\Application\Runtime\Cache\Home\8644d842f6609748cb3571a0674c78da.php 第 228 行.
SQL: SELECT `id`,`title`,`entitle` FROM `catalogs` WHERE `id` = 35 LIMIT 1   [ RunTime:0.0000s ]
NOTIC: [8] Use of undefined constant title - assumed 'title' F:\WWW\polar.chengjian.com\core\Application\Common\Common\function.php 第 401 行.
NOTIC: [8] Use of undefined constant id - assumed 'id' F:\WWW\polar.chengjian.com\core\Application\Runtime\Cache\Home\8644d842f6609748cb3571a0674c78da.php 第 228 行.
SQL: SELECT `id`,`title`,`entitle` FROM `catalogs` WHERE `id` = 50 LIMIT 1   [ RunTime:0.0000s ]
NOTIC: [8] Use of undefined constant title - assumed 'title' F:\WWW\polar.chengjian.com\core\Application\Common\Common\function.php 第 401 行.
NOTIC: [8] Use of undefined constant id - assumed 'id' F:\WWW\polar.chengjian.com\core\Application\Runtime\Cache\Home\8644d842f6609748cb3571a0674c78da.php 第 228 行.
SQL: SELECT `id`,`title`,`entitle` FROM `catalogs` WHERE `id` = 51 LIMIT 1   [ RunTime:0.0000s ]
NOTIC: [8] Use of undefined constant title - assumed 'title' F:\WWW\polar.chengjian.com\core\Application\Common\Common\function.php 第 401 行.
SQL: SHOW COLUMNS FROM `config` [ RunTime:0.0080s ]
SQL: SELECT `zh` FROM `config` WHERE `id` = 'banner_' LIMIT 1   [ RunTime:0.0010s ]
SQL: SHOW COLUMNS FROM `thumbs` [ RunTime:0.0270s ]
SQL: SELECT * FROM `thumbs` WHERE `catalog_id` = 100  [ RunTime:0.0010s ]
NOTIC: [2048] Declaration of Common\Model\ArcsModel::ajaxTable() should be compatible with Common\Model\ManagerModel::ajaxTable($params = Array) F:\WWW\polar.chengjian.com\core\Application\Common\Model\ArcsModel.class.php 第 19 行.
SQL: SHOW COLUMNS FROM `arcs` [ RunTime:0.0090s ]
SQL: SELECT * FROM `arcs` WHERE `lang` = 'zh' AND `catalog_id` = 43 LIMIT 0,4   [ RunTime:0.0090s ]
SQL: SELECT COUNT(*) AS tp_count FROM `arcs` WHERE `lang` = 'zh' AND `catalog_id` = 43 LIMIT 1   [ RunTime:0.0030s ]
NOTIC: [8] Use of undefined constant cdate - assumed 'cdate' F:\WWW\polar.chengjian.com\core\Application\Runtime\Cache\Home\8644d842f6609748cb3571a0674c78da.php 第 292 行.
NOTIC: [8] Use of undefined constant id - assumed 'id' F:\WWW\polar.chengjian.com\core\Application\Runtime\Cache\Home\8644d842f6609748cb3571a0674c78da.php 第 300 行.
NOTIC: [8] Use of undefined constant cdate - assumed 'cdate' F:\WWW\polar.chengjian.com\core\Application\Runtime\Cache\Home\8644d842f6609748cb3571a0674c78da.php 第 292 行.
NOTIC: [8] Use of undefined constant id - assumed 'id' F:\WWW\polar.chengjian.com\core\Application\Runtime\Cache\Home\8644d842f6609748cb3571a0674c78da.php 第 300 行.
NOTIC: [8] Use of undefined constant cdate - assumed 'cdate' F:\WWW\polar.chengjian.com\core\Application\Runtime\Cache\Home\8644d842f6609748cb3571a0674c78da.php 第 292 行.
NOTIC: [8] Use of undefined constant id - assumed 'id' F:\WWW\polar.chengjian.com\core\Application\Runtime\Cache\Home\8644d842f6609748cb3571a0674c78da.php 第 300 行.
NOTIC: [8] Use of undefined constant cdate - assumed 'cdate' F:\WWW\polar.chengjian.com\core\Application\Runtime\Cache\Home\8644d842f6609748cb3571a0674c78da.php 第 292 行.
NOTIC: [8] Use of undefined constant id - assumed 'id' F:\WWW\polar.chengjian.com\core\Application\Runtime\Cache\Home\8644d842f6609748cb3571a0674c78da.php 第 300 行.
SQL: SELECT * FROM `arcs` WHERE `lang` = 'zh' AND `catalog_id` = 52 LIMIT 0,6   [ RunTime:0.0000s ]
SQL: SELECT `zh` FROM `config` WHERE `id` = 'footer_left' LIMIT 1   [ RunTime:0.0000s ]
SQL: SELECT `zh` FROM `config` WHERE `id` = 'footer_mid' LIMIT 1   [ RunTime:0.0000s ]
SQL: SELECT `zh` FROM `config` WHERE `id` = 'footer_right' LIMIT 1   [ RunTime:0.0000s ]
SQL: SELECT `zh` FROM `config` WHERE `id` = 'footer_1' LIMIT 1   [ RunTime:0.0000s ]
SQL: SELECT `zh` FROM `config` WHERE `id` = 'footer_2' LIMIT 1   [ RunTime:0.0000s ]
INFO: Run Behavior\ParseTemplateBehavior [ RunTime:0.210012s ]
INFO: [ view_parse ] --END-- [ RunTime:0.210012s ]
INFO: [ view_filter ] --START--
INFO: Run Behavior\WriteHtmlCacheBehavior [ RunTime:0.064003s ]
INFO: [ view_filter ] --END-- [ RunTime:0.064003s ]
INFO: [ app_end ] --START--
INFO: Run Behavior\ShowPageTraceBehavior [ RunTime:0.009001s ]
INFO: [ app_end ] --END-- [ RunTime:0.009001s ]

[ 2016-12-06T17:12:09+08:00 ] 127.0.0.1 /
INFO: [ app_init ] --START--
INFO: Run Behavior\BuildLiteBehavior [ RunTime:0.000000s ]
INFO: [ app_init ] --END-- [ RunTime:0.000000s ]
INFO: [ app_begin ] --START--
INFO: Run Behavior\ReadHtmlCacheBehavior [ RunTime:0.001000s ]
INFO: [ app_begin ] --END-- [ RunTime:0.001000s ]
NOTIC: [8] A session had already been started - ignoring session_start() F:\WWW\polar.chengjian.com\core\ThinkPHP\Common\functions.php 第 1263 行.
SQL: SHOW COLUMNS FROM `catalogs` [ RunTime:0.0090s ]
NOTIC: [8] Undefined variable: id F:\WWW\polar.chengjian.com\core\Application\Home\Controller\IndexController.class.php 第 8 行.
SQL: SELECT `pid` FROM `catalogs` WHERE `id` = null LIMIT 1   [ RunTime:0.0000s ]
INFO: [ view_parse ] --START--
INFO: [ template_filter ] --START--
INFO: Run Behavior\ContentReplaceBehavior [ RunTime:0.000000s ]
INFO: [ template_filter ] --END-- [ RunTime:0.000000s ]
SQL: SELECT `id`,`title`,`pid`,`level`,`type`,`actionurl`,`entitle` FROM `catalogs`  [ RunTime:0.0010s ]
NOTIC: [8] Use of undefined constant id - assumed 'id' F:\WWW\polar.chengjian.com\core\Application\Runtime\Cache\Home\8644d842f6609748cb3571a0674c78da.php 第 228 行.
SQL: SELECT `id`,`title`,`entitle` FROM `catalogs` WHERE `id` = 36 LIMIT 1   [ RunTime:0.0000s ]
NOTIC: [8] Use of undefined constant title - assumed 'title' F:\WWW\polar.chengjian.com\core\Application\Common\Common\function.php 第 401 行.
NOTIC: [8] Use of undefined constant id - assumed 'id' F:\WWW\polar.chengjian.com\core\Application\Runtime\Cache\Home\8644d842f6609748cb3571a0674c78da.php 第 228 行.
SQL: SELECT `id`,`title`,`entitle` FROM `catalogs` WHERE `id` = 35 LIMIT 1   [ RunTime:0.0010s ]
NOTIC: [8] Use of undefined constant title - assumed 'title' F:\WWW\polar.chengjian.com\core\Application\Common\Common\function.php 第 401 行.
NOTIC: [8] Use of undefined constant id - assumed 'id' F:\WWW\polar.chengjian.com\core\Application\Runtime\Cache\Home\8644d842f6609748cb3571a0674c78da.php 第 228 行.
SQL: SELECT `id`,`title`,`entitle` FROM `catalogs` WHERE `id` = 50 LIMIT 1   [ RunTime:0.0000s ]
NOTIC: [8] Use of undefined constant title - assumed 'title' F:\WWW\polar.chengjian.com\core\Application\Common\Common\function.php 第 401 行.
NOTIC: [8] Use of undefined constant id - assumed 'id' F:\WWW\polar.chengjian.com\core\Application\Runtime\Cache\Home\8644d842f6609748cb3571a0674c78da.php 第 228 行.
SQL: SELECT `id`,`title`,`entitle` FROM `catalogs` WHERE `id` = 51 LIMIT 1   [ RunTime:0.0000s ]
NOTIC: [8] Use of undefined constant title - assumed 'title' F:\WWW\polar.chengjian.com\core\Application\Common\Common\function.php 第 401 行.
SQL: SHOW COLUMNS FROM `config` [ RunTime:0.0060s ]
SQL: SELECT `zh` FROM `config` WHERE `id` = 'banner_' LIMIT 1   [ RunTime:0.0000s ]
SQL: SHOW COLUMNS FROM `thumbs` [ RunTime:0.0070s ]
SQL: SELECT * FROM `thumbs` WHERE `catalog_id` = 100  [ RunTime:0.0000s ]
NOTIC: [2048] Declaration of Common\Model\ArcsModel::ajaxTable() should be compatible with Common\Model\ManagerModel::ajaxTable($params = Array) F:\WWW\polar.chengjian.com\core\Application\Common\Model\ArcsModel.class.php 第 19 行.
SQL: SHOW COLUMNS FROM `arcs` [ RunTime:0.0070s ]
SQL: SELECT * FROM `arcs` WHERE `lang` = 'zh' AND `catalog_id` = 43 LIMIT 0,4   [ RunTime:0.0000s ]
SQL: SELECT COUNT(*) AS tp_count FROM `arcs` WHERE `lang` = 'zh' AND `catalog_id` = 43 LIMIT 1   [ RunTime:0.0000s ]
NOTIC: [8] Use of undefined constant cdate - assumed 'cdate' F:\WWW\polar.chengjian.com\core\Application\Runtime\Cache\Home\8644d842f6609748cb3571a0674c78da.php 第 292 行.
NOTIC: [8] Use of undefined constant id - assumed 'id' F:\WWW\polar.chengjian.com\core\Application\Runtime\Cache\Home\8644d842f6609748cb3571a0674c78da.php 第 300 行.
NOTIC: [8] Use of undefined constant cdate - assumed 'cdate' F:\WWW\polar.chengjian.com\core\Application\Runtime\Cache\Home\8644d842f6609748cb3571a0674c78da.php 第 292 行.
NOTIC: [8] Use of undefined constant id - assumed 'id' F:\WWW\polar.chengjian.com\core\Application\Runtime\Cache\Home\8644d842f6609748cb3571a0674c78da.php 第 300 行.
NOTIC: [8] Use of undefined constant cdate - assumed 'cdate' F:\WWW\polar.chengjian.com\core\Application\Runtime\Cache\Home\8644d842f6609748cb3571a0674c78da.php 第 292 行.
NOTIC: [8] Use of undefined constant id - assumed 'id' F:\WWW\polar.chengjian.com\core\Application\Runtime\Cache\Home\8644d842f6609748cb3571a0674c78da.php 第 300 行.
NOTIC: [8] Use of undefined constant cdate - assumed 'cdate' F:\WWW\polar.chengjian.com\core\Application\Runtime\Cache\Home\8644d842f6609748cb3571a0674c78da.php 第 292 行.
NOTIC: [8] Use of undefined constant id - assumed 'id' F:\WWW\polar.chengjian.com\core\Application\Runtime\Cache\Home\8644d842f6609748cb3571a0674c78da.php 第 300 行.
SQL: SELECT * FROM `arcs` WHERE `lang` = 'zh' AND `catalog_id` = 52 LIMIT 0,6   [ RunTime:0.0000s ]
SQL: SELECT `zh` FROM `config` WHERE `id` = 'footer_left' LIMIT 1   [ RunTime:0.0000s ]
SQL: SELECT `zh` FROM `config` WHERE `id` = 'footer_mid' LIMIT 1   [ RunTime:0.0000s ]
SQL: SELECT `zh` FROM `config` WHERE `id` = 'footer_right' LIMIT 1   [ RunTime:0.0010s ]
SQL: SELECT `zh` FROM `config` WHERE `id` = 'footer_1' LIMIT 1   [ RunTime:0.0000s ]
SQL: SELECT `zh` FROM `config` WHERE `id` = 'footer_2' LIMIT 1   [ RunTime:0.0000s ]
INFO: Run Behavior\ParseTemplateBehavior [ RunTime:0.039002s ]
INFO: [ view_parse ] --END-- [ RunTime:0.040002s ]
INFO: [ view_filter ] --START--
INFO: Run Behavior\WriteHtmlCacheBehavior [ RunTime:0.001000s ]
INFO: [ view_filter ] --END-- [ RunTime:0.001000s ]
INFO: [ app_end ] --START--
INFO: Run Behavior\ShowPageTraceBehavior [ RunTime:0.000000s ]
INFO: [ app_end ] --END-- [ RunTime:0.000000s ]

[ 2016-12-06T17:12:12+08:00 ] 127.0.0.1 /
INFO: [ app_init ] --START--
INFO: Run Behavior\BuildLiteBehavior [ RunTime:0.000000s ]
INFO: [ app_init ] --END-- [ RunTime:0.000000s ]
INFO: [ app_begin ] --START--
INFO: Run Behavior\ReadHtmlCacheBehavior [ RunTime:0.001000s ]
INFO: [ app_begin ] --END-- [ RunTime:0.001000s ]
NOTIC: [8] A session had already been started - ignoring session_start() F:\WWW\polar.chengjian.com\core\ThinkPHP\Common\functions.php 第 1263 行.
SQL: SHOW COLUMNS FROM `catalogs` [ RunTime:0.0100s ]
NOTIC: [8] Undefined variable: id F:\WWW\polar.chengjian.com\core\Application\Home\Controller\IndexController.class.php 第 8 行.
SQL: SELECT `pid` FROM `catalogs` WHERE `id` = null LIMIT 1   [ RunTime:0.0000s ]
INFO: [ view_parse ] --START--
INFO: [ template_filter ] --START--
INFO: Run Behavior\ContentReplaceBehavior [ RunTime:0.000000s ]
INFO: [ template_filter ] --END-- [ RunTime:0.000000s ]
SQL: SELECT `id`,`title`,`pid`,`level`,`type`,`actionurl`,`entitle` FROM `catalogs`  [ RunTime:0.0010s ]
NOTIC: [8] Use of undefined constant id - assumed 'id' F:\WWW\polar.chengjian.com\core\Application\Runtime\Cache\Home\8644d842f6609748cb3571a0674c78da.php 第 228 行.
SQL: SELECT `id`,`title`,`entitle` FROM `catalogs` WHERE `id` = 36 LIMIT 1   [ RunTime:0.0010s ]
NOTIC: [8] Use of undefined constant title - assumed 'title' F:\WWW\polar.chengjian.com\core\Application\Common\Common\function.php 第 401 行.
NOTIC: [8] Use of undefined constant id - assumed 'id' F:\WWW\polar.chengjian.com\core\Application\Runtime\Cache\Home\8644d842f6609748cb3571a0674c78da.php 第 228 行.
SQL: SELECT `id`,`title`,`entitle` FROM `catalogs` WHERE `id` = 35 LIMIT 1   [ RunTime:0.0000s ]
NOTIC: [8] Use of undefined constant title - assumed 'title' F:\WWW\polar.chengjian.com\core\Application\Common\Common\function.php 第 401 行.
NOTIC: [8] Use of undefined constant id - assumed 'id' F:\WWW\polar.chengjian.com\core\Application\Runtime\Cache\Home\8644d842f6609748cb3571a0674c78da.php 第 228 行.
SQL: SELECT `id`,`title`,`entitle` FROM `catalogs` WHERE `id` = 50 LIMIT 1   [ RunTime:0.0010s ]
NOTIC: [8] Use of undefined constant title - assumed 'title' F:\WWW\polar.chengjian.com\core\Application\Common\Common\function.php 第 401 行.
NOTIC: [8] Use of undefined constant id - assumed 'id' F:\WWW\polar.chengjian.com\core\Application\Runtime\Cache\Home\8644d842f6609748cb3571a0674c78da.php 第 228 行.
SQL: SELECT `id`,`title`,`entitle` FROM `catalogs` WHERE `id` = 51 LIMIT 1   [ RunTime:0.0000s ]
NOTIC: [8] Use of undefined constant title - assumed 'title' F:\WWW\polar.chengjian.com\core\Application\Common\Common\function.php 第 401 行.
SQL: SHOW COLUMNS FROM `config` [ RunTime:0.0060s ]
SQL: SELECT `zh` FROM `config` WHERE `id` = 'banner_' LIMIT 1   [ RunTime:0.0000s ]
SQL: SHOW COLUMNS FROM `thumbs` [ RunTime:0.0070s ]
SQL: SELECT * FROM `thumbs` WHERE `catalog_id` = 100  [ RunTime:0.0000s ]
NOTIC: [2048] Declaration of Common\Model\ArcsModel::ajaxTable() should be compatible with Common\Model\ManagerModel::ajaxTable($params = Array) F:\WWW\polar.chengjian.com\core\Application\Common\Model\ArcsModel.class.php 第 19 行.
SQL: SHOW COLUMNS FROM `arcs` [ RunTime:0.0050s ]
SQL: SELECT * FROM `arcs` WHERE `lang` = 'zh' AND `catalog_id` = 43 LIMIT 0,4   [ RunTime:0.0010s ]
SQL: SELECT COUNT(*) AS tp_count FROM `arcs` WHERE `lang` = 'zh' AND `catalog_id` = 43 LIMIT 1   [ RunTime:0.0000s ]
NOTIC: [8] Use of undefined constant cdate - assumed 'cdate' F:\WWW\polar.chengjian.com\core\Application\Runtime\Cache\Home\8644d842f6609748cb3571a0674c78da.php 第 292 行.
NOTIC: [8] Use of undefined constant id - assumed 'id' F:\WWW\polar.chengjian.com\core\Application\Runtime\Cache\Home\8644d842f6609748cb3571a0674c78da.php 第 300 行.
NOTIC: [8] Use of undefined constant cdate - assumed 'cdate' F:\WWW\polar.chengjian.com\core\Application\Runtime\Cache\Home\8644d842f6609748cb3571a0674c78da.php 第 292 行.
NOTIC: [8] Use of undefined constant id - assumed 'id' F:\WWW\polar.chengjian.com\core\Application\Runtime\Cache\Home\8644d842f6609748cb3571a0674c78da.php 第 300 行.
NOTIC: [8] Use of undefined constant cdate - assumed 'cdate' F:\WWW\polar.chengjian.com\core\Application\Runtime\Cache\Home\8644d842f6609748cb3571a0674c78da.php 第 292 行.
NOTIC: [8] Use of undefined constant id - assumed 'id' F:\WWW\polar.chengjian.com\core\Application\Runtime\Cache\Home\8644d842f6609748cb3571a0674c78da.php 第 300 行.
NOTIC: [8] Use of undefined constant cdate - assumed 'cdate' F:\WWW\polar.chengjian.com\core\Application\Runtime\Cache\Home\8644d842f6609748cb3571a0674c78da.php 第 292 行.
NOTIC: [8] Use of undefined constant id - assumed 'id' F:\WWW\polar.chengjian.com\core\Application\Runtime\Cache\Home\8644d842f6609748cb3571a0674c78da.php 第 300 行.
SQL: SELECT * FROM `arcs` WHERE `lang` = 'zh' AND `catalog_id` = 52 LIMIT 0,6   [ RunTime:0.0010s ]
SQL: SELECT `zh` FROM `config` WHERE `id` = 'footer_left' LIMIT 1   [ RunTime:0.0000s ]
SQL: SELECT `zh` FROM `config` WHERE `id` = 'footer_mid' LIMIT 1   [ RunTime:0.0000s ]
SQL: SELECT `zh` FROM `config` WHERE `id` = 'footer_right' LIMIT 1   [ RunTime:0.0000s ]
SQL: SELECT `zh` FROM `config` WHERE `id` = 'footer_1' LIMIT 1   [ RunTime:0.0000s ]
SQL: SELECT `zh` FROM `config` WHERE `id` = 'footer_2' LIMIT 1   [ RunTime:0.0000s ]
INFO: Run Behavior\ParseTemplateBehavior [ RunTime:0.039002s ]
INFO: [ view_parse ] --END-- [ RunTime:0.039002s ]
INFO: [ view_filter ] --START--
INFO: Run Behavior\WriteHtmlCacheBehavior [ RunTime:0.000000s ]
INFO: [ view_filter ] --END-- [ RunTime:0.000000s ]
INFO: [ app_end ] --START--
INFO: Run Behavior\ShowPageTraceBehavior [ RunTime:0.000000s ]
INFO: [ app_end ] --END-- [ RunTime:0.000000s ]

[ 2016-12-06T17:24:10+08:00 ] 127.0.0.1 /
INFO: [ app_init ] --START--
INFO: Run Behavior\BuildLiteBehavior [ RunTime:0.000000s ]
INFO: [ app_init ] --END-- [ RunTime:0.000000s ]
INFO: [ app_begin ] --START--
INFO: Run Behavior\ReadHtmlCacheBehavior [ RunTime:0.000000s ]
INFO: [ app_begin ] --END-- [ RunTime:0.000000s ]
NOTIC: [8] A session had already been started - ignoring session_start() F:\WWW\polar.chengjian.com\core\ThinkPHP\Common\functions.php 第 1263 行.
SQL: SHOW COLUMNS FROM `catalogs` [ RunTime:0.0090s ]
NOTIC: [8] Undefined variable: id F:\WWW\polar.chengjian.com\core\Application\Home\Controller\IndexController.class.php 第 8 行.
SQL: SELECT `pid` FROM `catalogs` WHERE `id` = null LIMIT 1   [ RunTime:0.0000s ]
INFO: [ view_parse ] --START--
INFO: [ template_filter ] --START--
INFO: Run Behavior\ContentReplaceBehavior [ RunTime:0.000000s ]
INFO: [ template_filter ] --END-- [ RunTime:0.000000s ]
SQL: SELECT `id`,`title`,`pid`,`level`,`type`,`actionurl`,`entitle` FROM `catalogs`  [ RunTime:0.0010s ]
NOTIC: [8] Use of undefined constant id - assumed 'id' F:\WWW\polar.chengjian.com\core\Application\Runtime\Cache\Home\8644d842f6609748cb3571a0674c78da.php 第 228 行.
SQL: SELECT `id`,`title`,`entitle` FROM `catalogs` WHERE `id` = 36 LIMIT 1   [ RunTime:0.0000s ]
NOTIC: [8] Use of undefined constant title - assumed 'title' F:\WWW\polar.chengjian.com\core\Application\Common\Common\function.php 第 401 行.
NOTIC: [8] Use of undefined constant id - assumed 'id' F:\WWW\polar.chengjian.com\core\Application\Runtime\Cache\Home\8644d842f6609748cb3571a0674c78da.php 第 228 行.
SQL: SELECT `id`,`title`,`entitle` FROM `catalogs` WHERE `id` = 35 LIMIT 1   [ RunTime:0.0000s ]
NOTIC: [8] Use of undefined constant title - assumed 'title' F:\WWW\polar.chengjian.com\core\Application\Common\Common\function.php 第 401 行.
NOTIC: [8] Use of undefined constant id - assumed 'id' F:\WWW\polar.chengjian.com\core\Application\Runtime\Cache\Home\8644d842f6609748cb3571a0674c78da.php 第 228 行.
SQL: SELECT `id`,`title`,`entitle` FROM `catalogs` WHERE `id` = 50 LIMIT 1   [ RunTime:0.0000s ]
NOTIC: [8] Use of undefined constant title - assumed 'title' F:\WWW\polar.chengjian.com\core\Application\Common\Common\function.php 第 401 行.
NOTIC: [8] Use of undefined constant id - assumed 'id' F:\WWW\polar.chengjian.com\core\Application\Runtime\Cache\Home\8644d842f6609748cb3571a0674c78da.php 第 228 行.
SQL: SELECT `id`,`title`,`entitle` FROM `catalogs` WHERE `id` = 51 LIMIT 1   [ RunTime:0.0010s ]
NOTIC: [8] Use of undefined constant title - assumed 'title' F:\WWW\polar.chengjian.com\core\Application\Common\Common\function.php 第 401 行.
SQL: SHOW COLUMNS FROM `config` [ RunTime:0.0090s ]
SQL: SELECT `zh` FROM `config` WHERE `id` = 'banner_' LIMIT 1   [ RunTime:0.0000s ]
SQL: SHOW COLUMNS FROM `thumbs` [ RunTime:0.0100s ]
SQL: SELECT * FROM `thumbs` WHERE `catalog_id` = 100  [ RunTime:0.0000s ]
NOTIC: [2048] Declaration of Common\Model\ArcsModel::ajaxTable() should be compatible with Common\Model\ManagerModel::ajaxTable($params = Array) F:\WWW\polar.chengjian.com\core\Application\Common\Model\ArcsModel.class.php 第 19 行.
SQL: SHOW COLUMNS FROM `arcs` [ RunTime:0.0060s ]
SQL: SELECT * FROM `arcs` WHERE `lang` = 'zh' AND `catalog_id` = 43 LIMIT 0,4   [ RunTime:0.0010s ]
SQL: SELECT COUNT(*) AS tp_count FROM `arcs` WHERE `lang` = 'zh' AND `catalog_id` = 43 LIMIT 1   [ RunTime:0.0000s ]
NOTIC: [8] Use of undefined constant cdate - assumed 'cdate' F:\WWW\polar.chengjian.com\core\Application\Runtime\Cache\Home\8644d842f6609748cb3571a0674c78da.php 第 292 行.
NOTIC: [8] Use of undefined constant id - assumed 'id' F:\WWW\polar.chengjian.com\core\Application\Runtime\Cache\Home\8644d842f6609748cb3571a0674c78da.php 第 300 行.
NOTIC: [8] Use of undefined constant cdate - assumed 'cdate' F:\WWW\polar.chengjian.com\core\Application\Runtime\Cache\Home\8644d842f6609748cb3571a0674c78da.php 第 292 行.
NOTIC: [8] Use of undefined constant id - assumed 'id' F:\WWW\polar.chengjian.com\core\Application\Runtime\Cache\Home\8644d842f6609748cb3571a0674c78da.php 第 300 行.
NOTIC: [8] Use of undefined constant cdate - assumed 'cdate' F:\WWW\polar.chengjian.com\core\Application\Runtime\Cache\Home\8644d842f6609748cb3571a0674c78da.php 第 292 行.
NOTIC: [8] Use of undefined constant id - assumed 'id' F:\WWW\polar.chengjian.com\core\Application\Runtime\Cache\Home\8644d842f6609748cb3571a0674c78da.php 第 300 行.
NOTIC: [8] Use of undefined constant cdate - assumed 'cdate' F:\WWW\polar.chengjian.com\core\Application\Runtime\Cache\Home\8644d842f6609748cb3571a0674c78da.php 第 292 行.
NOTIC: [8] Use of undefined constant id - assumed 'id' F:\WWW\polar.chengjian.com\core\Application\Runtime\Cache\Home\8644d842f6609748cb3571a0674c78da.php 第 300 行.
SQL: SELECT * FROM `arcs` WHERE `lang` = 'zh' AND `catalog_id` = 52 LIMIT 0,6   [ RunTime:0.0010s ]
SQL: SELECT `zh` FROM `config` WHERE `id` = 'footer_left' LIMIT 1   [ RunTime:0.0000s ]
SQL: SELECT `zh` FROM `config` WHERE `id` = 'footer_mid' LIMIT 1   [ RunTime:0.0000s ]
SQL: SELECT `zh` FROM `config` WHERE `id` = 'footer_right' LIMIT 1   [ RunTime:0.0010s ]
SQL: SELECT `zh` FROM `config` WHERE `id` = 'footer_1' LIMIT 1   [ RunTime:0.0000s ]
SQL: SELECT `zh` FROM `config` WHERE `id` = 'footer_2' LIMIT 1   [ RunTime:0.0000s ]
INFO: Run Behavior\ParseTemplateBehavior [ RunTime:0.043003s ]
INFO: [ view_parse ] --END-- [ RunTime:0.043003s ]
INFO: [ view_filter ] --START--
INFO: Run Behavior\WriteHtmlCacheBehavior [ RunTime:0.001000s ]
INFO: [ view_filter ] --END-- [ RunTime:0.001000s ]
INFO: [ app_end ] --START--
INFO: Run Behavior\ShowPageTraceBehavior [ RunTime:0.001000s ]
INFO: [ app_end ] --END-- [ RunTime:0.001000s ]

[ 2016-12-06T17:39:18+08:00 ] 127.0.0.1 /index.php/en
INFO: [ app_init ] --START--
INFO: Run Behavior\BuildLiteBehavior [ RunTime:0.000000s ]
INFO: [ app_init ] --END-- [ RunTime:0.000000s ]
INFO: [ app_begin ] --START--
INFO: Run Behavior\ReadHtmlCacheBehavior [ RunTime:0.059003s ]
INFO: [ app_begin ] --END-- [ RunTime:0.059003s ]
NOTIC: [8] A session had already been started - ignoring session_start() F:\WWW\polar.chengjian.com\core\ThinkPHP\Common\functions.php 第 1263 行.
SQL: SHOW COLUMNS FROM `catalogs` [ RunTime:0.0080s ]
NOTIC: [8] Undefined variable: id F:\WWW\polar.chengjian.com\core\Application\Home\Controller\IndexController.class.php 第 8 行.
SQL: SELECT `pid` FROM `catalogs` WHERE `id` = null LIMIT 1   [ RunTime:0.0000s ]
INFO: [ view_parse ] --START--
INFO: [ template_filter ] --START--
INFO: Run Behavior\ContentReplaceBehavior [ RunTime:0.014001s ]
INFO: [ template_filter ] --END-- [ RunTime:0.014001s ]
SQL: SELECT `id`,`title`,`pid`,`level`,`type`,`actionurl`,`entitle` FROM `catalogs`  [ RunTime:0.0000s ]
NOTIC: [8] Use of undefined constant id - assumed 'id' F:\WWW\polar.chengjian.com\core\Application\Runtime\Cache\Home\8644d842f6609748cb3571a0674c78da.php 第 228 行.
SQL: SELECT `id`,`title`,`entitle` FROM `catalogs` WHERE `id` = 36 LIMIT 1   [ RunTime:0.0000s ]
NOTIC: [8] Use of undefined constant title - assumed 'title' F:\WWW\polar.chengjian.com\core\Application\Common\Common\function.php 第 401 行.
NOTIC: [8] Use of undefined constant id - assumed 'id' F:\WWW\polar.chengjian.com\core\Application\Runtime\Cache\Home\8644d842f6609748cb3571a0674c78da.php 第 228 行.
SQL: SELECT `id`,`title`,`entitle` FROM `catalogs` WHERE `id` = 35 LIMIT 1   [ RunTime:0.0000s ]
NOTIC: [8] Use of undefined constant title - assumed 'title' F:\WWW\polar.chengjian.com\core\Application\Common\Common\function.php 第 401 行.
NOTIC: [8] Use of undefined constant id - assumed 'id' F:\WWW\polar.chengjian.com\core\Application\Runtime\Cache\Home\8644d842f6609748cb3571a0674c78da.php 第 228 行.
SQL: SELECT `id`,`title`,`entitle` FROM `catalogs` WHERE `id` = 50 LIMIT 1   [ RunTime:0.0010s ]
NOTIC: [8] Use of undefined constant title - assumed 'title' F:\WWW\polar.chengjian.com\core\Application\Common\Common\function.php 第 401 行.
NOTIC: [8] Use of undefined constant id - assumed 'id' F:\WWW\polar.chengjian.com\core\Application\Runtime\Cache\Home\8644d842f6609748cb3571a0674c78da.php 第 228 行.
SQL: SELECT `id`,`title`,`entitle` FROM `catalogs` WHERE `id` = 51 LIMIT 1   [ RunTime:0.0000s ]
NOTIC: [8] Use of undefined constant title - assumed 'title' F:\WWW\polar.chengjian.com\core\Application\Common\Common\function.php 第 401 行.
SQL: SHOW COLUMNS FROM `config` [ RunTime:0.0060s ]
SQL: SELECT `en` FROM `config` WHERE `id` = 'banner_' LIMIT 1   [ RunTime:0.0000s ]
SQL: SHOW COLUMNS FROM `thumbs` [ RunTime:0.0070s ]
SQL: SELECT * FROM `thumbs` WHERE `catalog_id` = 100  [ RunTime:0.0000s ]
NOTIC: [2048] Declaration of Common\Model\ArcsModel::ajaxTable() should be compatible with Common\Model\ManagerModel::ajaxTable($params = Array) F:\WWW\polar.chengjian.com\core\Application\Common\Model\ArcsModel.class.php 第 19 行.
SQL: SHOW COLUMNS FROM `arcs` [ RunTime:0.0070s ]
SQL: SELECT * FROM `arcs` WHERE `lang` = 'en' AND `catalog_id` = 43 LIMIT 0,4   [ RunTime:0.0000s ]
SQL: SELECT COUNT(*) AS tp_count FROM `arcs` WHERE `lang` = 'en' AND `catalog_id` = 43 LIMIT 1   [ RunTime:0.0130s ]
SQL: SELECT * FROM `arcs` WHERE `lang` = 'en' AND `catalog_id` = 52 LIMIT 0,6   [ RunTime:0.0000s ]
SQL: SELECT `en` FROM `config` WHERE `id` = 'footer_left' LIMIT 1   [ RunTime:0.0000s ]
SQL: SELECT `en` FROM `config` WHERE `id` = 'footer_mid' LIMIT 1   [ RunTime:0.0000s ]
SQL: SELECT `en` FROM `config` WHERE `id` = 'footer_right' LIMIT 1   [ RunTime:0.0010s ]
SQL: SELECT `en` FROM `config` WHERE `id` = 'footer_1' LIMIT 1   [ RunTime:0.0000s ]
SQL: SELECT `en` FROM `config` WHERE `id` = 'footer_2' LIMIT 1   [ RunTime:0.0000s ]
INFO: Run Behavior\ParseTemplateBehavior [ RunTime:0.107006s ]
INFO: [ view_parse ] --END-- [ RunTime:0.107006s ]
INFO: [ view_filter ] --START--
INFO: Run Behavior\WriteHtmlCacheBehavior [ RunTime:0.001000s ]
INFO: [ view_filter ] --END-- [ RunTime:0.001000s ]
INFO: [ app_end ] --START--
INFO: Run Behavior\ShowPageTraceBehavior [ RunTime:0.001000s ]
INFO: [ app_end ] --END-- [ RunTime:0.001000s ]

[ 2016-12-06T17:41:41+08:00 ] 127.0.0.1 /index.php/zh
INFO: [ app_init ] --START--
INFO: Run Behavior\BuildLiteBehavior [ RunTime:0.000000s ]
INFO: [ app_init ] --END-- [ RunTime:0.001000s ]
INFO: [ app_begin ] --START--
INFO: Run Behavior\ReadHtmlCacheBehavior [ RunTime:0.001000s ]
INFO: [ app_begin ] --END-- [ RunTime:0.001000s ]
NOTIC: [8] A session had already been started - ignoring session_start() F:\WWW\polar.chengjian.com\core\ThinkPHP\Common\functions.php 第 1263 行.
SQL: SHOW COLUMNS FROM `catalogs` [ RunTime:0.0060s ]
NOTIC: [8] Undefined variable: id F:\WWW\polar.chengjian.com\core\Application\Home\Controller\IndexController.class.php 第 8 行.
SQL: SELECT `pid` FROM `catalogs` WHERE `id` = null LIMIT 1   [ RunTime:0.0000s ]
INFO: [ view_parse ] --START--
INFO: [ template_filter ] --START--
INFO: Run Behavior\ContentReplaceBehavior [ RunTime:0.000000s ]
INFO: [ template_filter ] --END-- [ RunTime:0.000000s ]
SQL: SELECT `id`,`title`,`pid`,`level`,`type`,`actionurl`,`entitle` FROM `catalogs`  [ RunTime:0.0000s ]
NOTIC: [8] Use of undefined constant id - assumed 'id' F:\WWW\polar.chengjian.com\core\Application\Runtime\Cache\Home\8644d842f6609748cb3571a0674c78da.php 第 228 行.
SQL: SELECT `id`,`title`,`entitle` FROM `catalogs` WHERE `id` = 36 LIMIT 1   [ RunTime:0.0000s ]
NOTIC: [8] Use of undefined constant title - assumed 'title' F:\WWW\polar.chengjian.com\core\Application\Common\Common\function.php 第 401 行.
NOTIC: [8] Use of undefined constant id - assumed 'id' F:\WWW\polar.chengjian.com\core\Application\Runtime\Cache\Home\8644d842f6609748cb3571a0674c78da.php 第 228 行.
SQL: SELECT `id`,`title`,`entitle` FROM `catalogs` WHERE `id` = 35 LIMIT 1   [ RunTime:0.0000s ]
NOTIC: [8] Use of undefined constant title - assumed 'title' F:\WWW\polar.chengjian.com\core\Application\Common\Common\function.php 第 401 行.
NOTIC: [8] Use of undefined constant id - assumed 'id' F:\WWW\polar.chengjian.com\core\Application\Runtime\Cache\Home\8644d842f6609748cb3571a0674c78da.php 第 228 行.
SQL: SELECT `id`,`title`,`entitle` FROM `catalogs` WHERE `id` = 50 LIMIT 1   [ RunTime:0.0000s ]
NOTIC: [8] Use of undefined constant title - assumed 'title' F:\WWW\polar.chengjian.com\core\Application\Common\Common\function.php 第 401 行.
NOTIC: [8] Use of undefined constant id - assumed 'id' F:\WWW\polar.chengjian.com\core\Application\Runtime\Cache\Home\8644d842f6609748cb3571a0674c78da.php 第 228 行.
SQL: SELECT `id`,`title`,`entitle` FROM `catalogs` WHERE `id` = 51 LIMIT 1   [ RunTime:0.0000s ]
NOTIC: [8] Use of undefined constant title - assumed 'title' F:\WWW\polar.chengjian.com\core\Application\Common\Common\function.php 第 401 行.
SQL: SHOW COLUMNS FROM `config` [ RunTime:0.0060s ]
SQL: SELECT `zh` FROM `config` WHERE `id` = 'banner_' LIMIT 1   [ RunTime:0.0000s ]
SQL: SHOW COLUMNS FROM `thumbs` [ RunTime:0.0050s ]
SQL: SELECT * FROM `thumbs` WHERE `catalog_id` = 100  [ RunTime:0.0000s ]
NOTIC: [2048] Declaration of Common\Model\ArcsModel::ajaxTable() should be compatible with Common\Model\ManagerModel::ajaxTable($params = Array) F:\WWW\polar.chengjian.com\core\Application\Common\Model\ArcsModel.class.php 第 19 行.
SQL: SHOW COLUMNS FROM `arcs` [ RunTime:0.0060s ]
SQL: SELECT * FROM `arcs` WHERE `lang` = 'zh' AND `catalog_id` = 43 LIMIT 0,4   [ RunTime:0.0000s ]
SQL: SELECT COUNT(*) AS tp_count FROM `arcs` WHERE `lang` = 'zh' AND `catalog_id` = 43 LIMIT 1   [ RunTime:0.0000s ]
NOTIC: [8] Use of undefined constant cdate - assumed 'cdate' F:\WWW\polar.chengjian.com\core\Application\Runtime\Cache\Home\8644d842f6609748cb3571a0674c78da.php 第 292 行.
NOTIC: [8] Use of undefined constant id - assumed 'id' F:\WWW\polar.chengjian.com\core\Application\Runtime\Cache\Home\8644d842f6609748cb3571a0674c78da.php 第 300 行.
NOTIC: [8] Use of undefined constant cdate - assumed 'cdate' F:\WWW\polar.chengjian.com\core\Application\Runtime\Cache\Home\8644d842f6609748cb3571a0674c78da.php 第 292 行.
NOTIC: [8] Use of undefined constant id - assumed 'id' F:\WWW\polar.chengjian.com\core\Application\Runtime\Cache\Home\8644d842f6609748cb3571a0674c78da.php 第 300 行.
NOTIC: [8] Use of undefined constant cdate - assumed 'cdate' F:\WWW\polar.chengjian.com\core\Application\Runtime\Cache\Home\8644d842f6609748cb3571a0674c78da.php 第 292 行.
NOTIC: [8] Use of undefined constant id - assumed 'id' F:\WWW\polar.chengjian.com\core\Application\Runtime\Cache\Home\8644d842f6609748cb3571a0674c78da.php 第 300 行.
NOTIC: [8] Use of undefined constant cdate - assumed 'cdate' F:\WWW\polar.chengjian.com\core\Application\Runtime\Cache\Home\8644d842f6609748cb3571a0674c78da.php 第 292 行.
NOTIC: [8] Use of undefined constant id - assumed 'id' F:\WWW\polar.chengjian.com\core\Application\Runtime\Cache\Home\8644d842f6609748cb3571a0674c78da.php 第 300 行.
SQL: SELECT * FROM `arcs` WHERE `lang` = 'zh' AND `catalog_id` = 52 LIMIT 0,6   [ RunTime:0.0010s ]
SQL: SELECT `zh` FROM `config` WHERE `id` = 'footer_left' LIMIT 1   [ RunTime:0.0000s ]
SQL: SELECT `zh` FROM `config` WHERE `id` = 'footer_mid' LIMIT 1   [ RunTime:0.0000s ]
SQL: SELECT `zh` FROM `config` WHERE `id` = 'footer_right' LIMIT 1   [ RunTime:0.0000s ]
SQL: SELECT `zh` FROM `config` WHERE `id` = 'footer_1' LIMIT 1   [ RunTime:0.0010s ]
SQL: SELECT `zh` FROM `config` WHERE `id` = 'footer_2' LIMIT 1   [ RunTime:0.0000s ]
INFO: Run Behavior\ParseTemplateBehavior [ RunTime:0.037002s ]
INFO: [ view_parse ] --END-- [ RunTime:0.037002s ]
INFO: [ view_filter ] --START--
INFO: Run Behavior\WriteHtmlCacheBehavior [ RunTime:0.000000s ]
INFO: [ view_filter ] --END-- [ RunTime:0.000000s ]
INFO: [ app_end ] --START--
INFO: Run Behavior\ShowPageTraceBehavior [ RunTime:0.000000s ]
INFO: [ app_end ] --END-- [ RunTime:0.000000s ]

[ 2016-12-06T17:42:05+08:00 ] 127.0.0.1 /index.php/zh
INFO: [ app_init ] --START--
INFO: Run Behavior\BuildLiteBehavior [ RunTime:0.000000s ]
INFO: [ app_init ] --END-- [ RunTime:0.000000s ]
INFO: [ app_begin ] --START--
INFO: Run Behavior\ReadHtmlCacheBehavior [ RunTime:0.001000s ]
INFO: [ app_begin ] --END-- [ RunTime:0.001000s ]
NOTIC: [8] A session had already been started - ignoring session_start() F:\WWW\polar.chengjian.com\core\ThinkPHP\Common\functions.php 第 1263 行.
SQL: SHOW COLUMNS FROM `catalogs` [ RunTime:0.0080s ]
NOTIC: [8] Undefined variable: id F:\WWW\polar.chengjian.com\core\Application\Home\Controller\IndexController.class.php 第 8 行.
SQL: SELECT `pid` FROM `catalogs` WHERE `id` = null LIMIT 1   [ RunTime:0.0000s ]
INFO: [ view_parse ] --START--
INFO: [ template_filter ] --START--
INFO: Run Behavior\ContentReplaceBehavior [ RunTime:0.000000s ]
INFO: [ template_filter ] --END-- [ RunTime:0.000000s ]
SQL: SELECT `id`,`title`,`pid`,`level`,`type`,`actionurl`,`entitle` FROM `catalogs`  [ RunTime:0.0010s ]
NOTIC: [8] Use of undefined constant id - assumed 'id' F:\WWW\polar.chengjian.com\core\Application\Runtime\Cache\Home\8644d842f6609748cb3571a0674c78da.php 第 228 行.
SQL: SELECT `id`,`title`,`entitle` FROM `catalogs` WHERE `id` = 36 LIMIT 1   [ RunTime:0.0000s ]
NOTIC: [8] Use of undefined constant title - assumed 'title' F:\WWW\polar.chengjian.com\core\Application\Common\Common\function.php 第 401 行.
NOTIC: [8] Use of undefined constant id - assumed 'id' F:\WWW\polar.chengjian.com\core\Application\Runtime\Cache\Home\8644d842f6609748cb3571a0674c78da.php 第 228 行.
SQL: SELECT `id`,`title`,`entitle` FROM `catalogs` WHERE `id` = 35 LIMIT 1   [ RunTime:0.0010s ]
NOTIC: [8] Use of undefined constant title - assumed 'title' F:\WWW\polar.chengjian.com\core\Application\Common\Common\function.php 第 401 行.
NOTIC: [8] Use of undefined constant id - assumed 'id' F:\WWW\polar.chengjian.com\core\Application\Runtime\Cache\Home\8644d842f6609748cb3571a0674c78da.php 第 228 行.
SQL: SELECT `id`,`title`,`entitle` FROM `catalogs` WHERE `id` = 50 LIMIT 1   [ RunTime:0.0000s ]
NOTIC: [8] Use of undefined constant title - assumed 'title' F:\WWW\polar.chengjian.com\core\Application\Common\Common\function.php 第 401 行.
NOTIC: [8] Use of undefined constant id - assumed 'id' F:\WWW\polar.chengjian.com\core\Application\Runtime\Cache\Home\8644d842f6609748cb3571a0674c78da.php 第 228 行.
SQL: SELECT `id`,`title`,`entitle` FROM `catalogs` WHERE `id` = 51 LIMIT 1   [ RunTime:0.0000s ]
NOTIC: [8] Use of undefined constant title - assumed 'title' F:\WWW\polar.chengjian.com\core\Application\Common\Common\function.php 第 401 行.
SQL: SHOW COLUMNS FROM `config` [ RunTime:0.0060s ]
SQL: SELECT `zh` FROM `config` WHERE `id` = 'banner_' LIMIT 1   [ RunTime:0.0000s ]
SQL: SHOW COLUMNS FROM `thumbs` [ RunTime:0.0060s ]
SQL: SELECT * FROM `thumbs` WHERE `catalog_id` = 100  [ RunTime:0.0000s ]
NOTIC: [2048] Declaration of Common\Model\ArcsModel::ajaxTable() should be compatible with Common\Model\ManagerModel::ajaxTable($params = Array) F:\WWW\polar.chengjian.com\core\Application\Common\Model\ArcsModel.class.php 第 19 行.
SQL: SHOW COLUMNS FROM `arcs` [ RunTime:0.0070s ]
SQL: SELECT * FROM `arcs` WHERE `lang` = 'zh' AND `catalog_id` = 43 LIMIT 0,4   [ RunTime:0.0000s ]
SQL: SELECT COUNT(*) AS tp_count FROM `arcs` WHERE `lang` = 'zh' AND `catalog_id` = 43 LIMIT 1   [ RunTime:0.0000s ]
NOTIC: [8] Use of undefined constant cdate - assumed 'cdate' F:\WWW\polar.chengjian.com\core\Application\Runtime\Cache\Home\8644d842f6609748cb3571a0674c78da.php 第 292 行.
NOTIC: [8] Use of undefined constant id - assumed 'id' F:\WWW\polar.chengjian.com\core\Application\Runtime\Cache\Home\8644d842f6609748cb3571a0674c78da.php 第 300 行.
NOTIC: [8] Use of undefined constant cdate - assumed 'cdate' F:\WWW\polar.chengjian.com\core\Application\Runtime\Cache\Home\8644d842f6609748cb3571a0674c78da.php 第 292 行.
NOTIC: [8] Use of undefined constant id - assumed 'id' F:\WWW\polar.chengjian.com\core\Application\Runtime\Cache\Home\8644d842f6609748cb3571a0674c78da.php 第 300 行.
NOTIC: [8] Use of undefined constant cdate - assumed 'cdate' F:\WWW\polar.chengjian.com\core\Application\Runtime\Cache\Home\8644d842f6609748cb3571a0674c78da.php 第 292 行.
NOTIC: [8] Use of undefined constant id - assumed 'id' F:\WWW\polar.chengjian.com\core\Application\Runtime\Cache\Home\8644d842f6609748cb3571a0674c78da.php 第 300 行.
NOTIC: [8] Use of undefined constant cdate - assumed 'cdate' F:\WWW\polar.chengjian.com\core\Application\Runtime\Cache\Home\8644d842f6609748cb3571a0674c78da.php 第 292 行.
NOTIC: [8] Use of undefined constant id - assumed 'id' F:\WWW\polar.chengjian.com\core\Application\Runtime\Cache\Home\8644d842f6609748cb3571a0674c78da.php 第 300 行.
SQL: SELECT * FROM `arcs` WHERE `lang` = 'zh' AND `catalog_id` = 52 LIMIT 0,6   [ RunTime:0.0000s ]
SQL: SELECT `zh` FROM `config` WHERE `id` = 'footer_left' LIMIT 1   [ RunTime:0.0000s ]
SQL: SELECT `zh` FROM `config` WHERE `id` = 'footer_mid' LIMIT 1   [ RunTime:0.0000s ]
SQL: SELECT `zh` FROM `config` WHERE `id` = 'footer_right' LIMIT 1   [ RunTime:0.0000s ]
SQL: SELECT `zh` FROM `config` WHERE `id` = 'footer_1' LIMIT 1   [ RunTime:0.0000s ]
SQL: SELECT `zh` FROM `config` WHERE `id` = 'footer_2' LIMIT 1   [ RunTime:0.0000s ]
INFO: Run Behavior\ParseTemplateBehavior [ RunTime:0.037002s ]
INFO: [ view_parse ] --END-- [ RunTime:0.037002s ]
INFO: [ view_filter ] --START--
INFO: Run Behavior\WriteHtmlCacheBehavior [ RunTime:0.000000s ]
INFO: [ view_filter ] --END-- [ RunTime:0.000000s ]
INFO: [ app_end ] --START--
INFO: Run Behavior\ShowPageTraceBehavior [ RunTime:0.001000s ]
INFO: [ app_end ] --END-- [ RunTime:0.001000s ]

[ 2016-12-06T17:42:16+08:00 ] 127.0.0.1 /index.php/zh
INFO: [ app_init ] --START--
INFO: Run Behavior\BuildLiteBehavior [ RunTime:0.000000s ]
INFO: [ app_init ] --END-- [ RunTime:0.000000s ]
INFO: [ app_begin ] --START--
INFO: Run Behavior\ReadHtmlCacheBehavior [ RunTime:0.001000s ]
INFO: [ app_begin ] --END-- [ RunTime:0.001000s ]
NOTIC: [8] A session had already been started - ignoring session_start() F:\WWW\polar.chengjian.com\core\ThinkPHP\Common\functions.php 第 1263 行.
SQL: SHOW COLUMNS FROM `catalogs` [ RunTime:0.0070s ]
NOTIC: [8] Undefined variable: id F:\WWW\polar.chengjian.com\core\Application\Home\Controller\IndexController.class.php 第 8 行.
SQL: SELECT `pid` FROM `catalogs` WHERE `id` = null LIMIT 1   [ RunTime:0.0000s ]
INFO: [ view_parse ] --START--
INFO: [ template_filter ] --START--
INFO: Run Behavior\ContentReplaceBehavior [ RunTime:0.000000s ]
INFO: [ template_filter ] --END-- [ RunTime:0.000000s ]
SQL: SELECT `id`,`title`,`pid`,`level`,`type`,`actionurl`,`entitle` FROM `catalogs`  [ RunTime:0.0010s ]
NOTIC: [8] Use of undefined constant id - assumed 'id' F:\WWW\polar.chengjian.com\core\Application\Runtime\Cache\Home\8644d842f6609748cb3571a0674c78da.php 第 228 行.
SQL: SELECT `id`,`title`,`entitle` FROM `catalogs` WHERE `id` = 36 LIMIT 1   [ RunTime:0.0000s ]
NOTIC: [8] Use of undefined constant title - assumed 'title' F:\WWW\polar.chengjian.com\core\Application\Common\Common\function.php 第 401 行.
NOTIC: [8] Use of undefined constant id - assumed 'id' F:\WWW\polar.chengjian.com\core\Application\Runtime\Cache\Home\8644d842f6609748cb3571a0674c78da.php 第 228 行.
SQL: SELECT `id`,`title`,`entitle` FROM `catalogs` WHERE `id` = 35 LIMIT 1   [ RunTime:0.0010s ]
NOTIC: [8] Use of undefined constant title - assumed 'title' F:\WWW\polar.chengjian.com\core\Application\Common\Common\function.php 第 401 行.
NOTIC: [8] Use of undefined constant id - assumed 'id' F:\WWW\polar.chengjian.com\core\Application\Runtime\Cache\Home\8644d842f6609748cb3571a0674c78da.php 第 228 行.
SQL: SELECT `id`,`title`,`entitle` FROM `catalogs` WHERE `id` = 50 LIMIT 1   [ RunTime:0.0000s ]
NOTIC: [8] Use of undefined constant title - assumed 'title' F:\WWW\polar.chengjian.com\core\Application\Common\Common\function.php 第 401 行.
NOTIC: [8] Use of undefined constant id - assumed 'id' F:\WWW\polar.chengjian.com\core\Application\Runtime\Cache\Home\8644d842f6609748cb3571a0674c78da.php 第 228 行.
SQL: SELECT `id`,`title`,`entitle` FROM `catalogs` WHERE `id` = 51 LIMIT 1   [ RunTime:0.0000s ]
NOTIC: [8] Use of undefined constant title - assumed 'title' F:\WWW\polar.chengjian.com\core\Application\Common\Common\function.php 第 401 行.
SQL: SHOW COLUMNS FROM `config` [ RunTime:0.0060s ]
SQL: SELECT `zh` FROM `config` WHERE `id` = 'banner_' LIMIT 1   [ RunTime:0.0000s ]
SQL: SHOW COLUMNS FROM `thumbs` [ RunTime:0.0070s ]
SQL: SELECT * FROM `thumbs` WHERE `catalog_id` = 100  [ RunTime:0.0010s ]
NOTIC: [2048] Declaration of Common\Model\ArcsModel::ajaxTable() should be compatible with Common\Model\ManagerModel::ajaxTable($params = Array) F:\WWW\polar.chengjian.com\core\Application\Common\Model\ArcsModel.class.php 第 19 行.
SQL: SHOW COLUMNS FROM `arcs` [ RunTime:0.0060s ]
SQL: SELECT * FROM `arcs` WHERE `lang` = 'zh' AND `catalog_id` = 43 LIMIT 0,4   [ RunTime:0.0000s ]
SQL: SELECT COUNT(*) AS tp_count FROM `arcs` WHERE `lang` = 'zh' AND `catalog_id` = 43 LIMIT 1   [ RunTime:0.0000s ]
NOTIC: [8] Use of undefined constant cdate - assumed 'cdate' F:\WWW\polar.chengjian.com\core\Application\Runtime\Cache\Home\8644d842f6609748cb3571a0674c78da.php 第 292 行.
NOTIC: [8] Use of undefined constant id - assumed 'id' F:\WWW\polar.chengjian.com\core\Application\Runtime\Cache\Home\8644d842f6609748cb3571a0674c78da.php 第 300 行.
NOTIC: [8] Use of undefined constant cdate - assumed 'cdate' F:\WWW\polar.chengjian.com\core\Application\Runtime\Cache\Home\8644d842f6609748cb3571a0674c78da.php 第 292 行.
NOTIC: [8] Use of undefined constant id - assumed 'id' F:\WWW\polar.chengjian.com\core\Application\Runtime\Cache\Home\8644d842f6609748cb3571a0674c78da.php 第 300 行.
NOTIC: [8] Use of undefined constant cdate - assumed 'cdate' F:\WWW\polar.chengjian.com\core\Application\Runtime\Cache\Home\8644d842f6609748cb3571a0674c78da.php 第 292 行.
NOTIC: [8] Use of undefined constant id - assumed 'id' F:\WWW\polar.chengjian.com\core\Application\Runtime\Cache\Home\8644d842f6609748cb3571a0674c78da.php 第 300 行.
NOTIC: [8] Use of undefined constant cdate - assumed 'cdate' F:\WWW\polar.chengjian.com\core\Application\Runtime\Cache\Home\8644d842f6609748cb3571a0674c78da.php 第 292 行.
NOTIC: [8] Use of undefined constant id - assumed 'id' F:\WWW\polar.chengjian.com\core\Application\Runtime\Cache\Home\8644d842f6609748cb3571a0674c78da.php 第 300 行.
SQL: SELECT * FROM `arcs` WHERE `lang` = 'zh' AND `catalog_id` = 52 LIMIT 0,6   [ RunTime:0.0000s ]
SQL: SELECT `zh` FROM `config` WHERE `id` = 'footer_left' LIMIT 1   [ RunTime:0.0000s ]
SQL: SELECT `zh` FROM `config` WHERE `id` = 'footer_mid' LIMIT 1   [ RunTime:0.0000s ]
SQL: SELECT `zh` FROM `config` WHERE `id` = 'footer_right' LIMIT 1   [ RunTime:0.0000s ]
SQL: SELECT `zh` FROM `config` WHERE `id` = 'footer_1' LIMIT 1   [ RunTime:0.0000s ]
SQL: SELECT `zh` FROM `config` WHERE `id` = 'footer_2' LIMIT 1   [ RunTime:0.0000s ]
INFO: Run Behavior\ParseTemplateBehavior [ RunTime:0.038002s ]
INFO: [ view_parse ] --END-- [ RunTime:0.038002s ]
INFO: [ view_filter ] --START--
INFO: Run Behavior\WriteHtmlCacheBehavior [ RunTime:0.001000s ]
INFO: [ view_filter ] --END-- [ RunTime:0.001000s ]
INFO: [ app_end ] --START--
INFO: Run Behavior\ShowPageTraceBehavior [ RunTime:0.001001s ]
INFO: [ app_end ] --END-- [ RunTime:0.001001s ]

