[ 2016-11-25T17:33:41+08:00 ] 127.0.0.1 /
INFO: [ app_init ] --START--
INFO: Run Behavior\BuildLiteBehavior [ RunTime:0.000000s ]
INFO: [ app_init ] --END-- [ RunTime:0.002000s ]
INFO: [ app_begin ] --START--
INFO: Run Behavior\ReadHtmlCacheBehavior [ RunTime:0.001000s ]
INFO: [ app_begin ] --END-- [ RunTime:0.001000s ]
NOTIC: [8] A session had already been started - ignoring session_start() F:\WWW\polar.chengjian.com\core\ThinkPHP\Common\functions.php 第 1263 行.
SQL: SHOW COLUMNS FROM `catalogs` [ RunTime:0.0460s ]
NOTIC: [8] Undefined variable: id F:\WWW\polar.chengjian.com\core\Application\Home\Controller\IndexController.class.php 第 8 行.
SQL: SELECT `pid` FROM `catalogs` WHERE `id` = null LIMIT 1   [ RunTime:0.0010s ]
INFO: [ view_parse ] --START--
INFO: [ template_filter ] --START--
INFO: Run Behavior\ContentReplaceBehavior [ RunTime:0.030002s ]
INFO: [ template_filter ] --END-- [ RunTime:0.030002s ]
SQL: SELECT `id`,`title`,`pid`,`level`,`type`,`actionurl`,`entitle` FROM `catalogs`  [ RunTime:0.0150s ]
NOTIC: [8] Use of undefined constant id - assumed 'id' F:\WWW\polar.chengjian.com\core\Application\Runtime\Cache\Home\8644d842f6609748cb3571a0674c78da.php 第 228 行.
SQL: SELECT `id`,`title`,`entitle` FROM `catalogs` WHERE `id` = 36 LIMIT 1   [ RunTime:0.0010s ]
NOTIC: [8] Use of undefined constant title - assumed 'title' F:\WWW\polar.chengjian.com\core\Application\Common\Common\function.php 第 401 行.
NOTIC: [8] Use of undefined constant id - assumed 'id' F:\WWW\polar.chengjian.com\core\Application\Runtime\Cache\Home\8644d842f6609748cb3571a0674c78da.php 第 228 行.
SQL: SELECT `id`,`title`,`entitle` FROM `catalogs` WHERE `id` = 35 LIMIT 1   [ RunTime:0.0000s ]
NOTIC: [8] Use of undefined constant title - assumed 'title' F:\WWW\polar.chengjian.com\core\Application\Common\Common\function.php 第 401 行.
NOTIC: [8] Use of undefined constant id - assumed 'id' F:\WWW\polar.chengjian.com\core\Application\Runtime\Cache\Home\8644d842f6609748cb3571a0674c78da.php 第 228 行.
SQL: SELECT `id`,`title`,`entitle` FROM `catalogs` WHERE `id` = 50 LIMIT 1   [ RunTime:0.0000s ]
NOTIC: [8] Use of undefined constant title - assumed 'title' F:\WWW\polar.chengjian.com\core\Application\Common\Common\function.php 第 401 行.
NOTIC: [8] Use of undefined constant id - assumed 'id' F:\WWW\polar.chengjian.com\core\Application\Runtime\Cache\Home\8644d842f6609748cb3571a0674c78da.php 第 228 行.
SQL: SELECT `id`,`title`,`entitle` FROM `catalogs` WHERE `id` = 51 LIMIT 1   [ RunTime:0.0000s ]
NOTIC: [8] Use of undefined constant title - assumed 'title' F:\WWW\polar.chengjian.com\core\Application\Common\Common\function.php 第 401 行.
SQL: SHOW COLUMNS FROM `config` [ RunTime:0.0320s ]
SQL: SELECT `zh` FROM `config` WHERE `id` = 'banner_' LIMIT 1   [ RunTime:0.0000s ]
SQL: SHOW COLUMNS FROM `thumbs` [ RunTime:0.0410s ]
SQL: SELECT * FROM `thumbs` WHERE `catalog_id` = 100  [ RunTime:0.0010s ]
NOTIC: [2048] Declaration of Common\Model\ArcsModel::ajaxTable() should be compatible with Common\Model\ManagerModel::ajaxTable($params = Array) F:\WWW\polar.chengjian.com\core\Application\Common\Model\ArcsModel.class.php 第 19 行.
SQL: SHOW COLUMNS FROM `arcs` [ RunTime:0.0720s ]
SQL: SELECT * FROM `arcs` WHERE `lang` = 'zh' AND `catalog_id` = 43 LIMIT 0,4   [ RunTime:0.0260s ]
SQL: SELECT COUNT(*) AS tp_count FROM `arcs` WHERE `lang` = 'zh' AND `catalog_id` = 43 LIMIT 1   [ RunTime:0.0000s ]
NOTIC: [8] Use of undefined constant cdate - assumed 'cdate' F:\WWW\polar.chengjian.com\core\Application\Runtime\Cache\Home\8644d842f6609748cb3571a0674c78da.php 第 292 行.
NOTIC: [8] Use of undefined constant id - assumed 'id' F:\WWW\polar.chengjian.com\core\Application\Runtime\Cache\Home\8644d842f6609748cb3571a0674c78da.php 第 300 行.
NOTIC: [8] Use of undefined constant cdate - assumed 'cdate' F:\WWW\polar.chengjian.com\core\Application\Runtime\Cache\Home\8644d842f6609748cb3571a0674c78da.php 第 292 行.
NOTIC: [8] Use of undefined constant id - assumed 'id' F:\WWW\polar.chengjian.com\core\Application\Runtime\Cache\Home\8644d842f6609748cb3571a0674c78da.php 第 300 行.
NOTIC: [8] Use of undefined constant cdate - assumed 'cdate' F:\WWW\polar.chengjian.com\core\Application\Runtime\Cache\Home\8644d842f6609748cb3571a0674c78da.php 第 292 行.
NOTIC: [8] Use of undefined constant id - assumed 'id' F:\WWW\polar.chengjian.com\core\Application\Runtime\Cache\Home\8644d842f6609748cb3571a0674c78da.php 第 300 行.
NOTIC: [8] Use of undefined constant cdate - assumed 'cdate' F:\WWW\polar.chengjian.com\core\Application\Runtime\Cache\Home\8644d842f6609748cb3571a0674c78da.php 第 292 行.
NOTIC: [8] Use of undefined constant id - assumed 'id' F:\WWW\polar.chengjian.com\core\Application\Runtime\Cache\Home\8644d842f6609748cb3571a0674c78da.php 第 300 行.
SQL: SELECT * FROM `arcs` WHERE `lang` = 'zh' AND `catalog_id` = 52 LIMIT 0,6   [ RunTime:0.0000s ]
SQL: SELECT `zh` FROM `config` WHERE `id` = 'footer_left' LIMIT 1   [ RunTime:0.0010s ]
SQL: SELECT `zh` FROM `config` WHERE `id` = 'footer_mid' LIMIT 1   [ RunTime:0.0000s ]
SQL: SELECT `zh` FROM `config` WHERE `id` = 'footer_right' LIMIT 1   [ RunTime:0.0000s ]
SQL: SELECT `zh` FROM `config` WHERE `id` = 'footer_1' LIMIT 1   [ RunTime:0.0000s ]
SQL: SELECT `zh` FROM `config` WHERE `id` = 'footer_2' LIMIT 1   [ RunTime:0.0000s ]
INFO: Run Behavior\ParseTemplateBehavior [ RunTime:0.296017s ]
INFO: [ view_parse ] --END-- [ RunTime:0.296017s ]
INFO: [ view_filter ] --START--
INFO: Run Behavior\WriteHtmlCacheBehavior [ RunTime:0.018001s ]
INFO: [ view_filter ] --END-- [ RunTime:0.018001s ]
INFO: [ app_end ] --START--
INFO: Run Behavior\ShowPageTraceBehavior [ RunTime:0.001000s ]
INFO: [ app_end ] --END-- [ RunTime:0.001000s ]

[ 2016-11-25T17:44:36+08:00 ] 127.0.0.1 /
INFO: [ app_init ] --START--
INFO: Run Behavior\BuildLiteBehavior [ RunTime:0.000000s ]
INFO: [ app_init ] --END-- [ RunTime:0.000000s ]
INFO: [ app_begin ] --START--
INFO: Run Behavior\ReadHtmlCacheBehavior [ RunTime:0.001000s ]
INFO: [ app_begin ] --END-- [ RunTime:0.001000s ]
NOTIC: [8] A session had already been started - ignoring session_start() F:\WWW\polar.chengjian.com\core\ThinkPHP\Common\functions.php 第 1263 行.
SQL: SHOW COLUMNS FROM `catalogs` [ RunTime:0.0030s ]
NOTIC: [8] Undefined variable: id F:\WWW\polar.chengjian.com\core\Application\Home\Controller\IndexController.class.php 第 8 行.
SQL: SELECT `pid` FROM `catalogs` WHERE `id` = null LIMIT 1   [ RunTime:0.0000s ]
INFO: [ view_parse ] --START--
INFO: [ template_filter ] --START--
INFO: Run Behavior\ContentReplaceBehavior [ RunTime:0.000000s ]
INFO: [ template_filter ] --END-- [ RunTime:0.000000s ]
SQL: SELECT `id`,`title`,`pid`,`level`,`type`,`actionurl`,`entitle` FROM `catalogs`  [ RunTime:0.0010s ]
NOTIC: [8] Use of undefined constant id - assumed 'id' F:\WWW\polar.chengjian.com\core\Application\Runtime\Cache\Home\8644d842f6609748cb3571a0674c78da.php 第 228 行.
SQL: SELECT `id`,`title`,`entitle` FROM `catalogs` WHERE `id` = 36 LIMIT 1   [ RunTime:0.0000s ]
NOTIC: [8] Use of undefined constant title - assumed 'title' F:\WWW\polar.chengjian.com\core\Application\Common\Common\function.php 第 401 行.
NOTIC: [8] Use of undefined constant id - assumed 'id' F:\WWW\polar.chengjian.com\core\Application\Runtime\Cache\Home\8644d842f6609748cb3571a0674c78da.php 第 228 行.
SQL: SELECT `id`,`title`,`entitle` FROM `catalogs` WHERE `id` = 35 LIMIT 1   [ RunTime:0.0000s ]
NOTIC: [8] Use of undefined constant title - assumed 'title' F:\WWW\polar.chengjian.com\core\Application\Common\Common\function.php 第 401 行.
NOTIC: [8] Use of undefined constant id - assumed 'id' F:\WWW\polar.chengjian.com\core\Application\Runtime\Cache\Home\8644d842f6609748cb3571a0674c78da.php 第 228 行.
SQL: SELECT `id`,`title`,`entitle` FROM `catalogs` WHERE `id` = 50 LIMIT 1   [ RunTime:0.0000s ]
NOTIC: [8] Use of undefined constant title - assumed 'title' F:\WWW\polar.chengjian.com\core\Application\Common\Common\function.php 第 401 行.
NOTIC: [8] Use of undefined constant id - assumed 'id' F:\WWW\polar.chengjian.com\core\Application\Runtime\Cache\Home\8644d842f6609748cb3571a0674c78da.php 第 228 行.
SQL: SELECT `id`,`title`,`entitle` FROM `catalogs` WHERE `id` = 51 LIMIT 1   [ RunTime:0.0000s ]
NOTIC: [8] Use of undefined constant title - assumed 'title' F:\WWW\polar.chengjian.com\core\Application\Common\Common\function.php 第 401 行.
SQL: SHOW COLUMNS FROM `config` [ RunTime:0.0030s ]
SQL: SELECT `zh` FROM `config` WHERE `id` = 'banner_' LIMIT 1   [ RunTime:0.0000s ]
SQL: SHOW COLUMNS FROM `thumbs` [ RunTime:0.0030s ]
SQL: SELECT * FROM `thumbs` WHERE `catalog_id` = 100  [ RunTime:0.0000s ]
NOTIC: [2048] Declaration of Common\Model\ArcsModel::ajaxTable() should be compatible with Common\Model\ManagerModel::ajaxTable($params = Array) F:\WWW\polar.chengjian.com\core\Application\Common\Model\ArcsModel.class.php 第 19 行.
SQL: SHOW COLUMNS FROM `arcs` [ RunTime:0.0030s ]
SQL: SELECT * FROM `arcs` WHERE `lang` = 'zh' AND `catalog_id` = 43 LIMIT 0,4   [ RunTime:0.0000s ]
SQL: SELECT COUNT(*) AS tp_count FROM `arcs` WHERE `lang` = 'zh' AND `catalog_id` = 43 LIMIT 1   [ RunTime:0.0000s ]
NOTIC: [8] Use of undefined constant cdate - assumed 'cdate' F:\WWW\polar.chengjian.com\core\Application\Runtime\Cache\Home\8644d842f6609748cb3571a0674c78da.php 第 292 行.
NOTIC: [8] Use of undefined constant id - assumed 'id' F:\WWW\polar.chengjian.com\core\Application\Runtime\Cache\Home\8644d842f6609748cb3571a0674c78da.php 第 300 行.
NOTIC: [8] Use of undefined constant cdate - assumed 'cdate' F:\WWW\polar.chengjian.com\core\Application\Runtime\Cache\Home\8644d842f6609748cb3571a0674c78da.php 第 292 行.
NOTIC: [8] Use of undefined constant id - assumed 'id' F:\WWW\polar.chengjian.com\core\Application\Runtime\Cache\Home\8644d842f6609748cb3571a0674c78da.php 第 300 行.
NOTIC: [8] Use of undefined constant cdate - assumed 'cdate' F:\WWW\polar.chengjian.com\core\Application\Runtime\Cache\Home\8644d842f6609748cb3571a0674c78da.php 第 292 行.
NOTIC: [8] Use of undefined constant id - assumed 'id' F:\WWW\polar.chengjian.com\core\Application\Runtime\Cache\Home\8644d842f6609748cb3571a0674c78da.php 第 300 行.
NOTIC: [8] Use of undefined constant cdate - assumed 'cdate' F:\WWW\polar.chengjian.com\core\Application\Runtime\Cache\Home\8644d842f6609748cb3571a0674c78da.php 第 292 行.
NOTIC: [8] Use of undefined constant id - assumed 'id' F:\WWW\polar.chengjian.com\core\Application\Runtime\Cache\Home\8644d842f6609748cb3571a0674c78da.php 第 300 行.
SQL: SELECT * FROM `arcs` WHERE `lang` = 'zh' AND `catalog_id` = 52 LIMIT 0,6   [ RunTime:0.0000s ]
SQL: SELECT `zh` FROM `config` WHERE `id` = 'footer_left' LIMIT 1   [ RunTime:0.0000s ]
SQL: SELECT `zh` FROM `config` WHERE `id` = 'footer_mid' LIMIT 1   [ RunTime:0.0000s ]
SQL: SELECT `zh` FROM `config` WHERE `id` = 'footer_right' LIMIT 1   [ RunTime:0.0000s ]
SQL: SELECT `zh` FROM `config` WHERE `id` = 'footer_1' LIMIT 1   [ RunTime:0.0010s ]
SQL: SELECT `zh` FROM `config` WHERE `id` = 'footer_2' LIMIT 1   [ RunTime:0.0000s ]
INFO: Run Behavior\ParseTemplateBehavior [ RunTime:0.030002s ]
INFO: [ view_parse ] --END-- [ RunTime:0.030002s ]
INFO: [ view_filter ] --START--
INFO: Run Behavior\WriteHtmlCacheBehavior [ RunTime:0.000000s ]
INFO: [ view_filter ] --END-- [ RunTime:0.000000s ]
INFO: [ app_end ] --START--
INFO: Run Behavior\ShowPageTraceBehavior [ RunTime:0.001000s ]
INFO: [ app_end ] --END-- [ RunTime:0.001000s ]

[ 2016-11-25T17:44:41+08:00 ] 127.0.0.1 /index.php/zh/catalog/45
INFO: [ app_init ] --START--
INFO: Run Behavior\BuildLiteBehavior [ RunTime:0.000000s ]
INFO: [ app_init ] --END-- [ RunTime:0.000000s ]
INFO: [ app_begin ] --START--
INFO: Run Behavior\ReadHtmlCacheBehavior [ RunTime:0.001000s ]
INFO: [ app_begin ] --END-- [ RunTime:0.001000s ]
NOTIC: [8] A session had already been started - ignoring session_start() F:\WWW\polar.chengjian.com\core\ThinkPHP\Common\functions.php 第 1263 行.
SQL: SHOW COLUMNS FROM `catalogs` [ RunTime:0.0040s ]
SQL: SELECT `pid` FROM `catalogs` WHERE `id` = 45 LIMIT 1   [ RunTime:0.0000s ]
SQL: SELECT `pid` FROM `catalogs` WHERE `id` = 42 LIMIT 1   [ RunTime:0.0010s ]
SQL: SELECT * FROM `catalogs` WHERE `id` = 45 LIMIT 1   [ RunTime:0.0000s ]
INFO: [ view_parse ] --START--
INFO: [ template_filter ] --START--
INFO: Run Behavior\ContentReplaceBehavior [ RunTime:0.000000s ]
INFO: [ template_filter ] --END-- [ RunTime:0.000000s ]
NOTIC: [8] Undefined variable: LANG F:\WWW\polar.chengjian.com\core\Application\Runtime\Cache\Home\f85f783239cfe11235c993b841590c9d.php 第 9 行.
SQL: SELECT `id`,`title`,`pid`,`level`,`type`,`actionurl`,`entitle` FROM `catalogs`  [ RunTime:0.0000s ]
NOTIC: [8] Undefined variable: LANG F:\WWW\polar.chengjian.com\core\Application\Runtime\Cache\Home\f85f783239cfe11235c993b841590c9d.php 第 148 行.
NOTIC: [8] Use of undefined constant id - assumed 'id' F:\WWW\polar.chengjian.com\core\Application\Runtime\Cache\Home\f85f783239cfe11235c993b841590c9d.php 第 228 行.
SQL: SELECT `id`,`title`,`entitle` FROM `catalogs` WHERE `id` = 36 LIMIT 1   [ RunTime:0.0000s ]
NOTIC: [8] Use of undefined constant title - assumed 'title' F:\WWW\polar.chengjian.com\core\Application\Common\Common\function.php 第 401 行.
NOTIC: [8] Use of undefined constant id - assumed 'id' F:\WWW\polar.chengjian.com\core\Application\Runtime\Cache\Home\f85f783239cfe11235c993b841590c9d.php 第 228 行.
SQL: SELECT `id`,`title`,`entitle` FROM `catalogs` WHERE `id` = 35 LIMIT 1   [ RunTime:0.0000s ]
NOTIC: [8] Use of undefined constant title - assumed 'title' F:\WWW\polar.chengjian.com\core\Application\Common\Common\function.php 第 401 行.
NOTIC: [8] Use of undefined constant id - assumed 'id' F:\WWW\polar.chengjian.com\core\Application\Runtime\Cache\Home\f85f783239cfe11235c993b841590c9d.php 第 228 行.
SQL: SELECT `id`,`title`,`entitle` FROM `catalogs` WHERE `id` = 50 LIMIT 1   [ RunTime:0.0010s ]
NOTIC: [8] Use of undefined constant title - assumed 'title' F:\WWW\polar.chengjian.com\core\Application\Common\Common\function.php 第 401 行.
NOTIC: [8] Use of undefined constant id - assumed 'id' F:\WWW\polar.chengjian.com\core\Application\Runtime\Cache\Home\f85f783239cfe11235c993b841590c9d.php 第 228 行.
SQL: SELECT `id`,`title`,`entitle` FROM `catalogs` WHERE `id` = 51 LIMIT 1   [ RunTime:0.0000s ]
NOTIC: [8] Use of undefined constant title - assumed 'title' F:\WWW\polar.chengjian.com\core\Application\Common\Common\function.php 第 401 行.
SQL: SHOW COLUMNS FROM `config` [ RunTime:0.0040s ]
SQL: SELECT `zh` FROM `config` WHERE `id` = 'banner_42' LIMIT 1   [ RunTime:0.0010s ]
SQL: SELECT `zh` FROM `config` WHERE `id` = 'tel' LIMIT 1   [ RunTime:0.0000s ]
SQL: SELECT * FROM `catalogs` WHERE `id` = 42 LIMIT 1   [ RunTime:0.0000s ]
NOTIC: [8] Undefined variable: iTabChange F:\WWW\polar.chengjian.com\core\Application\Runtime\Cache\Home\f85f783239cfe11235c993b841590c9d.php 第 277 行.
NOTIC: [8] Undefined variable: iTabChange F:\WWW\polar.chengjian.com\core\Application\Runtime\Cache\Home\f85f783239cfe11235c993b841590c9d.php 第 283 行.
NOTIC: [2048] Declaration of Common\Model\AreasModel::ajaxTable() should be compatible with Common\Model\ManagerModel::ajaxTable($params = Array) F:\WWW\polar.chengjian.com\core\Application\Common\Model\AreasModel.class.php 第 17 行.
SQL: SHOW COLUMNS FROM `areas` [ RunTime:0.0030s ]
SQL: SELECT * FROM `areas` WHERE `lang` = 'zh'  [ RunTime:0.0000s ]
SQL: SELECT `zh` FROM `config` WHERE `id` = 'footer_left' LIMIT 1   [ RunTime:0.0010s ]
SQL: SELECT `zh` FROM `config` WHERE `id` = 'footer_mid' LIMIT 1   [ RunTime:0.0000s ]
SQL: SELECT `zh` FROM `config` WHERE `id` = 'footer_right' LIMIT 1   [ RunTime:0.0010s ]
SQL: SELECT `zh` FROM `config` WHERE `id` = 'footer_1' LIMIT 1   [ RunTime:0.0000s ]
SQL: SELECT `zh` FROM `config` WHERE `id` = 'footer_2' LIMIT 1   [ RunTime:0.0000s ]
INFO: Run Behavior\ParseTemplateBehavior [ RunTime:0.049003s ]
INFO: [ view_parse ] --END-- [ RunTime:0.049003s ]
INFO: [ view_filter ] --START--
INFO: Run Behavior\WriteHtmlCacheBehavior [ RunTime:0.001000s ]
INFO: [ view_filter ] --END-- [ RunTime:0.001000s ]
INFO: [ app_end ] --START--
INFO: Run Behavior\ShowPageTraceBehavior [ RunTime:0.000000s ]
INFO: [ app_end ] --END-- [ RunTime:0.000000s ]

