[ 2016-11-23T19:58:34+08:00 ] 127.0.0.1 /index.php/zh/catalog/11
INFO: [ app_init ] --START--
INFO: Run Behavior\BuildLiteBehavior [ RunTime:0.000000s ]
INFO: [ app_init ] --END-- [ RunTime:0.001000s ]
INFO: [ app_begin ] --START--
INFO: Run Behavior\ReadHtmlCacheBehavior [ RunTime:0.000000s ]
INFO: [ app_begin ] --END-- [ RunTime:0.000000s ]
NOTIC: [8] A session had already been started - ignoring session_start() F:\WWW\polar.chengjian.com\core\ThinkPHP\Common\functions.php 第 1263 行.
SQL: SHOW COLUMNS FROM `catalogs` [ RunTime:0.0040s ]
SQL: SELECT `pid` FROM `catalogs` WHERE `id` = 11 LIMIT 1   [ RunTime:0.0010s ]
SQL: SELECT `pid` FROM `catalogs` WHERE `id` = 3 LIMIT 1   [ RunTime:0.0000s ]
SQL: SELECT * FROM `catalogs` WHERE `id` = 11 LIMIT 1   [ RunTime:0.0000s ]
INFO: [ view_parse ] --START--
INFO: [ template_filter ] --START--
INFO: Run Behavior\ContentReplaceBehavior [ RunTime:0.000000s ]
INFO: [ template_filter ] --END-- [ RunTime:0.000000s ]
NOTIC: [8] Undefined variable: LANG F:\WWW\polar.chengjian.com\core\Application\Runtime\Cache\Home\9ad1e926a54c8f3cca92e45c09bcce33.php 第 9 行.
SQL: SELECT `id`,`title`,`pid`,`level`,`type`,`actionurl`,`entitle` FROM `catalogs`  [ RunTime:0.0000s ]
NOTIC: [8] Undefined variable: LANG F:\WWW\polar.chengjian.com\core\Application\Runtime\Cache\Home\9ad1e926a54c8f3cca92e45c09bcce33.php 第 148 行.
NOTIC: [8] Use of undefined constant id - assumed 'id' F:\WWW\polar.chengjian.com\core\Application\Runtime\Cache\Home\9ad1e926a54c8f3cca92e45c09bcce33.php 第 228 行.
SQL: SELECT `id`,`title`,`entitle` FROM `catalogs` WHERE `id` = 36 LIMIT 1   [ RunTime:0.0010s ]
NOTIC: [8] Use of undefined constant title - assumed 'title' F:\WWW\polar.chengjian.com\core\Application\Common\Common\function.php 第 401 行.
NOTIC: [8] Use of undefined constant id - assumed 'id' F:\WWW\polar.chengjian.com\core\Application\Runtime\Cache\Home\9ad1e926a54c8f3cca92e45c09bcce33.php 第 228 行.
SQL: SELECT `id`,`title`,`entitle` FROM `catalogs` WHERE `id` = 35 LIMIT 1   [ RunTime:0.0000s ]
NOTIC: [8] Use of undefined constant title - assumed 'title' F:\WWW\polar.chengjian.com\core\Application\Common\Common\function.php 第 401 行.
NOTIC: [8] Use of undefined constant id - assumed 'id' F:\WWW\polar.chengjian.com\core\Application\Runtime\Cache\Home\9ad1e926a54c8f3cca92e45c09bcce33.php 第 228 行.
SQL: SELECT `id`,`title`,`entitle` FROM `catalogs` WHERE `id` = 50 LIMIT 1   [ RunTime:0.0000s ]
NOTIC: [8] Use of undefined constant title - assumed 'title' F:\WWW\polar.chengjian.com\core\Application\Common\Common\function.php 第 401 行.
NOTIC: [8] Use of undefined constant id - assumed 'id' F:\WWW\polar.chengjian.com\core\Application\Runtime\Cache\Home\9ad1e926a54c8f3cca92e45c09bcce33.php 第 228 行.
SQL: SELECT `id`,`title`,`entitle` FROM `catalogs` WHERE `id` = 51 LIMIT 1   [ RunTime:0.0000s ]
NOTIC: [8] Use of undefined constant title - assumed 'title' F:\WWW\polar.chengjian.com\core\Application\Common\Common\function.php 第 401 行.
SQL: SHOW COLUMNS FROM `config` [ RunTime:0.0030s ]
SQL: SELECT `zh` FROM `config` WHERE `id` = 'banner_3' LIMIT 1   [ RunTime:0.0000s ]
SQL: SELECT `zh` FROM `config` WHERE `id` = 'tel' LIMIT 1   [ RunTime:0.0000s ]
SQL: SELECT * FROM `catalogs` WHERE `id` = 3 LIMIT 1   [ RunTime:0.0010s ]
NOTIC: [8] Undefined variable: iTabChange F:\WWW\polar.chengjian.com\core\Application\Runtime\Cache\Home\9ad1e926a54c8f3cca92e45c09bcce33.php 第 279 行.
NOTIC: [8] Undefined variable: iTabChange F:\WWW\polar.chengjian.com\core\Application\Runtime\Cache\Home\9ad1e926a54c8f3cca92e45c09bcce33.php 第 285 行.
NOTIC: [2048] Declaration of Common\Model\ArcsModel::ajaxTable() should be compatible with Common\Model\ManagerModel::ajaxTable($params = Array) F:\WWW\polar.chengjian.com\core\Application\Common\Model\ArcsModel.class.php 第 19 行.
SQL: SHOW COLUMNS FROM `arcs` [ RunTime:0.0040s ]
NOTIC: [8] Use of undefined constant id - assumed 'id' F:\WWW\polar.chengjian.com\core\Application\Runtime\Cache\Home\9ad1e926a54c8f3cca92e45c09bcce33.php 第 294 行.
SQL: SELECT * FROM `arcs` WHERE `lang` = 'zh' AND `catalog_id` = 11 LIMIT 0,5   [ RunTime:0.0000s ]
NOTIC: [8] Use of undefined constant id - assumed 'id' F:\WWW\polar.chengjian.com\core\Application\Runtime\Cache\Home\9ad1e926a54c8f3cca92e45c09bcce33.php 第 294 行.
SQL: SELECT COUNT(*) AS tp_count FROM `arcs` WHERE `lang` = 'zh' AND `catalog_id` = 11 LIMIT 1   [ RunTime:0.0000s ]
NOTIC: [8] Use of undefined constant id - assumed 'id' F:\WWW\polar.chengjian.com\core\Application\Runtime\Cache\Home\9ad1e926a54c8f3cca92e45c09bcce33.php 第 327 行.
NOTIC: [8] Use of undefined constant id - assumed 'id' F:\WWW\polar.chengjian.com\core\Application\Runtime\Cache\Home\9ad1e926a54c8f3cca92e45c09bcce33.php 第 327 行.
NOTIC: [8] Use of undefined constant id - assumed 'id' F:\WWW\polar.chengjian.com\core\Application\Runtime\Cache\Home\9ad1e926a54c8f3cca92e45c09bcce33.php 第 327 行.
NOTIC: [8] Use of undefined constant id - assumed 'id' F:\WWW\polar.chengjian.com\core\Application\Runtime\Cache\Home\9ad1e926a54c8f3cca92e45c09bcce33.php 第 327 行.
NOTIC: [8] Use of undefined constant id - assumed 'id' F:\WWW\polar.chengjian.com\core\Application\Runtime\Cache\Home\9ad1e926a54c8f3cca92e45c09bcce33.php 第 327 行.
NOTIC: [8] Use of undefined constant id - assumed 'id' F:\WWW\polar.chengjian.com\core\Application\Runtime\Cache\Home\9ad1e926a54c8f3cca92e45c09bcce33.php 第 327 行.
SQL: SELECT `zh` FROM `config` WHERE `id` = 'footer_left' LIMIT 1   [ RunTime:0.0000s ]
SQL: SELECT `zh` FROM `config` WHERE `id` = 'footer_mid' LIMIT 1   [ RunTime:0.0000s ]
SQL: SELECT `zh` FROM `config` WHERE `id` = 'footer_right' LIMIT 1   [ RunTime:0.0000s ]
SQL: SELECT `zh` FROM `config` WHERE `id` = 'footer_1' LIMIT 1   [ RunTime:0.0000s ]
SQL: SELECT `zh` FROM `config` WHERE `id` = 'footer_2' LIMIT 1   [ RunTime:0.0000s ]
INFO: Run Behavior\ParseTemplateBehavior [ RunTime:0.044003s ]
INFO: [ view_parse ] --END-- [ RunTime:0.044003s ]
INFO: [ view_filter ] --START--
INFO: Run Behavior\WriteHtmlCacheBehavior [ RunTime:0.000000s ]
INFO: [ view_filter ] --END-- [ RunTime:0.000000s ]
INFO: [ app_end ] --START--
INFO: Run Behavior\ShowPageTraceBehavior [ RunTime:0.000000s ]
INFO: [ app_end ] --END-- [ RunTime:0.000000s ]

