[ 2016-12-09T16:45:06+08:00 ] 127.0.0.1 /mobile/
INFO: [ app_init ] --START--
INFO: Run Behavior\BuildLiteBehavior [ RunTime:0.000000s ]
INFO: [ app_init ] --END-- [ RunTime:0.000000s ]
INFO: [ app_begin ] --START--
INFO: Run Behavior\ReadHtmlCacheBehavior [ RunTime:0.001000s ]
INFO: [ app_begin ] --END-- [ RunTime:0.001000s ]
NOTIC: [8] A session had already been started - ignoring session_start() F:\WWW\polar.chengjian.com\core\ThinkPHP\Common\functions.php 第 1263 行.
NOTIC: [2] Missing argument 1 for Think\Controller::show(), called in F:\WWW\polar.chengjian.com\core\Application\Admin\Controller\IndexController.class.php on line 16 and defined F:\WWW\polar.chengjian.com\core\ThinkPHP\Library\Think\Controller.class.php 第 68 行.
NOTIC: [8] Undefined variable: content F:\WWW\polar.chengjian.com\core\ThinkPHP\Library\Think\Controller.class.php 第 69 行.
INFO: [ view_parse ] --START--
INFO: [ template_filter ] --START--
INFO: Run Behavior\ContentReplaceBehavior [ RunTime:0.000000s ]
INFO: [ template_filter ] --END-- [ RunTime:0.000000s ]
INFO: Run Behavior\ParseTemplateBehavior [ RunTime:0.018001s ]
INFO: [ view_parse ] --END-- [ RunTime:0.018001s ]
INFO: [ view_filter ] --START--
INFO: Run Behavior\WriteHtmlCacheBehavior [ RunTime:0.000000s ]
INFO: [ view_filter ] --END-- [ RunTime:0.000000s ]
INFO: [ app_end ] --START--
INFO: Run Behavior\ShowPageTraceBehavior [ RunTime:0.000000s ]
INFO: [ app_end ] --END-- [ RunTime:0.000000s ]

[ 2016-12-09T16:45:07+08:00 ] 127.0.0.1 /mobile/?g=Admin&c=Index&a=tpl&tpl=tools.footer
INFO: [ app_init ] --START--
INFO: Run Behavior\BuildLiteBehavior [ RunTime:0.000000s ]
INFO: [ app_init ] --END-- [ RunTime:0.000000s ]
INFO: [ app_begin ] --START--
INFO: Run Behavior\ReadHtmlCacheBehavior [ RunTime:0.001000s ]
INFO: [ app_begin ] --END-- [ RunTime:0.001000s ]
NOTIC: [8] A session had already been started - ignoring session_start() F:\WWW\polar.chengjian.com\core\ThinkPHP\Common\functions.php 第 1263 行.
INFO: [ view_parse ] --START--
INFO: [ template_filter ] --START--
INFO: Run Behavior\ContentReplaceBehavior [ RunTime:0.000000s ]
INFO: [ template_filter ] --END-- [ RunTime:0.000000s ]
INFO: Run Behavior\ParseTemplateBehavior [ RunTime:0.007001s ]
INFO: [ view_parse ] --END-- [ RunTime:0.007001s ]
INFO: [ view_filter ] --START--
INFO: Run Behavior\WriteHtmlCacheBehavior [ RunTime:0.000000s ]
INFO: [ view_filter ] --END-- [ RunTime:0.000000s ]
INFO: [ app_end ] --START--
INFO: Run Behavior\ShowPageTraceBehavior [ RunTime:0.001000s ]
INFO: [ app_end ] --END-- [ RunTime:0.001000s ]

[ 2016-12-09T16:45:07+08:00 ] 127.0.0.1 /mobile/?g=Admin&c=Index&a=tpl&tpl=tools.header
INFO: [ app_init ] --START--
INFO: Run Behavior\BuildLiteBehavior [ RunTime:0.000000s ]
INFO: [ app_init ] --END-- [ RunTime:0.000000s ]
INFO: [ app_begin ] --START--
INFO: Run Behavior\ReadHtmlCacheBehavior [ RunTime:0.001000s ]
INFO: [ app_begin ] --END-- [ RunTime:0.001000s ]
NOTIC: [8] A session had already been started - ignoring session_start() F:\WWW\polar.chengjian.com\core\ThinkPHP\Common\functions.php 第 1263 行.
INFO: [ view_parse ] --START--
INFO: [ template_filter ] --START--
INFO: Run Behavior\ContentReplaceBehavior [ RunTime:0.000000s ]
INFO: [ template_filter ] --END-- [ RunTime:0.000000s ]
INFO: Run Behavior\ParseTemplateBehavior [ RunTime:0.015001s ]
INFO: [ view_parse ] --END-- [ RunTime:0.015001s ]
INFO: [ view_filter ] --START--
INFO: Run Behavior\WriteHtmlCacheBehavior [ RunTime:0.000000s ]
INFO: [ view_filter ] --END-- [ RunTime:0.000000s ]
INFO: [ app_end ] --START--
INFO: Run Behavior\ShowPageTraceBehavior [ RunTime:0.001000s ]
INFO: [ app_end ] --END-- [ RunTime:0.001000s ]

[ 2016-12-09T16:45:07+08:00 ] 127.0.0.1 /mobile/?g=Admin&c=Index&a=tpl&tpl=tools.sidebar
INFO: [ app_init ] --START--
INFO: Run Behavior\BuildLiteBehavior [ RunTime:0.000000s ]
INFO: [ app_init ] --END-- [ RunTime:0.000000s ]
INFO: [ app_begin ] --START--
INFO: Run Behavior\ReadHtmlCacheBehavior [ RunTime:0.000000s ]
INFO: [ app_begin ] --END-- [ RunTime:0.000000s ]
NOTIC: [8] A session had already been started - ignoring session_start() F:\WWW\polar.chengjian.com\core\ThinkPHP\Common\functions.php 第 1263 行.
INFO: [ view_parse ] --START--
INFO: [ template_filter ] --START--
INFO: Run Behavior\ContentReplaceBehavior [ RunTime:0.000000s ]
INFO: [ template_filter ] --END-- [ RunTime:0.000000s ]
SQL: SHOW COLUMNS FROM `catalogs` [ RunTime:0.0040s ]
NOTIC: [2] Missing argument 1 for Common\Model\CatalogsModel::tree(), called in F:\WWW\polar.chengjian.com\core\Application\Runtime\Cache\Admin\f213fa1628f3feb52096871c56840c27.php on line 28 and defined F:\WWW\polar.chengjian.com\core\Application\Common\Model\CatalogsModel.class.php 第 21 行.
SQL: SELECT `id`,`title`,`pid`,`level`,`type`,`actionurl`,`entitle` FROM `catalogs`  [ RunTime:0.0010s ]
NOTIC: [8] Undefined variable: p F:\WWW\polar.chengjian.com\core\Application\Common\Model\CatalogsModel.class.php 第 23 行.
NOTIC: [8] Undefined index: son F:\WWW\polar.chengjian.com\core\Application\Runtime\Cache\Admin\f213fa1628f3feb52096871c56840c27.php 第 28 行.
NOTIC: [8] Undefined index: son F:\WWW\polar.chengjian.com\core\Application\Runtime\Cache\Admin\f213fa1628f3feb52096871c56840c27.php 第 28 行.
NOTIC: [8] Undefined index: son F:\WWW\polar.chengjian.com\core\Application\Runtime\Cache\Admin\f213fa1628f3feb52096871c56840c27.php 第 28 行.
NOTIC: [8] Undefined index: son F:\WWW\polar.chengjian.com\core\Application\Runtime\Cache\Admin\f213fa1628f3feb52096871c56840c27.php 第 28 行.
NOTIC: [8] Undefined index: son F:\WWW\polar.chengjian.com\core\Application\Runtime\Cache\Admin\f213fa1628f3feb52096871c56840c27.php 第 28 行.
NOTIC: [8] Undefined index: son F:\WWW\polar.chengjian.com\core\Application\Runtime\Cache\Admin\f213fa1628f3feb52096871c56840c27.php 第 28 行.
NOTIC: [8] Undefined index: id F:\WWW\polar.chengjian.com\core\Application\Runtime\Cache\Admin\f213fa1628f3feb52096871c56840c27.php 第 28 行.
NOTIC: [8] Undefined index: son F:\WWW\polar.chengjian.com\core\Application\Runtime\Cache\Admin\f213fa1628f3feb52096871c56840c27.php 第 28 行.
NOTIC: [8] Undefined index: son F:\WWW\polar.chengjian.com\core\Application\Runtime\Cache\Admin\f213fa1628f3feb52096871c56840c27.php 第 28 行.
INFO: Run Behavior\ParseTemplateBehavior [ RunTime:0.044002s ]
INFO: [ view_parse ] --END-- [ RunTime:0.044002s ]
INFO: [ view_filter ] --START--
INFO: Run Behavior\WriteHtmlCacheBehavior [ RunTime:0.001000s ]
INFO: [ view_filter ] --END-- [ RunTime:0.001000s ]
INFO: [ app_end ] --START--
INFO: Run Behavior\ShowPageTraceBehavior [ RunTime:0.000000s ]
INFO: [ app_end ] --END-- [ RunTime:0.000000s ]

[ 2016-12-09T16:45:07+08:00 ] 127.0.0.1 /mobile/?g=Admin&c=Index&a=tpl&tpl=config.conf
INFO: [ app_init ] --START--
INFO: Run Behavior\BuildLiteBehavior [ RunTime:0.000000s ]
INFO: [ app_init ] --END-- [ RunTime:0.000000s ]
INFO: [ app_begin ] --START--
INFO: Run Behavior\ReadHtmlCacheBehavior [ RunTime:0.001000s ]
INFO: [ app_begin ] --END-- [ RunTime:0.001000s ]
NOTIC: [8] A session had already been started - ignoring session_start() F:\WWW\polar.chengjian.com\core\ThinkPHP\Common\functions.php 第 1263 行.
INFO: [ view_parse ] --START--
INFO: [ template_filter ] --START--
INFO: Run Behavior\ContentReplaceBehavior [ RunTime:0.001000s ]
INFO: [ template_filter ] --END-- [ RunTime:0.001000s ]
INFO: Run Behavior\ParseTemplateBehavior [ RunTime:0.038002s ]
INFO: [ view_parse ] --END-- [ RunTime:0.038002s ]
INFO: [ view_filter ] --START--
INFO: Run Behavior\WriteHtmlCacheBehavior [ RunTime:0.001000s ]
INFO: [ view_filter ] --END-- [ RunTime:0.001000s ]
INFO: [ app_end ] --START--
INFO: Run Behavior\ShowPageTraceBehavior [ RunTime:0.000000s ]
INFO: [ app_end ] --END-- [ RunTime:0.000000s ]

[ 2016-12-09T16:45:07+08:00 ] 127.0.0.1 /mobile/?g=Admin&c=Index&a=tpl&tpl=directive.fgImgUpload
INFO: [ app_init ] --START--
INFO: Run Behavior\BuildLiteBehavior [ RunTime:0.000000s ]
INFO: [ app_init ] --END-- [ RunTime:0.000000s ]
INFO: [ app_begin ] --START--
INFO: Run Behavior\ReadHtmlCacheBehavior [ RunTime:0.000000s ]
INFO: [ app_begin ] --END-- [ RunTime:0.000000s ]
NOTIC: [8] A session had already been started - ignoring session_start() F:\WWW\polar.chengjian.com\core\ThinkPHP\Common\functions.php 第 1263 行.
INFO: [ view_parse ] --START--
INFO: [ template_filter ] --START--
INFO: Run Behavior\ContentReplaceBehavior [ RunTime:0.000000s ]
INFO: [ template_filter ] --END-- [ RunTime:0.000000s ]
INFO: Run Behavior\ParseTemplateBehavior [ RunTime:0.015001s ]
INFO: [ view_parse ] --END-- [ RunTime:0.015001s ]
INFO: [ view_filter ] --START--
INFO: Run Behavior\WriteHtmlCacheBehavior [ RunTime:0.001000s ]
INFO: [ view_filter ] --END-- [ RunTime:0.001000s ]
INFO: [ app_end ] --START--
INFO: Run Behavior\ShowPageTraceBehavior [ RunTime:0.000000s ]
INFO: [ app_end ] --END-- [ RunTime:0.000000s ]

[ 2016-12-09T16:45:07+08:00 ] 127.0.0.1 /mobile/?m=Manager&c=Data&a=g&_m=Config&_a=gs&lang=zh
INFO: [ app_init ] --START--
INFO: Run Behavior\BuildLiteBehavior [ RunTime:0.000000s ]
INFO: [ app_init ] --END-- [ RunTime:0.001000s ]
INFO: [ app_begin ] --START--
INFO: Run Behavior\ReadHtmlCacheBehavior [ RunTime:0.001000s ]
INFO: [ app_begin ] --END-- [ RunTime:0.001000s ]
NOTIC: [8] A session had already been started - ignoring session_start() F:\WWW\polar.chengjian.com\core\ThinkPHP\Common\functions.php 第 1263 行.
SQL: SHOW COLUMNS FROM `config` [ RunTime:0.0030s ]
SQL: SELECT `id`,zh as value FROM `config`  [ RunTime:0.0010s ]

