[ 2016-12-06T17:39:26+08:00 ] 127.0.0.1 /admina/
INFO: [ app_init ] --START--
INFO: Run Behavior\BuildLiteBehavior [ RunTime:0.000000s ]
INFO: [ app_init ] --END-- [ RunTime:0.000000s ]
INFO: [ app_begin ] --START--
INFO: Run Behavior\ReadHtmlCacheBehavior [ RunTime:0.000000s ]
INFO: [ app_begin ] --END-- [ RunTime:0.000000s ]
NOTIC: [8] A session had already been started - ignoring session_start() F:\WWW\polar.chengjian.com\core\ThinkPHP\Common\functions.php 第 1263 行.

[ 2016-12-06T17:39:26+08:00 ] 127.0.0.1 /admina/
INFO: [ app_init ] --START--
INFO: Run Behavior\BuildLiteBehavior [ RunTime:0.000000s ]
INFO: [ app_init ] --END-- [ RunTime:0.001000s ]
INFO: [ app_begin ] --START--
INFO: Run Behavior\ReadHtmlCacheBehavior [ RunTime:0.001000s ]
INFO: [ app_begin ] --END-- [ RunTime:0.001000s ]
NOTIC: [8] A session had already been started - ignoring session_start() F:\WWW\polar.chengjian.com\core\ThinkPHP\Common\functions.php 第 1263 行.

[ 2016-12-06T17:39:26+08:00 ] 127.0.0.1 /admina/login/
INFO: [ app_init ] --START--
INFO: Run Behavior\BuildLiteBehavior [ RunTime:0.000000s ]
INFO: [ app_init ] --END-- [ RunTime:0.000000s ]
INFO: [ app_begin ] --START--
INFO: Run Behavior\ReadHtmlCacheBehavior [ RunTime:0.000000s ]
INFO: [ app_begin ] --END-- [ RunTime:0.001000s ]
NOTIC: [8] A session had already been started - ignoring session_start() F:\WWW\polar.chengjian.com\core\ThinkPHP\Common\functions.php 第 1263 行.
SQL: SHOW COLUMNS FROM `config` [ RunTime:0.0060s ]
SQL: SELECT * FROM `config` WHERE `id` = 'sys_name' LIMIT 1   [ RunTime:0.0000s ]
NOTIC: [2] Missing argument 1 for Think\Controller::show(), called in F:\WWW\polar.chengjian.com\core\Application\Admin\Controller\IndexController.class.php on line 76 and defined F:\WWW\polar.chengjian.com\core\ThinkPHP\Library\Think\Controller.class.php 第 68 行.
NOTIC: [8] Undefined variable: content F:\WWW\polar.chengjian.com\core\ThinkPHP\Library\Think\Controller.class.php 第 69 行.
INFO: [ view_parse ] --START--
INFO: [ template_filter ] --START--
INFO: Run Behavior\ContentReplaceBehavior [ RunTime:0.000000s ]
INFO: [ template_filter ] --END-- [ RunTime:0.000000s ]
INFO: Run Behavior\ParseTemplateBehavior [ RunTime:0.016001s ]
INFO: [ view_parse ] --END-- [ RunTime:0.016001s ]
INFO: [ view_filter ] --START--
INFO: Run Behavior\WriteHtmlCacheBehavior [ RunTime:0.000000s ]
INFO: [ view_filter ] --END-- [ RunTime:0.000000s ]
INFO: [ app_end ] --START--
INFO: Run Behavior\ShowPageTraceBehavior [ RunTime:0.000000s ]
INFO: [ app_end ] --END-- [ RunTime:0.000000s ]

[ 2016-12-06T17:41:21+08:00 ] 127.0.0.1 /admina/login/
INFO: [ app_init ] --START--
INFO: Run Behavior\BuildLiteBehavior [ RunTime:0.000000s ]
INFO: [ app_init ] --END-- [ RunTime:0.001000s ]
INFO: [ app_begin ] --START--
INFO: Run Behavior\ReadHtmlCacheBehavior [ RunTime:0.001001s ]
INFO: [ app_begin ] --END-- [ RunTime:0.001001s ]
NOTIC: [8] A session had already been started - ignoring session_start() F:\WWW\polar.chengjian.com\core\ThinkPHP\Common\functions.php 第 1263 行.
SQL: SHOW COLUMNS FROM `config` [ RunTime:0.0060s ]
SQL: SELECT * FROM `config` WHERE `id` = 'sys_name' LIMIT 1   [ RunTime:0.0000s ]
SQL: SELECT * FROM `config` WHERE `id` = 'sys_name' LIMIT 1   [ RunTime:0.0010s ]

[ 2016-12-06T17:41:21+08:00 ] 127.0.0.1 /admina/
INFO: [ app_init ] --START--
INFO: Run Behavior\BuildLiteBehavior [ RunTime:0.000000s ]
INFO: [ app_init ] --END-- [ RunTime:0.000000s ]
INFO: [ app_begin ] --START--
INFO: Run Behavior\ReadHtmlCacheBehavior [ RunTime:0.000000s ]
INFO: [ app_begin ] --END-- [ RunTime:0.000000s ]
NOTIC: [8] A session had already been started - ignoring session_start() F:\WWW\polar.chengjian.com\core\ThinkPHP\Common\functions.php 第 1263 行.
NOTIC: [2] Missing argument 1 for Think\Controller::show(), called in F:\WWW\polar.chengjian.com\core\Application\Admin\Controller\IndexController.class.php on line 16 and defined F:\WWW\polar.chengjian.com\core\ThinkPHP\Library\Think\Controller.class.php 第 68 行.
NOTIC: [8] Undefined variable: content F:\WWW\polar.chengjian.com\core\ThinkPHP\Library\Think\Controller.class.php 第 69 行.
INFO: [ view_parse ] --START--
INFO: [ template_filter ] --START--
INFO: Run Behavior\ContentReplaceBehavior [ RunTime:0.000000s ]
INFO: [ template_filter ] --END-- [ RunTime:0.000000s ]
INFO: Run Behavior\ParseTemplateBehavior [ RunTime:0.044003s ]
INFO: [ view_parse ] --END-- [ RunTime:0.044003s ]
INFO: [ view_filter ] --START--
INFO: Run Behavior\WriteHtmlCacheBehavior [ RunTime:0.000000s ]
INFO: [ view_filter ] --END-- [ RunTime:0.000000s ]
INFO: [ app_end ] --START--
INFO: Run Behavior\ShowPageTraceBehavior [ RunTime:0.001000s ]
INFO: [ app_end ] --END-- [ RunTime:0.001000s ]

[ 2016-12-06T17:41:22+08:00 ] 127.0.0.1 /admina/?g=Admin&c=Index&a=tpl&tpl=tools.header
INFO: [ app_init ] --START--
INFO: Run Behavior\BuildLiteBehavior [ RunTime:0.000000s ]
INFO: [ app_init ] --END-- [ RunTime:0.000000s ]
INFO: [ app_begin ] --START--
INFO: Run Behavior\ReadHtmlCacheBehavior [ RunTime:0.000000s ]
INFO: [ app_begin ] --END-- [ RunTime:0.001000s ]
NOTIC: [8] A session had already been started - ignoring session_start() F:\WWW\polar.chengjian.com\core\ThinkPHP\Common\functions.php 第 1263 行.
INFO: [ view_parse ] --START--
INFO: [ template_filter ] --START--
INFO: Run Behavior\ContentReplaceBehavior [ RunTime:0.000000s ]
INFO: [ template_filter ] --END-- [ RunTime:0.000000s ]
INFO: Run Behavior\ParseTemplateBehavior [ RunTime:0.030002s ]
INFO: [ view_parse ] --END-- [ RunTime:0.030002s ]
INFO: [ view_filter ] --START--
INFO: Run Behavior\WriteHtmlCacheBehavior [ RunTime:0.000000s ]
INFO: [ view_filter ] --END-- [ RunTime:0.000000s ]
INFO: [ app_end ] --START--
INFO: Run Behavior\ShowPageTraceBehavior [ RunTime:0.001000s ]
INFO: [ app_end ] --END-- [ RunTime:0.001000s ]

[ 2016-12-06T17:41:22+08:00 ] 127.0.0.1 /admina/?g=Admin&c=Index&a=tpl&tpl=tools.footer
INFO: [ app_init ] --START--
INFO: Run Behavior\BuildLiteBehavior [ RunTime:0.000000s ]
INFO: [ app_init ] --END-- [ RunTime:0.000000s ]
INFO: [ app_begin ] --START--
INFO: Run Behavior\ReadHtmlCacheBehavior [ RunTime:0.001000s ]
INFO: [ app_begin ] --END-- [ RunTime:0.001000s ]
NOTIC: [8] A session had already been started - ignoring session_start() F:\WWW\polar.chengjian.com\core\ThinkPHP\Common\functions.php 第 1263 行.
INFO: [ view_parse ] --START--
INFO: [ template_filter ] --START--
INFO: Run Behavior\ContentReplaceBehavior [ RunTime:0.000000s ]
INFO: [ template_filter ] --END-- [ RunTime:0.000000s ]
INFO: Run Behavior\ParseTemplateBehavior [ RunTime:0.007000s ]
INFO: [ view_parse ] --END-- [ RunTime:0.007000s ]
INFO: [ view_filter ] --START--
INFO: Run Behavior\WriteHtmlCacheBehavior [ RunTime:0.000000s ]
INFO: [ view_filter ] --END-- [ RunTime:0.000000s ]
INFO: [ app_end ] --START--
INFO: Run Behavior\ShowPageTraceBehavior [ RunTime:0.001000s ]
INFO: [ app_end ] --END-- [ RunTime:0.001000s ]

[ 2016-12-06T17:41:22+08:00 ] 127.0.0.1 /admina/?g=Admin&c=Index&a=tpl&tpl=config.conf
INFO: [ app_init ] --START--
INFO: Run Behavior\BuildLiteBehavior [ RunTime:0.000000s ]
INFO: [ app_init ] --END-- [ RunTime:0.000000s ]
INFO: [ app_begin ] --START--
INFO: Run Behavior\ReadHtmlCacheBehavior [ RunTime:0.001000s ]
INFO: [ app_begin ] --END-- [ RunTime:0.001000s ]
NOTIC: [8] A session had already been started - ignoring session_start() F:\WWW\polar.chengjian.com\core\ThinkPHP\Common\functions.php 第 1263 行.
INFO: [ view_parse ] --START--
INFO: [ template_filter ] --START--
INFO: Run Behavior\ContentReplaceBehavior [ RunTime:0.000000s ]
INFO: [ template_filter ] --END-- [ RunTime:0.000000s ]
INFO: Run Behavior\ParseTemplateBehavior [ RunTime:0.044003s ]
INFO: [ view_parse ] --END-- [ RunTime:0.044003s ]
INFO: [ view_filter ] --START--
INFO: Run Behavior\WriteHtmlCacheBehavior [ RunTime:0.000000s ]
INFO: [ view_filter ] --END-- [ RunTime:0.000000s ]
INFO: [ app_end ] --START--
INFO: Run Behavior\ShowPageTraceBehavior [ RunTime:0.001000s ]
INFO: [ app_end ] --END-- [ RunTime:0.001000s ]

[ 2016-12-06T17:41:22+08:00 ] 127.0.0.1 /admina/?g=Admin&c=Index&a=tpl&tpl=tools.sidebar
INFO: [ app_init ] --START--
INFO: Run Behavior\BuildLiteBehavior [ RunTime:0.000000s ]
INFO: [ app_init ] --END-- [ RunTime:0.000000s ]
INFO: [ app_begin ] --START--
INFO: Run Behavior\ReadHtmlCacheBehavior [ RunTime:0.001001s ]
INFO: [ app_begin ] --END-- [ RunTime:0.001001s ]
NOTIC: [8] A session had already been started - ignoring session_start() F:\WWW\polar.chengjian.com\core\ThinkPHP\Common\functions.php 第 1263 行.
INFO: [ view_parse ] --START--
INFO: [ template_filter ] --START--
INFO: Run Behavior\ContentReplaceBehavior [ RunTime:0.000000s ]
INFO: [ template_filter ] --END-- [ RunTime:0.000000s ]
SQL: SHOW COLUMNS FROM `catalogs` [ RunTime:0.0070s ]
NOTIC: [2] Missing argument 1 for Common\Model\CatalogsModel::tree(), called in F:\WWW\polar.chengjian.com\core\Application\Runtime\Cache\Admin\949879d57527b0d14257ac2bd35b61bf.php on line 28 and defined F:\WWW\polar.chengjian.com\core\Application\Common\Model\CatalogsModel.class.php 第 21 行.
SQL: SELECT `id`,`title`,`pid`,`level`,`type`,`actionurl`,`entitle` FROM `catalogs`  [ RunTime:0.0010s ]
NOTIC: [8] Undefined variable: p F:\WWW\polar.chengjian.com\core\Application\Common\Model\CatalogsModel.class.php 第 23 行.
NOTIC: [8] Undefined index: son F:\WWW\polar.chengjian.com\core\Application\Runtime\Cache\Admin\949879d57527b0d14257ac2bd35b61bf.php 第 28 行.
NOTIC: [8] Undefined index: son F:\WWW\polar.chengjian.com\core\Application\Runtime\Cache\Admin\949879d57527b0d14257ac2bd35b61bf.php 第 28 行.
NOTIC: [8] Undefined index: son F:\WWW\polar.chengjian.com\core\Application\Runtime\Cache\Admin\949879d57527b0d14257ac2bd35b61bf.php 第 28 行.
NOTIC: [8] Undefined index: son F:\WWW\polar.chengjian.com\core\Application\Runtime\Cache\Admin\949879d57527b0d14257ac2bd35b61bf.php 第 28 行.
NOTIC: [8] Undefined index: son F:\WWW\polar.chengjian.com\core\Application\Runtime\Cache\Admin\949879d57527b0d14257ac2bd35b61bf.php 第 28 行.
NOTIC: [8] Undefined index: son F:\WWW\polar.chengjian.com\core\Application\Runtime\Cache\Admin\949879d57527b0d14257ac2bd35b61bf.php 第 28 行.
NOTIC: [8] Undefined index: id F:\WWW\polar.chengjian.com\core\Application\Runtime\Cache\Admin\949879d57527b0d14257ac2bd35b61bf.php 第 28 行.
NOTIC: [8] Undefined index: son F:\WWW\polar.chengjian.com\core\Application\Runtime\Cache\Admin\949879d57527b0d14257ac2bd35b61bf.php 第 28 行.
NOTIC: [8] Undefined index: son F:\WWW\polar.chengjian.com\core\Application\Runtime\Cache\Admin\949879d57527b0d14257ac2bd35b61bf.php 第 28 行.
INFO: Run Behavior\ParseTemplateBehavior [ RunTime:0.048002s ]
INFO: [ view_parse ] --END-- [ RunTime:0.048002s ]
INFO: [ view_filter ] --START--
INFO: Run Behavior\WriteHtmlCacheBehavior [ RunTime:0.001000s ]
INFO: [ view_filter ] --END-- [ RunTime:0.001000s ]
INFO: [ app_end ] --START--
INFO: Run Behavior\ShowPageTraceBehavior [ RunTime:0.000000s ]
INFO: [ app_end ] --END-- [ RunTime:0.000000s ]

[ 2016-12-06T17:41:22+08:00 ] 127.0.0.1 /admina/?m=Manager&c=Data&a=g&_m=Config&_a=gs&lang=zh
INFO: [ app_init ] --START--
INFO: Run Behavior\BuildLiteBehavior [ RunTime:0.000000s ]
INFO: [ app_init ] --END-- [ RunTime:0.000000s ]
INFO: [ app_begin ] --START--
INFO: Run Behavior\ReadHtmlCacheBehavior [ RunTime:0.001000s ]
INFO: [ app_begin ] --END-- [ RunTime:0.001000s ]
NOTIC: [8] A session had already been started - ignoring session_start() F:\WWW\polar.chengjian.com\core\ThinkPHP\Common\functions.php 第 1263 行.
SQL: SHOW COLUMNS FROM `config` [ RunTime:0.0080s ]
SQL: SELECT `id`,zh as value FROM `config`  [ RunTime:0.0140s ]

[ 2016-12-06T17:41:22+08:00 ] 127.0.0.1 /admina/?g=Admin&c=Index&a=tpl&tpl=directive.fgImgUpload
INFO: [ app_init ] --START--
INFO: Run Behavior\BuildLiteBehavior [ RunTime:0.000000s ]
INFO: [ app_init ] --END-- [ RunTime:0.000000s ]
INFO: [ app_begin ] --START--
INFO: Run Behavior\ReadHtmlCacheBehavior [ RunTime:0.000000s ]
INFO: [ app_begin ] --END-- [ RunTime:0.000000s ]
NOTIC: [8] A session had already been started - ignoring session_start() F:\WWW\polar.chengjian.com\core\ThinkPHP\Common\functions.php 第 1263 行.
INFO: [ view_parse ] --START--
INFO: [ template_filter ] --START--
INFO: Run Behavior\ContentReplaceBehavior [ RunTime:0.000000s ]
INFO: [ template_filter ] --END-- [ RunTime:0.000000s ]
INFO: Run Behavior\ParseTemplateBehavior [ RunTime:0.025001s ]
INFO: [ view_parse ] --END-- [ RunTime:0.025001s ]
INFO: [ view_filter ] --START--
INFO: Run Behavior\WriteHtmlCacheBehavior [ RunTime:0.001000s ]
INFO: [ view_filter ] --END-- [ RunTime:0.001000s ]
INFO: [ app_end ] --START--
INFO: Run Behavior\ShowPageTraceBehavior [ RunTime:0.000000s ]
INFO: [ app_end ] --END-- [ RunTime:0.000000s ]

[ 2016-12-06T17:41:24+08:00 ] 127.0.0.1 /admina/?g=Admin&c=Index&a=tpl&tpl=catalogs.arcs
INFO: [ app_init ] --START--
INFO: Run Behavior\BuildLiteBehavior [ RunTime:0.000000s ]
INFO: [ app_init ] --END-- [ RunTime:0.000000s ]
INFO: [ app_begin ] --START--
INFO: Run Behavior\ReadHtmlCacheBehavior [ RunTime:0.000000s ]
INFO: [ app_begin ] --END-- [ RunTime:0.000000s ]
NOTIC: [8] A session had already been started - ignoring session_start() F:\WWW\polar.chengjian.com\core\ThinkPHP\Common\functions.php 第 1263 行.
INFO: [ view_parse ] --START--
INFO: [ template_filter ] --START--
INFO: Run Behavior\ContentReplaceBehavior [ RunTime:0.000000s ]
INFO: [ template_filter ] --END-- [ RunTime:0.000000s ]
INFO: Run Behavior\ParseTemplateBehavior [ RunTime:0.005001s ]
INFO: [ view_parse ] --END-- [ RunTime:0.005001s ]
INFO: [ view_filter ] --START--
INFO: Run Behavior\WriteHtmlCacheBehavior [ RunTime:0.001000s ]
INFO: [ view_filter ] --END-- [ RunTime:0.001000s ]
INFO: [ app_end ] --START--
INFO: Run Behavior\ShowPageTraceBehavior [ RunTime:0.000000s ]
INFO: [ app_end ] --END-- [ RunTime:0.000000s ]

[ 2016-12-06T17:41:24+08:00 ] 127.0.0.1 /admina/?g=Admin&c=Index&a=tpl&tpl=directive.datatable
INFO: [ app_init ] --START--
INFO: Run Behavior\BuildLiteBehavior [ RunTime:0.000000s ]
INFO: [ app_init ] --END-- [ RunTime:0.000000s ]
INFO: [ app_begin ] --START--
INFO: Run Behavior\ReadHtmlCacheBehavior [ RunTime:0.000000s ]
INFO: [ app_begin ] --END-- [ RunTime:0.001000s ]
NOTIC: [8] A session had already been started - ignoring session_start() F:\WWW\polar.chengjian.com\core\ThinkPHP\Common\functions.php 第 1263 行.
INFO: [ view_parse ] --START--
INFO: [ template_filter ] --START--
INFO: Run Behavior\ContentReplaceBehavior [ RunTime:0.000000s ]
INFO: [ template_filter ] --END-- [ RunTime:0.000000s ]
INFO: Run Behavior\ParseTemplateBehavior [ RunTime:0.008000s ]
INFO: [ view_parse ] --END-- [ RunTime:0.008000s ]
INFO: [ view_filter ] --START--
INFO: Run Behavior\WriteHtmlCacheBehavior [ RunTime:0.001000s ]
INFO: [ view_filter ] --END-- [ RunTime:0.001000s ]
INFO: [ app_end ] --START--
INFO: Run Behavior\ShowPageTraceBehavior [ RunTime:0.000000s ]
INFO: [ app_end ] --END-- [ RunTime:0.000000s ]

[ 2016-12-06T17:41:24+08:00 ] 127.0.0.1 /admina/?m=Manager&c=Data&a=g&_m=Arcs&_a=ajaxTable&catalog_id=43&lang=zh&length=10&page=1&start=0
INFO: [ app_init ] --START--
INFO: Run Behavior\BuildLiteBehavior [ RunTime:0.000000s ]
INFO: [ app_init ] --END-- [ RunTime:0.000000s ]
INFO: [ app_begin ] --START--
INFO: Run Behavior\ReadHtmlCacheBehavior [ RunTime:0.001000s ]
INFO: [ app_begin ] --END-- [ RunTime:0.001000s ]
NOTIC: [8] A session had already been started - ignoring session_start() F:\WWW\polar.chengjian.com\core\ThinkPHP\Common\functions.php 第 1263 行.
NOTIC: [2048] Declaration of Common\Model\ArcsModel::ajaxTable() should be compatible with Common\Model\ManagerModel::ajaxTable($params = Array) F:\WWW\polar.chengjian.com\core\Application\Common\Model\ArcsModel.class.php 第 4 行.
SQL: SHOW COLUMNS FROM `arcs` [ RunTime:0.0090s ]
NOTIC: [8] Undefined index: fields F:\WWW\polar.chengjian.com\core\Application\Common\Model\ManagerModel.class.php 第 109 行.
NOTIC: [8] Undefined index: searchparams F:\WWW\polar.chengjian.com\core\Application\Common\Model\ManagerModel.class.php 第 123 行.
SQL: SELECT * FROM `arcs` WHERE `catalog_id` = 43 AND `lang` = 'zh' LIMIT 0,10   [ RunTime:0.0000s ]
NOTIC: [8] Undefined index: group F:\WWW\polar.chengjian.com\core\Application\Common\Model\ManagerModel.class.php 第 155 行.
SQL: SELECT COUNT(*) AS tp_count FROM `arcs` WHERE `catalog_id` = 43 AND `lang` = 'zh' LIMIT 1   [ RunTime:0.0000s ]

[ 2016-12-06T17:41:25+08:00 ] 127.0.0.1 /admina/?m=Manager&c=Data&a=g&_m=Arcs&_a=ajaxTable&catalog_id=46&lang=zh&length=10&page=1&start=0
INFO: [ app_init ] --START--
INFO: Run Behavior\BuildLiteBehavior [ RunTime:0.000000s ]
INFO: [ app_init ] --END-- [ RunTime:0.000000s ]
INFO: [ app_begin ] --START--
INFO: Run Behavior\ReadHtmlCacheBehavior [ RunTime:0.000000s ]
INFO: [ app_begin ] --END-- [ RunTime:0.000000s ]
NOTIC: [8] A session had already been started - ignoring session_start() F:\WWW\polar.chengjian.com\core\ThinkPHP\Common\functions.php 第 1263 行.
NOTIC: [2048] Declaration of Common\Model\ArcsModel::ajaxTable() should be compatible with Common\Model\ManagerModel::ajaxTable($params = Array) F:\WWW\polar.chengjian.com\core\Application\Common\Model\ArcsModel.class.php 第 4 行.
SQL: SHOW COLUMNS FROM `arcs` [ RunTime:0.0070s ]
NOTIC: [8] Undefined index: fields F:\WWW\polar.chengjian.com\core\Application\Common\Model\ManagerModel.class.php 第 109 行.
NOTIC: [8] Undefined index: searchparams F:\WWW\polar.chengjian.com\core\Application\Common\Model\ManagerModel.class.php 第 123 行.
SQL: SELECT * FROM `arcs` WHERE `catalog_id` = 46 AND `lang` = 'zh' LIMIT 0,10   [ RunTime:0.0000s ]
NOTIC: [8] Undefined index: group F:\WWW\polar.chengjian.com\core\Application\Common\Model\ManagerModel.class.php 第 155 行.
SQL: SELECT COUNT(*) AS tp_count FROM `arcs` WHERE `catalog_id` = 46 AND `lang` = 'zh' LIMIT 1   [ RunTime:0.0000s ]

[ 2016-12-06T17:41:28+08:00 ] 127.0.0.1 /admina/?g=Admin&c=Index&a=tpl&tpl=catalogs.single
INFO: [ app_init ] --START--
INFO: Run Behavior\BuildLiteBehavior [ RunTime:0.000000s ]
INFO: [ app_init ] --END-- [ RunTime:0.000000s ]
INFO: [ app_begin ] --START--
INFO: Run Behavior\ReadHtmlCacheBehavior [ RunTime:0.000000s ]
INFO: [ app_begin ] --END-- [ RunTime:0.000000s ]
NOTIC: [8] A session had already been started - ignoring session_start() F:\WWW\polar.chengjian.com\core\ThinkPHP\Common\functions.php 第 1263 行.
INFO: [ view_parse ] --START--
INFO: [ template_filter ] --START--
INFO: Run Behavior\ContentReplaceBehavior [ RunTime:0.000000s ]
INFO: [ template_filter ] --END-- [ RunTime:0.001000s ]
INFO: Run Behavior\ParseTemplateBehavior [ RunTime:0.007001s ]
INFO: [ view_parse ] --END-- [ RunTime:0.007001s ]
INFO: [ view_filter ] --START--
INFO: Run Behavior\WriteHtmlCacheBehavior [ RunTime:0.000000s ]
INFO: [ view_filter ] --END-- [ RunTime:0.000000s ]
INFO: [ app_end ] --START--
INFO: Run Behavior\ShowPageTraceBehavior [ RunTime:0.001000s ]
INFO: [ app_end ] --END-- [ RunTime:0.001000s ]

[ 2016-12-06T17:41:28+08:00 ] 127.0.0.1 /admina/?m=Manager&c=Data&a=p&_m=Catalogs&_a=getOne
INFO: [ app_init ] --START--
INFO: Run Behavior\BuildLiteBehavior [ RunTime:0.000000s ]
INFO: [ app_init ] --END-- [ RunTime:0.000000s ]
INFO: [ app_begin ] --START--
INFO: Run Behavior\ReadHtmlCacheBehavior [ RunTime:0.001000s ]
INFO: [ app_begin ] --END-- [ RunTime:0.001000s ]
NOTIC: [8] A session had already been started - ignoring session_start() F:\WWW\polar.chengjian.com\core\ThinkPHP\Common\functions.php 第 1263 行.
SQL: SHOW COLUMNS FROM `catalogs` [ RunTime:0.0070s ]
SQL: SELECT * FROM `catalogs` WHERE `id` = 36 LIMIT 1   [ RunTime:0.0000s ]

[ 2016-12-06T17:41:28+08:00 ] 127.0.0.1 /admina/
INFO: [ app_init ] --START--
INFO: Run Behavior\BuildLiteBehavior [ RunTime:0.000000s ]
INFO: [ app_init ] --END-- [ RunTime:0.000000s ]
INFO: [ app_begin ] --START--
INFO: Run Behavior\ReadHtmlCacheBehavior [ RunTime:0.001000s ]
INFO: [ app_begin ] --END-- [ RunTime:0.001000s ]
NOTIC: [8] A session had already been started - ignoring session_start() F:\WWW\polar.chengjian.com\core\ThinkPHP\Common\functions.php 第 1263 行.
NOTIC: [2] Missing argument 1 for Think\Controller::show(), called in F:\WWW\polar.chengjian.com\core\Application\Admin\Controller\IndexController.class.php on line 16 and defined F:\WWW\polar.chengjian.com\core\ThinkPHP\Library\Think\Controller.class.php 第 68 行.
NOTIC: [8] Undefined variable: content F:\WWW\polar.chengjian.com\core\ThinkPHP\Library\Think\Controller.class.php 第 69 行.
INFO: [ view_parse ] --START--
INFO: [ template_filter ] --START--
INFO: Run Behavior\ContentReplaceBehavior [ RunTime:0.000000s ]
INFO: [ template_filter ] --END-- [ RunTime:0.000000s ]
INFO: Run Behavior\ParseTemplateBehavior [ RunTime:0.008000s ]
INFO: [ view_parse ] --END-- [ RunTime:0.008000s ]
INFO: [ view_filter ] --START--
INFO: Run Behavior\WriteHtmlCacheBehavior [ RunTime:0.000000s ]
INFO: [ view_filter ] --END-- [ RunTime:0.000000s ]
INFO: [ app_end ] --START--
INFO: Run Behavior\ShowPageTraceBehavior [ RunTime:0.001000s ]
INFO: [ app_end ] --END-- [ RunTime:0.001000s ]

[ 2016-12-06T17:41:29+08:00 ] 127.0.0.1 /admina/?m=Manager&c=Data&a=p&_m=Catalogs&_a=getOne
INFO: [ app_init ] --START--
INFO: Run Behavior\BuildLiteBehavior [ RunTime:0.000000s ]
INFO: [ app_init ] --END-- [ RunTime:0.000000s ]
INFO: [ app_begin ] --START--
INFO: Run Behavior\ReadHtmlCacheBehavior [ RunTime:0.000000s ]
INFO: [ app_begin ] --END-- [ RunTime:0.000000s ]
NOTIC: [8] A session had already been started - ignoring session_start() F:\WWW\polar.chengjian.com\core\ThinkPHP\Common\functions.php 第 1263 行.
SQL: SHOW COLUMNS FROM `catalogs` [ RunTime:0.0080s ]
SQL: SELECT * FROM `catalogs` WHERE `id` = 35 LIMIT 1   [ RunTime:0.0170s ]

[ 2016-12-06T17:41:29+08:00 ] 127.0.0.1 /admina/
INFO: [ app_init ] --START--
INFO: Run Behavior\BuildLiteBehavior [ RunTime:0.000000s ]
INFO: [ app_init ] --END-- [ RunTime:0.000000s ]
INFO: [ app_begin ] --START--
INFO: Run Behavior\ReadHtmlCacheBehavior [ RunTime:0.000000s ]
INFO: [ app_begin ] --END-- [ RunTime:0.000000s ]
NOTIC: [8] A session had already been started - ignoring session_start() F:\WWW\polar.chengjian.com\core\ThinkPHP\Common\functions.php 第 1263 行.
NOTIC: [2] Missing argument 1 for Think\Controller::show(), called in F:\WWW\polar.chengjian.com\core\Application\Admin\Controller\IndexController.class.php on line 16 and defined F:\WWW\polar.chengjian.com\core\ThinkPHP\Library\Think\Controller.class.php 第 68 行.
NOTIC: [8] Undefined variable: content F:\WWW\polar.chengjian.com\core\ThinkPHP\Library\Think\Controller.class.php 第 69 行.
INFO: [ view_parse ] --START--
INFO: [ template_filter ] --START--
INFO: Run Behavior\ContentReplaceBehavior [ RunTime:0.000000s ]
INFO: [ template_filter ] --END-- [ RunTime:0.000000s ]
INFO: Run Behavior\ParseTemplateBehavior [ RunTime:0.007000s ]
INFO: [ view_parse ] --END-- [ RunTime:0.007000s ]
INFO: [ view_filter ] --START--
INFO: Run Behavior\WriteHtmlCacheBehavior [ RunTime:0.001000s ]
INFO: [ view_filter ] --END-- [ RunTime:0.001000s ]
INFO: [ app_end ] --START--
INFO: Run Behavior\ShowPageTraceBehavior [ RunTime:0.001001s ]
INFO: [ app_end ] --END-- [ RunTime:0.001001s ]

[ 2016-12-06T17:41:30+08:00 ] 127.0.0.1 /admina/?m=Manager&c=Data&a=g&_m=Arcs&_a=ajaxTable&catalog_id=11&lang=zh&length=10&page=1&start=0
INFO: [ app_init ] --START--
INFO: Run Behavior\BuildLiteBehavior [ RunTime:0.000000s ]
INFO: [ app_init ] --END-- [ RunTime:0.000000s ]
INFO: [ app_begin ] --START--
INFO: Run Behavior\ReadHtmlCacheBehavior [ RunTime:0.001000s ]
INFO: [ app_begin ] --END-- [ RunTime:0.001000s ]
NOTIC: [8] A session had already been started - ignoring session_start() F:\WWW\polar.chengjian.com\core\ThinkPHP\Common\functions.php 第 1263 行.
NOTIC: [2048] Declaration of Common\Model\ArcsModel::ajaxTable() should be compatible with Common\Model\ManagerModel::ajaxTable($params = Array) F:\WWW\polar.chengjian.com\core\Application\Common\Model\ArcsModel.class.php 第 4 行.
SQL: SHOW COLUMNS FROM `arcs` [ RunTime:0.0090s ]
NOTIC: [8] Undefined index: fields F:\WWW\polar.chengjian.com\core\Application\Common\Model\ManagerModel.class.php 第 109 行.
NOTIC: [8] Undefined index: searchparams F:\WWW\polar.chengjian.com\core\Application\Common\Model\ManagerModel.class.php 第 123 行.
SQL: SELECT * FROM `arcs` WHERE `catalog_id` = 11 AND `lang` = 'zh' LIMIT 0,10   [ RunTime:0.0000s ]
NOTIC: [8] Undefined index: group F:\WWW\polar.chengjian.com\core\Application\Common\Model\ManagerModel.class.php 第 155 行.
SQL: SELECT COUNT(*) AS tp_count FROM `arcs` WHERE `catalog_id` = 11 AND `lang` = 'zh' LIMIT 1   [ RunTime:0.0000s ]

[ 2016-12-06T17:41:46+08:00 ] 127.0.0.1 /admina/?m=Manager&c=Data&a=g&_m=Arcs&_a=ajaxTable&catalog_id=52&lang=zh&length=10&page=1&start=0
INFO: [ app_init ] --START--
INFO: Run Behavior\BuildLiteBehavior [ RunTime:0.000000s ]
INFO: [ app_init ] --END-- [ RunTime:0.000000s ]
INFO: [ app_begin ] --START--
INFO: Run Behavior\ReadHtmlCacheBehavior [ RunTime:0.001000s ]
INFO: [ app_begin ] --END-- [ RunTime:0.001000s ]
NOTIC: [8] A session had already been started - ignoring session_start() F:\WWW\polar.chengjian.com\core\ThinkPHP\Common\functions.php 第 1263 行.
NOTIC: [2048] Declaration of Common\Model\ArcsModel::ajaxTable() should be compatible with Common\Model\ManagerModel::ajaxTable($params = Array) F:\WWW\polar.chengjian.com\core\Application\Common\Model\ArcsModel.class.php 第 4 行.
SQL: SHOW COLUMNS FROM `arcs` [ RunTime:0.0130s ]
NOTIC: [8] Undefined index: fields F:\WWW\polar.chengjian.com\core\Application\Common\Model\ManagerModel.class.php 第 109 行.
NOTIC: [8] Undefined index: searchparams F:\WWW\polar.chengjian.com\core\Application\Common\Model\ManagerModel.class.php 第 123 行.
SQL: SELECT * FROM `arcs` WHERE `catalog_id` = 52 AND `lang` = 'zh' LIMIT 0,10   [ RunTime:0.0000s ]
NOTIC: [8] Undefined index: group F:\WWW\polar.chengjian.com\core\Application\Common\Model\ManagerModel.class.php 第 155 行.
SQL: SELECT COUNT(*) AS tp_count FROM `arcs` WHERE `catalog_id` = 52 AND `lang` = 'zh' LIMIT 1   [ RunTime:0.0010s ]

[ 2016-12-06T17:41:47+08:00 ] 127.0.0.1 /admina/?g=Admin&c=Index&a=tpl&tpl=arcs.detail
INFO: [ app_init ] --START--
INFO: Run Behavior\BuildLiteBehavior [ RunTime:0.000000s ]
INFO: [ app_init ] --END-- [ RunTime:0.000000s ]
INFO: [ app_begin ] --START--
INFO: Run Behavior\ReadHtmlCacheBehavior [ RunTime:0.001000s ]
INFO: [ app_begin ] --END-- [ RunTime:0.001000s ]
NOTIC: [8] A session had already been started - ignoring session_start() F:\WWW\polar.chengjian.com\core\ThinkPHP\Common\functions.php 第 1263 行.
INFO: [ view_parse ] --START--
INFO: [ template_filter ] --START--
INFO: Run Behavior\ContentReplaceBehavior [ RunTime:0.000000s ]
INFO: [ template_filter ] --END-- [ RunTime:0.000000s ]
INFO: Run Behavior\ParseTemplateBehavior [ RunTime:0.007000s ]
INFO: [ view_parse ] --END-- [ RunTime:0.007000s ]
INFO: [ view_filter ] --START--
INFO: Run Behavior\WriteHtmlCacheBehavior [ RunTime:0.001000s ]
INFO: [ view_filter ] --END-- [ RunTime:0.001000s ]
INFO: [ app_end ] --START--
INFO: Run Behavior\ShowPageTraceBehavior [ RunTime:0.000000s ]
INFO: [ app_end ] --END-- [ RunTime:0.000000s ]

[ 2016-12-06T17:41:47+08:00 ] 127.0.0.1 /admina/?m=Manager&c=Data&a=g&_m=Arcs&_a=getOne&id=0&lang=zh
INFO: [ app_init ] --START--
INFO: Run Behavior\BuildLiteBehavior [ RunTime:0.000000s ]
INFO: [ app_init ] --END-- [ RunTime:0.000000s ]
INFO: [ app_begin ] --START--
INFO: Run Behavior\ReadHtmlCacheBehavior [ RunTime:0.000000s ]
INFO: [ app_begin ] --END-- [ RunTime:0.000000s ]
NOTIC: [8] A session had already been started - ignoring session_start() F:\WWW\polar.chengjian.com\core\ThinkPHP\Common\functions.php 第 1263 行.
NOTIC: [2048] Declaration of Common\Model\ArcsModel::ajaxTable() should be compatible with Common\Model\ManagerModel::ajaxTable($params = Array) F:\WWW\polar.chengjian.com\core\Application\Common\Model\ArcsModel.class.php 第 4 行.
SQL: SHOW COLUMNS FROM `arcs` [ RunTime:0.0080s ]

[ 2016-12-06T17:41:47+08:00 ] 127.0.0.1 /admina/?m=Manager&c=Data&a=g&_m=Catalogs&_a=selectOptions&lang=zh&type=arcs
INFO: [ app_init ] --START--
INFO: Run Behavior\BuildLiteBehavior [ RunTime:0.000000s ]
INFO: [ app_init ] --END-- [ RunTime:0.000000s ]
INFO: [ app_begin ] --START--
INFO: Run Behavior\ReadHtmlCacheBehavior [ RunTime:0.000000s ]
INFO: [ app_begin ] --END-- [ RunTime:0.000000s ]
NOTIC: [8] A session had already been started - ignoring session_start() F:\WWW\polar.chengjian.com\core\ThinkPHP\Common\functions.php 第 1263 行.
SQL: SHOW COLUMNS FROM `catalogs` [ RunTime:0.0110s ]
SQL: SELECT `id`,`title`,`pid`,`level`,`type`,`entitle` FROM `catalogs` WHERE (   find_in_set('arcs',type)  )  [ RunTime:0.0280s ]

[ 2016-12-06T17:41:47+08:00 ] 127.0.0.1 /admina/
INFO: [ app_init ] --START--
INFO: Run Behavior\BuildLiteBehavior [ RunTime:0.000000s ]
INFO: [ app_init ] --END-- [ RunTime:0.000000s ]
INFO: [ app_begin ] --START--
INFO: Run Behavior\ReadHtmlCacheBehavior [ RunTime:0.001000s ]
INFO: [ app_begin ] --END-- [ RunTime:0.001000s ]
NOTIC: [8] A session had already been started - ignoring session_start() F:\WWW\polar.chengjian.com\core\ThinkPHP\Common\functions.php 第 1263 行.
NOTIC: [2] Missing argument 1 for Think\Controller::show(), called in F:\WWW\polar.chengjian.com\core\Application\Admin\Controller\IndexController.class.php on line 16 and defined F:\WWW\polar.chengjian.com\core\ThinkPHP\Library\Think\Controller.class.php 第 68 行.
NOTIC: [8] Undefined variable: content F:\WWW\polar.chengjian.com\core\ThinkPHP\Library\Think\Controller.class.php 第 69 行.
INFO: [ view_parse ] --START--
INFO: [ template_filter ] --START--
INFO: Run Behavior\ContentReplaceBehavior [ RunTime:0.000000s ]
INFO: [ template_filter ] --END-- [ RunTime:0.000000s ]
INFO: Run Behavior\ParseTemplateBehavior [ RunTime:0.011000s ]
INFO: [ view_parse ] --END-- [ RunTime:0.011000s ]
INFO: [ view_filter ] --START--
INFO: Run Behavior\WriteHtmlCacheBehavior [ RunTime:0.000000s ]
INFO: [ view_filter ] --END-- [ RunTime:0.000000s ]
INFO: [ app_end ] --START--
INFO: Run Behavior\ShowPageTraceBehavior [ RunTime:0.001001s ]
INFO: [ app_end ] --END-- [ RunTime:0.001001s ]

[ 2016-12-06T17:42:00+08:00 ] 127.0.0.1 /admina/?m=Manager&c=Data&a=s&_m=Arcs&_a=rsave
INFO: [ app_init ] --START--
INFO: Run Behavior\BuildLiteBehavior [ RunTime:0.000000s ]
INFO: [ app_init ] --END-- [ RunTime:0.000000s ]
INFO: [ app_begin ] --START--
INFO: Run Behavior\ReadHtmlCacheBehavior [ RunTime:0.001000s ]
INFO: [ app_begin ] --END-- [ RunTime:0.001000s ]
NOTIC: [8] A session had already been started - ignoring session_start() F:\WWW\polar.chengjian.com\core\ThinkPHP\Common\functions.php 第 1263 行.
NOTIC: [2048] Declaration of Common\Model\ArcsModel::ajaxTable() should be compatible with Common\Model\ManagerModel::ajaxTable($params = Array) F:\WWW\polar.chengjian.com\core\Application\Common\Model\ArcsModel.class.php 第 4 行.
SQL: SHOW COLUMNS FROM `arcs` [ RunTime:0.0070s ]
NOTIC: [8] Undefined index: validate F:\WWW\polar.chengjian.com\core\ThinkPHP\Library\Think\Model.class.php 第 1185 行.
NOTIC: [8] Undefined index: auto F:\WWW\polar.chengjian.com\core\ThinkPHP\Library\Think\Model.class.php 第 1128 行.
NOTIC: [8] Undefined index: id F:\WWW\polar.chengjian.com\core\Application\Common\Model\ManagerModel.class.php 第 16 行.
SQL: SHOW COLUMNS FROM `config` [ RunTime:0.0070s ]
SQL: SELECT * FROM `config` WHERE `id` = 'move_day' LIMIT 1   [ RunTime:0.0000s ]
SQL: SELECT * FROM `config` WHERE `id` = 'move_day' LIMIT 1   [ RunTime:0.0010s ]
SQL: INSERT INTO `arcs` (`catalog_id`,`title`,`intro`,`thumb`,`content`,`cdate`,`mdate`,`lang`) VALUES ('52','测试1','测试1测试1','','测试1测试1','1481017320','','zh') [ RunTime:0.0450s ]

[ 2016-12-06T17:42:02+08:00 ] 127.0.0.1 /admina/?m=Manager&c=Data&a=s&_m=Arcs&_a=rsave
INFO: [ app_init ] --START--
INFO: Run Behavior\BuildLiteBehavior [ RunTime:0.000000s ]
INFO: [ app_init ] --END-- [ RunTime:0.000000s ]
INFO: [ app_begin ] --START--
INFO: Run Behavior\ReadHtmlCacheBehavior [ RunTime:0.001000s ]
INFO: [ app_begin ] --END-- [ RunTime:0.001000s ]
NOTIC: [8] A session had already been started - ignoring session_start() F:\WWW\polar.chengjian.com\core\ThinkPHP\Common\functions.php 第 1263 行.
NOTIC: [2048] Declaration of Common\Model\ArcsModel::ajaxTable() should be compatible with Common\Model\ManagerModel::ajaxTable($params = Array) F:\WWW\polar.chengjian.com\core\Application\Common\Model\ArcsModel.class.php 第 4 行.
SQL: SHOW COLUMNS FROM `arcs` [ RunTime:0.0070s ]
NOTIC: [8] Undefined index: validate F:\WWW\polar.chengjian.com\core\ThinkPHP\Library\Think\Model.class.php 第 1185 行.
NOTIC: [8] Undefined index: auto F:\WWW\polar.chengjian.com\core\ThinkPHP\Library\Think\Model.class.php 第 1128 行.
NOTIC: [8] Undefined index: id F:\WWW\polar.chengjian.com\core\Application\Common\Model\ManagerModel.class.php 第 16 行.
SQL: SHOW COLUMNS FROM `config` [ RunTime:0.0060s ]
SQL: SELECT * FROM `config` WHERE `id` = 'move_day' LIMIT 1   [ RunTime:0.0000s ]
SQL: SELECT * FROM `config` WHERE `id` = 'move_day' LIMIT 1   [ RunTime:0.0000s ]
SQL: INSERT INTO `arcs` (`catalog_id`,`title`,`intro`,`thumb`,`content`,`cdate`,`mdate`,`lang`) VALUES ('52','测试1','测试1测试1','','测试1测试1','1481017322','','zh') [ RunTime:0.0000s ]

[ 2016-12-06T17:42:10+08:00 ] 127.0.0.1 /admina/?m=Manager&c=Data&a=g&_m=Arcs&_a=ajaxTable&catalog_id=52&lang=zh&length=10&page=1&start=0
INFO: [ app_init ] --START--
INFO: Run Behavior\BuildLiteBehavior [ RunTime:0.000000s ]
INFO: [ app_init ] --END-- [ RunTime:0.000000s ]
INFO: [ app_begin ] --START--
INFO: Run Behavior\ReadHtmlCacheBehavior [ RunTime:0.000000s ]
INFO: [ app_begin ] --END-- [ RunTime:0.000000s ]
NOTIC: [8] A session had already been started - ignoring session_start() F:\WWW\polar.chengjian.com\core\ThinkPHP\Common\functions.php 第 1263 行.
NOTIC: [2048] Declaration of Common\Model\ArcsModel::ajaxTable() should be compatible with Common\Model\ManagerModel::ajaxTable($params = Array) F:\WWW\polar.chengjian.com\core\Application\Common\Model\ArcsModel.class.php 第 4 行.
SQL: SHOW COLUMNS FROM `arcs` [ RunTime:0.0100s ]
NOTIC: [8] Undefined index: fields F:\WWW\polar.chengjian.com\core\Application\Common\Model\ManagerModel.class.php 第 109 行.
NOTIC: [8] Undefined index: searchparams F:\WWW\polar.chengjian.com\core\Application\Common\Model\ManagerModel.class.php 第 123 行.
SQL: SELECT * FROM `arcs` WHERE `catalog_id` = 52 AND `lang` = 'zh' LIMIT 0,10   [ RunTime:0.0010s ]
NOTIC: [8] Undefined index: group F:\WWW\polar.chengjian.com\core\Application\Common\Model\ManagerModel.class.php 第 155 行.
SQL: SELECT COUNT(*) AS tp_count FROM `arcs` WHERE `catalog_id` = 52 AND `lang` = 'zh' LIMIT 1   [ RunTime:0.0000s ]

[ 2016-12-06T17:42:13+08:00 ] 127.0.0.1 /admina/?m=Manager&c=Data&a=p&_m=Arcs&_a=operAction
INFO: [ app_init ] --START--
INFO: Run Behavior\BuildLiteBehavior [ RunTime:0.000000s ]
INFO: [ app_init ] --END-- [ RunTime:0.000000s ]
INFO: [ app_begin ] --START--
INFO: Run Behavior\ReadHtmlCacheBehavior [ RunTime:0.000000s ]
INFO: [ app_begin ] --END-- [ RunTime:0.000000s ]
NOTIC: [8] A session had already been started - ignoring session_start() F:\WWW\polar.chengjian.com\core\ThinkPHP\Common\functions.php 第 1263 行.
NOTIC: [2048] Declaration of Common\Model\ArcsModel::ajaxTable() should be compatible with Common\Model\ManagerModel::ajaxTable($params = Array) F:\WWW\polar.chengjian.com\core\Application\Common\Model\ArcsModel.class.php 第 4 行.
SQL: SHOW COLUMNS FROM `arcs` [ RunTime:0.0060s ]
SQL: SELECT * FROM `arcs` WHERE `id` IN ('33','34')  [ RunTime:0.0240s ]
SQL: INSERT INTO `arcs` (`catalog_id`,`title`,`intro`,`thumb`,`content`,`cdate`,`mdate`,`lang`) VALUES ('52','测试1','测试1测试1','','测试1测试1','1481017320','','zh') [ RunTime:0.0000s ]
SQL: INSERT INTO `arcs` (`catalog_id`,`title`,`intro`,`thumb`,`content`,`cdate`,`mdate`,`lang`) VALUES ('52','测试1','测试1测试1','','测试1测试1','1481017322','','zh') [ RunTime:0.0000s ]

[ 2016-12-06T17:42:13+08:00 ] 127.0.0.1 /admina/?m=Manager&c=Data&a=g&_m=Arcs&_a=ajaxTable&catalog_id=52&lang=zh&length=10&page=1&start=0
INFO: [ app_init ] --START--
INFO: Run Behavior\BuildLiteBehavior [ RunTime:0.000000s ]
INFO: [ app_init ] --END-- [ RunTime:0.000000s ]
INFO: [ app_begin ] --START--
INFO: Run Behavior\ReadHtmlCacheBehavior [ RunTime:0.001000s ]
INFO: [ app_begin ] --END-- [ RunTime:0.001000s ]
NOTIC: [8] A session had already been started - ignoring session_start() F:\WWW\polar.chengjian.com\core\ThinkPHP\Common\functions.php 第 1263 行.
NOTIC: [2048] Declaration of Common\Model\ArcsModel::ajaxTable() should be compatible with Common\Model\ManagerModel::ajaxTable($params = Array) F:\WWW\polar.chengjian.com\core\Application\Common\Model\ArcsModel.class.php 第 4 行.
SQL: SHOW COLUMNS FROM `arcs` [ RunTime:0.0080s ]
NOTIC: [8] Undefined index: fields F:\WWW\polar.chengjian.com\core\Application\Common\Model\ManagerModel.class.php 第 109 行.
NOTIC: [8] Undefined index: searchparams F:\WWW\polar.chengjian.com\core\Application\Common\Model\ManagerModel.class.php 第 123 行.
SQL: SELECT * FROM `arcs` WHERE `catalog_id` = 52 AND `lang` = 'zh' LIMIT 0,10   [ RunTime:0.0000s ]
NOTIC: [8] Undefined index: group F:\WWW\polar.chengjian.com\core\Application\Common\Model\ManagerModel.class.php 第 155 行.
SQL: SELECT COUNT(*) AS tp_count FROM `arcs` WHERE `catalog_id` = 52 AND `lang` = 'zh' LIMIT 1   [ RunTime:0.0000s ]

[ 2016-12-06T17:42:15+08:00 ] 127.0.0.1 /admina/?m=Manager&c=Data&a=p&_m=Arcs&_a=operAction
INFO: [ app_init ] --START--
INFO: Run Behavior\BuildLiteBehavior [ RunTime:0.000000s ]
INFO: [ app_init ] --END-- [ RunTime:0.000000s ]
INFO: [ app_begin ] --START--
INFO: Run Behavior\ReadHtmlCacheBehavior [ RunTime:0.000000s ]
INFO: [ app_begin ] --END-- [ RunTime:0.000000s ]
NOTIC: [8] A session had already been started - ignoring session_start() F:\WWW\polar.chengjian.com\core\ThinkPHP\Common\functions.php 第 1263 行.
NOTIC: [2048] Declaration of Common\Model\ArcsModel::ajaxTable() should be compatible with Common\Model\ManagerModel::ajaxTable($params = Array) F:\WWW\polar.chengjian.com\core\Application\Common\Model\ArcsModel.class.php 第 4 行.
SQL: SHOW COLUMNS FROM `arcs` [ RunTime:0.0070s ]
SQL: SELECT * FROM `arcs` WHERE `id` IN ('33','34','35','36')  [ RunTime:0.0000s ]
SQL: INSERT INTO `arcs` (`catalog_id`,`title`,`intro`,`thumb`,`content`,`cdate`,`mdate`,`lang`) VALUES ('52','测试1','测试1测试1','','测试1测试1','1481017320','','zh') [ RunTime:0.0000s ]
SQL: INSERT INTO `arcs` (`catalog_id`,`title`,`intro`,`thumb`,`content`,`cdate`,`mdate`,`lang`) VALUES ('52','测试1','测试1测试1','','测试1测试1','1481017322','','zh') [ RunTime:0.0000s ]
SQL: INSERT INTO `arcs` (`catalog_id`,`title`,`intro`,`thumb`,`content`,`cdate`,`mdate`,`lang`) VALUES ('52','测试1','测试1测试1','','测试1测试1','1481017320','','zh') [ RunTime:0.0000s ]
SQL: INSERT INTO `arcs` (`catalog_id`,`title`,`intro`,`thumb`,`content`,`cdate`,`mdate`,`lang`) VALUES ('52','测试1','测试1测试1','','测试1测试1','1481017322','','zh') [ RunTime:0.0000s ]

[ 2016-12-06T17:42:15+08:00 ] 127.0.0.1 /admina/?m=Manager&c=Data&a=g&_m=Arcs&_a=ajaxTable&catalog_id=52&lang=zh&length=10&page=1&start=0
INFO: [ app_init ] --START--
INFO: Run Behavior\BuildLiteBehavior [ RunTime:0.000000s ]
INFO: [ app_init ] --END-- [ RunTime:0.000000s ]
INFO: [ app_begin ] --START--
INFO: Run Behavior\ReadHtmlCacheBehavior [ RunTime:0.001000s ]
INFO: [ app_begin ] --END-- [ RunTime:0.001000s ]
NOTIC: [8] A session had already been started - ignoring session_start() F:\WWW\polar.chengjian.com\core\ThinkPHP\Common\functions.php 第 1263 行.
NOTIC: [2048] Declaration of Common\Model\ArcsModel::ajaxTable() should be compatible with Common\Model\ManagerModel::ajaxTable($params = Array) F:\WWW\polar.chengjian.com\core\Application\Common\Model\ArcsModel.class.php 第 4 行.
SQL: SHOW COLUMNS FROM `arcs` [ RunTime:0.0060s ]
NOTIC: [8] Undefined index: fields F:\WWW\polar.chengjian.com\core\Application\Common\Model\ManagerModel.class.php 第 109 行.
NOTIC: [8] Undefined index: searchparams F:\WWW\polar.chengjian.com\core\Application\Common\Model\ManagerModel.class.php 第 123 行.
SQL: SELECT * FROM `arcs` WHERE `catalog_id` = 52 AND `lang` = 'zh' LIMIT 0,10   [ RunTime:0.0000s ]
NOTIC: [8] Undefined index: group F:\WWW\polar.chengjian.com\core\Application\Common\Model\ManagerModel.class.php 第 155 行.
SQL: SELECT COUNT(*) AS tp_count FROM `arcs` WHERE `catalog_id` = 52 AND `lang` = 'zh' LIMIT 1   [ RunTime:0.0010s ]

