[ 2016-12-12T00:00:42+08:00 ] 127.0.0.1 /admina/
INFO: [ app_init ] --START--
INFO: Run Behavior\BuildLiteBehavior [ RunTime:0.000000s ]
INFO: [ app_init ] --END-- [ RunTime:0.000000s ]
INFO: [ app_begin ] --START--
INFO: Run Behavior\ReadHtmlCacheBehavior [ RunTime:0.001000s ]
INFO: [ app_begin ] --END-- [ RunTime:0.001000s ]
NOTIC: [8] A session had already been started - ignoring session_start() F:\WWW\polar.dianwang.com\core\ThinkPHP\Common\functions.php 第 1263 行.
NOTIC: [2] Missing argument 1 for Think\Controller::show(), called in F:\WWW\polar.dianwang.com\core\Application\Admin\Controller\IndexController.class.php on line 16 and defined F:\WWW\polar.dianwang.com\core\ThinkPHP\Library\Think\Controller.class.php 第 68 行.
NOTIC: [8] Undefined variable: content F:\WWW\polar.dianwang.com\core\ThinkPHP\Library\Think\Controller.class.php 第 69 行.
INFO: [ view_parse ] --START--
INFO: [ template_filter ] --START--
INFO: Run Behavior\ContentReplaceBehavior [ RunTime:0.000000s ]
INFO: [ template_filter ] --END-- [ RunTime:0.000000s ]
INFO: Run Behavior\ParseTemplateBehavior [ RunTime:0.007000s ]
INFO: [ view_parse ] --END-- [ RunTime:0.007000s ]
INFO: [ view_filter ] --START--
INFO: Run Behavior\WriteHtmlCacheBehavior [ RunTime:0.001000s ]
INFO: [ view_filter ] --END-- [ RunTime:0.001000s ]
INFO: [ app_end ] --START--
INFO: Run Behavior\ShowPageTraceBehavior [ RunTime:0.000000s ]
INFO: [ app_end ] --END-- [ RunTime:0.000000s ]

[ 2016-12-12T00:00:43+08:00 ] 127.0.0.1 /admina/
INFO: [ app_init ] --START--
INFO: Run Behavior\BuildLiteBehavior [ RunTime:0.000000s ]
INFO: [ app_init ] --END-- [ RunTime:0.000000s ]
INFO: [ app_begin ] --START--
INFO: Run Behavior\ReadHtmlCacheBehavior [ RunTime:0.001000s ]
INFO: [ app_begin ] --END-- [ RunTime:0.001000s ]
NOTIC: [8] A session had already been started - ignoring session_start() F:\WWW\polar.dianwang.com\core\ThinkPHP\Common\functions.php 第 1263 行.
NOTIC: [2] Missing argument 1 for Think\Controller::show(), called in F:\WWW\polar.dianwang.com\core\Application\Admin\Controller\IndexController.class.php on line 16 and defined F:\WWW\polar.dianwang.com\core\ThinkPHP\Library\Think\Controller.class.php 第 68 行.
NOTIC: [8] Undefined variable: content F:\WWW\polar.dianwang.com\core\ThinkPHP\Library\Think\Controller.class.php 第 69 行.
INFO: [ view_parse ] --START--
INFO: [ template_filter ] --START--
INFO: Run Behavior\ContentReplaceBehavior [ RunTime:0.000000s ]
INFO: [ template_filter ] --END-- [ RunTime:0.000000s ]
INFO: Run Behavior\ParseTemplateBehavior [ RunTime:0.007000s ]
INFO: [ view_parse ] --END-- [ RunTime:0.007000s ]
INFO: [ view_filter ] --START--
INFO: Run Behavior\WriteHtmlCacheBehavior [ RunTime:0.001001s ]
INFO: [ view_filter ] --END-- [ RunTime:0.001001s ]
INFO: [ app_end ] --START--
INFO: Run Behavior\ShowPageTraceBehavior [ RunTime:0.000000s ]
INFO: [ app_end ] --END-- [ RunTime:0.001000s ]

[ 2016-12-12T00:00:43+08:00 ] 127.0.0.1 /admina/?g=Admin&c=Index&a=tpl&tpl=tools.header
INFO: [ app_init ] --START--
INFO: Run Behavior\BuildLiteBehavior [ RunTime:0.001000s ]
INFO: [ app_init ] --END-- [ RunTime:0.001000s ]
INFO: [ app_begin ] --START--
INFO: Run Behavior\ReadHtmlCacheBehavior [ RunTime:0.001000s ]
INFO: [ app_begin ] --END-- [ RunTime:0.001000s ]
NOTIC: [8] A session had already been started - ignoring session_start() F:\WWW\polar.dianwang.com\core\ThinkPHP\Common\functions.php 第 1263 行.
INFO: [ view_parse ] --START--
INFO: [ template_filter ] --START--
INFO: Run Behavior\ContentReplaceBehavior [ RunTime:0.000000s ]
INFO: [ template_filter ] --END-- [ RunTime:0.000000s ]
INFO: Run Behavior\ParseTemplateBehavior [ RunTime:0.005001s ]
INFO: [ view_parse ] --END-- [ RunTime:0.006001s ]
INFO: [ view_filter ] --START--
INFO: Run Behavior\WriteHtmlCacheBehavior [ RunTime:0.000000s ]
INFO: [ view_filter ] --END-- [ RunTime:0.000000s ]
INFO: [ app_end ] --START--
INFO: Run Behavior\ShowPageTraceBehavior [ RunTime:0.000000s ]
INFO: [ app_end ] --END-- [ RunTime:0.000000s ]

[ 2016-12-12T00:00:43+08:00 ] 127.0.0.1 /admina/?g=Admin&c=Index&a=tpl&tpl=tools.sidebar
INFO: [ app_init ] --START--
INFO: Run Behavior\BuildLiteBehavior [ RunTime:0.000000s ]
INFO: [ app_init ] --END-- [ RunTime:0.000000s ]
INFO: [ app_begin ] --START--
INFO: Run Behavior\ReadHtmlCacheBehavior [ RunTime:0.001000s ]
INFO: [ app_begin ] --END-- [ RunTime:0.001000s ]
NOTIC: [8] A session had already been started - ignoring session_start() F:\WWW\polar.dianwang.com\core\ThinkPHP\Common\functions.php 第 1263 行.
INFO: [ view_parse ] --START--
INFO: [ template_filter ] --START--
INFO: Run Behavior\ContentReplaceBehavior [ RunTime:0.000000s ]
INFO: [ template_filter ] --END-- [ RunTime:0.000000s ]
SQL: SHOW COLUMNS FROM `catalogs` [ RunTime:0.0070s ]
NOTIC: [2] Missing argument 1 for Common\Model\CatalogsModel::tree(), called in F:\WWW\polar.dianwang.com\core\Application\Runtime\Cache\Admin\5a1555cac6f13050f221cca31059cab4.php on line 28 and defined F:\WWW\polar.dianwang.com\core\Application\Common\Model\CatalogsModel.class.php 第 29 行.
SQL: SELECT `id`,`title`,`pid`,`level`,`actionurl` FROM `catalogs`  [ RunTime:0.0000s ]
NOTIC: [8] Undefined index: icon F:\WWW\polar.dianwang.com\core\Application\Runtime\Cache\Admin\5a1555cac6f13050f221cca31059cab4.php 第 28 行.
NOTIC: [8] Undefined index: icon F:\WWW\polar.dianwang.com\core\Application\Runtime\Cache\Admin\5a1555cac6f13050f221cca31059cab4.php 第 28 行.
NOTIC: [8] Undefined index: icon F:\WWW\polar.dianwang.com\core\Application\Runtime\Cache\Admin\5a1555cac6f13050f221cca31059cab4.php 第 28 行.
NOTIC: [8] Undefined index: icon F:\WWW\polar.dianwang.com\core\Application\Runtime\Cache\Admin\5a1555cac6f13050f221cca31059cab4.php 第 28 行.
NOTIC: [8] Undefined index: icon F:\WWW\polar.dianwang.com\core\Application\Runtime\Cache\Admin\5a1555cac6f13050f221cca31059cab4.php 第 28 行.
NOTIC: [8] Undefined index: icon F:\WWW\polar.dianwang.com\core\Application\Runtime\Cache\Admin\5a1555cac6f13050f221cca31059cab4.php 第 28 行.
NOTIC: [8] Undefined index: icon F:\WWW\polar.dianwang.com\core\Application\Runtime\Cache\Admin\5a1555cac6f13050f221cca31059cab4.php 第 28 行.
NOTIC: [8] Undefined index: icon F:\WWW\polar.dianwang.com\core\Application\Runtime\Cache\Admin\5a1555cac6f13050f221cca31059cab4.php 第 28 行.
NOTIC: [8] Undefined index: icon F:\WWW\polar.dianwang.com\core\Application\Runtime\Cache\Admin\5a1555cac6f13050f221cca31059cab4.php 第 28 行.
NOTIC: [8] Undefined index: son F:\WWW\polar.dianwang.com\core\Application\Runtime\Cache\Admin\5a1555cac6f13050f221cca31059cab4.php 第 28 行.
NOTIC: [8] Undefined index: son F:\WWW\polar.dianwang.com\core\Application\Runtime\Cache\Admin\5a1555cac6f13050f221cca31059cab4.php 第 28 行.
NOTIC: [8] Undefined index: son F:\WWW\polar.dianwang.com\core\Application\Runtime\Cache\Admin\5a1555cac6f13050f221cca31059cab4.php 第 28 行.
NOTIC: [8] Undefined index: son F:\WWW\polar.dianwang.com\core\Application\Runtime\Cache\Admin\5a1555cac6f13050f221cca31059cab4.php 第 28 行.
NOTIC: [8] Undefined index: son F:\WWW\polar.dianwang.com\core\Application\Runtime\Cache\Admin\5a1555cac6f13050f221cca31059cab4.php 第 28 行.
NOTIC: [8] Undefined index: son F:\WWW\polar.dianwang.com\core\Application\Runtime\Cache\Admin\5a1555cac6f13050f221cca31059cab4.php 第 28 行.
NOTIC: [8] Undefined index: id F:\WWW\polar.dianwang.com\core\Application\Runtime\Cache\Admin\5a1555cac6f13050f221cca31059cab4.php 第 28 行.
NOTIC: [8] Undefined index: son F:\WWW\polar.dianwang.com\core\Application\Runtime\Cache\Admin\5a1555cac6f13050f221cca31059cab4.php 第 28 行.
NOTIC: [8] Undefined index: son F:\WWW\polar.dianwang.com\core\Application\Runtime\Cache\Admin\5a1555cac6f13050f221cca31059cab4.php 第 28 行.
INFO: Run Behavior\ParseTemplateBehavior [ RunTime:0.022001s ]
INFO: [ view_parse ] --END-- [ RunTime:0.022001s ]
INFO: [ view_filter ] --START--
INFO: Run Behavior\WriteHtmlCacheBehavior [ RunTime:0.000000s ]
INFO: [ view_filter ] --END-- [ RunTime:0.000000s ]
INFO: [ app_end ] --START--
INFO: Run Behavior\ShowPageTraceBehavior [ RunTime:0.001001s ]
INFO: [ app_end ] --END-- [ RunTime:0.001001s ]

[ 2016-12-12T00:00:43+08:00 ] 127.0.0.1 /admina/?g=Admin&c=Index&a=tpl&tpl=tools.footer
INFO: [ app_init ] --START--
INFO: Run Behavior\BuildLiteBehavior [ RunTime:0.000000s ]
INFO: [ app_init ] --END-- [ RunTime:0.000000s ]
INFO: [ app_begin ] --START--
INFO: Run Behavior\ReadHtmlCacheBehavior [ RunTime:0.002001s ]
INFO: [ app_begin ] --END-- [ RunTime:0.004001s ]
NOTIC: [8] A session had already been started - ignoring session_start() F:\WWW\polar.dianwang.com\core\ThinkPHP\Common\functions.php 第 1263 行.
INFO: [ view_parse ] --START--
INFO: [ template_filter ] --START--
INFO: Run Behavior\ContentReplaceBehavior [ RunTime:0.000000s ]
INFO: [ template_filter ] --END-- [ RunTime:0.000000s ]
INFO: Run Behavior\ParseTemplateBehavior [ RunTime:0.007000s ]
INFO: [ view_parse ] --END-- [ RunTime:0.007000s ]
INFO: [ view_filter ] --START--
INFO: Run Behavior\WriteHtmlCacheBehavior [ RunTime:0.000000s ]
INFO: [ view_filter ] --END-- [ RunTime:0.000000s ]
INFO: [ app_end ] --START--
INFO: Run Behavior\ShowPageTraceBehavior [ RunTime:0.001000s ]
INFO: [ app_end ] --END-- [ RunTime:0.001000s ]

[ 2016-12-12T00:00:43+08:00 ] 127.0.0.1 /admina/?g=Admin&c=Index&a=tpl&tpl=inc.datatable_page
INFO: [ app_init ] --START--
INFO: Run Behavior\BuildLiteBehavior [ RunTime:0.000000s ]
INFO: [ app_init ] --END-- [ RunTime:0.000000s ]
INFO: [ app_begin ] --START--
INFO: Run Behavior\ReadHtmlCacheBehavior [ RunTime:0.001000s ]
INFO: [ app_begin ] --END-- [ RunTime:0.001000s ]
NOTIC: [8] A session had already been started - ignoring session_start() F:\WWW\polar.dianwang.com\core\ThinkPHP\Common\functions.php 第 1263 行.
INFO: [ view_parse ] --START--
INFO: [ template_filter ] --START--
INFO: Run Behavior\ContentReplaceBehavior [ RunTime:0.000000s ]
INFO: [ template_filter ] --END-- [ RunTime:0.000000s ]
INFO: Run Behavior\ParseTemplateBehavior [ RunTime:0.006000s ]
INFO: [ view_parse ] --END-- [ RunTime:0.006000s ]
INFO: [ view_filter ] --START--
INFO: Run Behavior\WriteHtmlCacheBehavior [ RunTime:0.000000s ]
INFO: [ view_filter ] --END-- [ RunTime:0.000000s ]
INFO: [ app_end ] --START--
INFO: Run Behavior\ShowPageTraceBehavior [ RunTime:0.001000s ]
INFO: [ app_end ] --END-- [ RunTime:0.001000s ]

[ 2016-12-12T00:00:43+08:00 ] 127.0.0.1 /admina/?g=Admin&c=Index&a=tpl&tpl=directive.datatable
INFO: [ app_init ] --START--
INFO: Run Behavior\BuildLiteBehavior [ RunTime:0.000000s ]
INFO: [ app_init ] --END-- [ RunTime:0.000000s ]
INFO: [ app_begin ] --START--
INFO: Run Behavior\ReadHtmlCacheBehavior [ RunTime:0.001000s ]
INFO: [ app_begin ] --END-- [ RunTime:0.001000s ]
NOTIC: [8] A session had already been started - ignoring session_start() F:\WWW\polar.dianwang.com\core\ThinkPHP\Common\functions.php 第 1263 行.
INFO: [ view_parse ] --START--
INFO: [ template_filter ] --START--
INFO: Run Behavior\ContentReplaceBehavior [ RunTime:0.000000s ]
INFO: [ template_filter ] --END-- [ RunTime:0.000000s ]
INFO: Run Behavior\ParseTemplateBehavior [ RunTime:0.006000s ]
INFO: [ view_parse ] --END-- [ RunTime:0.007000s ]
INFO: [ view_filter ] --START--
INFO: Run Behavior\WriteHtmlCacheBehavior [ RunTime:0.000000s ]
INFO: [ view_filter ] --END-- [ RunTime:0.000000s ]
INFO: [ app_end ] --START--
INFO: Run Behavior\ShowPageTraceBehavior [ RunTime:0.001000s ]
INFO: [ app_end ] --END-- [ RunTime:0.001000s ]

[ 2016-12-12T00:00:43+08:00 ] 127.0.0.1 /admina/?m=Manager&c=Data&a=g&_m=Users&_a=ajaxTable&length=10&page=1&start=0
INFO: [ app_init ] --START--
INFO: Run Behavior\BuildLiteBehavior [ RunTime:0.000000s ]
INFO: [ app_init ] --END-- [ RunTime:0.000000s ]
INFO: [ app_begin ] --START--
INFO: Run Behavior\ReadHtmlCacheBehavior [ RunTime:0.001000s ]
INFO: [ app_begin ] --END-- [ RunTime:0.001000s ]
NOTIC: [8] A session had already been started - ignoring session_start() F:\WWW\polar.dianwang.com\core\ThinkPHP\Common\functions.php 第 1263 行.
SQL: SHOW COLUMNS FROM `users` [ RunTime:0.0030s ]
NOTIC: [8] Undefined index: fields F:\WWW\polar.dianwang.com\core\Application\Common\Model\ManagerModel.class.php 第 108 行.
NOTIC: [8] Undefined index: searchparams F:\WWW\polar.dianwang.com\core\Application\Common\Model\ManagerModel.class.php 第 122 行.
SQL: SELECT * FROM `users` LIMIT 0,10   [ RunTime:0.0000s ]
NOTIC: [8] Undefined index: group F:\WWW\polar.dianwang.com\core\Application\Common\Model\ManagerModel.class.php 第 154 行.
SQL: SELECT COUNT(*) AS tp_count FROM `users` LIMIT 1   [ RunTime:0.0000s ]

[ 2016-12-12T00:00:53+08:00 ] 127.0.0.1 /admina/
INFO: [ app_init ] --START--
INFO: Run Behavior\BuildLiteBehavior [ RunTime:0.000000s ]
INFO: [ app_init ] --END-- [ RunTime:0.000000s ]
INFO: [ app_begin ] --START--
INFO: Run Behavior\ReadHtmlCacheBehavior [ RunTime:0.000000s ]
INFO: [ app_begin ] --END-- [ RunTime:0.000000s ]
NOTIC: [8] A session had already been started - ignoring session_start() F:\WWW\polar.dianwang.com\core\ThinkPHP\Common\functions.php 第 1263 行.
NOTIC: [2] Missing argument 1 for Think\Controller::show(), called in F:\WWW\polar.dianwang.com\core\Application\Admin\Controller\IndexController.class.php on line 16 and defined F:\WWW\polar.dianwang.com\core\ThinkPHP\Library\Think\Controller.class.php 第 68 行.
NOTIC: [8] Undefined variable: content F:\WWW\polar.dianwang.com\core\ThinkPHP\Library\Think\Controller.class.php 第 69 行.
INFO: [ view_parse ] --START--
INFO: [ template_filter ] --START--
INFO: Run Behavior\ContentReplaceBehavior [ RunTime:0.000000s ]
INFO: [ template_filter ] --END-- [ RunTime:0.000000s ]
INFO: Run Behavior\ParseTemplateBehavior [ RunTime:0.007001s ]
INFO: [ view_parse ] --END-- [ RunTime:0.007001s ]
INFO: [ view_filter ] --START--
INFO: Run Behavior\WriteHtmlCacheBehavior [ RunTime:0.000000s ]
INFO: [ view_filter ] --END-- [ RunTime:0.000000s ]
INFO: [ app_end ] --START--
INFO: Run Behavior\ShowPageTraceBehavior [ RunTime:0.001000s ]
INFO: [ app_end ] --END-- [ RunTime:0.001000s ]

[ 2016-12-12T00:00:53+08:00 ] 127.0.0.1 /admina/?g=Admin&c=Index&a=tpl&tpl=tools.header
INFO: [ app_init ] --START--
INFO: Run Behavior\BuildLiteBehavior [ RunTime:0.000000s ]
INFO: [ app_init ] --END-- [ RunTime:0.000000s ]
INFO: [ app_begin ] --START--
INFO: Run Behavior\ReadHtmlCacheBehavior [ RunTime:0.001000s ]
INFO: [ app_begin ] --END-- [ RunTime:0.001000s ]
NOTIC: [8] A session had already been started - ignoring session_start() F:\WWW\polar.dianwang.com\core\ThinkPHP\Common\functions.php 第 1263 行.
INFO: [ view_parse ] --START--
INFO: [ template_filter ] --START--
INFO: Run Behavior\ContentReplaceBehavior [ RunTime:0.000000s ]
INFO: [ template_filter ] --END-- [ RunTime:0.000000s ]
INFO: Run Behavior\ParseTemplateBehavior [ RunTime:0.005001s ]
INFO: [ view_parse ] --END-- [ RunTime:0.005001s ]
INFO: [ view_filter ] --START--
INFO: Run Behavior\WriteHtmlCacheBehavior [ RunTime:0.001000s ]
INFO: [ view_filter ] --END-- [ RunTime:0.001000s ]
INFO: [ app_end ] --START--
INFO: Run Behavior\ShowPageTraceBehavior [ RunTime:0.000000s ]
INFO: [ app_end ] --END-- [ RunTime:0.000000s ]

[ 2016-12-12T00:00:53+08:00 ] 127.0.0.1 /admina/?g=Admin&c=Index&a=tpl&tpl=tools.footer
INFO: [ app_init ] --START--
INFO: Run Behavior\BuildLiteBehavior [ RunTime:0.000000s ]
INFO: [ app_init ] --END-- [ RunTime:0.000000s ]
INFO: [ app_begin ] --START--
INFO: Run Behavior\ReadHtmlCacheBehavior [ RunTime:0.001000s ]
INFO: [ app_begin ] --END-- [ RunTime:0.001000s ]
NOTIC: [8] A session had already been started - ignoring session_start() F:\WWW\polar.dianwang.com\core\ThinkPHP\Common\functions.php 第 1263 行.
INFO: [ view_parse ] --START--
INFO: [ template_filter ] --START--
INFO: Run Behavior\ContentReplaceBehavior [ RunTime:0.000000s ]
INFO: [ template_filter ] --END-- [ RunTime:0.001000s ]
INFO: Run Behavior\ParseTemplateBehavior [ RunTime:0.007001s ]
INFO: [ view_parse ] --END-- [ RunTime:0.007001s ]
INFO: [ view_filter ] --START--
INFO: Run Behavior\WriteHtmlCacheBehavior [ RunTime:0.000000s ]
INFO: [ view_filter ] --END-- [ RunTime:0.000000s ]
INFO: [ app_end ] --START--
INFO: Run Behavior\ShowPageTraceBehavior [ RunTime:0.002000s ]
INFO: [ app_end ] --END-- [ RunTime:0.002000s ]

[ 2016-12-12T00:00:53+08:00 ] 127.0.0.1 /admina/?g=Admin&c=Index&a=tpl&tpl=tools.sidebar
INFO: [ app_init ] --START--
INFO: Run Behavior\BuildLiteBehavior [ RunTime:0.000000s ]
INFO: [ app_init ] --END-- [ RunTime:0.000000s ]
INFO: [ app_begin ] --START--
INFO: Run Behavior\ReadHtmlCacheBehavior [ RunTime:0.001000s ]
INFO: [ app_begin ] --END-- [ RunTime:0.001000s ]
NOTIC: [8] A session had already been started - ignoring session_start() F:\WWW\polar.dianwang.com\core\ThinkPHP\Common\functions.php 第 1263 行.
INFO: [ view_parse ] --START--
INFO: [ template_filter ] --START--
INFO: Run Behavior\ContentReplaceBehavior [ RunTime:0.001000s ]
INFO: [ template_filter ] --END-- [ RunTime:0.001000s ]
SQL: SHOW COLUMNS FROM `catalogs` [ RunTime:0.0050s ]
NOTIC: [2] Missing argument 1 for Common\Model\CatalogsModel::tree(), called in F:\WWW\polar.dianwang.com\core\Application\Runtime\Cache\Admin\5a1555cac6f13050f221cca31059cab4.php on line 28 and defined F:\WWW\polar.dianwang.com\core\Application\Common\Model\CatalogsModel.class.php 第 29 行.
SQL: SELECT `id`,`title`,`pid`,`level`,`actionurl` FROM `catalogs`  [ RunTime:0.0010s ]
NOTIC: [8] Undefined index: icon F:\WWW\polar.dianwang.com\core\Application\Runtime\Cache\Admin\5a1555cac6f13050f221cca31059cab4.php 第 28 行.
NOTIC: [8] Undefined index: icon F:\WWW\polar.dianwang.com\core\Application\Runtime\Cache\Admin\5a1555cac6f13050f221cca31059cab4.php 第 28 行.
NOTIC: [8] Undefined index: icon F:\WWW\polar.dianwang.com\core\Application\Runtime\Cache\Admin\5a1555cac6f13050f221cca31059cab4.php 第 28 行.
NOTIC: [8] Undefined index: icon F:\WWW\polar.dianwang.com\core\Application\Runtime\Cache\Admin\5a1555cac6f13050f221cca31059cab4.php 第 28 行.
NOTIC: [8] Undefined index: icon F:\WWW\polar.dianwang.com\core\Application\Runtime\Cache\Admin\5a1555cac6f13050f221cca31059cab4.php 第 28 行.
NOTIC: [8] Undefined index: icon F:\WWW\polar.dianwang.com\core\Application\Runtime\Cache\Admin\5a1555cac6f13050f221cca31059cab4.php 第 28 行.
NOTIC: [8] Undefined index: icon F:\WWW\polar.dianwang.com\core\Application\Runtime\Cache\Admin\5a1555cac6f13050f221cca31059cab4.php 第 28 行.
NOTIC: [8] Undefined index: icon F:\WWW\polar.dianwang.com\core\Application\Runtime\Cache\Admin\5a1555cac6f13050f221cca31059cab4.php 第 28 行.
NOTIC: [8] Undefined index: icon F:\WWW\polar.dianwang.com\core\Application\Runtime\Cache\Admin\5a1555cac6f13050f221cca31059cab4.php 第 28 行.
NOTIC: [8] Undefined index: son F:\WWW\polar.dianwang.com\core\Application\Runtime\Cache\Admin\5a1555cac6f13050f221cca31059cab4.php 第 28 行.
NOTIC: [8] Undefined index: son F:\WWW\polar.dianwang.com\core\Application\Runtime\Cache\Admin\5a1555cac6f13050f221cca31059cab4.php 第 28 行.
NOTIC: [8] Undefined index: son F:\WWW\polar.dianwang.com\core\Application\Runtime\Cache\Admin\5a1555cac6f13050f221cca31059cab4.php 第 28 行.
NOTIC: [8] Undefined index: son F:\WWW\polar.dianwang.com\core\Application\Runtime\Cache\Admin\5a1555cac6f13050f221cca31059cab4.php 第 28 行.
NOTIC: [8] Undefined index: son F:\WWW\polar.dianwang.com\core\Application\Runtime\Cache\Admin\5a1555cac6f13050f221cca31059cab4.php 第 28 行.
NOTIC: [8] Undefined index: son F:\WWW\polar.dianwang.com\core\Application\Runtime\Cache\Admin\5a1555cac6f13050f221cca31059cab4.php 第 28 行.
NOTIC: [8] Undefined index: id F:\WWW\polar.dianwang.com\core\Application\Runtime\Cache\Admin\5a1555cac6f13050f221cca31059cab4.php 第 28 行.
NOTIC: [8] Undefined index: son F:\WWW\polar.dianwang.com\core\Application\Runtime\Cache\Admin\5a1555cac6f13050f221cca31059cab4.php 第 28 行.
NOTIC: [8] Undefined index: son F:\WWW\polar.dianwang.com\core\Application\Runtime\Cache\Admin\5a1555cac6f13050f221cca31059cab4.php 第 28 行.
INFO: Run Behavior\ParseTemplateBehavior [ RunTime:0.025001s ]
INFO: [ view_parse ] --END-- [ RunTime:0.025001s ]
INFO: [ view_filter ] --START--
INFO: Run Behavior\WriteHtmlCacheBehavior [ RunTime:0.001000s ]
INFO: [ view_filter ] --END-- [ RunTime:0.001000s ]
INFO: [ app_end ] --START--
INFO: Run Behavior\ShowPageTraceBehavior [ RunTime:0.000000s ]
INFO: [ app_end ] --END-- [ RunTime:0.000000s ]

[ 2016-12-12T00:00:54+08:00 ] 127.0.0.1 /admina/?g=Admin&c=Index&a=tpl&tpl=inc.datatable_page
INFO: [ app_init ] --START--
INFO: Run Behavior\BuildLiteBehavior [ RunTime:0.000000s ]
INFO: [ app_init ] --END-- [ RunTime:0.000000s ]
INFO: [ app_begin ] --START--
INFO: Run Behavior\ReadHtmlCacheBehavior [ RunTime:0.000000s ]
INFO: [ app_begin ] --END-- [ RunTime:0.000000s ]
NOTIC: [8] A session had already been started - ignoring session_start() F:\WWW\polar.dianwang.com\core\ThinkPHP\Common\functions.php 第 1263 行.
INFO: [ view_parse ] --START--
INFO: [ template_filter ] --START--
INFO: Run Behavior\ContentReplaceBehavior [ RunTime:0.000000s ]
INFO: [ template_filter ] --END-- [ RunTime:0.000000s ]
INFO: Run Behavior\ParseTemplateBehavior [ RunTime:0.006000s ]
INFO: [ view_parse ] --END-- [ RunTime:0.006000s ]
INFO: [ view_filter ] --START--
INFO: Run Behavior\WriteHtmlCacheBehavior [ RunTime:0.000000s ]
INFO: [ view_filter ] --END-- [ RunTime:0.000000s ]
INFO: [ app_end ] --START--
INFO: Run Behavior\ShowPageTraceBehavior [ RunTime:0.000000s ]
INFO: [ app_end ] --END-- [ RunTime:0.000000s ]

[ 2016-12-12T00:00:54+08:00 ] 127.0.0.1 /admina/?g=Admin&c=Index&a=tpl&tpl=directive.datatable
INFO: [ app_init ] --START--
INFO: Run Behavior\BuildLiteBehavior [ RunTime:0.000000s ]
INFO: [ app_init ] --END-- [ RunTime:0.000000s ]
INFO: [ app_begin ] --START--
INFO: Run Behavior\ReadHtmlCacheBehavior [ RunTime:0.001000s ]
INFO: [ app_begin ] --END-- [ RunTime:0.001000s ]
NOTIC: [8] A session had already been started - ignoring session_start() F:\WWW\polar.dianwang.com\core\ThinkPHP\Common\functions.php 第 1263 行.
INFO: [ view_parse ] --START--
INFO: [ template_filter ] --START--
INFO: Run Behavior\ContentReplaceBehavior [ RunTime:0.001000s ]
INFO: [ template_filter ] --END-- [ RunTime:0.001000s ]
INFO: Run Behavior\ParseTemplateBehavior [ RunTime:0.006000s ]
INFO: [ view_parse ] --END-- [ RunTime:0.006000s ]
INFO: [ view_filter ] --START--
INFO: Run Behavior\WriteHtmlCacheBehavior [ RunTime:0.001000s ]
INFO: [ view_filter ] --END-- [ RunTime:0.001000s ]
INFO: [ app_end ] --START--
INFO: Run Behavior\ShowPageTraceBehavior [ RunTime:0.001000s ]
INFO: [ app_end ] --END-- [ RunTime:0.001000s ]

[ 2016-12-12T00:00:54+08:00 ] 127.0.0.1 /admina/?m=Manager&c=Data&a=g&_m=Users&_a=ajaxTable&length=10&page=1&start=0
INFO: [ app_init ] --START--
INFO: Run Behavior\BuildLiteBehavior [ RunTime:0.000000s ]
INFO: [ app_init ] --END-- [ RunTime:0.000000s ]
INFO: [ app_begin ] --START--
INFO: Run Behavior\ReadHtmlCacheBehavior [ RunTime:0.001000s ]
INFO: [ app_begin ] --END-- [ RunTime:0.001000s ]
NOTIC: [8] A session had already been started - ignoring session_start() F:\WWW\polar.dianwang.com\core\ThinkPHP\Common\functions.php 第 1263 行.
SQL: SHOW COLUMNS FROM `users` [ RunTime:0.0030s ]
NOTIC: [8] Undefined index: fields F:\WWW\polar.dianwang.com\core\Application\Common\Model\ManagerModel.class.php 第 108 行.
NOTIC: [8] Undefined index: searchparams F:\WWW\polar.dianwang.com\core\Application\Common\Model\ManagerModel.class.php 第 122 行.
SQL: SELECT * FROM `users` LIMIT 0,10   [ RunTime:0.0000s ]
NOTIC: [8] Undefined index: group F:\WWW\polar.dianwang.com\core\Application\Common\Model\ManagerModel.class.php 第 154 行.
SQL: SELECT COUNT(*) AS tp_count FROM `users` LIMIT 1   [ RunTime:0.0000s ]

[ 2016-12-12T00:00:57+08:00 ] 127.0.0.1 /admina/?g=Admin&c=Index&a=tpl&tpl=welcome
INFO: [ app_init ] --START--
INFO: Run Behavior\BuildLiteBehavior [ RunTime:0.000000s ]
INFO: [ app_init ] --END-- [ RunTime:0.000000s ]
INFO: [ app_begin ] --START--
INFO: Run Behavior\ReadHtmlCacheBehavior [ RunTime:0.001000s ]
INFO: [ app_begin ] --END-- [ RunTime:0.001000s ]
NOTIC: [8] A session had already been started - ignoring session_start() F:\WWW\polar.dianwang.com\core\ThinkPHP\Common\functions.php 第 1263 行.
INFO: [ view_parse ] --START--
INFO: [ template_filter ] --START--
INFO: Run Behavior\ContentReplaceBehavior [ RunTime:0.000000s ]
INFO: [ template_filter ] --END-- [ RunTime:0.000000s ]
INFO: Run Behavior\ParseTemplateBehavior [ RunTime:0.003000s ]
INFO: [ view_parse ] --END-- [ RunTime:0.003000s ]
INFO: [ view_filter ] --START--
INFO: Run Behavior\WriteHtmlCacheBehavior [ RunTime:0.001000s ]
INFO: [ view_filter ] --END-- [ RunTime:0.001000s ]
INFO: [ app_end ] --START--
INFO: Run Behavior\ShowPageTraceBehavior [ RunTime:0.000000s ]
INFO: [ app_end ] --END-- [ RunTime:0.000000s ]

[ 2016-12-12T00:00:58+08:00 ] 127.0.0.1 /admina/?g=Admin&c=Index&a=tpl&tpl=catalogs.arcs
INFO: [ app_init ] --START--
INFO: Run Behavior\BuildLiteBehavior [ RunTime:0.000000s ]
INFO: [ app_init ] --END-- [ RunTime:0.000000s ]
INFO: [ app_begin ] --START--
INFO: Run Behavior\ReadHtmlCacheBehavior [ RunTime:0.001000s ]
INFO: [ app_begin ] --END-- [ RunTime:0.001000s ]
NOTIC: [8] A session had already been started - ignoring session_start() F:\WWW\polar.dianwang.com\core\ThinkPHP\Common\functions.php 第 1263 行.
INFO: [ view_parse ] --START--
INFO: [ template_filter ] --START--
INFO: Run Behavior\ContentReplaceBehavior [ RunTime:0.000000s ]
INFO: [ template_filter ] --END-- [ RunTime:0.000000s ]
INFO: Run Behavior\ParseTemplateBehavior [ RunTime:0.005000s ]
INFO: [ view_parse ] --END-- [ RunTime:0.006000s ]
INFO: [ view_filter ] --START--
INFO: Run Behavior\WriteHtmlCacheBehavior [ RunTime:0.000000s ]
INFO: [ view_filter ] --END-- [ RunTime:0.000000s ]
INFO: [ app_end ] --START--
INFO: Run Behavior\ShowPageTraceBehavior [ RunTime:0.000000s ]
INFO: [ app_end ] --END-- [ RunTime:0.000000s ]

[ 2016-12-12T00:00:58+08:00 ] 127.0.0.1 /admina/?m=Manager&c=Data&a=g&_m=Arcs&_a=ajaxTable&catalog_id=53&length=10&page=1&start=0
INFO: [ app_init ] --START--
INFO: Run Behavior\BuildLiteBehavior [ RunTime:0.000000s ]
INFO: [ app_init ] --END-- [ RunTime:0.000000s ]
INFO: [ app_begin ] --START--
INFO: Run Behavior\ReadHtmlCacheBehavior [ RunTime:0.001000s ]
INFO: [ app_begin ] --END-- [ RunTime:0.001000s ]
NOTIC: [8] A session had already been started - ignoring session_start() F:\WWW\polar.dianwang.com\core\ThinkPHP\Common\functions.php 第 1263 行.
NOTIC: [2048] Declaration of Common\Model\ArcsModel::ajaxTable() should be compatible with Common\Model\ManagerModel::ajaxTable($params = Array) F:\WWW\polar.dianwang.com\core\Application\Common\Model\ArcsModel.class.php 第 4 行.
SQL: SHOW COLUMNS FROM `arcs` [ RunTime:0.0040s ]
NOTIC: [8] Undefined index: fields F:\WWW\polar.dianwang.com\core\Application\Common\Model\ManagerModel.class.php 第 108 行.
NOTIC: [8] Undefined index: searchparams F:\WWW\polar.dianwang.com\core\Application\Common\Model\ManagerModel.class.php 第 122 行.
SQL: SELECT * FROM `arcs` WHERE `catalog_id` = 53 AND `lang` = 'zh' LIMIT 0,10   [ RunTime:0.0000s ]
NOTIC: [8] Undefined index: group F:\WWW\polar.dianwang.com\core\Application\Common\Model\ManagerModel.class.php 第 154 行.
SQL: SELECT COUNT(*) AS tp_count FROM `arcs` WHERE `catalog_id` = 53 AND `lang` = 'zh' LIMIT 1   [ RunTime:0.0000s ]

[ 2016-12-12T00:00:59+08:00 ] 127.0.0.1 /admina/?m=Manager&c=Data&a=g&_m=Arcs&_a=ajaxTable&catalog_id=54&length=10&page=1&start=0
INFO: [ app_init ] --START--
INFO: Run Behavior\BuildLiteBehavior [ RunTime:0.000000s ]
INFO: [ app_init ] --END-- [ RunTime:0.000000s ]
INFO: [ app_begin ] --START--
INFO: Run Behavior\ReadHtmlCacheBehavior [ RunTime:0.001000s ]
INFO: [ app_begin ] --END-- [ RunTime:0.001000s ]
NOTIC: [8] A session had already been started - ignoring session_start() F:\WWW\polar.dianwang.com\core\ThinkPHP\Common\functions.php 第 1263 行.
NOTIC: [2048] Declaration of Common\Model\ArcsModel::ajaxTable() should be compatible with Common\Model\ManagerModel::ajaxTable($params = Array) F:\WWW\polar.dianwang.com\core\Application\Common\Model\ArcsModel.class.php 第 4 行.
SQL: SHOW COLUMNS FROM `arcs` [ RunTime:0.0040s ]
NOTIC: [8] Undefined index: fields F:\WWW\polar.dianwang.com\core\Application\Common\Model\ManagerModel.class.php 第 108 行.
NOTIC: [8] Undefined index: searchparams F:\WWW\polar.dianwang.com\core\Application\Common\Model\ManagerModel.class.php 第 122 行.
SQL: SELECT * FROM `arcs` WHERE `catalog_id` = 54 AND `lang` = 'zh' LIMIT 0,10   [ RunTime:0.0000s ]
NOTIC: [8] Undefined index: group F:\WWW\polar.dianwang.com\core\Application\Common\Model\ManagerModel.class.php 第 154 行.
SQL: SELECT COUNT(*) AS tp_count FROM `arcs` WHERE `catalog_id` = 54 AND `lang` = 'zh' LIMIT 1   [ RunTime:0.0010s ]

[ 2016-12-12T00:00:59+08:00 ] 127.0.0.1 /admina/?m=Manager&c=Data&a=g&_m=Arcs&_a=ajaxTable&catalog_id=56&length=10&page=1&start=0
INFO: [ app_init ] --START--
INFO: Run Behavior\BuildLiteBehavior [ RunTime:0.000000s ]
INFO: [ app_init ] --END-- [ RunTime:0.000000s ]
INFO: [ app_begin ] --START--
INFO: Run Behavior\ReadHtmlCacheBehavior [ RunTime:0.001000s ]
INFO: [ app_begin ] --END-- [ RunTime:0.001000s ]
NOTIC: [8] A session had already been started - ignoring session_start() F:\WWW\polar.dianwang.com\core\ThinkPHP\Common\functions.php 第 1263 行.
NOTIC: [2048] Declaration of Common\Model\ArcsModel::ajaxTable() should be compatible with Common\Model\ManagerModel::ajaxTable($params = Array) F:\WWW\polar.dianwang.com\core\Application\Common\Model\ArcsModel.class.php 第 4 行.
SQL: SHOW COLUMNS FROM `arcs` [ RunTime:0.0040s ]
NOTIC: [8] Undefined index: fields F:\WWW\polar.dianwang.com\core\Application\Common\Model\ManagerModel.class.php 第 108 行.
NOTIC: [8] Undefined index: searchparams F:\WWW\polar.dianwang.com\core\Application\Common\Model\ManagerModel.class.php 第 122 行.
SQL: SELECT * FROM `arcs` WHERE `catalog_id` = 56 AND `lang` = 'zh' LIMIT 0,10   [ RunTime:0.0000s ]
NOTIC: [8] Undefined index: group F:\WWW\polar.dianwang.com\core\Application\Common\Model\ManagerModel.class.php 第 154 行.
SQL: SELECT COUNT(*) AS tp_count FROM `arcs` WHERE `catalog_id` = 56 AND `lang` = 'zh' LIMIT 1   [ RunTime:0.0000s ]

[ 2016-12-12T00:01:00+08:00 ] 127.0.0.1 /admina/?m=Manager&c=Data&a=g&_m=Arcs&_a=ajaxTable&catalog_id=57&length=10&page=1&start=0
INFO: [ app_init ] --START--
INFO: Run Behavior\BuildLiteBehavior [ RunTime:0.000000s ]
INFO: [ app_init ] --END-- [ RunTime:0.000000s ]
INFO: [ app_begin ] --START--
INFO: Run Behavior\ReadHtmlCacheBehavior [ RunTime:0.001000s ]
INFO: [ app_begin ] --END-- [ RunTime:0.001000s ]
NOTIC: [8] A session had already been started - ignoring session_start() F:\WWW\polar.dianwang.com\core\ThinkPHP\Common\functions.php 第 1263 行.
NOTIC: [2048] Declaration of Common\Model\ArcsModel::ajaxTable() should be compatible with Common\Model\ManagerModel::ajaxTable($params = Array) F:\WWW\polar.dianwang.com\core\Application\Common\Model\ArcsModel.class.php 第 4 行.
SQL: SHOW COLUMNS FROM `arcs` [ RunTime:0.0040s ]
NOTIC: [8] Undefined index: fields F:\WWW\polar.dianwang.com\core\Application\Common\Model\ManagerModel.class.php 第 108 行.
NOTIC: [8] Undefined index: searchparams F:\WWW\polar.dianwang.com\core\Application\Common\Model\ManagerModel.class.php 第 122 行.
SQL: SELECT * FROM `arcs` WHERE `catalog_id` = 57 AND `lang` = 'zh' LIMIT 0,10   [ RunTime:0.0000s ]
NOTIC: [8] Undefined index: group F:\WWW\polar.dianwang.com\core\Application\Common\Model\ManagerModel.class.php 第 154 行.
SQL: SELECT COUNT(*) AS tp_count FROM `arcs` WHERE `catalog_id` = 57 AND `lang` = 'zh' LIMIT 1   [ RunTime:0.0000s ]

[ 2016-12-12T00:01:01+08:00 ] 127.0.0.1 /admina/?m=Manager&c=Data&a=g&_m=Arcs&_a=ajaxTable&catalog_id=58&length=10&page=1&start=0
INFO: [ app_init ] --START--
INFO: Run Behavior\BuildLiteBehavior [ RunTime:0.000000s ]
INFO: [ app_init ] --END-- [ RunTime:0.000000s ]
INFO: [ app_begin ] --START--
INFO: Run Behavior\ReadHtmlCacheBehavior [ RunTime:0.000000s ]
INFO: [ app_begin ] --END-- [ RunTime:0.000000s ]
NOTIC: [8] A session had already been started - ignoring session_start() F:\WWW\polar.dianwang.com\core\ThinkPHP\Common\functions.php 第 1263 行.
NOTIC: [2048] Declaration of Common\Model\ArcsModel::ajaxTable() should be compatible with Common\Model\ManagerModel::ajaxTable($params = Array) F:\WWW\polar.dianwang.com\core\Application\Common\Model\ArcsModel.class.php 第 4 行.
SQL: SHOW COLUMNS FROM `arcs` [ RunTime:0.0040s ]
NOTIC: [8] Undefined index: fields F:\WWW\polar.dianwang.com\core\Application\Common\Model\ManagerModel.class.php 第 108 行.
NOTIC: [8] Undefined index: searchparams F:\WWW\polar.dianwang.com\core\Application\Common\Model\ManagerModel.class.php 第 122 行.
SQL: SELECT * FROM `arcs` WHERE `catalog_id` = 58 AND `lang` = 'zh' LIMIT 0,10   [ RunTime:0.0010s ]
NOTIC: [8] Undefined index: group F:\WWW\polar.dianwang.com\core\Application\Common\Model\ManagerModel.class.php 第 154 行.
SQL: SELECT COUNT(*) AS tp_count FROM `arcs` WHERE `catalog_id` = 58 AND `lang` = 'zh' LIMIT 1   [ RunTime:0.0000s ]

[ 2016-12-12T00:01:01+08:00 ] 127.0.0.1 /admina/?m=Manager&c=Data&a=g&_m=Users&_a=ajaxTable&length=10&page=1&start=0
INFO: [ app_init ] --START--
INFO: Run Behavior\BuildLiteBehavior [ RunTime:0.000000s ]
INFO: [ app_init ] --END-- [ RunTime:0.000000s ]
INFO: [ app_begin ] --START--
INFO: Run Behavior\ReadHtmlCacheBehavior [ RunTime:0.001001s ]
INFO: [ app_begin ] --END-- [ RunTime:0.001001s ]
NOTIC: [8] A session had already been started - ignoring session_start() F:\WWW\polar.dianwang.com\core\ThinkPHP\Common\functions.php 第 1263 行.
SQL: SHOW COLUMNS FROM `users` [ RunTime:0.0040s ]
NOTIC: [8] Undefined index: fields F:\WWW\polar.dianwang.com\core\Application\Common\Model\ManagerModel.class.php 第 108 行.
NOTIC: [8] Undefined index: searchparams F:\WWW\polar.dianwang.com\core\Application\Common\Model\ManagerModel.class.php 第 122 行.
SQL: SELECT * FROM `users` LIMIT 0,10   [ RunTime:0.0000s ]
NOTIC: [8] Undefined index: group F:\WWW\polar.dianwang.com\core\Application\Common\Model\ManagerModel.class.php 第 154 行.
SQL: SELECT COUNT(*) AS tp_count FROM `users` LIMIT 1   [ RunTime:0.0010s ]

[ 2016-12-12T22:04:03+08:00 ] 127.0.0.1 /admina/
INFO: [ app_init ] --START--
INFO: Run Behavior\BuildLiteBehavior [ RunTime:0.000000s ]
INFO: [ app_init ] --END-- [ RunTime:0.000000s ]
INFO: [ app_begin ] --START--
INFO: Run Behavior\ReadHtmlCacheBehavior [ RunTime:0.001000s ]
INFO: [ app_begin ] --END-- [ RunTime:0.001000s ]
NOTIC: [8] A session had already been started - ignoring session_start() F:\WWW\polar.dianwang.com\core\ThinkPHP\Common\functions.php 第 1263 行.

[ 2016-12-12T22:04:03+08:00 ] 127.0.0.1 /admina/login/
INFO: [ app_init ] --START--
INFO: Run Behavior\BuildLiteBehavior [ RunTime:0.000000s ]
INFO: [ app_init ] --END-- [ RunTime:0.000000s ]
INFO: [ app_begin ] --START--
INFO: Run Behavior\ReadHtmlCacheBehavior [ RunTime:0.001000s ]
INFO: [ app_begin ] --END-- [ RunTime:0.001000s ]
NOTIC: [8] A session had already been started - ignoring session_start() F:\WWW\polar.dianwang.com\core\ThinkPHP\Common\functions.php 第 1263 行.
SQL: SHOW COLUMNS FROM `config` [ RunTime:0.0370s ]
SQL: SELECT * FROM `config` WHERE `id` = 'sys_name' LIMIT 1   [ RunTime:0.0000s ]
NOTIC: [2] Missing argument 1 for Think\Controller::show(), called in F:\WWW\polar.dianwang.com\core\Application\Admin\Controller\IndexController.class.php on line 76 and defined F:\WWW\polar.dianwang.com\core\ThinkPHP\Library\Think\Controller.class.php 第 68 行.
NOTIC: [8] Undefined variable: content F:\WWW\polar.dianwang.com\core\ThinkPHP\Library\Think\Controller.class.php 第 69 行.
INFO: [ view_parse ] --START--
INFO: [ template_filter ] --START--
INFO: Run Behavior\ContentReplaceBehavior [ RunTime:0.000000s ]
INFO: [ template_filter ] --END-- [ RunTime:0.000000s ]
INFO: Run Behavior\ParseTemplateBehavior [ RunTime:0.011000s ]
INFO: [ view_parse ] --END-- [ RunTime:0.011000s ]
INFO: [ view_filter ] --START--
INFO: Run Behavior\WriteHtmlCacheBehavior [ RunTime:0.001000s ]
INFO: [ view_filter ] --END-- [ RunTime:0.001000s ]
INFO: [ app_end ] --START--
INFO: Run Behavior\ShowPageTraceBehavior [ RunTime:0.001001s ]
INFO: [ app_end ] --END-- [ RunTime:0.001001s ]

[ 2016-12-12T22:04:09+08:00 ] 127.0.0.1 /admina/login/
INFO: [ app_init ] --START--
INFO: Run Behavior\BuildLiteBehavior [ RunTime:0.000000s ]
INFO: [ app_init ] --END-- [ RunTime:0.000000s ]
INFO: [ app_begin ] --START--
INFO: Run Behavior\ReadHtmlCacheBehavior [ RunTime:0.001000s ]
INFO: [ app_begin ] --END-- [ RunTime:0.001000s ]
NOTIC: [8] A session had already been started - ignoring session_start() F:\WWW\polar.dianwang.com\core\ThinkPHP\Common\functions.php 第 1263 行.
SQL: SHOW COLUMNS FROM `config` [ RunTime:0.0030s ]
SQL: SELECT * FROM `config` WHERE `id` = 'sys_name' LIMIT 1   [ RunTime:0.0010s ]
SQL: SELECT * FROM `config` WHERE `id` = 'sys_name' LIMIT 1   [ RunTime:0.0000s ]

[ 2016-12-12T22:04:09+08:00 ] 127.0.0.1 /admina/
INFO: [ app_init ] --START--
INFO: Run Behavior\BuildLiteBehavior [ RunTime:0.000000s ]
INFO: [ app_init ] --END-- [ RunTime:0.000000s ]
INFO: [ app_begin ] --START--
INFO: Run Behavior\ReadHtmlCacheBehavior [ RunTime:0.001000s ]
INFO: [ app_begin ] --END-- [ RunTime:0.001000s ]
NOTIC: [8] A session had already been started - ignoring session_start() F:\WWW\polar.dianwang.com\core\ThinkPHP\Common\functions.php 第 1263 行.
NOTIC: [2] Missing argument 1 for Think\Controller::show(), called in F:\WWW\polar.dianwang.com\core\Application\Admin\Controller\IndexController.class.php on line 16 and defined F:\WWW\polar.dianwang.com\core\ThinkPHP\Library\Think\Controller.class.php 第 68 行.
NOTIC: [8] Undefined variable: content F:\WWW\polar.dianwang.com\core\ThinkPHP\Library\Think\Controller.class.php 第 69 行.
INFO: [ view_parse ] --START--
INFO: [ template_filter ] --START--
INFO: Run Behavior\ContentReplaceBehavior [ RunTime:0.000000s ]
INFO: [ template_filter ] --END-- [ RunTime:0.000000s ]
INFO: Run Behavior\ParseTemplateBehavior [ RunTime:0.023001s ]
INFO: [ view_parse ] --END-- [ RunTime:0.023001s ]
INFO: [ view_filter ] --START--
INFO: Run Behavior\WriteHtmlCacheBehavior [ RunTime:0.000000s ]
INFO: [ view_filter ] --END-- [ RunTime:0.000000s ]
INFO: [ app_end ] --START--
INFO: Run Behavior\ShowPageTraceBehavior [ RunTime:0.001001s ]
INFO: [ app_end ] --END-- [ RunTime:0.001001s ]

[ 2016-12-12T22:04:10+08:00 ] 127.0.0.1 /admina/?g=Admin&c=Index&a=tpl&tpl=tools.header
INFO: [ app_init ] --START--
INFO: Run Behavior\BuildLiteBehavior [ RunTime:0.000000s ]
INFO: [ app_init ] --END-- [ RunTime:0.000000s ]
INFO: [ app_begin ] --START--
INFO: Run Behavior\ReadHtmlCacheBehavior [ RunTime:0.000000s ]
INFO: [ app_begin ] --END-- [ RunTime:0.000000s ]
NOTIC: [8] A session had already been started - ignoring session_start() F:\WWW\polar.dianwang.com\core\ThinkPHP\Common\functions.php 第 1263 行.
INFO: [ view_parse ] --START--
INFO: [ template_filter ] --START--
INFO: Run Behavior\ContentReplaceBehavior [ RunTime:0.000000s ]
INFO: [ template_filter ] --END-- [ RunTime:0.001000s ]
INFO: Run Behavior\ParseTemplateBehavior [ RunTime:0.006001s ]
INFO: [ view_parse ] --END-- [ RunTime:0.006001s ]
INFO: [ view_filter ] --START--
INFO: Run Behavior\WriteHtmlCacheBehavior [ RunTime:0.000000s ]
INFO: [ view_filter ] --END-- [ RunTime:0.000000s ]
INFO: [ app_end ] --START--
INFO: Run Behavior\ShowPageTraceBehavior [ RunTime:0.001000s ]
INFO: [ app_end ] --END-- [ RunTime:0.001000s ]

[ 2016-12-12T22:04:10+08:00 ] 127.0.0.1 /admina/?g=Admin&c=Index&a=tpl&tpl=tools.sidebar
INFO: [ app_init ] --START--
INFO: Run Behavior\BuildLiteBehavior [ RunTime:0.000000s ]
INFO: [ app_init ] --END-- [ RunTime:0.000000s ]
INFO: [ app_begin ] --START--
INFO: Run Behavior\ReadHtmlCacheBehavior [ RunTime:0.001000s ]
INFO: [ app_begin ] --END-- [ RunTime:0.001000s ]
NOTIC: [8] A session had already been started - ignoring session_start() F:\WWW\polar.dianwang.com\core\ThinkPHP\Common\functions.php 第 1263 行.
INFO: [ view_parse ] --START--
INFO: [ template_filter ] --START--
INFO: Run Behavior\ContentReplaceBehavior [ RunTime:0.000000s ]
INFO: [ template_filter ] --END-- [ RunTime:0.000000s ]
SQL: SHOW COLUMNS FROM `catalogs` [ RunTime:0.0270s ]
NOTIC: [2] Missing argument 1 for Common\Model\CatalogsModel::tree(), called in F:\WWW\polar.dianwang.com\core\Application\Runtime\Cache\Admin\5a1555cac6f13050f221cca31059cab4.php on line 28 and defined F:\WWW\polar.dianwang.com\core\Application\Common\Model\CatalogsModel.class.php 第 29 行.
SQL: SELECT `id`,`title`,`pid`,`level`,`actionurl` FROM `catalogs`  [ RunTime:0.0000s ]
NOTIC: [8] Undefined index: icon F:\WWW\polar.dianwang.com\core\Application\Runtime\Cache\Admin\5a1555cac6f13050f221cca31059cab4.php 第 28 行.
NOTIC: [8] Undefined index: icon F:\WWW\polar.dianwang.com\core\Application\Runtime\Cache\Admin\5a1555cac6f13050f221cca31059cab4.php 第 28 行.
NOTIC: [8] Undefined index: icon F:\WWW\polar.dianwang.com\core\Application\Runtime\Cache\Admin\5a1555cac6f13050f221cca31059cab4.php 第 28 行.
NOTIC: [8] Undefined index: icon F:\WWW\polar.dianwang.com\core\Application\Runtime\Cache\Admin\5a1555cac6f13050f221cca31059cab4.php 第 28 行.
NOTIC: [8] Undefined index: icon F:\WWW\polar.dianwang.com\core\Application\Runtime\Cache\Admin\5a1555cac6f13050f221cca31059cab4.php 第 28 行.
NOTIC: [8] Undefined index: icon F:\WWW\polar.dianwang.com\core\Application\Runtime\Cache\Admin\5a1555cac6f13050f221cca31059cab4.php 第 28 行.
NOTIC: [8] Undefined index: icon F:\WWW\polar.dianwang.com\core\Application\Runtime\Cache\Admin\5a1555cac6f13050f221cca31059cab4.php 第 28 行.
NOTIC: [8] Undefined index: icon F:\WWW\polar.dianwang.com\core\Application\Runtime\Cache\Admin\5a1555cac6f13050f221cca31059cab4.php 第 28 行.
NOTIC: [8] Undefined index: icon F:\WWW\polar.dianwang.com\core\Application\Runtime\Cache\Admin\5a1555cac6f13050f221cca31059cab4.php 第 28 行.
NOTIC: [8] Undefined index: son F:\WWW\polar.dianwang.com\core\Application\Runtime\Cache\Admin\5a1555cac6f13050f221cca31059cab4.php 第 28 行.
NOTIC: [8] Undefined index: son F:\WWW\polar.dianwang.com\core\Application\Runtime\Cache\Admin\5a1555cac6f13050f221cca31059cab4.php 第 28 行.
NOTIC: [8] Undefined index: son F:\WWW\polar.dianwang.com\core\Application\Runtime\Cache\Admin\5a1555cac6f13050f221cca31059cab4.php 第 28 行.
NOTIC: [8] Undefined index: son F:\WWW\polar.dianwang.com\core\Application\Runtime\Cache\Admin\5a1555cac6f13050f221cca31059cab4.php 第 28 行.
NOTIC: [8] Undefined index: son F:\WWW\polar.dianwang.com\core\Application\Runtime\Cache\Admin\5a1555cac6f13050f221cca31059cab4.php 第 28 行.
NOTIC: [8] Undefined index: son F:\WWW\polar.dianwang.com\core\Application\Runtime\Cache\Admin\5a1555cac6f13050f221cca31059cab4.php 第 28 行.
NOTIC: [8] Undefined index: id F:\WWW\polar.dianwang.com\core\Application\Runtime\Cache\Admin\5a1555cac6f13050f221cca31059cab4.php 第 28 行.
NOTIC: [8] Undefined index: son F:\WWW\polar.dianwang.com\core\Application\Runtime\Cache\Admin\5a1555cac6f13050f221cca31059cab4.php 第 28 行.
NOTIC: [8] Undefined index: son F:\WWW\polar.dianwang.com\core\Application\Runtime\Cache\Admin\5a1555cac6f13050f221cca31059cab4.php 第 28 行.
INFO: Run Behavior\ParseTemplateBehavior [ RunTime:0.056004s ]
INFO: [ view_parse ] --END-- [ RunTime:0.056004s ]
INFO: [ view_filter ] --START--
INFO: Run Behavior\WriteHtmlCacheBehavior [ RunTime:0.000000s ]
INFO: [ view_filter ] --END-- [ RunTime:0.000000s ]
INFO: [ app_end ] --START--
INFO: Run Behavior\ShowPageTraceBehavior [ RunTime:0.001000s ]
INFO: [ app_end ] --END-- [ RunTime:0.001000s ]

[ 2016-12-12T22:04:10+08:00 ] 127.0.0.1 /admina/?g=Admin&c=Index&a=tpl&tpl=tools.footer
INFO: [ app_init ] --START--
INFO: Run Behavior\BuildLiteBehavior [ RunTime:0.000000s ]
INFO: [ app_init ] --END-- [ RunTime:0.000000s ]
INFO: [ app_begin ] --START--
INFO: Run Behavior\ReadHtmlCacheBehavior [ RunTime:0.000000s ]
INFO: [ app_begin ] --END-- [ RunTime:0.001000s ]
NOTIC: [8] A session had already been started - ignoring session_start() F:\WWW\polar.dianwang.com\core\ThinkPHP\Common\functions.php 第 1263 行.
INFO: [ view_parse ] --START--
INFO: [ template_filter ] --START--
INFO: Run Behavior\ContentReplaceBehavior [ RunTime:0.000000s ]
INFO: [ template_filter ] --END-- [ RunTime:0.000000s ]
INFO: Run Behavior\ParseTemplateBehavior [ RunTime:0.005001s ]
INFO: [ view_parse ] --END-- [ RunTime:0.005001s ]
INFO: [ view_filter ] --START--
INFO: Run Behavior\WriteHtmlCacheBehavior [ RunTime:0.001000s ]
INFO: [ view_filter ] --END-- [ RunTime:0.001000s ]
INFO: [ app_end ] --START--
INFO: Run Behavior\ShowPageTraceBehavior [ RunTime:0.000000s ]
INFO: [ app_end ] --END-- [ RunTime:0.000000s ]

[ 2016-12-12T22:04:10+08:00 ] 127.0.0.1 /admina/?g=Admin&c=Index&a=tpl&tpl=inc.datatable_page
INFO: [ app_init ] --START--
INFO: Run Behavior\BuildLiteBehavior [ RunTime:0.000000s ]
INFO: [ app_init ] --END-- [ RunTime:0.000000s ]
INFO: [ app_begin ] --START--
INFO: Run Behavior\ReadHtmlCacheBehavior [ RunTime:0.001000s ]
INFO: [ app_begin ] --END-- [ RunTime:0.001000s ]
NOTIC: [8] A session had already been started - ignoring session_start() F:\WWW\polar.dianwang.com\core\ThinkPHP\Common\functions.php 第 1263 行.
INFO: [ view_parse ] --START--
INFO: [ template_filter ] --START--
INFO: Run Behavior\ContentReplaceBehavior [ RunTime:0.000000s ]
INFO: [ template_filter ] --END-- [ RunTime:0.000000s ]
INFO: Run Behavior\ParseTemplateBehavior [ RunTime:0.005000s ]
INFO: [ view_parse ] --END-- [ RunTime:0.006000s ]
INFO: [ view_filter ] --START--
INFO: Run Behavior\WriteHtmlCacheBehavior [ RunTime:0.000000s ]
INFO: [ view_filter ] --END-- [ RunTime:0.000000s ]
INFO: [ app_end ] --START--
INFO: Run Behavior\ShowPageTraceBehavior [ RunTime:0.001000s ]
INFO: [ app_end ] --END-- [ RunTime:0.001000s ]

[ 2016-12-12T22:04:10+08:00 ] 127.0.0.1 /admina/?g=Admin&c=Index&a=tpl&tpl=directive.datatable
INFO: [ app_init ] --START--
INFO: Run Behavior\BuildLiteBehavior [ RunTime:0.000000s ]
INFO: [ app_init ] --END-- [ RunTime:0.000000s ]
INFO: [ app_begin ] --START--
INFO: Run Behavior\ReadHtmlCacheBehavior [ RunTime:0.001000s ]
INFO: [ app_begin ] --END-- [ RunTime:0.001000s ]
NOTIC: [8] A session had already been started - ignoring session_start() F:\WWW\polar.dianwang.com\core\ThinkPHP\Common\functions.php 第 1263 行.
INFO: [ view_parse ] --START--
INFO: [ template_filter ] --START--
INFO: Run Behavior\ContentReplaceBehavior [ RunTime:0.000000s ]
INFO: [ template_filter ] --END-- [ RunTime:0.000000s ]
INFO: Run Behavior\ParseTemplateBehavior [ RunTime:0.008000s ]
INFO: [ view_parse ] --END-- [ RunTime:0.008000s ]
INFO: [ view_filter ] --START--
INFO: Run Behavior\WriteHtmlCacheBehavior [ RunTime:0.001000s ]
INFO: [ view_filter ] --END-- [ RunTime:0.001000s ]
INFO: [ app_end ] --START--
INFO: Run Behavior\ShowPageTraceBehavior [ RunTime:0.000000s ]
INFO: [ app_end ] --END-- [ RunTime:0.000000s ]

[ 2016-12-12T22:04:10+08:00 ] 127.0.0.1 /admina/?m=Manager&c=Data&a=g&_m=Users&_a=ajaxTable&length=10&page=1&start=0
INFO: [ app_init ] --START--
INFO: Run Behavior\BuildLiteBehavior [ RunTime:0.000000s ]
INFO: [ app_init ] --END-- [ RunTime:0.001000s ]
INFO: [ app_begin ] --START--
INFO: Run Behavior\ReadHtmlCacheBehavior [ RunTime:0.001000s ]
INFO: [ app_begin ] --END-- [ RunTime:0.001000s ]
NOTIC: [8] A session had already been started - ignoring session_start() F:\WWW\polar.dianwang.com\core\ThinkPHP\Common\functions.php 第 1263 行.
SQL: SHOW COLUMNS FROM `users` [ RunTime:0.0150s ]
NOTIC: [8] Undefined index: fields F:\WWW\polar.dianwang.com\core\Application\Common\Model\ManagerModel.class.php 第 108 行.
NOTIC: [8] Undefined index: searchparams F:\WWW\polar.dianwang.com\core\Application\Common\Model\ManagerModel.class.php 第 122 行.
SQL: SELECT * FROM `users` LIMIT 0,10   [ RunTime:0.0000s ]
NOTIC: [8] Undefined index: group F:\WWW\polar.dianwang.com\core\Application\Common\Model\ManagerModel.class.php 第 154 行.
SQL: SELECT COUNT(*) AS tp_count FROM `users` LIMIT 1   [ RunTime:0.0000s ]

[ 2016-12-12T22:04:13+08:00 ] 127.0.0.1 /admina/?g=Admin&c=Index&a=tpl&tpl=config.conf
INFO: [ app_init ] --START--
INFO: Run Behavior\BuildLiteBehavior [ RunTime:0.000000s ]
INFO: [ app_init ] --END-- [ RunTime:0.000000s ]
INFO: [ app_begin ] --START--
INFO: Run Behavior\ReadHtmlCacheBehavior [ RunTime:0.001000s ]
INFO: [ app_begin ] --END-- [ RunTime:0.001000s ]
NOTIC: [8] A session had already been started - ignoring session_start() F:\WWW\polar.dianwang.com\core\ThinkPHP\Common\functions.php 第 1263 行.
INFO: [ view_parse ] --START--
INFO: [ template_filter ] --START--
INFO: Run Behavior\ContentReplaceBehavior [ RunTime:0.000000s ]
INFO: [ template_filter ] --END-- [ RunTime:0.000000s ]
INFO: Run Behavior\ParseTemplateBehavior [ RunTime:0.006000s ]
INFO: [ view_parse ] --END-- [ RunTime:0.006000s ]
INFO: [ view_filter ] --START--
INFO: Run Behavior\WriteHtmlCacheBehavior [ RunTime:0.001001s ]
INFO: [ view_filter ] --END-- [ RunTime:0.001001s ]
INFO: [ app_end ] --START--
INFO: Run Behavior\ShowPageTraceBehavior [ RunTime:0.000000s ]
INFO: [ app_end ] --END-- [ RunTime:0.000000s ]

[ 2016-12-12T22:04:13+08:00 ] 127.0.0.1 /admina/?m=Manager&c=Data&a=g&_m=Config&_a=gs
INFO: [ app_init ] --START--
INFO: Run Behavior\BuildLiteBehavior [ RunTime:0.000000s ]
INFO: [ app_init ] --END-- [ RunTime:0.000000s ]
INFO: [ app_begin ] --START--
INFO: Run Behavior\ReadHtmlCacheBehavior [ RunTime:0.001000s ]
INFO: [ app_begin ] --END-- [ RunTime:0.001000s ]
NOTIC: [8] A session had already been started - ignoring session_start() F:\WWW\polar.dianwang.com\core\ThinkPHP\Common\functions.php 第 1263 行.
SQL: SHOW COLUMNS FROM `config` [ RunTime:0.0040s ]
SQL: SELECT `id`,zh as value FROM `config`  [ RunTime:0.0010s ]

[ 2016-12-12T22:04:13+08:00 ] 127.0.0.1 /admina/?g=Admin&c=Index&a=tpl&tpl=directive.fgImgUpload
INFO: [ app_init ] --START--
INFO: Run Behavior\BuildLiteBehavior [ RunTime:0.000000s ]
INFO: [ app_init ] --END-- [ RunTime:0.000000s ]
INFO: [ app_begin ] --START--
INFO: Run Behavior\ReadHtmlCacheBehavior [ RunTime:0.000000s ]
INFO: [ app_begin ] --END-- [ RunTime:0.001000s ]
NOTIC: [8] A session had already been started - ignoring session_start() F:\WWW\polar.dianwang.com\core\ThinkPHP\Common\functions.php 第 1263 行.
INFO: [ view_parse ] --START--
INFO: [ template_filter ] --START--
INFO: Run Behavior\ContentReplaceBehavior [ RunTime:0.000000s ]
INFO: [ template_filter ] --END-- [ RunTime:0.000000s ]
INFO: Run Behavior\ParseTemplateBehavior [ RunTime:0.007000s ]
INFO: [ view_parse ] --END-- [ RunTime:0.008000s ]
INFO: [ view_filter ] --START--
INFO: Run Behavior\WriteHtmlCacheBehavior [ RunTime:0.001000s ]
INFO: [ view_filter ] --END-- [ RunTime:0.001000s ]
INFO: [ app_end ] --START--
INFO: Run Behavior\ShowPageTraceBehavior [ RunTime:0.000000s ]
INFO: [ app_end ] --END-- [ RunTime:0.000000s ]

[ 2016-12-12T22:04:14+08:00 ] 127.0.0.1 /admina/?m=Manager&c=Data&a=g&_m=Users&_a=ajaxTable&length=10&page=1&start=0
INFO: [ app_init ] --START--
INFO: Run Behavior\BuildLiteBehavior [ RunTime:0.000000s ]
INFO: [ app_init ] --END-- [ RunTime:0.000000s ]
INFO: [ app_begin ] --START--
INFO: Run Behavior\ReadHtmlCacheBehavior [ RunTime:0.001000s ]
INFO: [ app_begin ] --END-- [ RunTime:0.001000s ]
NOTIC: [8] A session had already been started - ignoring session_start() F:\WWW\polar.dianwang.com\core\ThinkPHP\Common\functions.php 第 1263 行.
SQL: SHOW COLUMNS FROM `users` [ RunTime:0.0050s ]
NOTIC: [8] Undefined index: fields F:\WWW\polar.dianwang.com\core\Application\Common\Model\ManagerModel.class.php 第 108 行.
NOTIC: [8] Undefined index: searchparams F:\WWW\polar.dianwang.com\core\Application\Common\Model\ManagerModel.class.php 第 122 行.
SQL: SELECT * FROM `users` LIMIT 0,10   [ RunTime:0.0000s ]
NOTIC: [8] Undefined index: group F:\WWW\polar.dianwang.com\core\Application\Common\Model\ManagerModel.class.php 第 154 行.
SQL: SELECT COUNT(*) AS tp_count FROM `users` LIMIT 1   [ RunTime:0.0010s ]

[ 2016-12-12T22:04:15+08:00 ] 127.0.0.1 /admina/?m=Manager&c=Data&a=g&_m=Config&_a=gs
INFO: [ app_init ] --START--
INFO: Run Behavior\BuildLiteBehavior [ RunTime:0.000000s ]
INFO: [ app_init ] --END-- [ RunTime:0.000000s ]
INFO: [ app_begin ] --START--
INFO: Run Behavior\ReadHtmlCacheBehavior [ RunTime:0.001000s ]
INFO: [ app_begin ] --END-- [ RunTime:0.001000s ]
NOTIC: [8] A session had already been started - ignoring session_start() F:\WWW\polar.dianwang.com\core\ThinkPHP\Common\functions.php 第 1263 行.
SQL: SHOW COLUMNS FROM `config` [ RunTime:0.0040s ]
SQL: SELECT `id`,zh as value FROM `config`  [ RunTime:0.0000s ]

[ 2016-12-12T22:04:16+08:00 ] 127.0.0.1 /admina/?m=Manager&c=Data&a=g&_m=Users&_a=ajaxTable&length=10&page=1&start=0
INFO: [ app_init ] --START--
INFO: Run Behavior\BuildLiteBehavior [ RunTime:0.000000s ]
INFO: [ app_init ] --END-- [ RunTime:0.000000s ]
INFO: [ app_begin ] --START--
INFO: Run Behavior\ReadHtmlCacheBehavior [ RunTime:0.001001s ]
INFO: [ app_begin ] --END-- [ RunTime:0.001001s ]
NOTIC: [8] A session had already been started - ignoring session_start() F:\WWW\polar.dianwang.com\core\ThinkPHP\Common\functions.php 第 1263 行.
SQL: SHOW COLUMNS FROM `users` [ RunTime:0.0050s ]
NOTIC: [8] Undefined index: fields F:\WWW\polar.dianwang.com\core\Application\Common\Model\ManagerModel.class.php 第 108 行.
NOTIC: [8] Undefined index: searchparams F:\WWW\polar.dianwang.com\core\Application\Common\Model\ManagerModel.class.php 第 122 行.
SQL: SELECT * FROM `users` LIMIT 0,10   [ RunTime:0.0010s ]
NOTIC: [8] Undefined index: group F:\WWW\polar.dianwang.com\core\Application\Common\Model\ManagerModel.class.php 第 154 行.
SQL: SELECT COUNT(*) AS tp_count FROM `users` LIMIT 1   [ RunTime:0.0000s ]

[ 2016-12-12T22:31:04+08:00 ] 127.0.0.1 /admina/
INFO: [ app_init ] --START--
INFO: Run Behavior\BuildLiteBehavior [ RunTime:0.000000s ]
INFO: [ app_init ] --END-- [ RunTime:0.000000s ]
INFO: [ app_begin ] --START--
INFO: Run Behavior\ReadHtmlCacheBehavior [ RunTime:0.001000s ]
INFO: [ app_begin ] --END-- [ RunTime:0.001000s ]
NOTIC: [8] A session had already been started - ignoring session_start() F:\WWW\polar.dianwang.com\core\ThinkPHP\Common\functions.php 第 1263 行.
NOTIC: [2] Missing argument 1 for Think\Controller::show(), called in F:\WWW\polar.dianwang.com\core\Application\Admin\Controller\IndexController.class.php on line 16 and defined F:\WWW\polar.dianwang.com\core\ThinkPHP\Library\Think\Controller.class.php 第 68 行.
NOTIC: [8] Undefined variable: content F:\WWW\polar.dianwang.com\core\ThinkPHP\Library\Think\Controller.class.php 第 69 行.
INFO: [ view_parse ] --START--
INFO: [ template_filter ] --START--
INFO: Run Behavior\ContentReplaceBehavior [ RunTime:0.000000s ]
INFO: [ template_filter ] --END-- [ RunTime:0.000000s ]
INFO: Run Behavior\ParseTemplateBehavior [ RunTime:0.009001s ]
INFO: [ view_parse ] --END-- [ RunTime:0.009001s ]
INFO: [ view_filter ] --START--
INFO: Run Behavior\WriteHtmlCacheBehavior [ RunTime:0.000000s ]
INFO: [ view_filter ] --END-- [ RunTime:0.000000s ]
INFO: [ app_end ] --START--
INFO: Run Behavior\ShowPageTraceBehavior [ RunTime:0.001000s ]
INFO: [ app_end ] --END-- [ RunTime:0.001000s ]

[ 2016-12-12T22:31:04+08:00 ] 127.0.0.1 /admina/?g=Admin&c=Index&a=tpl&tpl=tools.sidebar
INFO: [ app_init ] --START--
INFO: Run Behavior\BuildLiteBehavior [ RunTime:0.000000s ]
INFO: [ app_init ] --END-- [ RunTime:0.000000s ]
INFO: [ app_begin ] --START--
INFO: Run Behavior\ReadHtmlCacheBehavior [ RunTime:0.001000s ]
INFO: [ app_begin ] --END-- [ RunTime:0.001000s ]
NOTIC: [8] A session had already been started - ignoring session_start() F:\WWW\polar.dianwang.com\core\ThinkPHP\Common\functions.php 第 1263 行.
INFO: [ view_parse ] --START--
INFO: [ template_filter ] --START--
INFO: Run Behavior\ContentReplaceBehavior [ RunTime:0.000000s ]
INFO: [ template_filter ] --END-- [ RunTime:0.000000s ]
SQL: SHOW COLUMNS FROM `catalogs` [ RunTime:0.0040s ]
NOTIC: [2] Missing argument 1 for Common\Model\CatalogsModel::tree(), called in F:\WWW\polar.dianwang.com\core\Application\Runtime\Cache\Admin\5a1555cac6f13050f221cca31059cab4.php on line 28 and defined F:\WWW\polar.dianwang.com\core\Application\Common\Model\CatalogsModel.class.php 第 29 行.
SQL: SELECT `id`,`title`,`pid`,`level`,`actionurl` FROM `catalogs`  [ RunTime:0.0010s ]
NOTIC: [8] Undefined index: icon F:\WWW\polar.dianwang.com\core\Application\Runtime\Cache\Admin\5a1555cac6f13050f221cca31059cab4.php 第 28 行.
NOTIC: [8] Undefined index: icon F:\WWW\polar.dianwang.com\core\Application\Runtime\Cache\Admin\5a1555cac6f13050f221cca31059cab4.php 第 28 行.
NOTIC: [8] Undefined index: icon F:\WWW\polar.dianwang.com\core\Application\Runtime\Cache\Admin\5a1555cac6f13050f221cca31059cab4.php 第 28 行.
NOTIC: [8] Undefined index: icon F:\WWW\polar.dianwang.com\core\Application\Runtime\Cache\Admin\5a1555cac6f13050f221cca31059cab4.php 第 28 行.
NOTIC: [8] Undefined index: icon F:\WWW\polar.dianwang.com\core\Application\Runtime\Cache\Admin\5a1555cac6f13050f221cca31059cab4.php 第 28 行.
NOTIC: [8] Undefined index: icon F:\WWW\polar.dianwang.com\core\Application\Runtime\Cache\Admin\5a1555cac6f13050f221cca31059cab4.php 第 28 行.
NOTIC: [8] Undefined index: icon F:\WWW\polar.dianwang.com\core\Application\Runtime\Cache\Admin\5a1555cac6f13050f221cca31059cab4.php 第 28 行.
NOTIC: [8] Undefined index: icon F:\WWW\polar.dianwang.com\core\Application\Runtime\Cache\Admin\5a1555cac6f13050f221cca31059cab4.php 第 28 行.
NOTIC: [8] Undefined index: icon F:\WWW\polar.dianwang.com\core\Application\Runtime\Cache\Admin\5a1555cac6f13050f221cca31059cab4.php 第 28 行.
NOTIC: [8] Undefined index: son F:\WWW\polar.dianwang.com\core\Application\Runtime\Cache\Admin\5a1555cac6f13050f221cca31059cab4.php 第 28 行.
NOTIC: [8] Undefined index: son F:\WWW\polar.dianwang.com\core\Application\Runtime\Cache\Admin\5a1555cac6f13050f221cca31059cab4.php 第 28 行.
NOTIC: [8] Undefined index: son F:\WWW\polar.dianwang.com\core\Application\Runtime\Cache\Admin\5a1555cac6f13050f221cca31059cab4.php 第 28 行.
NOTIC: [8] Undefined index: son F:\WWW\polar.dianwang.com\core\Application\Runtime\Cache\Admin\5a1555cac6f13050f221cca31059cab4.php 第 28 行.
INFO: Run Behavior\ParseTemplateBehavior [ RunTime:0.021001s ]
INFO: [ view_parse ] --END-- [ RunTime:0.021001s ]
INFO: [ view_filter ] --START--
INFO: Run Behavior\WriteHtmlCacheBehavior [ RunTime:0.000000s ]
INFO: [ view_filter ] --END-- [ RunTime:0.000000s ]
INFO: [ app_end ] --START--
INFO: Run Behavior\ShowPageTraceBehavior [ RunTime:0.001000s ]
INFO: [ app_end ] --END-- [ RunTime:0.001000s ]

[ 2016-12-12T22:31:04+08:00 ] 127.0.0.1 /admina/?g=Admin&c=Index&a=tpl&tpl=tools.footer
INFO: [ app_init ] --START--
INFO: Run Behavior\BuildLiteBehavior [ RunTime:0.000000s ]
INFO: [ app_init ] --END-- [ RunTime:0.000000s ]
INFO: [ app_begin ] --START--
INFO: Run Behavior\ReadHtmlCacheBehavior [ RunTime:0.001000s ]
INFO: [ app_begin ] --END-- [ RunTime:0.001000s ]
NOTIC: [8] A session had already been started - ignoring session_start() F:\WWW\polar.dianwang.com\core\ThinkPHP\Common\functions.php 第 1263 行.
INFO: [ view_parse ] --START--
INFO: [ template_filter ] --START--
INFO: Run Behavior\ContentReplaceBehavior [ RunTime:0.000000s ]
INFO: [ template_filter ] --END-- [ RunTime:0.000000s ]
INFO: Run Behavior\ParseTemplateBehavior [ RunTime:0.005001s ]
INFO: [ view_parse ] --END-- [ RunTime:0.005001s ]
INFO: [ view_filter ] --START--
INFO: Run Behavior\WriteHtmlCacheBehavior [ RunTime:0.000000s ]
INFO: [ view_filter ] --END-- [ RunTime:0.000000s ]
INFO: [ app_end ] --START--
INFO: Run Behavior\ShowPageTraceBehavior [ RunTime:0.001000s ]
INFO: [ app_end ] --END-- [ RunTime:0.001000s ]

[ 2016-12-12T22:31:04+08:00 ] 127.0.0.1 /admina/?g=Admin&c=Index&a=tpl&tpl=tools.header
INFO: [ app_init ] --START--
INFO: Run Behavior\BuildLiteBehavior [ RunTime:0.000000s ]
INFO: [ app_init ] --END-- [ RunTime:0.000000s ]
INFO: [ app_begin ] --START--
INFO: Run Behavior\ReadHtmlCacheBehavior [ RunTime:0.001000s ]
INFO: [ app_begin ] --END-- [ RunTime:0.001000s ]
NOTIC: [8] A session had already been started - ignoring session_start() F:\WWW\polar.dianwang.com\core\ThinkPHP\Common\functions.php 第 1263 行.
INFO: [ view_parse ] --START--
INFO: [ template_filter ] --START--
INFO: Run Behavior\ContentReplaceBehavior [ RunTime:0.000000s ]
INFO: [ template_filter ] --END-- [ RunTime:0.000000s ]
INFO: Run Behavior\ParseTemplateBehavior [ RunTime:0.006001s ]
INFO: [ view_parse ] --END-- [ RunTime:0.006001s ]
INFO: [ view_filter ] --START--
INFO: Run Behavior\WriteHtmlCacheBehavior [ RunTime:0.000000s ]
INFO: [ view_filter ] --END-- [ RunTime:0.000000s ]
INFO: [ app_end ] --START--
INFO: Run Behavior\ShowPageTraceBehavior [ RunTime:0.001000s ]
INFO: [ app_end ] --END-- [ RunTime:0.001000s ]

[ 2016-12-12T22:31:04+08:00 ] 127.0.0.1 /admina/?g=Admin&c=Index&a=tpl&tpl=inc.datatable_page
INFO: [ app_init ] --START--
INFO: Run Behavior\BuildLiteBehavior [ RunTime:0.000000s ]
INFO: [ app_init ] --END-- [ RunTime:0.000000s ]
INFO: [ app_begin ] --START--
INFO: Run Behavior\ReadHtmlCacheBehavior [ RunTime:0.000000s ]
INFO: [ app_begin ] --END-- [ RunTime:0.000000s ]
NOTIC: [8] A session had already been started - ignoring session_start() F:\WWW\polar.dianwang.com\core\ThinkPHP\Common\functions.php 第 1263 行.
INFO: [ view_parse ] --START--
INFO: [ template_filter ] --START--
INFO: Run Behavior\ContentReplaceBehavior [ RunTime:0.000000s ]
INFO: [ template_filter ] --END-- [ RunTime:0.000000s ]
INFO: Run Behavior\ParseTemplateBehavior [ RunTime:0.008001s ]
INFO: [ view_parse ] --END-- [ RunTime:0.008001s ]
INFO: [ view_filter ] --START--
INFO: Run Behavior\WriteHtmlCacheBehavior [ RunTime:0.001000s ]
INFO: [ view_filter ] --END-- [ RunTime:0.001000s ]
INFO: [ app_end ] --START--
INFO: Run Behavior\ShowPageTraceBehavior [ RunTime:0.000000s ]
INFO: [ app_end ] --END-- [ RunTime:0.000000s ]

[ 2016-12-12T22:31:04+08:00 ] 127.0.0.1 /admina/?g=Admin&c=Index&a=tpl&tpl=directive.datatable
INFO: [ app_init ] --START--
INFO: Run Behavior\BuildLiteBehavior [ RunTime:0.000000s ]
INFO: [ app_init ] --END-- [ RunTime:0.000000s ]
INFO: [ app_begin ] --START--
INFO: Run Behavior\ReadHtmlCacheBehavior [ RunTime:0.000000s ]
INFO: [ app_begin ] --END-- [ RunTime:0.000000s ]
NOTIC: [8] A session had already been started - ignoring session_start() F:\WWW\polar.dianwang.com\core\ThinkPHP\Common\functions.php 第 1263 行.
INFO: [ view_parse ] --START--
INFO: [ template_filter ] --START--
INFO: Run Behavior\ContentReplaceBehavior [ RunTime:0.000000s ]
INFO: [ template_filter ] --END-- [ RunTime:0.000000s ]
INFO: Run Behavior\ParseTemplateBehavior [ RunTime:0.005000s ]
INFO: [ view_parse ] --END-- [ RunTime:0.005000s ]
INFO: [ view_filter ] --START--
INFO: Run Behavior\WriteHtmlCacheBehavior [ RunTime:0.000000s ]
INFO: [ view_filter ] --END-- [ RunTime:0.000000s ]
INFO: [ app_end ] --START--
INFO: Run Behavior\ShowPageTraceBehavior [ RunTime:0.001000s ]
INFO: [ app_end ] --END-- [ RunTime:0.001000s ]

[ 2016-12-12T22:31:04+08:00 ] 127.0.0.1 /admina/?m=Manager&c=Data&a=g&_m=Users&_a=ajaxTable&length=10&page=1&start=0
INFO: [ app_init ] --START--
INFO: Run Behavior\BuildLiteBehavior [ RunTime:0.000000s ]
INFO: [ app_init ] --END-- [ RunTime:0.000000s ]
INFO: [ app_begin ] --START--
INFO: Run Behavior\ReadHtmlCacheBehavior [ RunTime:0.000000s ]
INFO: [ app_begin ] --END-- [ RunTime:0.000000s ]
NOTIC: [8] A session had already been started - ignoring session_start() F:\WWW\polar.dianwang.com\core\ThinkPHP\Common\functions.php 第 1263 行.
SQL: SHOW COLUMNS FROM `users` [ RunTime:0.0060s ]
NOTIC: [8] Undefined index: fields F:\WWW\polar.dianwang.com\core\Application\Common\Model\ManagerModel.class.php 第 108 行.
NOTIC: [8] Undefined index: searchparams F:\WWW\polar.dianwang.com\core\Application\Common\Model\ManagerModel.class.php 第 122 行.
SQL: SELECT * FROM `users` LIMIT 0,10   [ RunTime:0.0000s ]
NOTIC: [8] Undefined index: group F:\WWW\polar.dianwang.com\core\Application\Common\Model\ManagerModel.class.php 第 154 行.
SQL: SELECT COUNT(*) AS tp_count FROM `users` LIMIT 1   [ RunTime:0.0010s ]

