[ 2016-12-21T08:19:07+08:00 ] 42.156.251.187 /admina/login/
INFO: [ app_init ] --START--
INFO: Run Behavior\BuildLiteBehavior [ RunTime:0.000021s ]
INFO: [ app_init ] --END-- [ RunTime:0.000104s ]
INFO: [ app_begin ] --START--
INFO: Run Behavior\ReadHtmlCacheBehavior [ RunTime:0.000702s ]
INFO: [ app_begin ] --END-- [ RunTime:0.000773s ]
NOTIC: [8] A session had already been started - ignoring session_start() D:\wwwroot\dwang\wwwroot\core\ThinkPHP\Common\functions.php 第 1263 行.
SQL: SHOW COLUMNS FROM `config` [ RunTime:0.0026s ]
SQL: SELECT * FROM `config` WHERE `id` = 'sys_name' LIMIT 1   [ RunTime:0.0020s ]
NOTIC: [2] Missing argument 1 for Think\Controller::show(), called in D:\wwwroot\dwang\wwwroot\core\Application\Admin\Controller\IndexController.class.php on line 76 and defined D:\wwwroot\dwang\wwwroot\core\ThinkPHP\Library\Think\Controller.class.php 第 68 行.
NOTIC: [8] Undefined variable: content D:\wwwroot\dwang\wwwroot\core\ThinkPHP\Library\Think\Controller.class.php 第 69 行.
INFO: [ view_parse ] --START--
INFO: [ template_filter ] --START--
INFO: Run Behavior\ContentReplaceBehavior [ RunTime:0.000076s ]
INFO: [ template_filter ] --END-- [ RunTime:0.000139s ]
INFO: Run Behavior\ParseTemplateBehavior [ RunTime:0.018814s ]
INFO: [ view_parse ] --END-- [ RunTime:0.018903s ]
INFO: [ view_filter ] --START--
INFO: Run Behavior\WriteHtmlCacheBehavior [ RunTime:0.000481s ]
INFO: [ view_filter ] --END-- [ RunTime:0.000538s ]
INFO: [ app_end ] --START--
INFO: Run Behavior\ShowPageTraceBehavior [ RunTime:0.000846s ]
INFO: [ app_end ] --END-- [ RunTime:0.000969s ]

[ 2016-12-21T18:06:41+08:00 ] 106.8.223.220 /admina/
INFO: [ app_init ] --START--
INFO: Run Behavior\BuildLiteBehavior [ RunTime:0.000020s ]
INFO: [ app_init ] --END-- [ RunTime:0.000097s ]
INFO: [ app_begin ] --START--
INFO: Run Behavior\ReadHtmlCacheBehavior [ RunTime:0.000684s ]
INFO: [ app_begin ] --END-- [ RunTime:0.000756s ]
NOTIC: [8] A session had already been started - ignoring session_start() D:\wwwroot\dwang\wwwroot\core\ThinkPHP\Common\functions.php 第 1263 行.
NOTIC: [2] Missing argument 1 for Think\Controller::show(), called in D:\wwwroot\dwang\wwwroot\core\Application\Admin\Controller\IndexController.class.php on line 16 and defined D:\wwwroot\dwang\wwwroot\core\ThinkPHP\Library\Think\Controller.class.php 第 68 行.
NOTIC: [8] Undefined variable: content D:\wwwroot\dwang\wwwroot\core\ThinkPHP\Library\Think\Controller.class.php 第 69 行.
INFO: [ view_parse ] --START--
INFO: [ template_filter ] --START--
INFO: Run Behavior\ContentReplaceBehavior [ RunTime:0.000097s ]
INFO: [ template_filter ] --END-- [ RunTime:0.000167s ]
INFO: Run Behavior\ParseTemplateBehavior [ RunTime:0.019272s ]
INFO: [ view_parse ] --END-- [ RunTime:0.019338s ]
INFO: [ view_filter ] --START--
INFO: Run Behavior\WriteHtmlCacheBehavior [ RunTime:0.000425s ]
INFO: [ view_filter ] --END-- [ RunTime:0.000484s ]
INFO: [ app_end ] --START--
INFO: Run Behavior\ShowPageTraceBehavior [ RunTime:0.000937s ]
INFO: [ app_end ] --END-- [ RunTime:0.001025s ]

[ 2016-12-21T18:06:41+08:00 ] 106.8.223.220 /admina/?m=Manager&c=Data&a=g&_m=Pushs&_a=select
INFO: [ app_init ] --START--
INFO: Run Behavior\BuildLiteBehavior [ RunTime:0.000020s ]
INFO: [ app_init ] --END-- [ RunTime:0.000095s ]
INFO: [ app_begin ] --START--
INFO: Run Behavior\ReadHtmlCacheBehavior [ RunTime:0.000588s ]
INFO: [ app_begin ] --END-- [ RunTime:0.000655s ]
NOTIC: [8] A session had already been started - ignoring session_start() D:\wwwroot\dwang\wwwroot\core\ThinkPHP\Common\functions.php 第 1263 行.
SQL: SHOW COLUMNS FROM `pushs` [ RunTime:0.0052s ]
SQL: SELECT * FROM `pushs`  [ RunTime:0.0020s ]

[ 2016-12-21T18:06:41+08:00 ] 106.8.223.220 /admina/?m=Manager&c=Data&a=g&_m=Catalogs&_a=select
INFO: [ app_init ] --START--
INFO: Run Behavior\BuildLiteBehavior [ RunTime:0.000019s ]
INFO: [ app_init ] --END-- [ RunTime:0.000089s ]
INFO: [ app_begin ] --START--
INFO: Run Behavior\ReadHtmlCacheBehavior [ RunTime:0.000721s ]
INFO: [ app_begin ] --END-- [ RunTime:0.000808s ]
NOTIC: [8] A session had already been started - ignoring session_start() D:\wwwroot\dwang\wwwroot\core\ThinkPHP\Common\functions.php 第 1263 行.
SQL: SHOW COLUMNS FROM `catalogs` [ RunTime:0.0025s ]
SQL: SELECT * FROM `catalogs`  [ RunTime:0.0023s ]

[ 2016-12-21T18:06:41+08:00 ] 106.8.223.220 /admina/?g=Admin&c=Index&a=tpl&tpl=tools.sidebar
INFO: [ app_init ] --START--
INFO: Run Behavior\BuildLiteBehavior [ RunTime:0.000025s ]
INFO: [ app_init ] --END-- [ RunTime:0.000111s ]
INFO: [ app_begin ] --START--
INFO: Run Behavior\ReadHtmlCacheBehavior [ RunTime:0.000695s ]
INFO: [ app_begin ] --END-- [ RunTime:0.000766s ]
NOTIC: [8] A session had already been started - ignoring session_start() D:\wwwroot\dwang\wwwroot\core\ThinkPHP\Common\functions.php 第 1263 行.
INFO: [ view_parse ] --START--
INFO: [ template_filter ] --START--
INFO: Run Behavior\ContentReplaceBehavior [ RunTime:0.000059s ]
INFO: [ template_filter ] --END-- [ RunTime:0.000137s ]
SQL: SHOW COLUMNS FROM `catalogs` [ RunTime:0.0024s ]
NOTIC: [2] Missing argument 1 for Common\Model\CatalogsModel::tree(), called in D:\wwwroot\dwang\wwwroot\core\Application\Runtime\Cache\Admin\b92838e26cdb773543e11ae25179dc27.php on line 12 and defined D:\wwwroot\dwang\wwwroot\core\Application\Common\Model\CatalogsModel.class.php 第 29 行.
SQL: SELECT `id`,`title`,`pid`,`level`,`actionurl` FROM `catalogs`  [ RunTime:0.0020s ]
NOTIC: [8] Undefined index: icon D:\wwwroot\dwang\wwwroot\core\Application\Runtime\Cache\Admin\b92838e26cdb773543e11ae25179dc27.php 第 12 行.
NOTIC: [8] Undefined index: icon D:\wwwroot\dwang\wwwroot\core\Application\Runtime\Cache\Admin\b92838e26cdb773543e11ae25179dc27.php 第 12 行.
NOTIC: [8] Undefined index: icon D:\wwwroot\dwang\wwwroot\core\Application\Runtime\Cache\Admin\b92838e26cdb773543e11ae25179dc27.php 第 12 行.
NOTIC: [8] Undefined index: icon D:\wwwroot\dwang\wwwroot\core\Application\Runtime\Cache\Admin\b92838e26cdb773543e11ae25179dc27.php 第 12 行.
NOTIC: [8] Undefined index: icon D:\wwwroot\dwang\wwwroot\core\Application\Runtime\Cache\Admin\b92838e26cdb773543e11ae25179dc27.php 第 12 行.
NOTIC: [8] Undefined index: icon D:\wwwroot\dwang\wwwroot\core\Application\Runtime\Cache\Admin\b92838e26cdb773543e11ae25179dc27.php 第 12 行.
NOTIC: [8] Undefined index: icon D:\wwwroot\dwang\wwwroot\core\Application\Runtime\Cache\Admin\b92838e26cdb773543e11ae25179dc27.php 第 12 行.
NOTIC: [8] Undefined index: icon D:\wwwroot\dwang\wwwroot\core\Application\Runtime\Cache\Admin\b92838e26cdb773543e11ae25179dc27.php 第 12 行.
NOTIC: [8] Undefined index: icon D:\wwwroot\dwang\wwwroot\core\Application\Runtime\Cache\Admin\b92838e26cdb773543e11ae25179dc27.php 第 12 行.
NOTIC: [8] Undefined index: son D:\wwwroot\dwang\wwwroot\core\Application\Runtime\Cache\Admin\b92838e26cdb773543e11ae25179dc27.php 第 12 行.
NOTIC: [8] Undefined index: son D:\wwwroot\dwang\wwwroot\core\Application\Runtime\Cache\Admin\b92838e26cdb773543e11ae25179dc27.php 第 12 行.
NOTIC: [8] Undefined index: id D:\wwwroot\dwang\wwwroot\core\Application\Runtime\Cache\Admin\b92838e26cdb773543e11ae25179dc27.php 第 12 行.
NOTIC: [8] Undefined index: son D:\wwwroot\dwang\wwwroot\core\Application\Runtime\Cache\Admin\b92838e26cdb773543e11ae25179dc27.php 第 12 行.
NOTIC: [8] Undefined index: icon D:\wwwroot\dwang\wwwroot\core\Application\Runtime\Cache\Admin\b92838e26cdb773543e11ae25179dc27.php 第 12 行.
NOTIC: [8] Undefined index: son D:\wwwroot\dwang\wwwroot\core\Application\Runtime\Cache\Admin\b92838e26cdb773543e11ae25179dc27.php 第 12 行.
NOTIC: [8] Undefined index: son D:\wwwroot\dwang\wwwroot\core\Application\Runtime\Cache\Admin\b92838e26cdb773543e11ae25179dc27.php 第 12 行.
NOTIC: [8] Undefined index: son D:\wwwroot\dwang\wwwroot\core\Application\Runtime\Cache\Admin\b92838e26cdb773543e11ae25179dc27.php 第 12 行.
NOTIC: [8] Undefined index: id D:\wwwroot\dwang\wwwroot\core\Application\Runtime\Cache\Admin\b92838e26cdb773543e11ae25179dc27.php 第 12 行.
NOTIC: [8] Undefined index: son D:\wwwroot\dwang\wwwroot\core\Application\Runtime\Cache\Admin\b92838e26cdb773543e11ae25179dc27.php 第 12 行.
NOTIC: [8] Undefined index: icon D:\wwwroot\dwang\wwwroot\core\Application\Runtime\Cache\Admin\b92838e26cdb773543e11ae25179dc27.php 第 12 行.
NOTIC: [8] Undefined index: son D:\wwwroot\dwang\wwwroot\core\Application\Runtime\Cache\Admin\b92838e26cdb773543e11ae25179dc27.php 第 12 行.
NOTIC: [8] Undefined index: son D:\wwwroot\dwang\wwwroot\core\Application\Runtime\Cache\Admin\b92838e26cdb773543e11ae25179dc27.php 第 12 行.
NOTIC: [8] Undefined index: son D:\wwwroot\dwang\wwwroot\core\Application\Runtime\Cache\Admin\b92838e26cdb773543e11ae25179dc27.php 第 12 行.
NOTIC: [8] Undefined index: id D:\wwwroot\dwang\wwwroot\core\Application\Runtime\Cache\Admin\b92838e26cdb773543e11ae25179dc27.php 第 12 行.
NOTIC: [8] Undefined index: son D:\wwwroot\dwang\wwwroot\core\Application\Runtime\Cache\Admin\b92838e26cdb773543e11ae25179dc27.php 第 12 行.
NOTIC: [8] Undefined index: icon D:\wwwroot\dwang\wwwroot\core\Application\Runtime\Cache\Admin\b92838e26cdb773543e11ae25179dc27.php 第 12 行.
NOTIC: [8] Undefined index: son D:\wwwroot\dwang\wwwroot\core\Application\Runtime\Cache\Admin\b92838e26cdb773543e11ae25179dc27.php 第 12 行.
NOTIC: [8] Undefined index: son D:\wwwroot\dwang\wwwroot\core\Application\Runtime\Cache\Admin\b92838e26cdb773543e11ae25179dc27.php 第 12 行.
NOTIC: [8] Undefined index: son D:\wwwroot\dwang\wwwroot\core\Application\Runtime\Cache\Admin\b92838e26cdb773543e11ae25179dc27.php 第 12 行.
NOTIC: [8] Undefined index: id D:\wwwroot\dwang\wwwroot\core\Application\Runtime\Cache\Admin\b92838e26cdb773543e11ae25179dc27.php 第 12 行.
NOTIC: [8] Undefined index: son D:\wwwroot\dwang\wwwroot\core\Application\Runtime\Cache\Admin\b92838e26cdb773543e11ae25179dc27.php 第 12 行.
NOTIC: [8] Undefined index: icon D:\wwwroot\dwang\wwwroot\core\Application\Runtime\Cache\Admin\b92838e26cdb773543e11ae25179dc27.php 第 12 行.
NOTIC: [8] Undefined index: son D:\wwwroot\dwang\wwwroot\core\Application\Runtime\Cache\Admin\b92838e26cdb773543e11ae25179dc27.php 第 12 行.
NOTIC: [8] Undefined index: son D:\wwwroot\dwang\wwwroot\core\Application\Runtime\Cache\Admin\b92838e26cdb773543e11ae25179dc27.php 第 12 行.
NOTIC: [8] Undefined index: son D:\wwwroot\dwang\wwwroot\core\Application\Runtime\Cache\Admin\b92838e26cdb773543e11ae25179dc27.php 第 12 行.
NOTIC: [8] Undefined index: id D:\wwwroot\dwang\wwwroot\core\Application\Runtime\Cache\Admin\b92838e26cdb773543e11ae25179dc27.php 第 12 行.
NOTIC: [8] Undefined index: son D:\wwwroot\dwang\wwwroot\core\Application\Runtime\Cache\Admin\b92838e26cdb773543e11ae25179dc27.php 第 12 行.
NOTIC: [8] Undefined index: son D:\wwwroot\dwang\wwwroot\core\Application\Runtime\Cache\Admin\b92838e26cdb773543e11ae25179dc27.php 第 12 行.
INFO: Run Behavior\ParseTemplateBehavior [ RunTime:0.035229s ]
INFO: [ view_parse ] --END-- [ RunTime:0.035292s ]
INFO: [ view_filter ] --START--
INFO: Run Behavior\WriteHtmlCacheBehavior [ RunTime:0.000485s ]
INFO: [ view_filter ] --END-- [ RunTime:0.000538s ]
INFO: [ app_end ] --START--
INFO: Run Behavior\ShowPageTraceBehavior [ RunTime:0.000792s ]
INFO: [ app_end ] --END-- [ RunTime:0.000852s ]

[ 2016-12-21T18:06:41+08:00 ] 106.8.223.220 /admina/?g=Admin&c=Index&a=tpl&tpl=inc.datatable_page
INFO: [ app_init ] --START--
INFO: Run Behavior\BuildLiteBehavior [ RunTime:0.000022s ]
INFO: [ app_init ] --END-- [ RunTime:0.000104s ]
INFO: [ app_begin ] --START--
INFO: Run Behavior\ReadHtmlCacheBehavior [ RunTime:0.001075s ]
INFO: [ app_begin ] --END-- [ RunTime:0.001209s ]
NOTIC: [8] A session had already been started - ignoring session_start() D:\wwwroot\dwang\wwwroot\core\ThinkPHP\Common\functions.php 第 1263 行.
INFO: [ view_parse ] --START--
INFO: [ template_filter ] --START--
INFO: Run Behavior\ContentReplaceBehavior [ RunTime:0.000062s ]
INFO: [ template_filter ] --END-- [ RunTime:0.000150s ]
INFO: Run Behavior\ParseTemplateBehavior [ RunTime:0.018123s ]
INFO: [ view_parse ] --END-- [ RunTime:0.018238s ]
INFO: [ view_filter ] --START--
INFO: Run Behavior\WriteHtmlCacheBehavior [ RunTime:0.000491s ]
INFO: [ view_filter ] --END-- [ RunTime:0.000545s ]
INFO: [ app_end ] --START--
INFO: Run Behavior\ShowPageTraceBehavior [ RunTime:0.000813s ]
INFO: [ app_end ] --END-- [ RunTime:0.000868s ]

[ 2016-12-21T18:06:41+08:00 ] 106.8.223.220 /admina/?g=Admin&c=Index&a=tpl&tpl=tools.header
INFO: [ app_init ] --START--
INFO: Run Behavior\BuildLiteBehavior [ RunTime:0.000018s ]
INFO: [ app_init ] --END-- [ RunTime:0.000084s ]
INFO: [ app_begin ] --START--
INFO: Run Behavior\ReadHtmlCacheBehavior [ RunTime:0.000575s ]
INFO: [ app_begin ] --END-- [ RunTime:0.000642s ]
NOTIC: [8] A session had already been started - ignoring session_start() D:\wwwroot\dwang\wwwroot\core\ThinkPHP\Common\functions.php 第 1263 行.
INFO: [ view_parse ] --START--
INFO: [ template_filter ] --START--
INFO: Run Behavior\ContentReplaceBehavior [ RunTime:0.000045s ]
INFO: [ template_filter ] --END-- [ RunTime:0.000106s ]
INFO: Run Behavior\ParseTemplateBehavior [ RunTime:0.006192s ]
INFO: [ view_parse ] --END-- [ RunTime:0.006255s ]
INFO: [ view_filter ] --START--
INFO: Run Behavior\WriteHtmlCacheBehavior [ RunTime:0.000294s ]
INFO: [ view_filter ] --END-- [ RunTime:0.000349s ]
INFO: [ app_end ] --START--
INFO: Run Behavior\ShowPageTraceBehavior [ RunTime:0.000609s ]
INFO: [ app_end ] --END-- [ RunTime:0.000663s ]

[ 2016-12-21T18:06:41+08:00 ] 106.8.223.220 /admina/?m=Manager&c=Data&a=g&_m=UsersGroup&_a=select
INFO: [ app_init ] --START--
INFO: Run Behavior\BuildLiteBehavior [ RunTime:0.000025s ]
INFO: [ app_init ] --END-- [ RunTime:0.000122s ]
INFO: [ app_begin ] --START--
INFO: Run Behavior\ReadHtmlCacheBehavior [ RunTime:0.000659s ]
INFO: [ app_begin ] --END-- [ RunTime:0.000726s ]
NOTIC: [8] A session had already been started - ignoring session_start() D:\wwwroot\dwang\wwwroot\core\ThinkPHP\Common\functions.php 第 1263 行.
SQL: SHOW COLUMNS FROM `users_group` [ RunTime:0.0030s ]
SQL: SELECT * FROM `users_group`  [ RunTime:0.0005s ]

[ 2016-12-21T18:06:41+08:00 ] 106.8.223.220 /admina/?g=Admin&c=Index&a=tpl&tpl=directive.datatable
INFO: [ app_init ] --START--
INFO: Run Behavior\BuildLiteBehavior [ RunTime:0.000018s ]
INFO: [ app_init ] --END-- [ RunTime:0.000082s ]
INFO: [ app_begin ] --START--
INFO: Run Behavior\ReadHtmlCacheBehavior [ RunTime:0.000582s ]
INFO: [ app_begin ] --END-- [ RunTime:0.000653s ]
NOTIC: [8] A session had already been started - ignoring session_start() D:\wwwroot\dwang\wwwroot\core\ThinkPHP\Common\functions.php 第 1263 行.
INFO: [ view_parse ] --START--
INFO: [ template_filter ] --START--
INFO: Run Behavior\ContentReplaceBehavior [ RunTime:0.000078s ]
INFO: [ template_filter ] --END-- [ RunTime:0.000144s ]
INFO: Run Behavior\ParseTemplateBehavior [ RunTime:0.017554s ]
INFO: [ view_parse ] --END-- [ RunTime:0.017618s ]
INFO: [ view_filter ] --START--
INFO: Run Behavior\WriteHtmlCacheBehavior [ RunTime:0.000389s ]
INFO: [ view_filter ] --END-- [ RunTime:0.000444s ]
INFO: [ app_end ] --START--
INFO: Run Behavior\ShowPageTraceBehavior [ RunTime:0.000667s ]
INFO: [ app_end ] --END-- [ RunTime:0.000722s ]

[ 2016-12-21T18:06:42+08:00 ] 106.8.223.220 /admina/?m=Manager&c=Data&a=g&_m=Users&_a=ajaxTable&length=10&page=1&start=0
INFO: [ app_init ] --START--
INFO: Run Behavior\BuildLiteBehavior [ RunTime:0.000020s ]
INFO: [ app_init ] --END-- [ RunTime:0.000091s ]
INFO: [ app_begin ] --START--
INFO: Run Behavior\ReadHtmlCacheBehavior [ RunTime:0.000575s ]
INFO: [ app_begin ] --END-- [ RunTime:0.000642s ]
NOTIC: [8] A session had already been started - ignoring session_start() D:\wwwroot\dwang\wwwroot\core\ThinkPHP\Common\functions.php 第 1263 行.
SQL: SHOW COLUMNS FROM `users` [ RunTime:0.0029s ]
NOTIC: [8] Undefined index: fields D:\wwwroot\dwang\wwwroot\core\Application\Common\Model\ManagerModel.class.php 第 117 行.
NOTIC: [8] Undefined index: searchparams D:\wwwroot\dwang\wwwroot\core\Application\Common\Model\ManagerModel.class.php 第 131 行.
NOTIC: [8] Undefined index: map D:\wwwroot\dwang\wwwroot\core\Application\Common\Model\ManagerModel.class.php 第 138 行.
SQL: SELECT * FROM `users` LIMIT 0,10   [ RunTime:0.0019s ]
NOTIC: [8] Undefined index: group D:\wwwroot\dwang\wwwroot\core\Application\Common\Model\ManagerModel.class.php 第 160 行.
SQL: SELECT COUNT(*) AS tp_count FROM `users` LIMIT 1   [ RunTime:0.0002s ]

[ 2016-12-21T18:06:46+08:00 ] 106.8.223.220 /admina/?m=Manager&c=Data&a=g&_m=Arcs&_a=ajaxTable&length=10&page=1&pushdata=1&start=0
INFO: [ app_init ] --START--
INFO: Run Behavior\BuildLiteBehavior [ RunTime:0.000019s ]
INFO: [ app_init ] --END-- [ RunTime:0.000090s ]
INFO: [ app_begin ] --START--
INFO: Run Behavior\ReadHtmlCacheBehavior [ RunTime:0.000579s ]
INFO: [ app_begin ] --END-- [ RunTime:0.000645s ]
NOTIC: [8] A session had already been started - ignoring session_start() D:\wwwroot\dwang\wwwroot\core\ThinkPHP\Common\functions.php 第 1263 行.
NOTIC: [2048] Declaration of Common\Model\ArcsModel::ajaxTable() should be compatible with Common\Model\ManagerModel::ajaxTable($params = Array) D:\wwwroot\dwang\wwwroot\core\Application\Common\Model\ArcsModel.class.php 第 4 行.
SQL: SHOW COLUMNS FROM `arcs` [ RunTime:0.0037s ]
NOTIC: [8] Undefined index: catalog_id D:\wwwroot\dwang\wwwroot\core\Application\Common\Model\ArcsModel.class.php 第 13 行.
NOTIC: [8] Undefined index: fields D:\wwwroot\dwang\wwwroot\core\Application\Common\Model\ManagerModel.class.php 第 117 行.
NOTIC: [8] Undefined index: searchparams D:\wwwroot\dwang\wwwroot\core\Application\Common\Model\ManagerModel.class.php 第 131 行.
NOTIC: [8] Undefined index: map D:\wwwroot\dwang\wwwroot\core\Application\Common\Model\ManagerModel.class.php 第 138 行.
SQL: SELECT * FROM `arcs` WHERE `pushdate` > 0 LIMIT 0,10   [ RunTime:0.0025s ]
NOTIC: [8] Undefined index: group D:\wwwroot\dwang\wwwroot\core\Application\Common\Model\ManagerModel.class.php 第 160 行.
SQL: SELECT COUNT(*) AS tp_count FROM `arcs` WHERE `pushdate` > 0 LIMIT 1   [ RunTime:0.0002s ]

[ 2016-12-21T18:06:46+08:00 ] 106.8.223.220 /admina/?m=Manager&c=Data&a=g&_m=Pushs&_a=ajaxTable&length=10&page=1&start=0
INFO: [ app_init ] --START--
INFO: Run Behavior\BuildLiteBehavior [ RunTime:0.000019s ]
INFO: [ app_init ] --END-- [ RunTime:0.000089s ]
INFO: [ app_begin ] --START--
INFO: Run Behavior\ReadHtmlCacheBehavior [ RunTime:0.000608s ]
INFO: [ app_begin ] --END-- [ RunTime:0.000675s ]
NOTIC: [8] A session had already been started - ignoring session_start() D:\wwwroot\dwang\wwwroot\core\ThinkPHP\Common\functions.php 第 1263 行.
SQL: SHOW COLUMNS FROM `pushs` [ RunTime:0.0028s ]
NOTIC: [8] Undefined index: fields D:\wwwroot\dwang\wwwroot\core\Application\Common\Model\ManagerModel.class.php 第 117 行.
NOTIC: [8] Undefined index: searchparams D:\wwwroot\dwang\wwwroot\core\Application\Common\Model\ManagerModel.class.php 第 131 行.
NOTIC: [8] Undefined index: map D:\wwwroot\dwang\wwwroot\core\Application\Common\Model\ManagerModel.class.php 第 138 行.
SQL: SELECT * FROM `pushs` LIMIT 0,10   [ RunTime:0.0024s ]
NOTIC: [8] Undefined index: group D:\wwwroot\dwang\wwwroot\core\Application\Common\Model\ManagerModel.class.php 第 160 行.
SQL: SELECT COUNT(*) AS tp_count FROM `pushs` LIMIT 1   [ RunTime:0.0002s ]

[ 2016-12-21T18:06:52+08:00 ] 106.8.223.220 /admina/?g=Admin&c=Index&a=tpl&tpl=pushs.detail
INFO: [ app_init ] --START--
INFO: Run Behavior\BuildLiteBehavior [ RunTime:0.000046s ]
INFO: [ app_init ] --END-- [ RunTime:0.000120s ]
INFO: [ app_begin ] --START--
INFO: Run Behavior\ReadHtmlCacheBehavior [ RunTime:0.000620s ]
INFO: [ app_begin ] --END-- [ RunTime:0.000686s ]
NOTIC: [8] A session had already been started - ignoring session_start() D:\wwwroot\dwang\wwwroot\core\ThinkPHP\Common\functions.php 第 1263 行.
INFO: [ view_parse ] --START--
INFO: [ template_filter ] --START--
INFO: Run Behavior\ContentReplaceBehavior [ RunTime:0.000044s ]
INFO: [ template_filter ] --END-- [ RunTime:0.000108s ]
INFO: Run Behavior\ParseTemplateBehavior [ RunTime:0.007524s ]
INFO: [ view_parse ] --END-- [ RunTime:0.007592s ]
INFO: [ view_filter ] --START--
INFO: Run Behavior\WriteHtmlCacheBehavior [ RunTime:0.000310s ]
INFO: [ view_filter ] --END-- [ RunTime:0.000377s ]
INFO: [ app_end ] --START--
INFO: Run Behavior\ShowPageTraceBehavior [ RunTime:0.000599s ]
INFO: [ app_end ] --END-- [ RunTime:0.000657s ]

[ 2016-12-21T18:06:52+08:00 ] 106.8.223.220 /admina/?m=Manager&c=Data&a=g&_m=Pushs&_a=getOne&id=0
INFO: [ app_init ] --START--
INFO: Run Behavior\BuildLiteBehavior [ RunTime:0.000018s ]
INFO: [ app_init ] --END-- [ RunTime:0.000088s ]
INFO: [ app_begin ] --START--
INFO: Run Behavior\ReadHtmlCacheBehavior [ RunTime:0.000595s ]
INFO: [ app_begin ] --END-- [ RunTime:0.000662s ]
NOTIC: [8] A session had already been started - ignoring session_start() D:\wwwroot\dwang\wwwroot\core\ThinkPHP\Common\functions.php 第 1263 行.
SQL: SHOW COLUMNS FROM `pushs` [ RunTime:0.0036s ]
NOTIC: [8] Undefined index: fields D:\wwwroot\dwang\wwwroot\core\Application\Common\Model\ManagerModel.class.php 第 183 行.

[ 2016-12-21T18:07:52+08:00 ] 106.8.223.220 /admina/?m=Manager&c=Data&a=s&_m=Pushs&_a=rsave
INFO: [ app_init ] --START--
INFO: Run Behavior\BuildLiteBehavior [ RunTime:0.000049s ]
INFO: [ app_init ] --END-- [ RunTime:0.000124s ]
INFO: [ app_begin ] --START--
INFO: Run Behavior\ReadHtmlCacheBehavior [ RunTime:0.000632s ]
INFO: [ app_begin ] --END-- [ RunTime:0.000703s ]
NOTIC: [8] A session had already been started - ignoring session_start() D:\wwwroot\dwang\wwwroot\core\ThinkPHP\Common\functions.php 第 1263 行.
SQL: SHOW COLUMNS FROM `pushs` [ RunTime:0.0174s ]
NOTIC: [8] Undefined index: validate D:\wwwroot\dwang\wwwroot\core\ThinkPHP\Library\Think\Model.class.php 第 1185 行.
SQL: SELECT * FROM `pushs` WHERE `name` = '资讯' LIMIT 1   [ RunTime:0.0131s ]
NOTIC: [8] Undefined index: auto D:\wwwroot\dwang\wwwroot\core\ThinkPHP\Library\Think\Model.class.php 第 1128 行.
NOTIC: [8] Undefined index: id D:\wwwroot\dwang\wwwroot\core\Application\Common\Model\ManagerModel.class.php 第 16 行.
SQL: SHOW COLUMNS FROM `config` [ RunTime:0.0170s ]
SQL: SELECT * FROM `config` WHERE `id` = 'move_day' LIMIT 1   [ RunTime:0.0079s ]
NOTIC: [8] Undefined index: content D:\wwwroot\dwang\wwwroot\core\Application\Common\Model\ManagerModel.class.php 第 27 行.
SQL: SELECT * FROM `config` WHERE `id` = 'move_day' LIMIT 1   [ RunTime:0.0001s ]
SQL: INSERT INTO `pushs` (`name`,`intro`,`cdate`) VALUES ('资讯','','1482314871') [ RunTime:0.0003s ]

[ 2016-12-21T18:07:54+08:00 ] 106.8.223.220 /admina/?m=Manager&c=Data&a=g&_m=Pushs&_a=ajaxTable&length=10&page=1&start=0
INFO: [ app_init ] --START--
INFO: Run Behavior\BuildLiteBehavior [ RunTime:0.000019s ]
INFO: [ app_init ] --END-- [ RunTime:0.000089s ]
INFO: [ app_begin ] --START--
INFO: Run Behavior\ReadHtmlCacheBehavior [ RunTime:0.000577s ]
INFO: [ app_begin ] --END-- [ RunTime:0.000691s ]
NOTIC: [8] A session had already been started - ignoring session_start() D:\wwwroot\dwang\wwwroot\core\ThinkPHP\Common\functions.php 第 1263 行.
SQL: SHOW COLUMNS FROM `pushs` [ RunTime:0.0148s ]
NOTIC: [8] Undefined index: fields D:\wwwroot\dwang\wwwroot\core\Application\Common\Model\ManagerModel.class.php 第 117 行.
NOTIC: [8] Undefined index: searchparams D:\wwwroot\dwang\wwwroot\core\Application\Common\Model\ManagerModel.class.php 第 131 行.
NOTIC: [8] Undefined index: map D:\wwwroot\dwang\wwwroot\core\Application\Common\Model\ManagerModel.class.php 第 138 行.
SQL: SELECT * FROM `pushs` LIMIT 0,10   [ RunTime:0.0133s ]
NOTIC: [8] Undefined index: group D:\wwwroot\dwang\wwwroot\core\Application\Common\Model\ManagerModel.class.php 第 160 行.
SQL: SELECT COUNT(*) AS tp_count FROM `pushs` LIMIT 1   [ RunTime:0.0002s ]

[ 2016-12-21T18:07:56+08:00 ] 106.8.223.220 /admina/?m=Manager&c=Data&a=g&_m=Pushs&_a=getOne&id=0
INFO: [ app_init ] --START--
INFO: Run Behavior\BuildLiteBehavior [ RunTime:0.000022s ]
INFO: [ app_init ] --END-- [ RunTime:0.000115s ]
INFO: [ app_begin ] --START--
INFO: Run Behavior\ReadHtmlCacheBehavior [ RunTime:0.000616s ]
INFO: [ app_begin ] --END-- [ RunTime:0.000690s ]
NOTIC: [8] A session had already been started - ignoring session_start() D:\wwwroot\dwang\wwwroot\core\ThinkPHP\Common\functions.php 第 1263 行.
SQL: SHOW COLUMNS FROM `pushs` [ RunTime:0.0173s ]
NOTIC: [8] Undefined index: fields D:\wwwroot\dwang\wwwroot\core\Application\Common\Model\ManagerModel.class.php 第 183 行.

[ 2016-12-21T18:08:01+08:00 ] 106.8.223.220 /admina/?m=Manager&c=Data&a=s&_m=Pushs&_a=rsave
INFO: [ app_init ] --START--
INFO: Run Behavior\BuildLiteBehavior [ RunTime:0.000021s ]
INFO: [ app_init ] --END-- [ RunTime:0.000107s ]
INFO: [ app_begin ] --START--
INFO: Run Behavior\ReadHtmlCacheBehavior [ RunTime:0.000641s ]
INFO: [ app_begin ] --END-- [ RunTime:0.000709s ]
NOTIC: [8] A session had already been started - ignoring session_start() D:\wwwroot\dwang\wwwroot\core\ThinkPHP\Common\functions.php 第 1263 行.
SQL: SHOW COLUMNS FROM `pushs` [ RunTime:0.0152s ]
NOTIC: [8] Undefined index: validate D:\wwwroot\dwang\wwwroot\core\ThinkPHP\Library\Think\Model.class.php 第 1185 行.
SQL: SELECT * FROM `pushs` WHERE `name` = '动态' LIMIT 1   [ RunTime:0.0133s ]
NOTIC: [8] Undefined index: auto D:\wwwroot\dwang\wwwroot\core\ThinkPHP\Library\Think\Model.class.php 第 1128 行.
NOTIC: [8] Undefined index: id D:\wwwroot\dwang\wwwroot\core\Application\Common\Model\ManagerModel.class.php 第 16 行.
SQL: SHOW COLUMNS FROM `config` [ RunTime:0.0177s ]
SQL: SELECT * FROM `config` WHERE `id` = 'move_day' LIMIT 1   [ RunTime:0.0130s ]
NOTIC: [8] Undefined index: content D:\wwwroot\dwang\wwwroot\core\Application\Common\Model\ManagerModel.class.php 第 27 行.
SQL: SELECT * FROM `config` WHERE `id` = 'move_day' LIMIT 1   [ RunTime:0.0002s ]
SQL: INSERT INTO `pushs` (`name`,`intro`,`cdate`) VALUES ('动态','','1482314881') [ RunTime:0.0003s ]

[ 2016-12-21T18:08:39+08:00 ] 106.8.223.220 /admina/?m=Manager&c=Data&a=g&_m=Pushs&_a=ajaxTable&length=10&page=1&start=0
INFO: [ app_init ] --START--
INFO: Run Behavior\BuildLiteBehavior [ RunTime:0.000019s ]
INFO: [ app_init ] --END-- [ RunTime:0.000089s ]
INFO: [ app_begin ] --START--
INFO: Run Behavior\ReadHtmlCacheBehavior [ RunTime:0.000584s ]
INFO: [ app_begin ] --END-- [ RunTime:0.000698s ]
NOTIC: [8] A session had already been started - ignoring session_start() D:\wwwroot\dwang\wwwroot\core\ThinkPHP\Common\functions.php 第 1263 行.
SQL: SHOW COLUMNS FROM `pushs` [ RunTime:0.0150s ]
NOTIC: [8] Undefined index: fields D:\wwwroot\dwang\wwwroot\core\Application\Common\Model\ManagerModel.class.php 第 117 行.
NOTIC: [8] Undefined index: searchparams D:\wwwroot\dwang\wwwroot\core\Application\Common\Model\ManagerModel.class.php 第 131 行.
NOTIC: [8] Undefined index: map D:\wwwroot\dwang\wwwroot\core\Application\Common\Model\ManagerModel.class.php 第 138 行.
SQL: SELECT * FROM `pushs` LIMIT 0,10   [ RunTime:0.0131s ]
NOTIC: [8] Undefined index: group D:\wwwroot\dwang\wwwroot\core\Application\Common\Model\ManagerModel.class.php 第 160 行.
SQL: SELECT COUNT(*) AS tp_count FROM `pushs` LIMIT 1   [ RunTime:0.0002s ]

[ 2016-12-21T18:08:41+08:00 ] 106.8.223.220 /admina/?g=Admin&c=Index&a=tpl&tpl=catalogs.arcs
INFO: [ app_init ] --START--
INFO: Run Behavior\BuildLiteBehavior [ RunTime:0.000022s ]
INFO: [ app_init ] --END-- [ RunTime:0.000103s ]
INFO: [ app_begin ] --START--
INFO: Run Behavior\ReadHtmlCacheBehavior [ RunTime:0.000629s ]
INFO: [ app_begin ] --END-- [ RunTime:0.000714s ]
NOTIC: [8] A session had already been started - ignoring session_start() D:\wwwroot\dwang\wwwroot\core\ThinkPHP\Common\functions.php 第 1263 行.
INFO: [ view_parse ] --START--
INFO: [ template_filter ] --START--
INFO: Run Behavior\ContentReplaceBehavior [ RunTime:0.000040s ]
INFO: [ template_filter ] --END-- [ RunTime:0.000102s ]
INFO: Run Behavior\ParseTemplateBehavior [ RunTime:0.010829s ]
INFO: [ view_parse ] --END-- [ RunTime:0.010894s ]
INFO: [ view_filter ] --START--
INFO: Run Behavior\WriteHtmlCacheBehavior [ RunTime:0.000324s ]
INFO: [ view_filter ] --END-- [ RunTime:0.000377s ]
INFO: [ app_end ] --START--
INFO: Run Behavior\ShowPageTraceBehavior [ RunTime:0.000595s ]
INFO: [ app_end ] --END-- [ RunTime:0.000651s ]

[ 2016-12-21T18:08:41+08:00 ] 106.8.223.220 /admina/?m=Manager&c=Data&a=g&_m=Arcs&_a=ajaxTable&catalog_id=60&length=10&page=1&start=0
INFO: [ app_init ] --START--
INFO: Run Behavior\BuildLiteBehavior [ RunTime:0.000019s ]
INFO: [ app_init ] --END-- [ RunTime:0.000088s ]
INFO: [ app_begin ] --START--
INFO: Run Behavior\ReadHtmlCacheBehavior [ RunTime:0.000643s ]
INFO: [ app_begin ] --END-- [ RunTime:0.000713s ]
NOTIC: [8] A session had already been started - ignoring session_start() D:\wwwroot\dwang\wwwroot\core\ThinkPHP\Common\functions.php 第 1263 行.
NOTIC: [2048] Declaration of Common\Model\ArcsModel::ajaxTable() should be compatible with Common\Model\ManagerModel::ajaxTable($params = Array) D:\wwwroot\dwang\wwwroot\core\Application\Common\Model\ArcsModel.class.php 第 4 行.
SQL: SHOW COLUMNS FROM `arcs` [ RunTime:0.0176s ]
NOTIC: [8] Undefined index: pushdata D:\wwwroot\dwang\wwwroot\core\Application\Common\Model\ArcsModel.class.php 第 12 行.
NOTIC: [8] Undefined index: fields D:\wwwroot\dwang\wwwroot\core\Application\Common\Model\ManagerModel.class.php 第 117 行.
NOTIC: [8] Undefined index: searchparams D:\wwwroot\dwang\wwwroot\core\Application\Common\Model\ManagerModel.class.php 第 131 行.
NOTIC: [8] Undefined index: map D:\wwwroot\dwang\wwwroot\core\Application\Common\Model\ManagerModel.class.php 第 138 行.
SQL: SELECT * FROM `arcs` WHERE `catalog_id` = 60 LIMIT 0,10   [ RunTime:0.0139s ]
NOTIC: [8] Undefined index: group D:\wwwroot\dwang\wwwroot\core\Application\Common\Model\ManagerModel.class.php 第 160 行.
SQL: SELECT COUNT(*) AS tp_count FROM `arcs` WHERE `catalog_id` = 60 LIMIT 1   [ RunTime:0.0001s ]

[ 2016-12-21T18:08:44+08:00 ] 106.8.223.220 /admina/?g=Admin&c=Index&a=tpl&tpl=arcs.detail
INFO: [ app_init ] --START--
INFO: Run Behavior\BuildLiteBehavior [ RunTime:0.000020s ]
INFO: [ app_init ] --END-- [ RunTime:0.000092s ]
INFO: [ app_begin ] --START--
INFO: Run Behavior\ReadHtmlCacheBehavior [ RunTime:0.000665s ]
INFO: [ app_begin ] --END-- [ RunTime:0.000737s ]
NOTIC: [8] A session had already been started - ignoring session_start() D:\wwwroot\dwang\wwwroot\core\ThinkPHP\Common\functions.php 第 1263 行.
INFO: [ view_parse ] --START--
INFO: [ template_filter ] --START--
INFO: Run Behavior\ContentReplaceBehavior [ RunTime:0.000045s ]
INFO: [ template_filter ] --END-- [ RunTime:0.000107s ]
INFO: Run Behavior\ParseTemplateBehavior [ RunTime:0.012125s ]
INFO: [ view_parse ] --END-- [ RunTime:0.012203s ]
INFO: [ view_filter ] --START--
INFO: Run Behavior\WriteHtmlCacheBehavior [ RunTime:0.000400s ]
INFO: [ view_filter ] --END-- [ RunTime:0.000457s ]
INFO: [ app_end ] --START--
INFO: Run Behavior\ShowPageTraceBehavior [ RunTime:0.000743s ]
INFO: [ app_end ] --END-- [ RunTime:0.000801s ]

[ 2016-12-21T18:08:44+08:00 ] 106.8.223.220 /admina/?g=Admin&c=Index&a=tpl&tpl=directive.fgImgUpload
INFO: [ app_init ] --START--
INFO: Run Behavior\BuildLiteBehavior [ RunTime:0.000018s ]
INFO: [ app_init ] --END-- [ RunTime:0.000097s ]
INFO: [ app_begin ] --START--
INFO: Run Behavior\ReadHtmlCacheBehavior [ RunTime:0.000570s ]
INFO: [ app_begin ] --END-- [ RunTime:0.000637s ]
NOTIC: [8] A session had already been started - ignoring session_start() D:\wwwroot\dwang\wwwroot\core\ThinkPHP\Common\functions.php 第 1263 行.
INFO: [ view_parse ] --START--
INFO: [ template_filter ] --START--
INFO: Run Behavior\ContentReplaceBehavior [ RunTime:0.000053s ]
INFO: [ template_filter ] --END-- [ RunTime:0.000143s ]
INFO: Run Behavior\ParseTemplateBehavior [ RunTime:0.009134s ]
INFO: [ view_parse ] --END-- [ RunTime:0.009208s ]
INFO: [ view_filter ] --START--
INFO: Run Behavior\WriteHtmlCacheBehavior [ RunTime:0.000331s ]
INFO: [ view_filter ] --END-- [ RunTime:0.000385s ]
INFO: [ app_end ] --START--
INFO: Run Behavior\ShowPageTraceBehavior [ RunTime:0.000657s ]
INFO: [ app_end ] --END-- [ RunTime:0.000718s ]

[ 2016-12-21T18:08:44+08:00 ] 106.8.223.220 /admina/?m=Manager&c=Data&a=g&_m=Catalogs&_a=selectOptions&type=arcs
INFO: [ app_init ] --START--
INFO: Run Behavior\BuildLiteBehavior [ RunTime:0.000025s ]
INFO: [ app_init ] --END-- [ RunTime:0.000115s ]
INFO: [ app_begin ] --START--
INFO: Run Behavior\ReadHtmlCacheBehavior [ RunTime:0.000738s ]
INFO: [ app_begin ] --END-- [ RunTime:0.000808s ]
NOTIC: [8] A session had already been started - ignoring session_start() D:\wwwroot\dwang\wwwroot\core\ThinkPHP\Common\functions.php 第 1263 行.
SQL: SHOW COLUMNS FROM `catalogs` [ RunTime:0.0177s ]
SQL: SELECT `id`,`title`,`pid`,`level` FROM `catalogs`  [ RunTime:0.0129s ]

[ 2016-12-21T18:08:44+08:00 ] 106.8.223.220 /admina/?m=Manager&c=Data&a=g&_m=Arcs&_a=getOne&id=53
INFO: [ app_init ] --START--
INFO: Run Behavior\BuildLiteBehavior [ RunTime:0.000020s ]
INFO: [ app_init ] --END-- [ RunTime:0.000091s ]
INFO: [ app_begin ] --START--
INFO: Run Behavior\ReadHtmlCacheBehavior [ RunTime:0.000693s ]
INFO: [ app_begin ] --END-- [ RunTime:0.000764s ]
NOTIC: [8] A session had already been started - ignoring session_start() D:\wwwroot\dwang\wwwroot\core\ThinkPHP\Common\functions.php 第 1263 行.
NOTIC: [2048] Declaration of Common\Model\ArcsModel::ajaxTable() should be compatible with Common\Model\ManagerModel::ajaxTable($params = Array) D:\wwwroot\dwang\wwwroot\core\Application\Common\Model\ArcsModel.class.php 第 4 行.
SQL: SHOW COLUMNS FROM `arcs` [ RunTime:0.0178s ]
NOTIC: [8] Undefined index: fields D:\wwwroot\dwang\wwwroot\core\Application\Common\Model\ManagerModel.class.php 第 183 行.
SQL: SELECT * FROM `arcs` WHERE `id` = 53 LIMIT 1   [ RunTime:0.0130s ]

[ 2016-12-21T18:08:44+08:00 ] 106.8.223.220 /admina/
INFO: [ app_init ] --START--
INFO: Run Behavior\BuildLiteBehavior [ RunTime:0.000019s ]
INFO: [ app_init ] --END-- [ RunTime:0.000094s ]
INFO: [ app_begin ] --START--
INFO: Run Behavior\ReadHtmlCacheBehavior [ RunTime:0.000650s ]
INFO: [ app_begin ] --END-- [ RunTime:0.000717s ]
NOTIC: [8] A session had already been started - ignoring session_start() D:\wwwroot\dwang\wwwroot\core\ThinkPHP\Common\functions.php 第 1263 行.
NOTIC: [2] Missing argument 1 for Think\Controller::show(), called in D:\wwwroot\dwang\wwwroot\core\Application\Admin\Controller\IndexController.class.php on line 16 and defined D:\wwwroot\dwang\wwwroot\core\ThinkPHP\Library\Think\Controller.class.php 第 68 行.
NOTIC: [8] Undefined variable: content D:\wwwroot\dwang\wwwroot\core\ThinkPHP\Library\Think\Controller.class.php 第 69 行.
INFO: [ view_parse ] --START--
INFO: [ template_filter ] --START--
INFO: Run Behavior\ContentReplaceBehavior [ RunTime:0.000113s ]
INFO: [ template_filter ] --END-- [ RunTime:0.000172s ]
INFO: Run Behavior\ParseTemplateBehavior [ RunTime:0.014434s ]
INFO: [ view_parse ] --END-- [ RunTime:0.014501s ]
INFO: [ view_filter ] --START--
INFO: Run Behavior\WriteHtmlCacheBehavior [ RunTime:0.000306s ]
INFO: [ view_filter ] --END-- [ RunTime:0.000362s ]
INFO: [ app_end ] --START--
INFO: Run Behavior\ShowPageTraceBehavior [ RunTime:0.000612s ]
INFO: [ app_end ] --END-- [ RunTime:0.000670s ]

[ 2016-12-21T18:08:48+08:00 ] 106.8.223.220 /admina/
INFO: [ app_init ] --START--
INFO: Run Behavior\BuildLiteBehavior [ RunTime:0.000019s ]
INFO: [ app_init ] --END-- [ RunTime:0.000096s ]
INFO: [ app_begin ] --START--
INFO: Run Behavior\ReadHtmlCacheBehavior [ RunTime:0.000632s ]
INFO: [ app_begin ] --END-- [ RunTime:0.000703s ]
NOTIC: [8] A session had already been started - ignoring session_start() D:\wwwroot\dwang\wwwroot\core\ThinkPHP\Common\functions.php 第 1263 行.
NOTIC: [2] Missing argument 1 for Think\Controller::show(), called in D:\wwwroot\dwang\wwwroot\core\Application\Admin\Controller\IndexController.class.php on line 16 and defined D:\wwwroot\dwang\wwwroot\core\ThinkPHP\Library\Think\Controller.class.php 第 68 行.
NOTIC: [8] Undefined variable: content D:\wwwroot\dwang\wwwroot\core\ThinkPHP\Library\Think\Controller.class.php 第 69 行.
INFO: [ view_parse ] --START--
INFO: [ template_filter ] --START--
INFO: Run Behavior\ContentReplaceBehavior [ RunTime:0.000085s ]
INFO: [ template_filter ] --END-- [ RunTime:0.000144s ]
INFO: Run Behavior\ParseTemplateBehavior [ RunTime:0.011900s ]
INFO: [ view_parse ] --END-- [ RunTime:0.011968s ]
INFO: [ view_filter ] --START--
INFO: Run Behavior\WriteHtmlCacheBehavior [ RunTime:0.000318s ]
INFO: [ view_filter ] --END-- [ RunTime:0.000372s ]
INFO: [ app_end ] --START--
INFO: Run Behavior\ShowPageTraceBehavior [ RunTime:0.000579s ]
INFO: [ app_end ] --END-- [ RunTime:0.000635s ]

[ 2016-12-21T18:08:48+08:00 ] 106.8.223.220 /admina/?m=Manager&c=Data&a=g&_m=UsersGroup&_a=select
INFO: [ app_init ] --START--
INFO: Run Behavior\BuildLiteBehavior [ RunTime:0.000019s ]
INFO: [ app_init ] --END-- [ RunTime:0.000091s ]
INFO: [ app_begin ] --START--
INFO: Run Behavior\ReadHtmlCacheBehavior [ RunTime:0.000619s ]
INFO: [ app_begin ] --END-- [ RunTime:0.000684s ]
NOTIC: [8] A session had already been started - ignoring session_start() D:\wwwroot\dwang\wwwroot\core\ThinkPHP\Common\functions.php 第 1263 行.
SQL: SHOW COLUMNS FROM `users_group` [ RunTime:0.0107s ]
SQL: SELECT * FROM `users_group`  [ RunTime:0.0013s ]

[ 2016-12-21T18:08:48+08:00 ] 106.8.223.220 /admina/?m=Manager&c=Data&a=g&_m=Catalogs&_a=select
INFO: [ app_init ] --START--
INFO: Run Behavior\BuildLiteBehavior [ RunTime:0.000019s ]
INFO: [ app_init ] --END-- [ RunTime:0.000087s ]
INFO: [ app_begin ] --START--
INFO: Run Behavior\ReadHtmlCacheBehavior [ RunTime:0.000578s ]
INFO: [ app_begin ] --END-- [ RunTime:0.000645s ]
NOTIC: [8] A session had already been started - ignoring session_start() D:\wwwroot\dwang\wwwroot\core\ThinkPHP\Common\functions.php 第 1263 行.
SQL: SHOW COLUMNS FROM `catalogs` [ RunTime:0.0152s ]
SQL: SELECT * FROM `catalogs`  [ RunTime:0.0129s ]

[ 2016-12-21T18:08:48+08:00 ] 106.8.223.220 /admina/?m=Manager&c=Data&a=g&_m=Pushs&_a=select
INFO: [ app_init ] --START--
INFO: Run Behavior\BuildLiteBehavior [ RunTime:0.000020s ]
INFO: [ app_init ] --END-- [ RunTime:0.000091s ]
INFO: [ app_begin ] --START--
INFO: Run Behavior\ReadHtmlCacheBehavior [ RunTime:0.000608s ]
INFO: [ app_begin ] --END-- [ RunTime:0.000674s ]
NOTIC: [8] A session had already been started - ignoring session_start() D:\wwwroot\dwang\wwwroot\core\ThinkPHP\Common\functions.php 第 1263 行.
SQL: SHOW COLUMNS FROM `pushs` [ RunTime:0.0177s ]
SQL: SELECT * FROM `pushs`  [ RunTime:0.0138s ]

[ 2016-12-21T18:08:48+08:00 ] 106.8.223.220 /admina/?g=Admin&c=Index&a=tpl&tpl=arcs.detail
INFO: [ app_init ] --START--
INFO: Run Behavior\BuildLiteBehavior [ RunTime:0.000022s ]
INFO: [ app_init ] --END-- [ RunTime:0.000097s ]
INFO: [ app_begin ] --START--
INFO: Run Behavior\ReadHtmlCacheBehavior [ RunTime:0.000705s ]
INFO: [ app_begin ] --END-- [ RunTime:0.000775s ]
NOTIC: [8] A session had already been started - ignoring session_start() D:\wwwroot\dwang\wwwroot\core\ThinkPHP\Common\functions.php 第 1263 行.
INFO: [ view_parse ] --START--
INFO: [ template_filter ] --START--
INFO: Run Behavior\ContentReplaceBehavior [ RunTime:0.000047s ]
INFO: [ template_filter ] --END-- [ RunTime:0.000110s ]
INFO: Run Behavior\ParseTemplateBehavior [ RunTime:0.012087s ]
INFO: [ view_parse ] --END-- [ RunTime:0.012155s ]
INFO: [ view_filter ] --START--
INFO: Run Behavior\WriteHtmlCacheBehavior [ RunTime:0.000417s ]
INFO: [ view_filter ] --END-- [ RunTime:0.000476s ]
INFO: [ app_end ] --START--
INFO: Run Behavior\ShowPageTraceBehavior [ RunTime:0.000781s ]
INFO: [ app_end ] --END-- [ RunTime:0.000850s ]

[ 2016-12-21T18:08:48+08:00 ] 106.8.223.220 /admina/?g=Admin&c=Index&a=tpl&tpl=tools.sidebar
INFO: [ app_init ] --START--
INFO: Run Behavior\BuildLiteBehavior [ RunTime:0.000018s ]
INFO: [ app_init ] --END-- [ RunTime:0.000110s ]
INFO: [ app_begin ] --START--
INFO: Run Behavior\ReadHtmlCacheBehavior [ RunTime:0.000580s ]
INFO: [ app_begin ] --END-- [ RunTime:0.000646s ]
NOTIC: [8] A session had already been started - ignoring session_start() D:\wwwroot\dwang\wwwroot\core\ThinkPHP\Common\functions.php 第 1263 行.
INFO: [ view_parse ] --START--
INFO: [ template_filter ] --START--
INFO: Run Behavior\ContentReplaceBehavior [ RunTime:0.000044s ]
INFO: [ template_filter ] --END-- [ RunTime:0.000106s ]
SQL: SHOW COLUMNS FROM `catalogs` [ RunTime:0.0172s ]
NOTIC: [2] Missing argument 1 for Common\Model\CatalogsModel::tree(), called in D:\wwwroot\dwang\wwwroot\core\Application\Runtime\Cache\Admin\b92838e26cdb773543e11ae25179dc27.php on line 12 and defined D:\wwwroot\dwang\wwwroot\core\Application\Common\Model\CatalogsModel.class.php 第 29 行.
SQL: SELECT `id`,`title`,`pid`,`level`,`actionurl` FROM `catalogs`  [ RunTime:0.0127s ]
NOTIC: [8] Undefined index: icon D:\wwwroot\dwang\wwwroot\core\Application\Runtime\Cache\Admin\b92838e26cdb773543e11ae25179dc27.php 第 12 行.
NOTIC: [8] Undefined index: icon D:\wwwroot\dwang\wwwroot\core\Application\Runtime\Cache\Admin\b92838e26cdb773543e11ae25179dc27.php 第 12 行.
NOTIC: [8] Undefined index: icon D:\wwwroot\dwang\wwwroot\core\Application\Runtime\Cache\Admin\b92838e26cdb773543e11ae25179dc27.php 第 12 行.
NOTIC: [8] Undefined index: icon D:\wwwroot\dwang\wwwroot\core\Application\Runtime\Cache\Admin\b92838e26cdb773543e11ae25179dc27.php 第 12 行.
NOTIC: [8] Undefined index: icon D:\wwwroot\dwang\wwwroot\core\Application\Runtime\Cache\Admin\b92838e26cdb773543e11ae25179dc27.php 第 12 行.
NOTIC: [8] Undefined index: icon D:\wwwroot\dwang\wwwroot\core\Application\Runtime\Cache\Admin\b92838e26cdb773543e11ae25179dc27.php 第 12 行.
NOTIC: [8] Undefined index: icon D:\wwwroot\dwang\wwwroot\core\Application\Runtime\Cache\Admin\b92838e26cdb773543e11ae25179dc27.php 第 12 行.
NOTIC: [8] Undefined index: icon D:\wwwroot\dwang\wwwroot\core\Application\Runtime\Cache\Admin\b92838e26cdb773543e11ae25179dc27.php 第 12 行.
NOTIC: [8] Undefined index: icon D:\wwwroot\dwang\wwwroot\core\Application\Runtime\Cache\Admin\b92838e26cdb773543e11ae25179dc27.php 第 12 行.
NOTIC: [8] Undefined index: son D:\wwwroot\dwang\wwwroot\core\Application\Runtime\Cache\Admin\b92838e26cdb773543e11ae25179dc27.php 第 12 行.
NOTIC: [8] Undefined index: son D:\wwwroot\dwang\wwwroot\core\Application\Runtime\Cache\Admin\b92838e26cdb773543e11ae25179dc27.php 第 12 行.
NOTIC: [8] Undefined index: id D:\wwwroot\dwang\wwwroot\core\Application\Runtime\Cache\Admin\b92838e26cdb773543e11ae25179dc27.php 第 12 行.
NOTIC: [8] Undefined index: son D:\wwwroot\dwang\wwwroot\core\Application\Runtime\Cache\Admin\b92838e26cdb773543e11ae25179dc27.php 第 12 行.
NOTIC: [8] Undefined index: icon D:\wwwroot\dwang\wwwroot\core\Application\Runtime\Cache\Admin\b92838e26cdb773543e11ae25179dc27.php 第 12 行.
NOTIC: [8] Undefined index: son D:\wwwroot\dwang\wwwroot\core\Application\Runtime\Cache\Admin\b92838e26cdb773543e11ae25179dc27.php 第 12 行.
NOTIC: [8] Undefined index: son D:\wwwroot\dwang\wwwroot\core\Application\Runtime\Cache\Admin\b92838e26cdb773543e11ae25179dc27.php 第 12 行.
NOTIC: [8] Undefined index: son D:\wwwroot\dwang\wwwroot\core\Application\Runtime\Cache\Admin\b92838e26cdb773543e11ae25179dc27.php 第 12 行.
NOTIC: [8] Undefined index: id D:\wwwroot\dwang\wwwroot\core\Application\Runtime\Cache\Admin\b92838e26cdb773543e11ae25179dc27.php 第 12 行.
NOTIC: [8] Undefined index: son D:\wwwroot\dwang\wwwroot\core\Application\Runtime\Cache\Admin\b92838e26cdb773543e11ae25179dc27.php 第 12 行.
NOTIC: [8] Undefined index: icon D:\wwwroot\dwang\wwwroot\core\Application\Runtime\Cache\Admin\b92838e26cdb773543e11ae25179dc27.php 第 12 行.
NOTIC: [8] Undefined index: son D:\wwwroot\dwang\wwwroot\core\Application\Runtime\Cache\Admin\b92838e26cdb773543e11ae25179dc27.php 第 12 行.
NOTIC: [8] Undefined index: son D:\wwwroot\dwang\wwwroot\core\Application\Runtime\Cache\Admin\b92838e26cdb773543e11ae25179dc27.php 第 12 行.
NOTIC: [8] Undefined index: son D:\wwwroot\dwang\wwwroot\core\Application\Runtime\Cache\Admin\b92838e26cdb773543e11ae25179dc27.php 第 12 行.
NOTIC: [8] Undefined index: id D:\wwwroot\dwang\wwwroot\core\Application\Runtime\Cache\Admin\b92838e26cdb773543e11ae25179dc27.php 第 12 行.
NOTIC: [8] Undefined index: son D:\wwwroot\dwang\wwwroot\core\Application\Runtime\Cache\Admin\b92838e26cdb773543e11ae25179dc27.php 第 12 行.
NOTIC: [8] Undefined index: icon D:\wwwroot\dwang\wwwroot\core\Application\Runtime\Cache\Admin\b92838e26cdb773543e11ae25179dc27.php 第 12 行.
NOTIC: [8] Undefined index: son D:\wwwroot\dwang\wwwroot\core\Application\Runtime\Cache\Admin\b92838e26cdb773543e11ae25179dc27.php 第 12 行.
NOTIC: [8] Undefined index: son D:\wwwroot\dwang\wwwroot\core\Application\Runtime\Cache\Admin\b92838e26cdb773543e11ae25179dc27.php 第 12 行.
NOTIC: [8] Undefined index: son D:\wwwroot\dwang\wwwroot\core\Application\Runtime\Cache\Admin\b92838e26cdb773543e11ae25179dc27.php 第 12 行.
NOTIC: [8] Undefined index: id D:\wwwroot\dwang\wwwroot\core\Application\Runtime\Cache\Admin\b92838e26cdb773543e11ae25179dc27.php 第 12 行.
NOTIC: [8] Undefined index: son D:\wwwroot\dwang\wwwroot\core\Application\Runtime\Cache\Admin\b92838e26cdb773543e11ae25179dc27.php 第 12 行.
NOTIC: [8] Undefined index: icon D:\wwwroot\dwang\wwwroot\core\Application\Runtime\Cache\Admin\b92838e26cdb773543e11ae25179dc27.php 第 12 行.
NOTIC: [8] Undefined index: son D:\wwwroot\dwang\wwwroot\core\Application\Runtime\Cache\Admin\b92838e26cdb773543e11ae25179dc27.php 第 12 行.
NOTIC: [8] Undefined index: son D:\wwwroot\dwang\wwwroot\core\Application\Runtime\Cache\Admin\b92838e26cdb773543e11ae25179dc27.php 第 12 行.
NOTIC: [8] Undefined index: son D:\wwwroot\dwang\wwwroot\core\Application\Runtime\Cache\Admin\b92838e26cdb773543e11ae25179dc27.php 第 12 行.
NOTIC: [8] Undefined index: id D:\wwwroot\dwang\wwwroot\core\Application\Runtime\Cache\Admin\b92838e26cdb773543e11ae25179dc27.php 第 12 行.
NOTIC: [8] Undefined index: son D:\wwwroot\dwang\wwwroot\core\Application\Runtime\Cache\Admin\b92838e26cdb773543e11ae25179dc27.php 第 12 行.
NOTIC: [8] Undefined index: son D:\wwwroot\dwang\wwwroot\core\Application\Runtime\Cache\Admin\b92838e26cdb773543e11ae25179dc27.php 第 12 行.
INFO: Run Behavior\ParseTemplateBehavior [ RunTime:0.063259s ]
INFO: [ view_parse ] --END-- [ RunTime:0.063324s ]
INFO: [ view_filter ] --START--
INFO: Run Behavior\WriteHtmlCacheBehavior [ RunTime:0.000382s ]
INFO: [ view_filter ] --END-- [ RunTime:0.000437s ]
INFO: [ app_end ] --START--
INFO: Run Behavior\ShowPageTraceBehavior [ RunTime:0.000632s ]
INFO: [ app_end ] --END-- [ RunTime:0.000691s ]

[ 2016-12-21T18:08:49+08:00 ] 106.8.223.220 /admina/?g=Admin&c=Index&a=tpl&tpl=tools.header
INFO: [ app_init ] --START--
INFO: Run Behavior\BuildLiteBehavior [ RunTime:0.000018s ]
INFO: [ app_init ] --END-- [ RunTime:0.000086s ]
INFO: [ app_begin ] --START--
INFO: Run Behavior\ReadHtmlCacheBehavior [ RunTime:0.000664s ]
INFO: [ app_begin ] --END-- [ RunTime:0.000754s ]
NOTIC: [8] A session had already been started - ignoring session_start() D:\wwwroot\dwang\wwwroot\core\ThinkPHP\Common\functions.php 第 1263 行.
INFO: [ view_parse ] --START--
INFO: [ template_filter ] --START--
INFO: Run Behavior\ContentReplaceBehavior [ RunTime:0.000052s ]
INFO: [ template_filter ] --END-- [ RunTime:0.000116s ]
INFO: Run Behavior\ParseTemplateBehavior [ RunTime:0.021267s ]
INFO: [ view_parse ] --END-- [ RunTime:0.021339s ]
INFO: [ view_filter ] --START--
INFO: Run Behavior\WriteHtmlCacheBehavior [ RunTime:0.000446s ]
INFO: [ view_filter ] --END-- [ RunTime:0.000501s ]
INFO: [ app_end ] --START--
INFO: Run Behavior\ShowPageTraceBehavior [ RunTime:0.000712s ]
INFO: [ app_end ] --END-- [ RunTime:0.000771s ]

[ 2016-12-21T18:08:49+08:00 ] 106.8.223.220 /admina/?g=Admin&c=Index&a=tpl&tpl=directive.fgImgUpload
INFO: [ app_init ] --START--
INFO: Run Behavior\BuildLiteBehavior [ RunTime:0.000028s ]
INFO: [ app_init ] --END-- [ RunTime:0.000099s ]
INFO: [ app_begin ] --START--
INFO: Run Behavior\ReadHtmlCacheBehavior [ RunTime:0.000605s ]
INFO: [ app_begin ] --END-- [ RunTime:0.000672s ]
NOTIC: [8] A session had already been started - ignoring session_start() D:\wwwroot\dwang\wwwroot\core\ThinkPHP\Common\functions.php 第 1263 行.
INFO: [ view_parse ] --START--
INFO: [ template_filter ] --START--
INFO: Run Behavior\ContentReplaceBehavior [ RunTime:0.000041s ]
INFO: [ template_filter ] --END-- [ RunTime:0.000104s ]
INFO: Run Behavior\ParseTemplateBehavior [ RunTime:0.011149s ]
INFO: [ view_parse ] --END-- [ RunTime:0.011212s ]
INFO: [ view_filter ] --START--
INFO: Run Behavior\WriteHtmlCacheBehavior [ RunTime:0.000325s ]
INFO: [ view_filter ] --END-- [ RunTime:0.000384s ]
INFO: [ app_end ] --START--
INFO: Run Behavior\ShowPageTraceBehavior [ RunTime:0.000598s ]
INFO: [ app_end ] --END-- [ RunTime:0.000657s ]

[ 2016-12-21T18:08:49+08:00 ] 106.8.223.220 /admina/?m=Manager&c=Data&a=g&_m=Arcs&_a=getOne&id=53
INFO: [ app_init ] --START--
INFO: Run Behavior\BuildLiteBehavior [ RunTime:0.000018s ]
INFO: [ app_init ] --END-- [ RunTime:0.000084s ]
INFO: [ app_begin ] --START--
INFO: Run Behavior\ReadHtmlCacheBehavior [ RunTime:0.000576s ]
INFO: [ app_begin ] --END-- [ RunTime:0.000669s ]
NOTIC: [8] A session had already been started - ignoring session_start() D:\wwwroot\dwang\wwwroot\core\ThinkPHP\Common\functions.php 第 1263 行.
NOTIC: [2048] Declaration of Common\Model\ArcsModel::ajaxTable() should be compatible with Common\Model\ManagerModel::ajaxTable($params = Array) D:\wwwroot\dwang\wwwroot\core\Application\Common\Model\ArcsModel.class.php 第 4 行.
SQL: SHOW COLUMNS FROM `arcs` [ RunTime:0.0146s ]
NOTIC: [8] Undefined index: fields D:\wwwroot\dwang\wwwroot\core\Application\Common\Model\ManagerModel.class.php 第 183 行.
SQL: SELECT * FROM `arcs` WHERE `id` = 53 LIMIT 1   [ RunTime:0.0128s ]

[ 2016-12-21T18:08:49+08:00 ] 106.8.223.220 /admina/?m=Manager&c=Data&a=g&_m=Catalogs&_a=selectOptions&type=arcs
INFO: [ app_init ] --START--
INFO: Run Behavior\BuildLiteBehavior [ RunTime:0.000018s ]
INFO: [ app_init ] --END-- [ RunTime:0.000084s ]
INFO: [ app_begin ] --START--
INFO: Run Behavior\ReadHtmlCacheBehavior [ RunTime:0.000594s ]
INFO: [ app_begin ] --END-- [ RunTime:0.000660s ]
NOTIC: [8] A session had already been started - ignoring session_start() D:\wwwroot\dwang\wwwroot\core\ThinkPHP\Common\functions.php 第 1263 行.
SQL: SHOW COLUMNS FROM `catalogs` [ RunTime:0.0176s ]
SQL: SELECT `id`,`title`,`pid`,`level` FROM `catalogs`  [ RunTime:0.0029s ]

[ 2016-12-21T18:08:49+08:00 ] 106.8.223.220 /admina/
INFO: [ app_init ] --START--
INFO: Run Behavior\BuildLiteBehavior [ RunTime:0.000018s ]
INFO: [ app_init ] --END-- [ RunTime:0.000084s ]
INFO: [ app_begin ] --START--
INFO: Run Behavior\ReadHtmlCacheBehavior [ RunTime:0.000572s ]
INFO: [ app_begin ] --END-- [ RunTime:0.000638s ]
NOTIC: [8] A session had already been started - ignoring session_start() D:\wwwroot\dwang\wwwroot\core\ThinkPHP\Common\functions.php 第 1263 行.
NOTIC: [2] Missing argument 1 for Think\Controller::show(), called in D:\wwwroot\dwang\wwwroot\core\Application\Admin\Controller\IndexController.class.php on line 16 and defined D:\wwwroot\dwang\wwwroot\core\ThinkPHP\Library\Think\Controller.class.php 第 68 行.
NOTIC: [8] Undefined variable: content D:\wwwroot\dwang\wwwroot\core\ThinkPHP\Library\Think\Controller.class.php 第 69 行.
INFO: [ view_parse ] --START--
INFO: [ template_filter ] --START--
INFO: Run Behavior\ContentReplaceBehavior [ RunTime:0.000086s ]
INFO: [ template_filter ] --END-- [ RunTime:0.000149s ]
INFO: Run Behavior\ParseTemplateBehavior [ RunTime:0.013764s ]
INFO: [ view_parse ] --END-- [ RunTime:0.013833s ]
INFO: [ view_filter ] --START--
INFO: Run Behavior\WriteHtmlCacheBehavior [ RunTime:0.000297s ]
INFO: [ view_filter ] --END-- [ RunTime:0.000354s ]
INFO: [ app_end ] --START--
INFO: Run Behavior\ShowPageTraceBehavior [ RunTime:0.000583s ]
INFO: [ app_end ] --END-- [ RunTime:0.000640s ]

[ 2016-12-21T18:08:54+08:00 ] 106.8.223.220 /admina/?m=Manager&c=Data&a=s&_m=Arcs&_a=rsave
INFO: [ app_init ] --START--
INFO: Run Behavior\BuildLiteBehavior [ RunTime:0.000020s ]
INFO: [ app_init ] --END-- [ RunTime:0.000093s ]
INFO: [ app_begin ] --START--
INFO: Run Behavior\ReadHtmlCacheBehavior [ RunTime:0.000577s ]
INFO: [ app_begin ] --END-- [ RunTime:0.000644s ]
NOTIC: [8] A session had already been started - ignoring session_start() D:\wwwroot\dwang\wwwroot\core\ThinkPHP\Common\functions.php 第 1263 行.
NOTIC: [2048] Declaration of Common\Model\ArcsModel::ajaxTable() should be compatible with Common\Model\ManagerModel::ajaxTable($params = Array) D:\wwwroot\dwang\wwwroot\core\Application\Common\Model\ArcsModel.class.php 第 4 行.
SQL: SHOW COLUMNS FROM `arcs` [ RunTime:0.0155s ]
NOTIC: [8] Undefined index: validate D:\wwwroot\dwang\wwwroot\core\ThinkPHP\Library\Think\Model.class.php 第 1185 行.
NOTIC: [8] Undefined index: auto D:\wwwroot\dwang\wwwroot\core\ThinkPHP\Library\Think\Model.class.php 第 1128 行.
SQL: SHOW COLUMNS FROM `config` [ RunTime:0.0295s ]
SQL: SELECT * FROM `config` WHERE `id` = 'move_day' LIMIT 1   [ RunTime:0.0136s ]
SQL: UPDATE `arcs` SET `catalog_id`='60',`title`='职工文化',`intro`='职工文化简介职工文化简介职工文化简介职工文化简介职工文化简介职工文化简介职工文化简介',`thumb`='/Uploads/9653ca08/c49d724f/edcc6545/d99f70c2/25102.jpg',`content`='<div class=\"para\" label-module=\"para\" style=\"font-size:14px;color:#333333;margin-bottom:15px;text-indent:2em;line-height:24px;zoom:1;font-family:arial, 宋体, sans-serif;white-space:normal;\">
	一、<span style=\"font-weight:700;\">职工文化</span>建设是职工提高职业技能素质、丰富精神文化生活、激发劳动热情和创造活力的重要载体，企业文化建设是体现企业形象特点、增强凝聚力、提高竞争力的必要手段。（《中国工会十五大报告》）[1]<a name=\"ref_[1]_11290879\"></a>?
</div>
<div class=\"para\" label-module=\"para\" style=\"font-size:14px;color:#333333;margin-bottom:15px;text-indent:2em;line-height:24px;zoom:1;font-family:arial, 宋体, sans-serif;white-space:normal;\">
	二、加强职工文化体育教育等阵地建设，推广先进<a target=\"_blank\" href=\"http://baike.baidu.com/view/4152.htm\" style=\"color:#136EC2;\">企业文化</a>和<span style=\"font-weight:700;\">职工文化</span>，不断满足职工群众的精神文化需求。（《中国工会十六大报告》）[2]<a name=\"ref_[2]_11290879\"></a>?
</div>
<div class=\"para\" label-module=\"para\" style=\"font-size:14px;color:#333333;margin-bottom:15px;text-indent:2em;line-height:24px;zoom:1;font-family:arial, 宋体, sans-serif;white-space:normal;\">
	三、对职工进行思想政治教育，鼓励支持职工学习文化科学技术和管理知识，开展健康的文化体育活动。推进<a target=\"_blank\" href=\"http://baike.baidu.com/view/4152.htm\" style=\"color:#136EC2;\">企业文化</a><span style=\"font-weight:700;\">职工文化</span>建设，办好<a target=\"_blank\" href=\"http://baike.baidu.com/view/13759.htm\" style=\"color:#136EC2;\">工会</a>文化、教育、体育事业。（《中国工会章程》 2013年10月22日通过）[3]<a name=\"ref_[3]_11290879\"></a>?
</div>
<div class=\"para\" label-module=\"para\" style=\"font-size:14px;color:#333333;margin-bottom:15px;text-indent:2em;line-height:24px;zoom:1;font-family:arial, 宋体, sans-serif;white-space:normal;\">
	四、建设育人化人的先进<span style=\"font-weight:700;\">职工文化</span>，将社会主义核心价值观艺术地融入广大职工喜闻乐见的文化活动；用好用活工作载体，发挥新闻媒体特别是工人日报、工人出版社、中工网等工会宣传阵地作用，大力推动传统媒体和新兴媒体融合发展，形成合力，使社会主义核心价值观宣传深入基层、贴近职工。（全总《关于在广大职工中培育和践行社会主义核心价值观的实施意见》2014年11月7日）[4]<a name=\"ref_[4]_11290879\"></a>?
</div>
<div class=\"para\" label-module=\"para\" style=\"font-size:14px;color:#333333;margin-bottom:15px;text-indent:2em;line-height:24px;zoom:1;font-family:arial, 宋体, sans-serif;white-space:normal;\">
	五、要创新思想政治工作方式方法，加强人文关怀和心理疏导，打造健康文明、昂扬向上的<span style=\"font-weight:700;\">职工文化</span>，丰富职工精神文化生活，不断满足广大职工群众精神文化需求。（<span style=\"font-weight:700;\">习近平</span>在庆祝“五一”国际劳动节暨表彰全国劳动模范和先进工作者大会上的讲话，2015年4月28日）[5-6]<a name=\"ref_[5-6]_11290879\"></a>?
</div>
<div class=\"para\" label-module=\"para\" style=\"font-size:14px;color:#333333;margin-bottom:15px;text-indent:2em;line-height:24px;zoom:1;font-family:arial, 宋体, sans-serif;white-space:normal;\">
	六、引导广大职工弘扬劳模精神、劳动精神、工人阶级伟大品格，增强主人翁意识，打造健康文明、昂扬向上的职工文化。（中共中央关于加强和改进党的群团工作的意见，2015年7月10日）[6]<a name=\"ref_[6]_11290879\"></a>?
</div>
<div class=\"para\" label-module=\"para\" style=\"font-size:14px;color:#333333;margin-bottom:15px;text-indent:2em;line-height:24px;zoom:1;font-family:arial, 宋体, sans-serif;white-space:normal;\">
	企业职工文化是与企业文化相伴而生的一个概念。在一个企业中，<a target=\"_blank\" href=\"http://baike.baidu.com/view/4152.htm\" style=\"color:#136EC2;\">企业文化</a>是管理者群体的文化，企业职工文化是职工群众的文化。
</div>',`cdate`='1481456808',`mdate`='1482314934',`push_id`='2,3,4,5',`push_group`='2',`pushdate`='',`video`='/public/videojs/oceans-clip1.mp4' WHERE `id` = 53 [ RunTime:0.0017s ]

[ 2016-12-21T18:08:55+08:00 ] 106.8.223.220 /admina/?g=Admin&c=Index&a=tpl&tpl=catalogs.arcs
INFO: [ app_init ] --START--
INFO: Run Behavior\BuildLiteBehavior [ RunTime:0.000019s ]
INFO: [ app_init ] --END-- [ RunTime:0.000107s ]
INFO: [ app_begin ] --START--
INFO: Run Behavior\ReadHtmlCacheBehavior [ RunTime:0.000569s ]
INFO: [ app_begin ] --END-- [ RunTime:0.000635s ]
NOTIC: [8] A session had already been started - ignoring session_start() D:\wwwroot\dwang\wwwroot\core\ThinkPHP\Common\functions.php 第 1263 行.
INFO: [ view_parse ] --START--
INFO: [ template_filter ] --START--
INFO: Run Behavior\ContentReplaceBehavior [ RunTime:0.000043s ]
INFO: [ template_filter ] --END-- [ RunTime:0.000108s ]
INFO: Run Behavior\ParseTemplateBehavior [ RunTime:0.012710s ]
INFO: [ view_parse ] --END-- [ RunTime:0.012774s ]
INFO: [ view_filter ] --START--
INFO: Run Behavior\WriteHtmlCacheBehavior [ RunTime:0.000303s ]
INFO: [ view_filter ] --END-- [ RunTime:0.000357s ]
INFO: [ app_end ] --START--
INFO: Run Behavior\ShowPageTraceBehavior [ RunTime:0.000610s ]
INFO: [ app_end ] --END-- [ RunTime:0.000667s ]

[ 2016-12-21T18:08:55+08:00 ] 106.8.223.220 /admina/?g=Admin&c=Index&a=tpl&tpl=directive.datatable
INFO: [ app_init ] --START--
INFO: Run Behavior\BuildLiteBehavior [ RunTime:0.000018s ]
INFO: [ app_init ] --END-- [ RunTime:0.000091s ]
INFO: [ app_begin ] --START--
INFO: Run Behavior\ReadHtmlCacheBehavior [ RunTime:0.000573s ]
INFO: [ app_begin ] --END-- [ RunTime:0.000637s ]
NOTIC: [8] A session had already been started - ignoring session_start() D:\wwwroot\dwang\wwwroot\core\ThinkPHP\Common\functions.php 第 1263 行.
INFO: [ view_parse ] --START--
INFO: [ template_filter ] --START--
INFO: Run Behavior\ContentReplaceBehavior [ RunTime:0.000069s ]
INFO: [ template_filter ] --END-- [ RunTime:0.000130s ]
INFO: Run Behavior\ParseTemplateBehavior [ RunTime:0.011788s ]
INFO: [ view_parse ] --END-- [ RunTime:0.011851s ]
INFO: [ view_filter ] --START--
INFO: Run Behavior\WriteHtmlCacheBehavior [ RunTime:0.000306s ]
INFO: [ view_filter ] --END-- [ RunTime:0.000358s ]
INFO: [ app_end ] --START--
INFO: Run Behavior\ShowPageTraceBehavior [ RunTime:0.000582s ]
INFO: [ app_end ] --END-- [ RunTime:0.000640s ]

[ 2016-12-21T18:08:55+08:00 ] 106.8.223.220 /admina/?m=Manager&c=Data&a=g&_m=Arcs&_a=ajaxTable&catalog_id=60&length=10&page=1&start=0
INFO: [ app_init ] --START--
INFO: Run Behavior\BuildLiteBehavior [ RunTime:0.000020s ]
INFO: [ app_init ] --END-- [ RunTime:0.000101s ]
INFO: [ app_begin ] --START--
INFO: Run Behavior\ReadHtmlCacheBehavior [ RunTime:0.000603s ]
INFO: [ app_begin ] --END-- [ RunTime:0.000670s ]
NOTIC: [8] A session had already been started - ignoring session_start() D:\wwwroot\dwang\wwwroot\core\ThinkPHP\Common\functions.php 第 1263 行.
NOTIC: [2048] Declaration of Common\Model\ArcsModel::ajaxTable() should be compatible with Common\Model\ManagerModel::ajaxTable($params = Array) D:\wwwroot\dwang\wwwroot\core\Application\Common\Model\ArcsModel.class.php 第 4 行.
SQL: SHOW COLUMNS FROM `arcs` [ RunTime:0.0176s ]
NOTIC: [8] Undefined index: pushdata D:\wwwroot\dwang\wwwroot\core\Application\Common\Model\ArcsModel.class.php 第 12 行.
NOTIC: [8] Undefined index: fields D:\wwwroot\dwang\wwwroot\core\Application\Common\Model\ManagerModel.class.php 第 117 行.
NOTIC: [8] Undefined index: searchparams D:\wwwroot\dwang\wwwroot\core\Application\Common\Model\ManagerModel.class.php 第 131 行.
NOTIC: [8] Undefined index: map D:\wwwroot\dwang\wwwroot\core\Application\Common\Model\ManagerModel.class.php 第 138 行.
SQL: SELECT * FROM `arcs` WHERE `catalog_id` = 60 LIMIT 0,10   [ RunTime:0.0141s ]
NOTIC: [8] Undefined index: group D:\wwwroot\dwang\wwwroot\core\Application\Common\Model\ManagerModel.class.php 第 160 行.
SQL: SELECT COUNT(*) AS tp_count FROM `arcs` WHERE `catalog_id` = 60 LIMIT 1   [ RunTime:0.0003s ]

[ 2016-12-21T18:09:02+08:00 ] 106.8.223.220 /admina/?m=Manager&c=Data&a=g&_m=Arcs&_a=getOne&id=53
INFO: [ app_init ] --START--
INFO: Run Behavior\BuildLiteBehavior [ RunTime:0.000019s ]
INFO: [ app_init ] --END-- [ RunTime:0.000096s ]
INFO: [ app_begin ] --START--
INFO: Run Behavior\ReadHtmlCacheBehavior [ RunTime:0.000623s ]
INFO: [ app_begin ] --END-- [ RunTime:0.000689s ]
NOTIC: [8] A session had already been started - ignoring session_start() D:\wwwroot\dwang\wwwroot\core\ThinkPHP\Common\functions.php 第 1263 行.
NOTIC: [2048] Declaration of Common\Model\ArcsModel::ajaxTable() should be compatible with Common\Model\ManagerModel::ajaxTable($params = Array) D:\wwwroot\dwang\wwwroot\core\Application\Common\Model\ArcsModel.class.php 第 4 行.
SQL: SHOW COLUMNS FROM `arcs` [ RunTime:0.0185s ]
NOTIC: [8] Undefined index: fields D:\wwwroot\dwang\wwwroot\core\Application\Common\Model\ManagerModel.class.php 第 183 行.
SQL: SELECT * FROM `arcs` WHERE `id` = 53 LIMIT 1   [ RunTime:0.0135s ]

[ 2016-12-21T18:09:03+08:00 ] 106.8.223.220 /admina/?m=Manager&c=Data&a=g&_m=Catalogs&_a=selectOptions&type=arcs
INFO: [ app_init ] --START--
INFO: Run Behavior\BuildLiteBehavior [ RunTime:0.000018s ]
INFO: [ app_init ] --END-- [ RunTime:0.000086s ]
INFO: [ app_begin ] --START--
INFO: Run Behavior\ReadHtmlCacheBehavior [ RunTime:0.000616s ]
INFO: [ app_begin ] --END-- [ RunTime:0.000683s ]
NOTIC: [8] A session had already been started - ignoring session_start() D:\wwwroot\dwang\wwwroot\core\ThinkPHP\Common\functions.php 第 1263 行.
SQL: SHOW COLUMNS FROM `catalogs` [ RunTime:0.0176s ]
SQL: SELECT `id`,`title`,`pid`,`level` FROM `catalogs`  [ RunTime:0.0134s ]

[ 2016-12-21T18:09:03+08:00 ] 106.8.223.220 /admina/
INFO: [ app_init ] --START--
INFO: Run Behavior\BuildLiteBehavior [ RunTime:0.000019s ]
INFO: [ app_init ] --END-- [ RunTime:0.000104s ]
INFO: [ app_begin ] --START--
INFO: Run Behavior\ReadHtmlCacheBehavior [ RunTime:0.000597s ]
INFO: [ app_begin ] --END-- [ RunTime:0.000664s ]
NOTIC: [8] A session had already been started - ignoring session_start() D:\wwwroot\dwang\wwwroot\core\ThinkPHP\Common\functions.php 第 1263 行.
NOTIC: [2] Missing argument 1 for Think\Controller::show(), called in D:\wwwroot\dwang\wwwroot\core\Application\Admin\Controller\IndexController.class.php on line 16 and defined D:\wwwroot\dwang\wwwroot\core\ThinkPHP\Library\Think\Controller.class.php 第 68 行.
NOTIC: [8] Undefined variable: content D:\wwwroot\dwang\wwwroot\core\ThinkPHP\Library\Think\Controller.class.php 第 69 行.
INFO: [ view_parse ] --START--
INFO: [ template_filter ] --START--
INFO: Run Behavior\ContentReplaceBehavior [ RunTime:0.000087s ]
INFO: [ template_filter ] --END-- [ RunTime:0.000147s ]
INFO: Run Behavior\ParseTemplateBehavior [ RunTime:0.014594s ]
INFO: [ view_parse ] --END-- [ RunTime:0.014682s ]
INFO: [ view_filter ] --START--
INFO: Run Behavior\WriteHtmlCacheBehavior [ RunTime:0.000405s ]
INFO: [ view_filter ] --END-- [ RunTime:0.000475s ]
INFO: [ app_end ] --START--
INFO: Run Behavior\ShowPageTraceBehavior [ RunTime:0.000659s ]
INFO: [ app_end ] --END-- [ RunTime:0.000724s ]

[ 2016-12-21T18:09:06+08:00 ] 106.8.223.220 /admina/?m=Manager&c=Data&a=s&_m=Arcs&_a=rsave
INFO: [ app_init ] --START--
INFO: Run Behavior\BuildLiteBehavior [ RunTime:0.000020s ]
INFO: [ app_init ] --END-- [ RunTime:0.000103s ]
INFO: [ app_begin ] --START--
INFO: Run Behavior\ReadHtmlCacheBehavior [ RunTime:0.000613s ]
INFO: [ app_begin ] --END-- [ RunTime:0.000683s ]
NOTIC: [8] A session had already been started - ignoring session_start() D:\wwwroot\dwang\wwwroot\core\ThinkPHP\Common\functions.php 第 1263 行.
NOTIC: [2048] Declaration of Common\Model\ArcsModel::ajaxTable() should be compatible with Common\Model\ManagerModel::ajaxTable($params = Array) D:\wwwroot\dwang\wwwroot\core\Application\Common\Model\ArcsModel.class.php 第 4 行.
SQL: SHOW COLUMNS FROM `arcs` [ RunTime:0.0180s ]
NOTIC: [8] Undefined index: validate D:\wwwroot\dwang\wwwroot\core\ThinkPHP\Library\Think\Model.class.php 第 1185 行.
NOTIC: [8] Undefined index: auto D:\wwwroot\dwang\wwwroot\core\ThinkPHP\Library\Think\Model.class.php 第 1128 行.
SQL: SHOW COLUMNS FROM `config` [ RunTime:0.0265s ]
SQL: SELECT * FROM `config` WHERE `id` = 'move_day' LIMIT 1   [ RunTime:0.0132s ]
SQL: UPDATE `arcs` SET `catalog_id`='60',`title`='职工文化',`intro`='职工文化简介职工文化简介职工文化简介职工文化简介职工文化简介职工文化简介职工文化简介',`thumb`='/Uploads/9653ca08/c49d724f/edcc6545/d99f70c2/25102.jpg',`content`='<div class=\"para\" label-module=\"para\" style=\"font-size:14px;color:#333333;margin-bottom:15px;text-indent:2em;line-height:24px;zoom:1;font-family:arial, 宋体, sans-serif;white-space:normal;\">
	一、<span style=\"font-weight:700;\">职工文化</span>建设是职工提高职业技能素质、丰富精神文化生活、激发劳动热情和创造活力的重要载体，企业文化建设是体现企业形象特点、增强凝聚力、提高竞争力的必要手段。（《中国工会十五大报告》）[1]<a name=\"ref_[1]_11290879\"></a>?
</div>
<div class=\"para\" label-module=\"para\" style=\"font-size:14px;color:#333333;margin-bottom:15px;text-indent:2em;line-height:24px;zoom:1;font-family:arial, 宋体, sans-serif;white-space:normal;\">
	二、加强职工文化体育教育等阵地建设，推广先进<a target=\"_blank\" href=\"http://baike.baidu.com/view/4152.htm\" style=\"color:#136EC2;\">企业文化</a>和<span style=\"font-weight:700;\">职工文化</span>，不断满足职工群众的精神文化需求。（《中国工会十六大报告》）[2]<a name=\"ref_[2]_11290879\"></a>?
</div>
<div class=\"para\" label-module=\"para\" style=\"font-size:14px;color:#333333;margin-bottom:15px;text-indent:2em;line-height:24px;zoom:1;font-family:arial, 宋体, sans-serif;white-space:normal;\">
	三、对职工进行思想政治教育，鼓励支持职工学习文化科学技术和管理知识，开展健康的文化体育活动。推进<a target=\"_blank\" href=\"http://baike.baidu.com/view/4152.htm\" style=\"color:#136EC2;\">企业文化</a><span style=\"font-weight:700;\">职工文化</span>建设，办好<a target=\"_blank\" href=\"http://baike.baidu.com/view/13759.htm\" style=\"color:#136EC2;\">工会</a>文化、教育、体育事业。（《中国工会章程》 2013年10月22日通过）[3]<a name=\"ref_[3]_11290879\"></a>?
</div>
<div class=\"para\" label-module=\"para\" style=\"font-size:14px;color:#333333;margin-bottom:15px;text-indent:2em;line-height:24px;zoom:1;font-family:arial, 宋体, sans-serif;white-space:normal;\">
	四、建设育人化人的先进<span style=\"font-weight:700;\">职工文化</span>，将社会主义核心价值观艺术地融入广大职工喜闻乐见的文化活动；用好用活工作载体，发挥新闻媒体特别是工人日报、工人出版社、中工网等工会宣传阵地作用，大力推动传统媒体和新兴媒体融合发展，形成合力，使社会主义核心价值观宣传深入基层、贴近职工。（全总《关于在广大职工中培育和践行社会主义核心价值观的实施意见》2014年11月7日）[4]<a name=\"ref_[4]_11290879\"></a>?
</div>
<div class=\"para\" label-module=\"para\" style=\"font-size:14px;color:#333333;margin-bottom:15px;text-indent:2em;line-height:24px;zoom:1;font-family:arial, 宋体, sans-serif;white-space:normal;\">
	五、要创新思想政治工作方式方法，加强人文关怀和心理疏导，打造健康文明、昂扬向上的<span style=\"font-weight:700;\">职工文化</span>，丰富职工精神文化生活，不断满足广大职工群众精神文化需求。（<span style=\"font-weight:700;\">习近平</span>在庆祝“五一”国际劳动节暨表彰全国劳动模范和先进工作者大会上的讲话，2015年4月28日）[5-6]<a name=\"ref_[5-6]_11290879\"></a>?
</div>
<div class=\"para\" label-module=\"para\" style=\"font-size:14px;color:#333333;margin-bottom:15px;text-indent:2em;line-height:24px;zoom:1;font-family:arial, 宋体, sans-serif;white-space:normal;\">
	六、引导广大职工弘扬劳模精神、劳动精神、工人阶级伟大品格，增强主人翁意识，打造健康文明、昂扬向上的职工文化。（中共中央关于加强和改进党的群团工作的意见，2015年7月10日）[6]<a name=\"ref_[6]_11290879\"></a>?
</div>
<div class=\"para\" label-module=\"para\" style=\"font-size:14px;color:#333333;margin-bottom:15px;text-indent:2em;line-height:24px;zoom:1;font-family:arial, 宋体, sans-serif;white-space:normal;\">
	企业职工文化是与企业文化相伴而生的一个概念。在一个企业中，<a target=\"_blank\" href=\"http://baike.baidu.com/view/4152.htm\" style=\"color:#136EC2;\">企业文化</a>是管理者群体的文化，企业职工文化是职工群众的文化。
</div>',`cdate`='1481456808',`mdate`='1482314945',`push_id`='2,3,4,5',`push_group`='all',`pushdate`='',`video`='/public/videojs/oceans-clip1.mp4' WHERE `id` = 53 [ RunTime:0.0009s ]

[ 2016-12-21T18:09:07+08:00 ] 106.8.223.220 /admina/?m=Manager&c=Data&a=g&_m=Arcs&_a=ajaxTable&catalog_id=60&length=10&page=1&start=0
INFO: [ app_init ] --START--
INFO: Run Behavior\BuildLiteBehavior [ RunTime:0.000020s ]
INFO: [ app_init ] --END-- [ RunTime:0.000097s ]
INFO: [ app_begin ] --START--
INFO: Run Behavior\ReadHtmlCacheBehavior [ RunTime:0.000582s ]
INFO: [ app_begin ] --END-- [ RunTime:0.000649s ]
NOTIC: [8] A session had already been started - ignoring session_start() D:\wwwroot\dwang\wwwroot\core\ThinkPHP\Common\functions.php 第 1263 行.
NOTIC: [2048] Declaration of Common\Model\ArcsModel::ajaxTable() should be compatible with Common\Model\ManagerModel::ajaxTable($params = Array) D:\wwwroot\dwang\wwwroot\core\Application\Common\Model\ArcsModel.class.php 第 4 行.
SQL: SHOW COLUMNS FROM `arcs` [ RunTime:0.0180s ]
NOTIC: [8] Undefined index: pushdata D:\wwwroot\dwang\wwwroot\core\Application\Common\Model\ArcsModel.class.php 第 12 行.
NOTIC: [8] Undefined index: fields D:\wwwroot\dwang\wwwroot\core\Application\Common\Model\ManagerModel.class.php 第 117 行.
NOTIC: [8] Undefined index: searchparams D:\wwwroot\dwang\wwwroot\core\Application\Common\Model\ManagerModel.class.php 第 131 行.
NOTIC: [8] Undefined index: map D:\wwwroot\dwang\wwwroot\core\Application\Common\Model\ManagerModel.class.php 第 138 行.
SQL: SELECT * FROM `arcs` WHERE `catalog_id` = 60 LIMIT 0,10   [ RunTime:0.0138s ]
NOTIC: [8] Undefined index: group D:\wwwroot\dwang\wwwroot\core\Application\Common\Model\ManagerModel.class.php 第 160 行.
SQL: SELECT COUNT(*) AS tp_count FROM `arcs` WHERE `catalog_id` = 60 LIMIT 1   [ RunTime:0.0004s ]

